[2025-08-02T13:46:40.833+0000] {taskinstance.py:1956} INFO - Dependencies all met for dep_context=non-requeueable deps ti=<TaskInstance: marine_data_etl_dag.phyto_etl.download_phyto manual__2025-08-02T13:45:40.254150+00:00 [queued]>
[2025-08-02T13:46:40.855+0000] {taskinstance.py:1956} INFO - Dependencies all met for dep_context=requeueable deps ti=<TaskInstance: marine_data_etl_dag.phyto_etl.download_phyto manual__2025-08-02T13:45:40.254150+00:00 [queued]>
[2025-08-02T13:46:40.856+0000] {taskinstance.py:2170} INFO - Starting attempt 1 of 1
[2025-08-02T13:46:40.882+0000] {taskinstance.py:2191} INFO - Executing <Task(PythonOperator): phyto_etl.download_phyto> on 2025-08-02 13:45:40.254150+00:00
[2025-08-02T13:46:40.889+0000] {standard_task_runner.py:60} INFO - Started process 644 to run task
[2025-08-02T13:46:40.895+0000] {standard_task_runner.py:87} INFO - Running: ['***', 'tasks', 'run', 'marine_data_etl_dag', 'phyto_etl.download_phyto', 'manual__2025-08-02T13:45:40.254150+00:00', '--job-id', '119', '--raw', '--subdir', 'DAGS_FOLDER/marine_data_etl_dag.py', '--cfg-path', '/tmp/tmp6232n8tq']
[2025-08-02T13:46:40.901+0000] {standard_task_runner.py:88} INFO - Job 119: Subtask phyto_etl.download_phyto
[2025-08-02T13:46:40.975+0000] {task_command.py:423} INFO - Running <TaskInstance: marine_data_etl_dag.phyto_etl.download_phyto manual__2025-08-02T13:45:40.254150+00:00 [running]> on host 19821aecac76
[2025-08-02T13:46:41.345+0000] {taskinstance.py:2480} INFO - Exporting env vars: AIRFLOW_CTX_DAG_OWNER='***' AIRFLOW_CTX_DAG_ID='marine_data_etl_dag' AIRFLOW_CTX_TASK_ID='phyto_etl.download_phyto' AIRFLOW_CTX_EXECUTION_DATE='2025-08-02T13:45:40.254150+00:00' AIRFLOW_CTX_TRY_NUMBER='1' AIRFLOW_CTX_DAG_RUN_ID='manual__2025-08-02T13:45:40.254150+00:00'
[2025-08-02T13:46:41.351+0000] {deprecated_options.py:61} WARNING - 'force_download' has been deprecated.
[2025-08-02T13:46:42.028+0000] {credentials_utils.py:181} INFO - Downloading Copernicus Marine data requires a Copernicus Marine username and password, sign up for free at: https://data.marine.copernicus.eu/register
[2025-08-02T13:46:42.030+0000] {logging_mixin.py:188} INFO - Copernicus Marine username:
[2025-08-02T13:46:42.031+0000] {logging_mixin.py:188} INFO -  
[2025-08-02T13:46:42.032+0000] {logging_mixin.py:188} INFO - Abort
[2025-08-02T13:46:42.033+0000] {logging_mixin.py:188} INFO - ✅ Downloaded phytoplankton: /opt/***/nc/phytoplankton/rayong_1_phytoplankton.nc
[2025-08-02T13:46:42.034+0000] {deprecated_options.py:61} WARNING - 'force_download' has been deprecated.
[2025-08-02T13:46:42.739+0000] {credentials_utils.py:181} INFO - Downloading Copernicus Marine data requires a Copernicus Marine username and password, sign up for free at: https://data.marine.copernicus.eu/register
[2025-08-02T13:46:42.740+0000] {logging_mixin.py:188} INFO - Copernicus Marine username:
[2025-08-02T13:46:42.741+0000] {logging_mixin.py:188} INFO -  
[2025-08-02T13:46:42.741+0000] {logging_mixin.py:188} INFO - Abort
[2025-08-02T13:46:42.742+0000] {logging_mixin.py:188} INFO - ✅ Downloaded phytoplankton: /opt/***/nc/phytoplankton/rayong_2_phytoplankton.nc
[2025-08-02T13:46:42.743+0000] {deprecated_options.py:61} WARNING - 'force_download' has been deprecated.
[2025-08-02T13:46:43.488+0000] {credentials_utils.py:181} INFO - Downloading Copernicus Marine data requires a Copernicus Marine username and password, sign up for free at: https://data.marine.copernicus.eu/register
[2025-08-02T13:46:43.490+0000] {logging_mixin.py:188} INFO - Copernicus Marine username:
[2025-08-02T13:46:43.491+0000] {logging_mixin.py:188} INFO -  
[2025-08-02T13:46:43.493+0000] {logging_mixin.py:188} INFO - Abort
[2025-08-02T13:46:43.494+0000] {logging_mixin.py:188} INFO - ✅ Downloaded phytoplankton: /opt/***/nc/phytoplankton/chanthaburi_1_phytoplankton.nc
[2025-08-02T13:46:43.495+0000] {deprecated_options.py:61} WARNING - 'force_download' has been deprecated.
[2025-08-02T13:46:44.168+0000] {credentials_utils.py:181} INFO - Downloading Copernicus Marine data requires a Copernicus Marine username and password, sign up for free at: https://data.marine.copernicus.eu/register
[2025-08-02T13:46:44.169+0000] {logging_mixin.py:188} INFO - Copernicus Marine username:
[2025-08-02T13:46:44.170+0000] {logging_mixin.py:188} INFO -  
[2025-08-02T13:46:44.171+0000] {logging_mixin.py:188} INFO - Abort
[2025-08-02T13:46:44.172+0000] {logging_mixin.py:188} INFO - ✅ Downloaded phytoplankton: /opt/***/nc/phytoplankton/trat_1_phytoplankton.nc
[2025-08-02T13:46:44.173+0000] {python.py:201} INFO - Done. Returned value was: None
[2025-08-02T13:46:44.187+0000] {taskinstance.py:1138} INFO - Marking task as SUCCESS. dag_id=marine_data_etl_dag, task_id=phyto_etl.download_phyto, execution_date=20250802T134540, start_date=20250802T134640, end_date=20250802T134644
[2025-08-02T13:46:44.249+0000] {local_task_job_runner.py:234} INFO - Task exited with return code 0
[2025-08-02T13:46:44.302+0000] {taskinstance.py:3280} INFO - 1 downstream tasks scheduled from follow-on schedule check
