[2025-08-03T06:47:37.119+0000] {taskinstance.py:1956} INFO - Dependencies all met for dep_context=non-requeueable deps ti=<TaskInstance: marine_data_etl_dag.sst_etl.download_sst manual__2025-08-03T06:41:01+00:00 [queued]>
[2025-08-03T06:47:37.134+0000] {taskinstance.py:1956} INFO - Dependencies all met for dep_context=requeueable deps ti=<TaskInstance: marine_data_etl_dag.sst_etl.download_sst manual__2025-08-03T06:41:01+00:00 [queued]>
[2025-08-03T06:47:37.135+0000] {taskinstance.py:2170} INFO - Starting attempt 1 of 1
[2025-08-03T06:47:37.157+0000] {taskinstance.py:2191} INFO - Executing <Task(PythonOperator): sst_etl.download_sst> on 2025-08-03 06:41:01+00:00
[2025-08-03T06:47:37.165+0000] {standard_task_runner.py:60} INFO - Started process 324 to run task
[2025-08-03T06:47:37.172+0000] {standard_task_runner.py:87} INFO - Running: ['***', 'tasks', 'run', 'marine_data_etl_dag', 'sst_etl.download_sst', 'manual__2025-08-03T06:41:01+00:00', '--job-id', '240', '--raw', '--subdir', 'DAGS_FOLDER/marine_data_etl_dag.py', '--cfg-path', '/tmp/tmpxsfbv1f9']
[2025-08-03T06:47:37.177+0000] {standard_task_runner.py:88} INFO - Job 240: Subtask sst_etl.download_sst
[2025-08-03T06:47:37.260+0000] {task_command.py:423} INFO - Running <TaskInstance: marine_data_etl_dag.sst_etl.download_sst manual__2025-08-03T06:41:01+00:00 [running]> on host e2f3b0101b9e
[2025-08-03T06:47:37.630+0000] {taskinstance.py:2480} INFO - Exporting env vars: AIRFLOW_CTX_DAG_OWNER='***' AIRFLOW_CTX_DAG_ID='marine_data_etl_dag' AIRFLOW_CTX_TASK_ID='sst_etl.download_sst' AIRFLOW_CTX_EXECUTION_DATE='2025-08-03T06:41:01+00:00' AIRFLOW_CTX_TRY_NUMBER='1' AIRFLOW_CTX_DAG_RUN_ID='manual__2025-08-03T06:41:01+00:00'
[2025-08-03T06:47:37.636+0000] {deprecated_options.py:61} WARNING - 'force_download' has been deprecated.
[2025-08-03T06:47:41.215+0000] {services_utils.py:262} INFO - Selected dataset version: "202303"
[2025-08-03T06:47:41.216+0000] {services_utils.py:286} INFO - Selected dataset part: "default"
[2025-08-03T06:47:41.217+0000] {subset_xarray.py:832} WARNING - Some of your subset selection [2022-06-01 00:00:00+00:00, 2025-08-03 00:00:00+00:00] for the time dimension exceed the dataset coordinates [2021-01-01 00:00:00+00:00, 2025-08-01 00:00:00+00:00]
[2025-08-03T06:47:45.103+0000] {download_zarr.py:169} INFO - Starting download. Please wait...
[2025-08-03T06:47:49.529+0000] {download_zarr.py:185} INFO - Successfully downloaded to /opt/***/nc/sst/rayong_1_sst.nc
[2025-08-03T06:47:49.530+0000] {logging_mixin.py:188} INFO - ✅ Downloaded SST: /opt/***/nc/sst/rayong_1_sst.nc
[2025-08-03T06:47:49.531+0000] {deprecated_options.py:61} WARNING - 'force_download' has been deprecated.
[2025-08-03T06:47:53.337+0000] {services_utils.py:262} INFO - Selected dataset version: "202303"
[2025-08-03T06:47:53.338+0000] {services_utils.py:286} INFO - Selected dataset part: "default"
[2025-08-03T06:47:53.339+0000] {subset_xarray.py:832} WARNING - Some of your subset selection [2022-06-01 00:00:00+00:00, 2025-08-03 00:00:00+00:00] for the time dimension exceed the dataset coordinates [2021-01-01 00:00:00+00:00, 2025-08-01 00:00:00+00:00]
[2025-08-03T06:47:56.824+0000] {download_zarr.py:169} INFO - Starting download. Please wait...
[2025-08-03T06:48:04.637+0000] {download_zarr.py:185} INFO - Successfully downloaded to /opt/***/nc/sst/rayong_2_sst.nc
[2025-08-03T06:48:04.638+0000] {logging_mixin.py:188} INFO - ✅ Downloaded SST: /opt/***/nc/sst/rayong_2_sst.nc
[2025-08-03T06:48:04.639+0000] {deprecated_options.py:61} WARNING - 'force_download' has been deprecated.
[2025-08-03T06:48:08.554+0000] {services_utils.py:262} INFO - Selected dataset version: "202303"
[2025-08-03T06:48:08.555+0000] {services_utils.py:286} INFO - Selected dataset part: "default"
[2025-08-03T06:48:08.557+0000] {subset_xarray.py:832} WARNING - Some of your subset selection [2022-06-01 00:00:00+00:00, 2025-08-03 00:00:00+00:00] for the time dimension exceed the dataset coordinates [2021-01-01 00:00:00+00:00, 2025-08-01 00:00:00+00:00]
[2025-08-03T06:48:12.124+0000] {download_zarr.py:169} INFO - Starting download. Please wait...
[2025-08-03T06:48:16.051+0000] {download_zarr.py:185} INFO - Successfully downloaded to /opt/***/nc/sst/chanthaburi_1_sst.nc
[2025-08-03T06:48:16.053+0000] {logging_mixin.py:188} INFO - ✅ Downloaded SST: /opt/***/nc/sst/chanthaburi_1_sst.nc
[2025-08-03T06:48:16.054+0000] {deprecated_options.py:61} WARNING - 'force_download' has been deprecated.
[2025-08-03T06:48:19.611+0000] {services_utils.py:262} INFO - Selected dataset version: "202303"
[2025-08-03T06:48:19.612+0000] {services_utils.py:286} INFO - Selected dataset part: "default"
[2025-08-03T06:48:19.614+0000] {subset_xarray.py:832} WARNING - Some of your subset selection [2022-06-01 00:00:00+00:00, 2025-08-03 00:00:00+00:00] for the time dimension exceed the dataset coordinates [2021-01-01 00:00:00+00:00, 2025-08-01 00:00:00+00:00]
[2025-08-03T06:48:23.030+0000] {download_zarr.py:169} INFO - Starting download. Please wait...
[2025-08-03T06:48:27.028+0000] {download_zarr.py:185} INFO - Successfully downloaded to /opt/***/nc/sst/trat_1_sst.nc
[2025-08-03T06:48:27.029+0000] {logging_mixin.py:188} INFO - ✅ Downloaded SST: /opt/***/nc/sst/trat_1_sst.nc
[2025-08-03T06:48:27.030+0000] {python.py:201} INFO - Done. Returned value was: None
[2025-08-03T06:48:27.063+0000] {taskinstance.py:1138} INFO - Marking task as SUCCESS. dag_id=marine_data_etl_dag, task_id=sst_etl.download_sst, execution_date=20250803T064101, start_date=20250803T064737, end_date=20250803T064827
[2025-08-03T06:48:27.181+0000] {local_task_job_runner.py:234} INFO - Task exited with return code 0
[2025-08-03T06:48:27.491+0000] {taskinstance.py:3280} INFO - 1 downstream tasks scheduled from follow-on schedule check
