[2025-08-03T04:34:01.492+0000] {taskinstance.py:1956} INFO - Dependencies all met for dep_context=non-requeueable deps ti=<TaskInstance: marine_data_etl_dag.sst_etl.download_sst scheduled__2025-07-27T00:00:00+00:00 [queued]>
[2025-08-03T04:34:01.504+0000] {taskinstance.py:1956} INFO - Dependencies all met for dep_context=requeueable deps ti=<TaskInstance: marine_data_etl_dag.sst_etl.download_sst scheduled__2025-07-27T00:00:00+00:00 [queued]>
[2025-08-03T04:34:01.504+0000] {taskinstance.py:2170} INFO - Starting attempt 1 of 1
[2025-08-03T04:34:01.523+0000] {taskinstance.py:2191} INFO - Executing <Task(PythonOperator): sst_etl.download_sst> on 2025-07-27 00:00:00+00:00
[2025-08-03T04:34:01.528+0000] {standard_task_runner.py:60} INFO - Started process 79 to run task
[2025-08-03T04:34:01.534+0000] {standard_task_runner.py:87} INFO - Running: ['***', 'tasks', 'run', 'marine_data_etl_dag', 'sst_etl.download_sst', 'scheduled__2025-07-27T00:00:00+00:00', '--job-id', '149', '--raw', '--subdir', 'DAGS_FOLDER/marine_data_etl_dag.py', '--cfg-path', '/tmp/tmphe7yr661']
[2025-08-03T04:34:01.539+0000] {standard_task_runner.py:88} INFO - Job 149: Subtask sst_etl.download_sst
[2025-08-03T04:34:01.618+0000] {task_command.py:423} INFO - Running <TaskInstance: marine_data_etl_dag.sst_etl.download_sst scheduled__2025-07-27T00:00:00+00:00 [running]> on host 19821aecac76
[2025-08-03T04:34:02.047+0000] {taskinstance.py:2480} INFO - Exporting env vars: AIRFLOW_CTX_DAG_OWNER='***' AIRFLOW_CTX_DAG_ID='marine_data_etl_dag' AIRFLOW_CTX_TASK_ID='sst_etl.download_sst' AIRFLOW_CTX_EXECUTION_DATE='2025-07-27T00:00:00+00:00' AIRFLOW_CTX_TRY_NUMBER='1' AIRFLOW_CTX_DAG_RUN_ID='scheduled__2025-07-27T00:00:00+00:00'
[2025-08-03T04:34:02.054+0000] {deprecated_options.py:61} WARNING - 'force_download' has been deprecated.
[2025-08-03T04:34:03.119+0000] {credentials_utils.py:181} INFO - Downloading Copernicus Marine data requires a Copernicus Marine username and password, sign up for free at: https://data.marine.copernicus.eu/register
[2025-08-03T04:34:03.121+0000] {logging_mixin.py:188} INFO - Copernicus Marine username:
[2025-08-03T04:34:03.122+0000] {logging_mixin.py:188} INFO -  
[2025-08-03T04:34:03.123+0000] {logging_mixin.py:188} INFO - Abort
[2025-08-03T04:34:03.124+0000] {logging_mixin.py:188} INFO - ✅ Downloaded SST: /opt/***/nc/sst/rayong_1_sst.nc
[2025-08-03T04:34:03.125+0000] {deprecated_options.py:61} WARNING - 'force_download' has been deprecated.
[2025-08-03T04:34:03.816+0000] {credentials_utils.py:181} INFO - Downloading Copernicus Marine data requires a Copernicus Marine username and password, sign up for free at: https://data.marine.copernicus.eu/register
[2025-08-03T04:34:03.817+0000] {logging_mixin.py:188} INFO - Copernicus Marine username:
[2025-08-03T04:34:03.818+0000] {logging_mixin.py:188} INFO -  
[2025-08-03T04:34:03.819+0000] {logging_mixin.py:188} INFO - Abort
[2025-08-03T04:34:03.819+0000] {logging_mixin.py:188} INFO - ✅ Downloaded SST: /opt/***/nc/sst/rayong_2_sst.nc
[2025-08-03T04:34:03.820+0000] {deprecated_options.py:61} WARNING - 'force_download' has been deprecated.
[2025-08-03T04:34:04.490+0000] {credentials_utils.py:181} INFO - Downloading Copernicus Marine data requires a Copernicus Marine username and password, sign up for free at: https://data.marine.copernicus.eu/register
[2025-08-03T04:34:04.491+0000] {logging_mixin.py:188} INFO - Copernicus Marine username:
[2025-08-03T04:34:04.492+0000] {logging_mixin.py:188} INFO -  
[2025-08-03T04:34:04.493+0000] {logging_mixin.py:188} INFO - Abort
[2025-08-03T04:34:04.494+0000] {logging_mixin.py:188} INFO - ✅ Downloaded SST: /opt/***/nc/sst/chanthaburi_1_sst.nc
[2025-08-03T04:34:04.495+0000] {deprecated_options.py:61} WARNING - 'force_download' has been deprecated.
[2025-08-03T04:34:05.236+0000] {credentials_utils.py:181} INFO - Downloading Copernicus Marine data requires a Copernicus Marine username and password, sign up for free at: https://data.marine.copernicus.eu/register
[2025-08-03T04:34:05.237+0000] {logging_mixin.py:188} INFO - Copernicus Marine username:
[2025-08-03T04:34:05.238+0000] {logging_mixin.py:188} INFO -  
[2025-08-03T04:34:05.240+0000] {logging_mixin.py:188} INFO - Abort
[2025-08-03T04:34:05.241+0000] {logging_mixin.py:188} INFO - ✅ Downloaded SST: /opt/***/nc/sst/trat_1_sst.nc
[2025-08-03T04:34:05.242+0000] {python.py:201} INFO - Done. Returned value was: None
[2025-08-03T04:34:05.258+0000] {taskinstance.py:1138} INFO - Marking task as SUCCESS. dag_id=marine_data_etl_dag, task_id=sst_etl.download_sst, execution_date=20250727T000000, start_date=20250803T043401, end_date=20250803T043405
[2025-08-03T04:34:05.327+0000] {local_task_job_runner.py:234} INFO - Task exited with return code 0
[2025-08-03T04:34:05.377+0000] {taskinstance.py:3280} INFO - 1 downstream tasks scheduled from follow-on schedule check
