[2025-08-02T13:20:17.725+0000] {taskinstance.py:1956} INFO - Dependencies all met for dep_context=non-requeueable deps ti=<TaskInstance: marine_data_etl_dag.phyto_etl.download_phyto manual__2025-08-02T13:19:36+00:00 [queued]>
[2025-08-02T13:20:17.742+0000] {taskinstance.py:1956} INFO - Dependencies all met for dep_context=requeueable deps ti=<TaskInstance: marine_data_etl_dag.phyto_etl.download_phyto manual__2025-08-02T13:19:36+00:00 [queued]>
[2025-08-02T13:20:17.743+0000] {taskinstance.py:2170} INFO - Starting attempt 1 of 1
[2025-08-02T13:20:17.768+0000] {taskinstance.py:2191} INFO - Executing <Task(PythonOperator): phyto_etl.download_phyto> on 2025-08-02 13:19:36+00:00
[2025-08-02T13:20:17.774+0000] {standard_task_runner.py:60} INFO - Started process 278 to run task
[2025-08-02T13:20:17.782+0000] {standard_task_runner.py:87} INFO - Running: ['***', 'tasks', 'run', 'marine_data_etl_dag', 'phyto_etl.download_phyto', 'manual__2025-08-02T13:19:36+00:00', '--job-id', '80', '--raw', '--subdir', 'DAGS_FOLDER/marine_data_etl_dag.py', '--cfg-path', '/tmp/tmpkzbrau7g']
[2025-08-02T13:20:17.787+0000] {standard_task_runner.py:88} INFO - Job 80: Subtask phyto_etl.download_phyto
[2025-08-02T13:20:17.872+0000] {task_command.py:423} INFO - Running <TaskInstance: marine_data_etl_dag.phyto_etl.download_phyto manual__2025-08-02T13:19:36+00:00 [running]> on host 19821aecac76
[2025-08-02T13:20:18.238+0000] {taskinstance.py:2480} INFO - Exporting env vars: AIRFLOW_CTX_DAG_OWNER='***' AIRFLOW_CTX_DAG_ID='marine_data_etl_dag' AIRFLOW_CTX_TASK_ID='phyto_etl.download_phyto' AIRFLOW_CTX_EXECUTION_DATE='2025-08-02T13:19:36+00:00' AIRFLOW_CTX_TRY_NUMBER='1' AIRFLOW_CTX_DAG_RUN_ID='manual__2025-08-02T13:19:36+00:00'
[2025-08-02T13:20:18.246+0000] {deprecated_options.py:61} WARNING - 'force_download' has been deprecated.
[2025-08-02T13:20:18.949+0000] {credentials_utils.py:181} INFO - Downloading Copernicus Marine data requires a Copernicus Marine username and password, sign up for free at: https://data.marine.copernicus.eu/register
[2025-08-02T13:20:18.951+0000] {logging_mixin.py:188} INFO - Copernicus Marine username:
[2025-08-02T13:20:18.953+0000] {logging_mixin.py:188} INFO -  
[2025-08-02T13:20:18.953+0000] {logging_mixin.py:188} INFO - Abort
[2025-08-02T13:20:18.955+0000] {logging_mixin.py:188} INFO - ✅ Downloaded phytoplankton: /opt/***/nc/phytoplankton/rayong_1_phytoplankton.nc
[2025-08-02T13:20:18.956+0000] {deprecated_options.py:61} WARNING - 'force_download' has been deprecated.
[2025-08-02T13:20:19.632+0000] {credentials_utils.py:181} INFO - Downloading Copernicus Marine data requires a Copernicus Marine username and password, sign up for free at: https://data.marine.copernicus.eu/register
[2025-08-02T13:20:19.633+0000] {logging_mixin.py:188} INFO - Copernicus Marine username:
[2025-08-02T13:20:19.634+0000] {logging_mixin.py:188} INFO -  
[2025-08-02T13:20:19.635+0000] {logging_mixin.py:188} INFO - Abort
[2025-08-02T13:20:19.636+0000] {logging_mixin.py:188} INFO - ✅ Downloaded phytoplankton: /opt/***/nc/phytoplankton/rayong_2_phytoplankton.nc
[2025-08-02T13:20:19.637+0000] {deprecated_options.py:61} WARNING - 'force_download' has been deprecated.
[2025-08-02T13:20:20.309+0000] {credentials_utils.py:181} INFO - Downloading Copernicus Marine data requires a Copernicus Marine username and password, sign up for free at: https://data.marine.copernicus.eu/register
[2025-08-02T13:20:20.310+0000] {logging_mixin.py:188} INFO - Copernicus Marine username:
[2025-08-02T13:20:20.311+0000] {logging_mixin.py:188} INFO -  
[2025-08-02T13:20:20.312+0000] {logging_mixin.py:188} INFO - Abort
[2025-08-02T13:20:20.313+0000] {logging_mixin.py:188} INFO - ✅ Downloaded phytoplankton: /opt/***/nc/phytoplankton/chanthaburi_1_phytoplankton.nc
[2025-08-02T13:20:20.314+0000] {deprecated_options.py:61} WARNING - 'force_download' has been deprecated.
[2025-08-02T13:20:20.983+0000] {credentials_utils.py:181} INFO - Downloading Copernicus Marine data requires a Copernicus Marine username and password, sign up for free at: https://data.marine.copernicus.eu/register
[2025-08-02T13:20:20.984+0000] {logging_mixin.py:188} INFO - Copernicus Marine username:
[2025-08-02T13:20:20.985+0000] {logging_mixin.py:188} INFO -  
[2025-08-02T13:20:20.986+0000] {logging_mixin.py:188} INFO - Abort
[2025-08-02T13:20:20.987+0000] {logging_mixin.py:188} INFO - ✅ Downloaded phytoplankton: /opt/***/nc/phytoplankton/trat_1_phytoplankton.nc
[2025-08-02T13:20:20.988+0000] {python.py:201} INFO - Done. Returned value was: None
[2025-08-02T13:20:21.005+0000] {taskinstance.py:1138} INFO - Marking task as SUCCESS. dag_id=marine_data_etl_dag, task_id=phyto_etl.download_phyto, execution_date=20250802T131936, start_date=20250802T132017, end_date=20250802T132021
[2025-08-02T13:20:21.049+0000] {local_task_job_runner.py:234} INFO - Task exited with return code 0
[2025-08-02T13:20:21.102+0000] {taskinstance.py:3280} INFO - 1 downstream tasks scheduled from follow-on schedule check
