[2025-08-03T05:11:09.127+0000] {taskinstance.py:1956} INFO - Dependencies all met for dep_context=non-requeueable deps ti=<TaskInstance: marine_data_etl_dag.zooplankton_etl.download_zoo manual__2025-08-03T05:10:24.968527+00:00 [queued]>
[2025-08-03T05:11:09.147+0000] {taskinstance.py:1956} INFO - Dependencies all met for dep_context=requeueable deps ti=<TaskInstance: marine_data_etl_dag.zooplankton_etl.download_zoo manual__2025-08-03T05:10:24.968527+00:00 [queued]>
[2025-08-03T05:11:09.148+0000] {taskinstance.py:2170} INFO - Starting attempt 1 of 1
[2025-08-03T05:11:09.191+0000] {taskinstance.py:2191} INFO - Executing <Task(PythonOperator): zooplankton_etl.download_zoo> on 2025-08-03 05:10:24.968527+00:00
[2025-08-03T05:11:09.200+0000] {standard_task_runner.py:60} INFO - Started process 359 to run task
[2025-08-03T05:11:09.210+0000] {standard_task_runner.py:87} INFO - Running: ['***', 'tasks', 'run', 'marine_data_etl_dag', 'zooplankton_etl.download_zoo', 'manual__2025-08-03T05:10:24.968527+00:00', '--job-id', '170', '--raw', '--subdir', 'DAGS_FOLDER/marine_data_etl_dag.py', '--cfg-path', '/tmp/tmpb87q29t1']
[2025-08-03T05:11:09.216+0000] {standard_task_runner.py:88} INFO - Job 170: Subtask zooplankton_etl.download_zoo
[2025-08-03T05:11:09.290+0000] {task_command.py:423} INFO - Running <TaskInstance: marine_data_etl_dag.zooplankton_etl.download_zoo manual__2025-08-03T05:10:24.968527+00:00 [running]> on host 19821aecac76
[2025-08-03T05:11:09.609+0000] {taskinstance.py:2480} INFO - Exporting env vars: AIRFLOW_CTX_DAG_OWNER='***' AIRFLOW_CTX_DAG_ID='marine_data_etl_dag' AIRFLOW_CTX_TASK_ID='zooplankton_etl.download_zoo' AIRFLOW_CTX_EXECUTION_DATE='2025-08-03T05:10:24.968527+00:00' AIRFLOW_CTX_TRY_NUMBER='1' AIRFLOW_CTX_DAG_RUN_ID='manual__2025-08-03T05:10:24.968527+00:00'
[2025-08-03T05:11:09.615+0000] {deprecated_options.py:61} WARNING - 'force_download' has been deprecated.
[2025-08-03T05:11:10.449+0000] {credentials_utils.py:181} INFO - Downloading Copernicus Marine data requires a Copernicus Marine username and password, sign up for free at: https://data.marine.copernicus.eu/register
[2025-08-03T05:11:10.462+0000] {logging_mixin.py:188} INFO - Copernicus Marine username:
[2025-08-03T05:11:10.464+0000] {logging_mixin.py:188} INFO -  
[2025-08-03T05:11:10.467+0000] {logging_mixin.py:188} INFO - Abort
[2025-08-03T05:11:10.469+0000] {logging_mixin.py:188} INFO - ✅ Downloaded zooplankton: /opt/***/nc/zooplankton/rayong_1_zooplankton.nc
[2025-08-03T05:11:10.470+0000] {deprecated_options.py:61} WARNING - 'force_download' has been deprecated.
[2025-08-03T05:11:11.197+0000] {credentials_utils.py:181} INFO - Downloading Copernicus Marine data requires a Copernicus Marine username and password, sign up for free at: https://data.marine.copernicus.eu/register
[2025-08-03T05:11:11.198+0000] {logging_mixin.py:188} INFO - Copernicus Marine username:
[2025-08-03T05:11:11.199+0000] {logging_mixin.py:188} INFO -  
[2025-08-03T05:11:11.204+0000] {logging_mixin.py:188} INFO - Abort
[2025-08-03T05:11:11.206+0000] {logging_mixin.py:188} INFO - ✅ Downloaded zooplankton: /opt/***/nc/zooplankton/rayong_2_zooplankton.nc
[2025-08-03T05:11:11.208+0000] {deprecated_options.py:61} WARNING - 'force_download' has been deprecated.
[2025-08-03T05:11:11.906+0000] {credentials_utils.py:181} INFO - Downloading Copernicus Marine data requires a Copernicus Marine username and password, sign up for free at: https://data.marine.copernicus.eu/register
[2025-08-03T05:11:11.908+0000] {logging_mixin.py:188} INFO - Copernicus Marine username:
[2025-08-03T05:11:11.909+0000] {logging_mixin.py:188} INFO -  
[2025-08-03T05:11:11.912+0000] {logging_mixin.py:188} INFO - Abort
[2025-08-03T05:11:11.913+0000] {logging_mixin.py:188} INFO - ✅ Downloaded zooplankton: /opt/***/nc/zooplankton/chanthaburi_1_zooplankton.nc
[2025-08-03T05:11:11.915+0000] {deprecated_options.py:61} WARNING - 'force_download' has been deprecated.
[2025-08-03T05:11:12.625+0000] {credentials_utils.py:181} INFO - Downloading Copernicus Marine data requires a Copernicus Marine username and password, sign up for free at: https://data.marine.copernicus.eu/register
[2025-08-03T05:11:12.627+0000] {logging_mixin.py:188} INFO - Copernicus Marine username:
[2025-08-03T05:11:12.628+0000] {logging_mixin.py:188} INFO -  
[2025-08-03T05:11:12.629+0000] {logging_mixin.py:188} INFO - Abort
[2025-08-03T05:11:12.630+0000] {logging_mixin.py:188} INFO - ✅ Downloaded zooplankton: /opt/***/nc/zooplankton/trat_1_zooplankton.nc
[2025-08-03T05:11:12.631+0000] {python.py:201} INFO - Done. Returned value was: None
[2025-08-03T05:11:12.653+0000] {taskinstance.py:1138} INFO - Marking task as SUCCESS. dag_id=marine_data_etl_dag, task_id=zooplankton_etl.download_zoo, execution_date=20250803T051024, start_date=20250803T051109, end_date=20250803T051112
[2025-08-03T05:11:12.732+0000] {local_task_job_runner.py:234} INFO - Task exited with return code 0
[2025-08-03T05:11:12.792+0000] {taskinstance.py:3280} INFO - 1 downstream tasks scheduled from follow-on schedule check
