[2025-08-03T04:34:25.026+0000] {taskinstance.py:1956} INFO - Dependencies all met for dep_context=non-requeueable deps ti=<TaskInstance: marine_data_etl_dag.zooplankton_etl.download_zoo scheduled__2025-07-27T00:00:00+00:00 [queued]>
[2025-08-03T04:34:25.039+0000] {taskinstance.py:1956} INFO - Dependencies all met for dep_context=requeueable deps ti=<TaskInstance: marine_data_etl_dag.zooplankton_etl.download_zoo scheduled__2025-07-27T00:00:00+00:00 [queued]>
[2025-08-03T04:34:25.040+0000] {taskinstance.py:2170} INFO - Starting attempt 1 of 1
[2025-08-03T04:34:25.069+0000] {taskinstance.py:2191} INFO - Executing <Task(PythonOperator): zooplankton_etl.download_zoo> on 2025-07-27 00:00:00+00:00
[2025-08-03T04:34:25.074+0000] {standard_task_runner.py:60} INFO - Started process 93 to run task
[2025-08-03T04:34:25.080+0000] {standard_task_runner.py:87} INFO - Running: ['***', 'tasks', 'run', 'marine_data_etl_dag', 'zooplankton_etl.download_zoo', 'scheduled__2025-07-27T00:00:00+00:00', '--job-id', '151', '--raw', '--subdir', 'DAGS_FOLDER/marine_data_etl_dag.py', '--cfg-path', '/tmp/tmpi3z6qs0y']
[2025-08-03T04:34:25.084+0000] {standard_task_runner.py:88} INFO - Job 151: Subtask zooplankton_etl.download_zoo
[2025-08-03T04:34:25.160+0000] {task_command.py:423} INFO - Running <TaskInstance: marine_data_etl_dag.zooplankton_etl.download_zoo scheduled__2025-07-27T00:00:00+00:00 [running]> on host 19821aecac76
[2025-08-03T04:34:25.459+0000] {taskinstance.py:2480} INFO - Exporting env vars: AIRFLOW_CTX_DAG_OWNER='***' AIRFLOW_CTX_DAG_ID='marine_data_etl_dag' AIRFLOW_CTX_TASK_ID='zooplankton_etl.download_zoo' AIRFLOW_CTX_EXECUTION_DATE='2025-07-27T00:00:00+00:00' AIRFLOW_CTX_TRY_NUMBER='1' AIRFLOW_CTX_DAG_RUN_ID='scheduled__2025-07-27T00:00:00+00:00'
[2025-08-03T04:34:25.468+0000] {deprecated_options.py:61} WARNING - 'force_download' has been deprecated.
[2025-08-03T04:34:26.176+0000] {credentials_utils.py:181} INFO - Downloading Copernicus Marine data requires a Copernicus Marine username and password, sign up for free at: https://data.marine.copernicus.eu/register
[2025-08-03T04:34:26.178+0000] {logging_mixin.py:188} INFO - Copernicus Marine username:
[2025-08-03T04:34:26.179+0000] {logging_mixin.py:188} INFO -  
[2025-08-03T04:34:26.181+0000] {logging_mixin.py:188} INFO - Abort
[2025-08-03T04:34:26.182+0000] {logging_mixin.py:188} INFO - ✅ Downloaded zooplankton: /opt/***/nc/zooplankton/rayong_1_zooplankton.nc
[2025-08-03T04:34:26.182+0000] {deprecated_options.py:61} WARNING - 'force_download' has been deprecated.
[2025-08-03T04:34:26.827+0000] {credentials_utils.py:181} INFO - Downloading Copernicus Marine data requires a Copernicus Marine username and password, sign up for free at: https://data.marine.copernicus.eu/register
[2025-08-03T04:34:26.829+0000] {logging_mixin.py:188} INFO - Copernicus Marine username:
[2025-08-03T04:34:26.830+0000] {logging_mixin.py:188} INFO -  
[2025-08-03T04:34:26.831+0000] {logging_mixin.py:188} INFO - Abort
[2025-08-03T04:34:26.832+0000] {logging_mixin.py:188} INFO - ✅ Downloaded zooplankton: /opt/***/nc/zooplankton/rayong_2_zooplankton.nc
[2025-08-03T04:34:26.833+0000] {deprecated_options.py:61} WARNING - 'force_download' has been deprecated.
[2025-08-03T04:34:27.531+0000] {credentials_utils.py:181} INFO - Downloading Copernicus Marine data requires a Copernicus Marine username and password, sign up for free at: https://data.marine.copernicus.eu/register
[2025-08-03T04:34:27.533+0000] {logging_mixin.py:188} INFO - Copernicus Marine username:
[2025-08-03T04:34:27.534+0000] {logging_mixin.py:188} INFO -  
[2025-08-03T04:34:27.535+0000] {logging_mixin.py:188} INFO - Abort
[2025-08-03T04:34:27.536+0000] {logging_mixin.py:188} INFO - ✅ Downloaded zooplankton: /opt/***/nc/zooplankton/chanthaburi_1_zooplankton.nc
[2025-08-03T04:34:27.537+0000] {deprecated_options.py:61} WARNING - 'force_download' has been deprecated.
[2025-08-03T04:34:28.213+0000] {credentials_utils.py:181} INFO - Downloading Copernicus Marine data requires a Copernicus Marine username and password, sign up for free at: https://data.marine.copernicus.eu/register
[2025-08-03T04:34:28.216+0000] {logging_mixin.py:188} INFO - Copernicus Marine username:
[2025-08-03T04:34:28.218+0000] {logging_mixin.py:188} INFO -  
[2025-08-03T04:34:28.220+0000] {logging_mixin.py:188} INFO - Abort
[2025-08-03T04:34:28.223+0000] {logging_mixin.py:188} INFO - ✅ Downloaded zooplankton: /opt/***/nc/zooplankton/trat_1_zooplankton.nc
[2025-08-03T04:34:28.228+0000] {python.py:201} INFO - Done. Returned value was: None
[2025-08-03T04:34:28.250+0000] {taskinstance.py:1138} INFO - Marking task as SUCCESS. dag_id=marine_data_etl_dag, task_id=zooplankton_etl.download_zoo, execution_date=20250727T000000, start_date=20250803T043425, end_date=20250803T043428
[2025-08-03T04:34:28.319+0000] {local_task_job_runner.py:234} INFO - Task exited with return code 0
[2025-08-03T04:34:28.402+0000] {taskinstance.py:3280} INFO - 1 downstream tasks scheduled from follow-on schedule check
