[2025-08-02T13:20:36.639+0000] {taskinstance.py:1956} INFO - Dependencies all met for dep_context=non-requeueable deps ti=<TaskInstance: marine_data_etl_dag.sst_etl.download_sst manual__2025-08-02T13:19:36+00:00 [queued]>
[2025-08-02T13:20:36.654+0000] {taskinstance.py:1956} INFO - Dependencies all met for dep_context=requeueable deps ti=<TaskInstance: marine_data_etl_dag.sst_etl.download_sst manual__2025-08-02T13:19:36+00:00 [queued]>
[2025-08-02T13:20:36.655+0000] {taskinstance.py:2170} INFO - Starting attempt 1 of 1
[2025-08-02T13:20:36.676+0000] {taskinstance.py:2191} INFO - Executing <Task(PythonOperator): sst_etl.download_sst> on 2025-08-02 13:19:36+00:00
[2025-08-02T13:20:36.682+0000] {standard_task_runner.py:60} INFO - Started process 290 to run task
[2025-08-02T13:20:36.688+0000] {standard_task_runner.py:87} INFO - Running: ['***', 'tasks', 'run', 'marine_data_etl_dag', 'sst_etl.download_sst', 'manual__2025-08-02T13:19:36+00:00', '--job-id', '82', '--raw', '--subdir', 'DAGS_FOLDER/marine_data_etl_dag.py', '--cfg-path', '/tmp/tmppquot28e']
[2025-08-02T13:20:36.693+0000] {standard_task_runner.py:88} INFO - Job 82: Subtask sst_etl.download_sst
[2025-08-02T13:20:36.764+0000] {task_command.py:423} INFO - Running <TaskInstance: marine_data_etl_dag.sst_etl.download_sst manual__2025-08-02T13:19:36+00:00 [running]> on host 19821aecac76
[2025-08-02T13:20:37.077+0000] {taskinstance.py:2480} INFO - Exporting env vars: AIRFLOW_CTX_DAG_OWNER='***' AIRFLOW_CTX_DAG_ID='marine_data_etl_dag' AIRFLOW_CTX_TASK_ID='sst_etl.download_sst' AIRFLOW_CTX_EXECUTION_DATE='2025-08-02T13:19:36+00:00' AIRFLOW_CTX_TRY_NUMBER='1' AIRFLOW_CTX_DAG_RUN_ID='manual__2025-08-02T13:19:36+00:00'
[2025-08-02T13:20:37.083+0000] {deprecated_options.py:61} WARNING - 'force_download' has been deprecated.
[2025-08-02T13:20:37.747+0000] {credentials_utils.py:181} INFO - Downloading Copernicus Marine data requires a Copernicus Marine username and password, sign up for free at: https://data.marine.copernicus.eu/register
[2025-08-02T13:20:37.750+0000] {logging_mixin.py:188} INFO - Copernicus Marine username:
[2025-08-02T13:20:37.751+0000] {logging_mixin.py:188} INFO -  
[2025-08-02T13:20:37.752+0000] {logging_mixin.py:188} INFO - Abort
[2025-08-02T13:20:37.753+0000] {logging_mixin.py:188} INFO - ✅ Downloaded SST: /opt/***/nc/sst/rayong_1_sst.nc
[2025-08-02T13:20:37.754+0000] {deprecated_options.py:61} WARNING - 'force_download' has been deprecated.
[2025-08-02T13:20:38.406+0000] {credentials_utils.py:181} INFO - Downloading Copernicus Marine data requires a Copernicus Marine username and password, sign up for free at: https://data.marine.copernicus.eu/register
[2025-08-02T13:20:38.410+0000] {logging_mixin.py:188} INFO - Copernicus Marine username:
[2025-08-02T13:20:38.412+0000] {logging_mixin.py:188} INFO -  
[2025-08-02T13:20:38.413+0000] {logging_mixin.py:188} INFO - Abort
[2025-08-02T13:20:38.414+0000] {logging_mixin.py:188} INFO - ✅ Downloaded SST: /opt/***/nc/sst/rayong_2_sst.nc
[2025-08-02T13:20:38.416+0000] {deprecated_options.py:61} WARNING - 'force_download' has been deprecated.
[2025-08-02T13:20:39.118+0000] {credentials_utils.py:181} INFO - Downloading Copernicus Marine data requires a Copernicus Marine username and password, sign up for free at: https://data.marine.copernicus.eu/register
[2025-08-02T13:20:39.120+0000] {logging_mixin.py:188} INFO - Copernicus Marine username:
[2025-08-02T13:20:39.122+0000] {logging_mixin.py:188} INFO -  
[2025-08-02T13:20:39.123+0000] {logging_mixin.py:188} INFO - Abort
[2025-08-02T13:20:39.124+0000] {logging_mixin.py:188} INFO - ✅ Downloaded SST: /opt/***/nc/sst/chanthaburi_1_sst.nc
[2025-08-02T13:20:39.125+0000] {deprecated_options.py:61} WARNING - 'force_download' has been deprecated.
[2025-08-02T13:20:39.789+0000] {credentials_utils.py:181} INFO - Downloading Copernicus Marine data requires a Copernicus Marine username and password, sign up for free at: https://data.marine.copernicus.eu/register
[2025-08-02T13:20:39.791+0000] {logging_mixin.py:188} INFO - Copernicus Marine username:
[2025-08-02T13:20:39.791+0000] {logging_mixin.py:188} INFO -  
[2025-08-02T13:20:39.792+0000] {logging_mixin.py:188} INFO - Abort
[2025-08-02T13:20:39.794+0000] {logging_mixin.py:188} INFO - ✅ Downloaded SST: /opt/***/nc/sst/trat_1_sst.nc
[2025-08-02T13:20:39.796+0000] {python.py:201} INFO - Done. Returned value was: None
[2025-08-02T13:20:39.813+0000] {taskinstance.py:1138} INFO - Marking task as SUCCESS. dag_id=marine_data_etl_dag, task_id=sst_etl.download_sst, execution_date=20250802T131936, start_date=20250802T132036, end_date=20250802T132039
[2025-08-02T13:20:39.881+0000] {local_task_job_runner.py:234} INFO - Task exited with return code 0
[2025-08-02T13:20:39.926+0000] {taskinstance.py:3280} INFO - 1 downstream tasks scheduled from follow-on schedule check
