[2025-08-02T13:20:06.236+0000] {taskinstance.py:1956} INFO - Dependencies all met for dep_context=non-requeueable deps ti=<TaskInstance: marine_data_etl_dag.current_etl.download_current manual__2025-08-02T13:19:36+00:00 [queued]>
[2025-08-02T13:20:06.253+0000] {taskinstance.py:1956} INFO - Dependencies all met for dep_context=requeueable deps ti=<TaskInstance: marine_data_etl_dag.current_etl.download_current manual__2025-08-02T13:19:36+00:00 [queued]>
[2025-08-02T13:20:06.254+0000] {taskinstance.py:2170} INFO - Starting attempt 1 of 1
[2025-08-02T13:20:06.282+0000] {taskinstance.py:2191} INFO - Executing <Task(PythonOperator): current_etl.download_current> on 2025-08-02 13:19:36+00:00
[2025-08-02T13:20:06.288+0000] {standard_task_runner.py:60} INFO - Started process 270 to run task
[2025-08-02T13:20:06.296+0000] {standard_task_runner.py:87} INFO - Running: ['***', 'tasks', 'run', 'marine_data_etl_dag', 'current_etl.download_current', 'manual__2025-08-02T13:19:36+00:00', '--job-id', '79', '--raw', '--subdir', 'DAGS_FOLDER/marine_data_etl_dag.py', '--cfg-path', '/tmp/tmpqe8y6iz3']
[2025-08-02T13:20:06.302+0000] {standard_task_runner.py:88} INFO - Job 79: Subtask current_etl.download_current
[2025-08-02T13:20:06.413+0000] {task_command.py:423} INFO - Running <TaskInstance: marine_data_etl_dag.current_etl.download_current manual__2025-08-02T13:19:36+00:00 [running]> on host 19821aecac76
[2025-08-02T13:20:06.873+0000] {taskinstance.py:2480} INFO - Exporting env vars: AIRFLOW_CTX_DAG_OWNER='***' AIRFLOW_CTX_DAG_ID='marine_data_etl_dag' AIRFLOW_CTX_TASK_ID='current_etl.download_current' AIRFLOW_CTX_EXECUTION_DATE='2025-08-02T13:19:36+00:00' AIRFLOW_CTX_TRY_NUMBER='1' AIRFLOW_CTX_DAG_RUN_ID='manual__2025-08-02T13:19:36+00:00'
[2025-08-02T13:20:06.882+0000] {deprecated_options.py:61} WARNING - 'force_download' has been deprecated.
[2025-08-02T13:20:07.556+0000] {credentials_utils.py:181} INFO - Downloading Copernicus Marine data requires a Copernicus Marine username and password, sign up for free at: https://data.marine.copernicus.eu/register
[2025-08-02T13:20:07.558+0000] {logging_mixin.py:188} INFO - Copernicus Marine username:
[2025-08-02T13:20:07.558+0000] {logging_mixin.py:188} INFO -  
[2025-08-02T13:20:07.559+0000] {logging_mixin.py:188} INFO - Abort
[2025-08-02T13:20:07.560+0000] {logging_mixin.py:188} INFO - ✅ Downloaded current: /opt/***/nc/current/rayong_1_current.nc
[2025-08-02T13:20:07.561+0000] {deprecated_options.py:61} WARNING - 'force_download' has been deprecated.
[2025-08-02T13:20:08.191+0000] {credentials_utils.py:181} INFO - Downloading Copernicus Marine data requires a Copernicus Marine username and password, sign up for free at: https://data.marine.copernicus.eu/register
[2025-08-02T13:20:08.192+0000] {logging_mixin.py:188} INFO - Copernicus Marine username:
[2025-08-02T13:20:08.193+0000] {logging_mixin.py:188} INFO -  
[2025-08-02T13:20:08.194+0000] {logging_mixin.py:188} INFO - Abort
[2025-08-02T13:20:08.195+0000] {logging_mixin.py:188} INFO - ✅ Downloaded current: /opt/***/nc/current/rayong_2_current.nc
[2025-08-02T13:20:08.196+0000] {deprecated_options.py:61} WARNING - 'force_download' has been deprecated.
[2025-08-02T13:20:08.840+0000] {credentials_utils.py:181} INFO - Downloading Copernicus Marine data requires a Copernicus Marine username and password, sign up for free at: https://data.marine.copernicus.eu/register
[2025-08-02T13:20:08.841+0000] {logging_mixin.py:188} INFO - Copernicus Marine username:
[2025-08-02T13:20:08.843+0000] {logging_mixin.py:188} INFO -  
[2025-08-02T13:20:08.844+0000] {logging_mixin.py:188} INFO - Abort
[2025-08-02T13:20:08.845+0000] {logging_mixin.py:188} INFO - ✅ Downloaded current: /opt/***/nc/current/chanthaburi_1_current.nc
[2025-08-02T13:20:08.846+0000] {deprecated_options.py:61} WARNING - 'force_download' has been deprecated.
[2025-08-02T13:20:09.514+0000] {credentials_utils.py:181} INFO - Downloading Copernicus Marine data requires a Copernicus Marine username and password, sign up for free at: https://data.marine.copernicus.eu/register
[2025-08-02T13:20:09.515+0000] {logging_mixin.py:188} INFO - Copernicus Marine username:
[2025-08-02T13:20:09.516+0000] {logging_mixin.py:188} INFO -  
[2025-08-02T13:20:09.517+0000] {logging_mixin.py:188} INFO - Abort
[2025-08-02T13:20:09.518+0000] {logging_mixin.py:188} INFO - ✅ Downloaded current: /opt/***/nc/current/trat_1_current.nc
[2025-08-02T13:20:09.519+0000] {python.py:201} INFO - Done. Returned value was: None
[2025-08-02T13:20:09.535+0000] {taskinstance.py:1138} INFO - Marking task as SUCCESS. dag_id=marine_data_etl_dag, task_id=current_etl.download_current, execution_date=20250802T131936, start_date=20250802T132006, end_date=20250802T132009
[2025-08-02T13:20:09.605+0000] {local_task_job_runner.py:234} INFO - Task exited with return code 0
[2025-08-02T13:20:09.658+0000] {taskinstance.py:3280} INFO - 1 downstream tasks scheduled from follow-on schedule check
