[2025-08-02T13:20:27.364+0000] {taskinstance.py:1956} INFO - Dependencies all met for dep_context=non-requeueable deps ti=<TaskInstance: marine_data_etl_dag.so_etl.download_so manual__2025-08-02T13:19:36+00:00 [queued]>
[2025-08-02T13:20:27.377+0000] {taskinstance.py:1956} INFO - Dependencies all met for dep_context=requeueable deps ti=<TaskInstance: marine_data_etl_dag.so_etl.download_so manual__2025-08-02T13:19:36+00:00 [queued]>
[2025-08-02T13:20:27.378+0000] {taskinstance.py:2170} INFO - Starting attempt 1 of 1
[2025-08-02T13:20:27.402+0000] {taskinstance.py:2191} INFO - Executing <Task(PythonOperator): so_etl.download_so> on 2025-08-02 13:19:36+00:00
[2025-08-02T13:20:27.408+0000] {standard_task_runner.py:60} INFO - Started process 284 to run task
[2025-08-02T13:20:27.415+0000] {standard_task_runner.py:87} INFO - Running: ['***', 'tasks', 'run', 'marine_data_etl_dag', 'so_etl.download_so', 'manual__2025-08-02T13:19:36+00:00', '--job-id', '81', '--raw', '--subdir', 'DAGS_FOLDER/marine_data_etl_dag.py', '--cfg-path', '/tmp/tmp21b0v8oh']
[2025-08-02T13:20:27.421+0000] {standard_task_runner.py:88} INFO - Job 81: Subtask so_etl.download_so
[2025-08-02T13:20:27.490+0000] {task_command.py:423} INFO - Running <TaskInstance: marine_data_etl_dag.so_etl.download_so manual__2025-08-02T13:19:36+00:00 [running]> on host 19821aecac76
[2025-08-02T13:20:27.807+0000] {taskinstance.py:2480} INFO - Exporting env vars: AIRFLOW_CTX_DAG_OWNER='***' AIRFLOW_CTX_DAG_ID='marine_data_etl_dag' AIRFLOW_CTX_TASK_ID='so_etl.download_so' AIRFLOW_CTX_EXECUTION_DATE='2025-08-02T13:19:36+00:00' AIRFLOW_CTX_TRY_NUMBER='1' AIRFLOW_CTX_DAG_RUN_ID='manual__2025-08-02T13:19:36+00:00'
[2025-08-02T13:20:27.814+0000] {deprecated_options.py:61} WARNING - 'force_download' has been deprecated.
[2025-08-02T13:20:28.500+0000] {credentials_utils.py:181} INFO - Downloading Copernicus Marine data requires a Copernicus Marine username and password, sign up for free at: https://data.marine.copernicus.eu/register
[2025-08-02T13:20:28.502+0000] {logging_mixin.py:188} INFO - Copernicus Marine username:
[2025-08-02T13:20:28.503+0000] {logging_mixin.py:188} INFO -  
[2025-08-02T13:20:28.504+0000] {logging_mixin.py:188} INFO - Abort
[2025-08-02T13:20:28.504+0000] {logging_mixin.py:188} INFO - ✅ Downloaded salinity: /opt/***/nc/salinity/rayong_1_salinity.nc
[2025-08-02T13:20:28.505+0000] {deprecated_options.py:61} WARNING - 'force_download' has been deprecated.
[2025-08-02T13:20:29.163+0000] {credentials_utils.py:181} INFO - Downloading Copernicus Marine data requires a Copernicus Marine username and password, sign up for free at: https://data.marine.copernicus.eu/register
[2025-08-02T13:20:29.164+0000] {logging_mixin.py:188} INFO - Copernicus Marine username:
[2025-08-02T13:20:29.165+0000] {logging_mixin.py:188} INFO -  
[2025-08-02T13:20:29.166+0000] {logging_mixin.py:188} INFO - Abort
[2025-08-02T13:20:29.167+0000] {logging_mixin.py:188} INFO - ✅ Downloaded salinity: /opt/***/nc/salinity/rayong_2_salinity.nc
[2025-08-02T13:20:29.168+0000] {deprecated_options.py:61} WARNING - 'force_download' has been deprecated.
[2025-08-02T13:20:29.882+0000] {credentials_utils.py:181} INFO - Downloading Copernicus Marine data requires a Copernicus Marine username and password, sign up for free at: https://data.marine.copernicus.eu/register
[2025-08-02T13:20:29.884+0000] {logging_mixin.py:188} INFO - Copernicus Marine username:
[2025-08-02T13:20:29.886+0000] {logging_mixin.py:188} INFO -  
[2025-08-02T13:20:29.887+0000] {logging_mixin.py:188} INFO - Abort
[2025-08-02T13:20:29.889+0000] {logging_mixin.py:188} INFO - ✅ Downloaded salinity: /opt/***/nc/salinity/chanthaburi_1_salinity.nc
[2025-08-02T13:20:29.890+0000] {deprecated_options.py:61} WARNING - 'force_download' has been deprecated.
[2025-08-02T13:20:30.578+0000] {credentials_utils.py:181} INFO - Downloading Copernicus Marine data requires a Copernicus Marine username and password, sign up for free at: https://data.marine.copernicus.eu/register
[2025-08-02T13:20:30.581+0000] {logging_mixin.py:188} INFO - Copernicus Marine username:
[2025-08-02T13:20:30.583+0000] {logging_mixin.py:188} INFO -  
[2025-08-02T13:20:30.584+0000] {logging_mixin.py:188} INFO - Abort
[2025-08-02T13:20:30.586+0000] {logging_mixin.py:188} INFO - ✅ Downloaded salinity: /opt/***/nc/salinity/trat_1_salinity.nc
[2025-08-02T13:20:30.587+0000] {python.py:201} INFO - Done. Returned value was: None
[2025-08-02T13:20:30.609+0000] {taskinstance.py:1138} INFO - Marking task as SUCCESS. dag_id=marine_data_etl_dag, task_id=so_etl.download_so, execution_date=20250802T131936, start_date=20250802T132027, end_date=20250802T132030
[2025-08-02T13:20:30.653+0000] {local_task_job_runner.py:234} INFO - Task exited with return code 0
[2025-08-02T13:20:30.698+0000] {taskinstance.py:3280} INFO - 1 downstream tasks scheduled from follow-on schedule check
