[2025-08-02T12:21:28.226+0000] {taskinstance.py:1956} INFO - Dependencies all met for dep_context=non-requeueable deps ti=<TaskInstance: marine_data_etl_dag.phyto_etl.download_phyto manual__2025-08-02T12:20:35.691377+00:00 [queued]>
[2025-08-02T12:21:28.239+0000] {taskinstance.py:1956} INFO - Dependencies all met for dep_context=requeueable deps ti=<TaskInstance: marine_data_etl_dag.phyto_etl.download_phyto manual__2025-08-02T12:20:35.691377+00:00 [queued]>
[2025-08-02T12:21:28.240+0000] {taskinstance.py:2170} INFO - Starting attempt 1 of 1
[2025-08-02T12:21:28.261+0000] {taskinstance.py:2191} INFO - Executing <Task(PythonOperator): phyto_etl.download_phyto> on 2025-08-02 12:20:35.691377+00:00
[2025-08-02T12:21:28.266+0000] {standard_task_runner.py:60} INFO - Started process 96 to run task
[2025-08-02T12:21:28.274+0000] {standard_task_runner.py:87} INFO - Running: ['***', 'tasks', 'run', 'marine_data_etl_dag', 'phyto_etl.download_phyto', 'manual__2025-08-02T12:20:35.691377+00:00', '--job-id', '25', '--raw', '--subdir', 'DAGS_FOLDER/marine_data_etl_dag.py', '--cfg-path', '/tmp/tmpsxzhfhzz']
[2025-08-02T12:21:28.279+0000] {standard_task_runner.py:88} INFO - Job 25: Subtask phyto_etl.download_phyto
[2025-08-02T12:21:28.352+0000] {task_command.py:423} INFO - Running <TaskInstance: marine_data_etl_dag.phyto_etl.download_phyto manual__2025-08-02T12:20:35.691377+00:00 [running]> on host c4cf8a44ca97
[2025-08-02T12:21:28.650+0000] {taskinstance.py:2480} INFO - Exporting env vars: AIRFLOW_CTX_DAG_OWNER='***' AIRFLOW_CTX_DAG_ID='marine_data_etl_dag' AIRFLOW_CTX_TASK_ID='phyto_etl.download_phyto' AIRFLOW_CTX_EXECUTION_DATE='2025-08-02T12:20:35.691377+00:00' AIRFLOW_CTX_TRY_NUMBER='1' AIRFLOW_CTX_DAG_RUN_ID='manual__2025-08-02T12:20:35.691377+00:00'
[2025-08-02T12:21:28.655+0000] {deprecated_options.py:61} WARNING - 'force_download' has been deprecated.
[2025-08-02T12:21:29.343+0000] {credentials_utils.py:181} INFO - Downloading Copernicus Marine data requires a Copernicus Marine username and password, sign up for free at: https://data.marine.copernicus.eu/register
[2025-08-02T12:21:29.346+0000] {logging_mixin.py:188} INFO - Copernicus Marine username:
[2025-08-02T12:21:29.348+0000] {logging_mixin.py:188} INFO -  
[2025-08-02T12:21:29.349+0000] {logging_mixin.py:188} INFO - Abort
[2025-08-02T12:21:29.350+0000] {logging_mixin.py:188} INFO - ✅ Downloaded phytoplankton: /opt/***/csv/phytoplankton/rayong_1_phytoplankton.nc
[2025-08-02T12:21:29.351+0000] {deprecated_options.py:61} WARNING - 'force_download' has been deprecated.
[2025-08-02T12:21:30.002+0000] {credentials_utils.py:181} INFO - Downloading Copernicus Marine data requires a Copernicus Marine username and password, sign up for free at: https://data.marine.copernicus.eu/register
[2025-08-02T12:21:30.010+0000] {logging_mixin.py:188} INFO - Copernicus Marine username:
[2025-08-02T12:21:30.015+0000] {logging_mixin.py:188} INFO -  
[2025-08-02T12:21:30.016+0000] {logging_mixin.py:188} INFO - Abort
[2025-08-02T12:21:30.020+0000] {logging_mixin.py:188} INFO - ✅ Downloaded phytoplankton: /opt/***/csv/phytoplankton/rayong_2_phytoplankton.nc
[2025-08-02T12:21:30.024+0000] {deprecated_options.py:61} WARNING - 'force_download' has been deprecated.
[2025-08-02T12:21:30.771+0000] {credentials_utils.py:181} INFO - Downloading Copernicus Marine data requires a Copernicus Marine username and password, sign up for free at: https://data.marine.copernicus.eu/register
[2025-08-02T12:21:30.773+0000] {logging_mixin.py:188} INFO - Copernicus Marine username:
[2025-08-02T12:21:30.774+0000] {logging_mixin.py:188} INFO -  
[2025-08-02T12:21:30.775+0000] {logging_mixin.py:188} INFO - Abort
[2025-08-02T12:21:30.776+0000] {logging_mixin.py:188} INFO - ✅ Downloaded phytoplankton: /opt/***/csv/phytoplankton/chanthaburi_1_phytoplankton.nc
[2025-08-02T12:21:30.777+0000] {deprecated_options.py:61} WARNING - 'force_download' has been deprecated.
[2025-08-02T12:21:31.446+0000] {credentials_utils.py:181} INFO - Downloading Copernicus Marine data requires a Copernicus Marine username and password, sign up for free at: https://data.marine.copernicus.eu/register
[2025-08-02T12:21:31.447+0000] {logging_mixin.py:188} INFO - Copernicus Marine username:
[2025-08-02T12:21:31.448+0000] {logging_mixin.py:188} INFO -  
[2025-08-02T12:21:31.449+0000] {logging_mixin.py:188} INFO - Abort
[2025-08-02T12:21:31.450+0000] {logging_mixin.py:188} INFO - ✅ Downloaded phytoplankton: /opt/***/csv/phytoplankton/trat_1_phytoplankton.nc
[2025-08-02T12:21:31.451+0000] {python.py:201} INFO - Done. Returned value was: None
[2025-08-02T12:21:31.468+0000] {taskinstance.py:1138} INFO - Marking task as SUCCESS. dag_id=marine_data_etl_dag, task_id=phyto_etl.download_phyto, execution_date=20250802T122035, start_date=20250802T122128, end_date=20250802T122131
[2025-08-02T12:21:31.503+0000] {local_task_job_runner.py:234} INFO - Task exited with return code 0
[2025-08-02T12:21:31.550+0000] {taskinstance.py:3280} INFO - 1 downstream tasks scheduled from follow-on schedule check
