[2025-08-03T05:56:20.879+0000] {taskinstance.py:1956} INFO - Dependencies all met for dep_context=non-requeueable deps ti=<TaskInstance: marine_data_etl_dag.zooplankton_etl.download_zoo manual__2025-08-03T05:55:39+00:00 [queued]>
[2025-08-03T05:56:20.893+0000] {taskinstance.py:1956} INFO - Dependencies all met for dep_context=requeueable deps ti=<TaskInstance: marine_data_etl_dag.zooplankton_etl.download_zoo manual__2025-08-03T05:55:39+00:00 [queued]>
[2025-08-03T05:56:20.894+0000] {taskinstance.py:2170} INFO - Starting attempt 1 of 1
[2025-08-03T05:56:20.927+0000] {taskinstance.py:2191} INFO - Executing <Task(PythonOperator): zooplankton_etl.download_zoo> on 2025-08-03 05:55:39+00:00
[2025-08-03T05:56:20.936+0000] {standard_task_runner.py:60} INFO - Started process 98 to run task
[2025-08-03T05:56:20.946+0000] {standard_task_runner.py:87} INFO - Running: ['***', 'tasks', 'run', 'marine_data_etl_dag', 'zooplankton_etl.download_zoo', 'manual__2025-08-03T05:55:39+00:00', '--job-id', '190', '--raw', '--subdir', 'DAGS_FOLDER/marine_data_etl_dag.py', '--cfg-path', '/tmp/tmpmzvnk6i3']
[2025-08-03T05:56:20.953+0000] {standard_task_runner.py:88} INFO - Job 190: Subtask zooplankton_etl.download_zoo
[2025-08-03T05:56:21.140+0000] {task_command.py:423} INFO - Running <TaskInstance: marine_data_etl_dag.zooplankton_etl.download_zoo manual__2025-08-03T05:55:39+00:00 [running]> on host d870044d9b57
[2025-08-03T05:56:21.808+0000] {taskinstance.py:2480} INFO - Exporting env vars: AIRFLOW_CTX_DAG_OWNER='***' AIRFLOW_CTX_DAG_ID='marine_data_etl_dag' AIRFLOW_CTX_TASK_ID='zooplankton_etl.download_zoo' AIRFLOW_CTX_EXECUTION_DATE='2025-08-03T05:55:39+00:00' AIRFLOW_CTX_TRY_NUMBER='1' AIRFLOW_CTX_DAG_RUN_ID='manual__2025-08-03T05:55:39+00:00'
[2025-08-03T05:56:21.823+0000] {deprecated_options.py:61} WARNING - 'force_download' has been deprecated.
[2025-08-03T05:56:22.516+0000] {credentials_utils.py:181} INFO - Downloading Copernicus Marine data requires a Copernicus Marine username and password, sign up for free at: https://data.marine.copernicus.eu/register
[2025-08-03T05:56:22.519+0000] {logging_mixin.py:188} INFO - Copernicus Marine username:
[2025-08-03T05:56:22.520+0000] {logging_mixin.py:188} INFO -  
[2025-08-03T05:56:22.521+0000] {logging_mixin.py:188} INFO - Abort
[2025-08-03T05:56:22.522+0000] {logging_mixin.py:188} INFO - ✅ Downloaded zooplankton: /opt/***/nc/zooplankton/rayong_1_zooplankton.nc
[2025-08-03T05:56:22.523+0000] {deprecated_options.py:61} WARNING - 'force_download' has been deprecated.
[2025-08-03T05:56:23.229+0000] {credentials_utils.py:181} INFO - Downloading Copernicus Marine data requires a Copernicus Marine username and password, sign up for free at: https://data.marine.copernicus.eu/register
[2025-08-03T05:56:23.234+0000] {logging_mixin.py:188} INFO - Copernicus Marine username:
[2025-08-03T05:56:23.237+0000] {logging_mixin.py:188} INFO -  
[2025-08-03T05:56:23.238+0000] {logging_mixin.py:188} INFO - Abort
[2025-08-03T05:56:23.239+0000] {logging_mixin.py:188} INFO - ✅ Downloaded zooplankton: /opt/***/nc/zooplankton/rayong_2_zooplankton.nc
[2025-08-03T05:56:23.240+0000] {deprecated_options.py:61} WARNING - 'force_download' has been deprecated.
[2025-08-03T05:56:24.026+0000] {credentials_utils.py:181} INFO - Downloading Copernicus Marine data requires a Copernicus Marine username and password, sign up for free at: https://data.marine.copernicus.eu/register
[2025-08-03T05:56:24.029+0000] {logging_mixin.py:188} INFO - Copernicus Marine username:
[2025-08-03T05:56:24.030+0000] {logging_mixin.py:188} INFO -  
[2025-08-03T05:56:24.031+0000] {logging_mixin.py:188} INFO - Abort
[2025-08-03T05:56:24.032+0000] {logging_mixin.py:188} INFO - ✅ Downloaded zooplankton: /opt/***/nc/zooplankton/chanthaburi_1_zooplankton.nc
[2025-08-03T05:56:24.033+0000] {deprecated_options.py:61} WARNING - 'force_download' has been deprecated.
[2025-08-03T05:56:24.723+0000] {credentials_utils.py:181} INFO - Downloading Copernicus Marine data requires a Copernicus Marine username and password, sign up for free at: https://data.marine.copernicus.eu/register
[2025-08-03T05:56:24.725+0000] {logging_mixin.py:188} INFO - Copernicus Marine username:
[2025-08-03T05:56:24.726+0000] {logging_mixin.py:188} INFO -  
[2025-08-03T05:56:24.727+0000] {logging_mixin.py:188} INFO - Abort
[2025-08-03T05:56:24.728+0000] {logging_mixin.py:188} INFO - ✅ Downloaded zooplankton: /opt/***/nc/zooplankton/trat_1_zooplankton.nc
[2025-08-03T05:56:24.729+0000] {python.py:201} INFO - Done. Returned value was: None
[2025-08-03T05:56:24.748+0000] {taskinstance.py:1138} INFO - Marking task as SUCCESS. dag_id=marine_data_etl_dag, task_id=zooplankton_etl.download_zoo, execution_date=20250803T055539, start_date=20250803T055620, end_date=20250803T055624
[2025-08-03T05:56:24.796+0000] {local_task_job_runner.py:234} INFO - Task exited with return code 0
[2025-08-03T05:56:24.855+0000] {taskinstance.py:3280} INFO - 1 downstream tasks scheduled from follow-on schedule check
