[2025-08-03T07:05:05.594+0000] {taskinstance.py:1956} INFO - Dependencies all met for dep_context=non-requeueable deps ti=<TaskInstance: marine_data_etl_dag.zooplankton_etl.convert_zoo manual__2025-08-03T06:41:01+00:00 [queued]>
[2025-08-03T07:05:05.629+0000] {taskinstance.py:1956} INFO - Dependencies all met for dep_context=requeueable deps ti=<TaskInstance: marine_data_etl_dag.zooplankton_etl.convert_zoo manual__2025-08-03T06:41:01+00:00 [queued]>
[2025-08-03T07:05:05.630+0000] {taskinstance.py:2170} INFO - Starting attempt 1 of 1
[2025-08-03T07:05:05.689+0000] {taskinstance.py:2191} INFO - Executing <Task(PythonOperator): zooplankton_etl.convert_zoo> on 2025-08-03 06:41:01+00:00
[2025-08-03T07:05:05.728+0000] {standard_task_runner.py:60} INFO - Started process 433 to run task
[2025-08-03T07:05:05.767+0000] {standard_task_runner.py:87} INFO - Running: ['***', 'tasks', 'run', 'marine_data_etl_dag', 'zooplankton_etl.convert_zoo', 'manual__2025-08-03T06:41:01+00:00', '--job-id', '245', '--raw', '--subdir', 'DAGS_FOLDER/marine_data_etl_dag.py', '--cfg-path', '/tmp/tmpl0xeb_tu']
[2025-08-03T07:05:05.796+0000] {standard_task_runner.py:88} INFO - Job 245: Subtask zooplankton_etl.convert_zoo
[2025-08-03T07:05:06.330+0000] {task_command.py:423} INFO - Running <TaskInstance: marine_data_etl_dag.zooplankton_etl.convert_zoo manual__2025-08-03T06:41:01+00:00 [running]> on host e2f3b0101b9e
[2025-08-03T07:05:06.763+0000] {taskinstance.py:2480} INFO - Exporting env vars: AIRFLOW_CTX_DAG_OWNER='***' AIRFLOW_CTX_DAG_ID='marine_data_etl_dag' AIRFLOW_CTX_TASK_ID='zooplankton_etl.convert_zoo' AIRFLOW_CTX_EXECUTION_DATE='2025-08-03T06:41:01+00:00' AIRFLOW_CTX_TRY_NUMBER='1' AIRFLOW_CTX_DAG_RUN_ID='manual__2025-08-03T06:41:01+00:00'
[2025-08-03T07:05:07.939+0000] {logging_mixin.py:188} INFO - ✅ Converted zooplankton: /opt/***/csv/zooplankton/chanthaburi_1_zooplankton.csv
[2025-08-03T07:05:08.951+0000] {logging_mixin.py:188} INFO - ✅ Converted zooplankton: /opt/***/csv/zooplankton/chanthaburi_1_zooplankton_(1).csv
[2025-08-03T07:05:10.419+0000] {logging_mixin.py:188} INFO - ✅ Converted zooplankton: /opt/***/csv/zooplankton/rayong_1_zooplankton.csv
[2025-08-03T07:05:11.288+0000] {logging_mixin.py:188} INFO - ✅ Converted zooplankton: /opt/***/csv/zooplankton/rayong_1_zooplankton_(1).csv
[2025-08-03T07:05:12.053+0000] {logging_mixin.py:188} INFO - ✅ Converted zooplankton: /opt/***/csv/zooplankton/rayong_2_zooplankton.csv
[2025-08-03T07:05:12.994+0000] {logging_mixin.py:188} INFO - ✅ Converted zooplankton: /opt/***/csv/zooplankton/rayong_2_zooplankton_(1).csv
[2025-08-03T07:05:14.517+0000] {logging_mixin.py:188} INFO - ✅ Converted zooplankton: /opt/***/csv/zooplankton/trat_1_zooplankton.csv
[2025-08-03T07:05:16.214+0000] {logging_mixin.py:188} INFO - ✅ Converted zooplankton: /opt/***/csv/zooplankton/trat_1_zooplankton_(1).csv
[2025-08-03T07:05:16.218+0000] {python.py:201} INFO - Done. Returned value was: None
[2025-08-03T07:05:16.233+0000] {taskinstance.py:1138} INFO - Marking task as SUCCESS. dag_id=marine_data_etl_dag, task_id=zooplankton_etl.convert_zoo, execution_date=20250803T064101, start_date=20250803T070505, end_date=20250803T070516
[2025-08-03T07:05:16.287+0000] {local_task_job_runner.py:234} INFO - Task exited with return code 0
[2025-08-03T07:05:16.326+0000] {taskinstance.py:3280} INFO - 1 downstream tasks scheduled from follow-on schedule check
