[2025-08-03T05:55:54.108+0000] {taskinstance.py:1956} INFO - Dependencies all met for dep_context=non-requeueable deps ti=<TaskInstance: marine_data_etl_dag.sst_etl.download_sst manual__2025-08-03T05:55:39+00:00 [queued]>
[2025-08-03T05:55:54.120+0000] {taskinstance.py:1956} INFO - Dependencies all met for dep_context=requeueable deps ti=<TaskInstance: marine_data_etl_dag.sst_etl.download_sst manual__2025-08-03T05:55:39+00:00 [queued]>
[2025-08-03T05:55:54.121+0000] {taskinstance.py:2170} INFO - Starting attempt 1 of 1
[2025-08-03T05:55:54.140+0000] {taskinstance.py:2191} INFO - Executing <Task(PythonOperator): sst_etl.download_sst> on 2025-08-03 05:55:39+00:00
[2025-08-03T05:55:54.147+0000] {standard_task_runner.py:60} INFO - Started process 84 to run task
[2025-08-03T05:55:54.154+0000] {standard_task_runner.py:87} INFO - Running: ['***', 'tasks', 'run', 'marine_data_etl_dag', 'sst_etl.download_sst', 'manual__2025-08-03T05:55:39+00:00', '--job-id', '188', '--raw', '--subdir', 'DAGS_FOLDER/marine_data_etl_dag.py', '--cfg-path', '/tmp/tmpwzgy1ekt']
[2025-08-03T05:55:54.159+0000] {standard_task_runner.py:88} INFO - Job 188: Subtask sst_etl.download_sst
[2025-08-03T05:55:54.227+0000] {task_command.py:423} INFO - Running <TaskInstance: marine_data_etl_dag.sst_etl.download_sst manual__2025-08-03T05:55:39+00:00 [running]> on host d870044d9b57
[2025-08-03T05:55:54.573+0000] {taskinstance.py:2480} INFO - Exporting env vars: AIRFLOW_CTX_DAG_OWNER='***' AIRFLOW_CTX_DAG_ID='marine_data_etl_dag' AIRFLOW_CTX_TASK_ID='sst_etl.download_sst' AIRFLOW_CTX_EXECUTION_DATE='2025-08-03T05:55:39+00:00' AIRFLOW_CTX_TRY_NUMBER='1' AIRFLOW_CTX_DAG_RUN_ID='manual__2025-08-03T05:55:39+00:00'
[2025-08-03T05:55:54.581+0000] {deprecated_options.py:61} WARNING - 'force_download' has been deprecated.
[2025-08-03T05:55:56.045+0000] {credentials_utils.py:181} INFO - Downloading Copernicus Marine data requires a Copernicus Marine username and password, sign up for free at: https://data.marine.copernicus.eu/register
[2025-08-03T05:55:56.048+0000] {logging_mixin.py:188} INFO - Copernicus Marine username:
[2025-08-03T05:55:56.049+0000] {logging_mixin.py:188} INFO -  
[2025-08-03T05:55:56.050+0000] {logging_mixin.py:188} INFO - Abort
[2025-08-03T05:55:56.051+0000] {logging_mixin.py:188} INFO - ✅ Downloaded SST: /opt/***/nc/sst/rayong_1_sst.nc
[2025-08-03T05:55:56.052+0000] {deprecated_options.py:61} WARNING - 'force_download' has been deprecated.
[2025-08-03T05:55:56.699+0000] {credentials_utils.py:181} INFO - Downloading Copernicus Marine data requires a Copernicus Marine username and password, sign up for free at: https://data.marine.copernicus.eu/register
[2025-08-03T05:55:56.700+0000] {logging_mixin.py:188} INFO - Copernicus Marine username:
[2025-08-03T05:55:56.701+0000] {logging_mixin.py:188} INFO -  
[2025-08-03T05:55:56.702+0000] {logging_mixin.py:188} INFO - Abort
[2025-08-03T05:55:56.703+0000] {logging_mixin.py:188} INFO - ✅ Downloaded SST: /opt/***/nc/sst/rayong_2_sst.nc
[2025-08-03T05:55:56.704+0000] {deprecated_options.py:61} WARNING - 'force_download' has been deprecated.
[2025-08-03T05:55:57.345+0000] {credentials_utils.py:181} INFO - Downloading Copernicus Marine data requires a Copernicus Marine username and password, sign up for free at: https://data.marine.copernicus.eu/register
[2025-08-03T05:55:57.347+0000] {logging_mixin.py:188} INFO - Copernicus Marine username:
[2025-08-03T05:55:57.348+0000] {logging_mixin.py:188} INFO -  
[2025-08-03T05:55:57.349+0000] {logging_mixin.py:188} INFO - Abort
[2025-08-03T05:55:57.350+0000] {logging_mixin.py:188} INFO - ✅ Downloaded SST: /opt/***/nc/sst/chanthaburi_1_sst.nc
[2025-08-03T05:55:57.351+0000] {deprecated_options.py:61} WARNING - 'force_download' has been deprecated.
[2025-08-03T05:55:58.037+0000] {credentials_utils.py:181} INFO - Downloading Copernicus Marine data requires a Copernicus Marine username and password, sign up for free at: https://data.marine.copernicus.eu/register
[2025-08-03T05:55:58.040+0000] {logging_mixin.py:188} INFO - Copernicus Marine username:
[2025-08-03T05:55:58.041+0000] {logging_mixin.py:188} INFO -  
[2025-08-03T05:55:58.043+0000] {logging_mixin.py:188} INFO - Abort
[2025-08-03T05:55:58.045+0000] {logging_mixin.py:188} INFO - ✅ Downloaded SST: /opt/***/nc/sst/trat_1_sst.nc
[2025-08-03T05:55:58.046+0000] {python.py:201} INFO - Done. Returned value was: None
[2025-08-03T05:55:58.065+0000] {taskinstance.py:1138} INFO - Marking task as SUCCESS. dag_id=marine_data_etl_dag, task_id=sst_etl.download_sst, execution_date=20250803T055539, start_date=20250803T055554, end_date=20250803T055558
[2025-08-03T05:55:58.112+0000] {local_task_job_runner.py:234} INFO - Task exited with return code 0
[2025-08-03T05:55:58.157+0000] {taskinstance.py:3280} INFO - 1 downstream tasks scheduled from follow-on schedule check
