[2025-08-03T05:56:52.158+0000] {taskinstance.py:1956} INFO - Dependencies all met for dep_context=non-requeueable deps ti=<TaskInstance: marine_data_etl_dag.so_etl.download_so manual__2025-08-03T05:55:39+00:00 [queued]>
[2025-08-03T05:56:52.170+0000] {taskinstance.py:1956} INFO - Dependencies all met for dep_context=requeueable deps ti=<TaskInstance: marine_data_etl_dag.so_etl.download_so manual__2025-08-03T05:55:39+00:00 [queued]>
[2025-08-03T05:56:52.171+0000] {taskinstance.py:2170} INFO - Starting attempt 1 of 1
[2025-08-03T05:56:52.189+0000] {taskinstance.py:2191} INFO - Executing <Task(PythonOperator): so_etl.download_so> on 2025-08-03 05:55:39+00:00
[2025-08-03T05:56:52.196+0000] {standard_task_runner.py:60} INFO - Started process 118 to run task
[2025-08-03T05:56:52.203+0000] {standard_task_runner.py:87} INFO - Running: ['***', 'tasks', 'run', 'marine_data_etl_dag', 'so_etl.download_so', 'manual__2025-08-03T05:55:39+00:00', '--job-id', '193', '--raw', '--subdir', 'DAGS_FOLDER/marine_data_etl_dag.py', '--cfg-path', '/tmp/tmp_0wqb6v9']
[2025-08-03T05:56:52.208+0000] {standard_task_runner.py:88} INFO - Job 193: Subtask so_etl.download_so
[2025-08-03T05:56:52.277+0000] {task_command.py:423} INFO - Running <TaskInstance: marine_data_etl_dag.so_etl.download_so manual__2025-08-03T05:55:39+00:00 [running]> on host d870044d9b57
[2025-08-03T05:56:52.579+0000] {taskinstance.py:2480} INFO - Exporting env vars: AIRFLOW_CTX_DAG_OWNER='***' AIRFLOW_CTX_DAG_ID='marine_data_etl_dag' AIRFLOW_CTX_TASK_ID='so_etl.download_so' AIRFLOW_CTX_EXECUTION_DATE='2025-08-03T05:55:39+00:00' AIRFLOW_CTX_TRY_NUMBER='1' AIRFLOW_CTX_DAG_RUN_ID='manual__2025-08-03T05:55:39+00:00'
[2025-08-03T05:56:52.588+0000] {deprecated_options.py:61} WARNING - 'force_download' has been deprecated.
[2025-08-03T05:56:53.319+0000] {credentials_utils.py:181} INFO - Downloading Copernicus Marine data requires a Copernicus Marine username and password, sign up for free at: https://data.marine.copernicus.eu/register
[2025-08-03T05:56:53.326+0000] {logging_mixin.py:188} INFO - Copernicus Marine username:
[2025-08-03T05:56:53.328+0000] {logging_mixin.py:188} INFO -  
[2025-08-03T05:56:53.330+0000] {logging_mixin.py:188} INFO - Abort
[2025-08-03T05:56:53.332+0000] {logging_mixin.py:188} INFO - ✅ Downloaded salinity: /opt/***/nc/salinity/rayong_1_salinity.nc
[2025-08-03T05:56:53.333+0000] {deprecated_options.py:61} WARNING - 'force_download' has been deprecated.
[2025-08-03T05:56:54.179+0000] {credentials_utils.py:181} INFO - Downloading Copernicus Marine data requires a Copernicus Marine username and password, sign up for free at: https://data.marine.copernicus.eu/register
[2025-08-03T05:56:54.182+0000] {logging_mixin.py:188} INFO - Copernicus Marine username:
[2025-08-03T05:56:54.189+0000] {logging_mixin.py:188} INFO -  
[2025-08-03T05:56:54.194+0000] {logging_mixin.py:188} INFO - Abort
[2025-08-03T05:56:54.195+0000] {logging_mixin.py:188} INFO - ✅ Downloaded salinity: /opt/***/nc/salinity/rayong_2_salinity.nc
[2025-08-03T05:56:54.197+0000] {deprecated_options.py:61} WARNING - 'force_download' has been deprecated.
[2025-08-03T05:56:55.279+0000] {credentials_utils.py:181} INFO - Downloading Copernicus Marine data requires a Copernicus Marine username and password, sign up for free at: https://data.marine.copernicus.eu/register
[2025-08-03T05:56:55.281+0000] {logging_mixin.py:188} INFO - Copernicus Marine username:
[2025-08-03T05:56:55.282+0000] {logging_mixin.py:188} INFO -  
[2025-08-03T05:56:55.283+0000] {logging_mixin.py:188} INFO - Abort
[2025-08-03T05:56:55.284+0000] {logging_mixin.py:188} INFO - ✅ Downloaded salinity: /opt/***/nc/salinity/chanthaburi_1_salinity.nc
[2025-08-03T05:56:55.285+0000] {deprecated_options.py:61} WARNING - 'force_download' has been deprecated.
[2025-08-03T05:56:56.245+0000] {credentials_utils.py:181} INFO - Downloading Copernicus Marine data requires a Copernicus Marine username and password, sign up for free at: https://data.marine.copernicus.eu/register
[2025-08-03T05:56:56.246+0000] {logging_mixin.py:188} INFO - Copernicus Marine username:
[2025-08-03T05:56:56.247+0000] {logging_mixin.py:188} INFO -  
[2025-08-03T05:56:56.249+0000] {logging_mixin.py:188} INFO - Abort
[2025-08-03T05:56:56.250+0000] {logging_mixin.py:188} INFO - ✅ Downloaded salinity: /opt/***/nc/salinity/trat_1_salinity.nc
[2025-08-03T05:56:56.251+0000] {python.py:201} INFO - Done. Returned value was: None
[2025-08-03T05:56:56.271+0000] {taskinstance.py:1138} INFO - Marking task as SUCCESS. dag_id=marine_data_etl_dag, task_id=so_etl.download_so, execution_date=20250803T055539, start_date=20250803T055652, end_date=20250803T055656
[2025-08-03T05:56:56.329+0000] {local_task_job_runner.py:234} INFO - Task exited with return code 0
[2025-08-03T05:56:56.418+0000] {taskinstance.py:3280} INFO - 1 downstream tasks scheduled from follow-on schedule check
