[2025-08-02T12:20:44.366+0000] {taskinstance.py:1956} INFO - Dependencies all met for dep_context=non-requeueable deps ti=<TaskInstance: marine_data_etl_dag.sst_etl.download_sst manual__2025-08-02T12:20:35.691377+00:00 [queued]>
[2025-08-02T12:20:44.386+0000] {taskinstance.py:1956} INFO - Dependencies all met for dep_context=requeueable deps ti=<TaskInstance: marine_data_etl_dag.sst_etl.download_sst manual__2025-08-02T12:20:35.691377+00:00 [queued]>
[2025-08-02T12:20:44.388+0000] {taskinstance.py:2170} INFO - Starting attempt 1 of 1
[2025-08-02T12:20:44.432+0000] {taskinstance.py:2191} INFO - Executing <Task(PythonOperator): sst_etl.download_sst> on 2025-08-02 12:20:35.691377+00:00
[2025-08-02T12:20:44.438+0000] {standard_task_runner.py:60} INFO - Started process 70 to run task
[2025-08-02T12:20:44.448+0000] {standard_task_runner.py:87} INFO - Running: ['***', 'tasks', 'run', 'marine_data_etl_dag', 'sst_etl.download_sst', 'manual__2025-08-02T12:20:35.691377+00:00', '--job-id', '21', '--raw', '--subdir', 'DAGS_FOLDER/marine_data_etl_dag.py', '--cfg-path', '/tmp/tmp7v9sdbbw']
[2025-08-02T12:20:44.469+0000] {standard_task_runner.py:88} INFO - Job 21: Subtask sst_etl.download_sst
[2025-08-02T12:20:44.584+0000] {task_command.py:423} INFO - Running <TaskInstance: marine_data_etl_dag.sst_etl.download_sst manual__2025-08-02T12:20:35.691377+00:00 [running]> on host c4cf8a44ca97
[2025-08-02T12:20:44.950+0000] {taskinstance.py:2480} INFO - Exporting env vars: AIRFLOW_CTX_DAG_OWNER='***' AIRFLOW_CTX_DAG_ID='marine_data_etl_dag' AIRFLOW_CTX_TASK_ID='sst_etl.download_sst' AIRFLOW_CTX_EXECUTION_DATE='2025-08-02T12:20:35.691377+00:00' AIRFLOW_CTX_TRY_NUMBER='1' AIRFLOW_CTX_DAG_RUN_ID='manual__2025-08-02T12:20:35.691377+00:00'
[2025-08-02T12:20:44.954+0000] {deprecated_options.py:61} WARNING - 'force_download' has been deprecated.
[2025-08-02T12:20:45.969+0000] {credentials_utils.py:181} INFO - Downloading Copernicus Marine data requires a Copernicus Marine username and password, sign up for free at: https://data.marine.copernicus.eu/register
[2025-08-02T12:20:45.971+0000] {logging_mixin.py:188} INFO - Copernicus Marine username:
[2025-08-02T12:20:45.972+0000] {logging_mixin.py:188} INFO -  
[2025-08-02T12:20:45.974+0000] {logging_mixin.py:188} INFO - Abort
[2025-08-02T12:20:45.975+0000] {logging_mixin.py:188} INFO - ✅ Downloaded SST: /opt/***/csv/sst/rayong_1_sst.nc
[2025-08-02T12:20:45.976+0000] {deprecated_options.py:61} WARNING - 'force_download' has been deprecated.
[2025-08-02T12:20:46.611+0000] {credentials_utils.py:181} INFO - Downloading Copernicus Marine data requires a Copernicus Marine username and password, sign up for free at: https://data.marine.copernicus.eu/register
[2025-08-02T12:20:46.612+0000] {logging_mixin.py:188} INFO - Copernicus Marine username:
[2025-08-02T12:20:46.613+0000] {logging_mixin.py:188} INFO -  
[2025-08-02T12:20:46.614+0000] {logging_mixin.py:188} INFO - Abort
[2025-08-02T12:20:46.615+0000] {logging_mixin.py:188} INFO - ✅ Downloaded SST: /opt/***/csv/sst/rayong_2_sst.nc
[2025-08-02T12:20:46.616+0000] {deprecated_options.py:61} WARNING - 'force_download' has been deprecated.
[2025-08-02T12:20:47.278+0000] {credentials_utils.py:181} INFO - Downloading Copernicus Marine data requires a Copernicus Marine username and password, sign up for free at: https://data.marine.copernicus.eu/register
[2025-08-02T12:20:47.280+0000] {logging_mixin.py:188} INFO - Copernicus Marine username:
[2025-08-02T12:20:47.280+0000] {logging_mixin.py:188} INFO -  
[2025-08-02T12:20:47.281+0000] {logging_mixin.py:188} INFO - Abort
[2025-08-02T12:20:47.282+0000] {logging_mixin.py:188} INFO - ✅ Downloaded SST: /opt/***/csv/sst/chanthaburi_1_sst.nc
[2025-08-02T12:20:47.283+0000] {deprecated_options.py:61} WARNING - 'force_download' has been deprecated.
[2025-08-02T12:20:48.026+0000] {credentials_utils.py:181} INFO - Downloading Copernicus Marine data requires a Copernicus Marine username and password, sign up for free at: https://data.marine.copernicus.eu/register
[2025-08-02T12:20:48.029+0000] {logging_mixin.py:188} INFO - Copernicus Marine username:
[2025-08-02T12:20:48.030+0000] {logging_mixin.py:188} INFO -  
[2025-08-02T12:20:48.031+0000] {logging_mixin.py:188} INFO - Abort
[2025-08-02T12:20:48.032+0000] {logging_mixin.py:188} INFO - ✅ Downloaded SST: /opt/***/csv/sst/trat_1_sst.nc
[2025-08-02T12:20:48.034+0000] {python.py:201} INFO - Done. Returned value was: None
[2025-08-02T12:20:48.053+0000] {taskinstance.py:1138} INFO - Marking task as SUCCESS. dag_id=marine_data_etl_dag, task_id=sst_etl.download_sst, execution_date=20250802T122035, start_date=20250802T122044, end_date=20250802T122048
[2025-08-02T12:20:48.126+0000] {local_task_job_runner.py:234} INFO - Task exited with return code 0
[2025-08-02T12:20:48.182+0000] {taskinstance.py:3280} INFO - 1 downstream tasks scheduled from follow-on schedule check
