[2025-08-02T12:40:04.181+0000] {taskinstance.py:1956} INFO - Dependencies all met for dep_context=non-requeueable deps ti=<TaskInstance: marine_data_etl_dag.zooplankton_etl.download_zoo manual__2025-08-02T12:39:57.131756+00:00 [queued]>
[2025-08-02T12:40:04.195+0000] {taskinstance.py:1956} INFO - Dependencies all met for dep_context=requeueable deps ti=<TaskInstance: marine_data_etl_dag.zooplankton_etl.download_zoo manual__2025-08-02T12:39:57.131756+00:00 [queued]>
[2025-08-02T12:40:04.196+0000] {taskinstance.py:2170} INFO - Starting attempt 1 of 1
[2025-08-02T12:40:04.216+0000] {taskinstance.py:2191} INFO - Executing <Task(PythonOperator): zooplankton_etl.download_zoo> on 2025-08-02 12:39:57.131756+00:00
[2025-08-02T12:40:04.221+0000] {standard_task_runner.py:60} INFO - Started process 67 to run task
[2025-08-02T12:40:04.227+0000] {standard_task_runner.py:87} INFO - Running: ['***', 'tasks', 'run', 'marine_data_etl_dag', 'zooplankton_etl.download_zoo', 'manual__2025-08-02T12:39:57.131756+00:00', '--job-id', '40', '--raw', '--subdir', 'DAGS_FOLDER/marine_data_etl_dag.py', '--cfg-path', '/tmp/tmpk19pkqe2']
[2025-08-02T12:40:04.232+0000] {standard_task_runner.py:88} INFO - Job 40: Subtask zooplankton_etl.download_zoo
[2025-08-02T12:40:04.310+0000] {task_command.py:423} INFO - Running <TaskInstance: marine_data_etl_dag.zooplankton_etl.download_zoo manual__2025-08-02T12:39:57.131756+00:00 [running]> on host a9f0d3f8f863
[2025-08-02T12:40:04.647+0000] {taskinstance.py:2480} INFO - Exporting env vars: AIRFLOW_CTX_DAG_OWNER='***' AIRFLOW_CTX_DAG_ID='marine_data_etl_dag' AIRFLOW_CTX_TASK_ID='zooplankton_etl.download_zoo' AIRFLOW_CTX_EXECUTION_DATE='2025-08-02T12:39:57.131756+00:00' AIRFLOW_CTX_TRY_NUMBER='1' AIRFLOW_CTX_DAG_RUN_ID='manual__2025-08-02T12:39:57.131756+00:00'
[2025-08-02T12:40:04.651+0000] {deprecated_options.py:61} WARNING - 'force_download' has been deprecated.
[2025-08-02T12:40:05.669+0000] {credentials_utils.py:181} INFO - Downloading Copernicus Marine data requires a Copernicus Marine username and password, sign up for free at: https://data.marine.copernicus.eu/register
[2025-08-02T12:40:05.689+0000] {logging_mixin.py:188} INFO - Copernicus Marine username:
[2025-08-02T12:40:05.710+0000] {logging_mixin.py:188} INFO -  
[2025-08-02T12:40:05.712+0000] {logging_mixin.py:188} INFO - Abort
[2025-08-02T12:40:05.713+0000] {logging_mixin.py:188} INFO - ✅ Downloaded zooplankton: /opt/***/csv/zooplankton/rayong_1_zooplankton.nc
[2025-08-02T12:40:05.713+0000] {deprecated_options.py:61} WARNING - 'force_download' has been deprecated.
[2025-08-02T12:40:06.416+0000] {credentials_utils.py:181} INFO - Downloading Copernicus Marine data requires a Copernicus Marine username and password, sign up for free at: https://data.marine.copernicus.eu/register
[2025-08-02T12:40:06.418+0000] {logging_mixin.py:188} INFO - Copernicus Marine username:
[2025-08-02T12:40:06.419+0000] {logging_mixin.py:188} INFO -  
[2025-08-02T12:40:06.420+0000] {logging_mixin.py:188} INFO - Abort
[2025-08-02T12:40:06.420+0000] {logging_mixin.py:188} INFO - ✅ Downloaded zooplankton: /opt/***/csv/zooplankton/rayong_2_zooplankton.nc
[2025-08-02T12:40:06.422+0000] {deprecated_options.py:61} WARNING - 'force_download' has been deprecated.
[2025-08-02T12:40:07.105+0000] {credentials_utils.py:181} INFO - Downloading Copernicus Marine data requires a Copernicus Marine username and password, sign up for free at: https://data.marine.copernicus.eu/register
[2025-08-02T12:40:07.108+0000] {logging_mixin.py:188} INFO - Copernicus Marine username:
[2025-08-02T12:40:07.109+0000] {logging_mixin.py:188} INFO -  
[2025-08-02T12:40:07.111+0000] {logging_mixin.py:188} INFO - Abort
[2025-08-02T12:40:07.112+0000] {logging_mixin.py:188} INFO - ✅ Downloaded zooplankton: /opt/***/csv/zooplankton/chanthaburi_1_zooplankton.nc
[2025-08-02T12:40:07.114+0000] {deprecated_options.py:61} WARNING - 'force_download' has been deprecated.
[2025-08-02T12:40:07.844+0000] {credentials_utils.py:181} INFO - Downloading Copernicus Marine data requires a Copernicus Marine username and password, sign up for free at: https://data.marine.copernicus.eu/register
[2025-08-02T12:40:07.859+0000] {logging_mixin.py:188} INFO - Copernicus Marine username:
[2025-08-02T12:40:07.862+0000] {logging_mixin.py:188} INFO -  
[2025-08-02T12:40:07.869+0000] {logging_mixin.py:188} INFO - Abort
[2025-08-02T12:40:07.874+0000] {logging_mixin.py:188} INFO - ✅ Downloaded zooplankton: /opt/***/csv/zooplankton/trat_1_zooplankton.nc
[2025-08-02T12:40:07.876+0000] {python.py:201} INFO - Done. Returned value was: None
[2025-08-02T12:40:07.904+0000] {taskinstance.py:1138} INFO - Marking task as SUCCESS. dag_id=marine_data_etl_dag, task_id=zooplankton_etl.download_zoo, execution_date=20250802T123957, start_date=20250802T124004, end_date=20250802T124007
[2025-08-02T12:40:07.980+0000] {local_task_job_runner.py:234} INFO - Task exited with return code 0
[2025-08-02T12:40:08.123+0000] {taskinstance.py:3280} INFO - 1 downstream tasks scheduled from follow-on schedule check
