[2025-08-02T12:20:55.374+0000] {taskinstance.py:1956} INFO - Dependencies all met for dep_context=non-requeueable deps ti=<TaskInstance: marine_data_etl_dag.thetao_etl.download_thetao manual__2025-08-02T12:20:35.691377+00:00 [queued]>
[2025-08-02T12:20:55.387+0000] {taskinstance.py:1956} INFO - Dependencies all met for dep_context=requeueable deps ti=<TaskInstance: marine_data_etl_dag.thetao_etl.download_thetao manual__2025-08-02T12:20:35.691377+00:00 [queued]>
[2025-08-02T12:20:55.388+0000] {taskinstance.py:2170} INFO - Starting attempt 1 of 1
[2025-08-02T12:20:55.411+0000] {taskinstance.py:2191} INFO - Executing <Task(PythonOperator): thetao_etl.download_thetao> on 2025-08-02 12:20:35.691377+00:00
[2025-08-02T12:20:55.417+0000] {standard_task_runner.py:60} INFO - Started process 76 to run task
[2025-08-02T12:20:55.424+0000] {standard_task_runner.py:87} INFO - Running: ['***', 'tasks', 'run', 'marine_data_etl_dag', 'thetao_etl.download_thetao', 'manual__2025-08-02T12:20:35.691377+00:00', '--job-id', '22', '--raw', '--subdir', 'DAGS_FOLDER/marine_data_etl_dag.py', '--cfg-path', '/tmp/tmpad4pxu4v']
[2025-08-02T12:20:55.432+0000] {standard_task_runner.py:88} INFO - Job 22: Subtask thetao_etl.download_thetao
[2025-08-02T12:20:55.515+0000] {task_command.py:423} INFO - Running <TaskInstance: marine_data_etl_dag.thetao_etl.download_thetao manual__2025-08-02T12:20:35.691377+00:00 [running]> on host c4cf8a44ca97
[2025-08-02T12:20:55.863+0000] {taskinstance.py:2480} INFO - Exporting env vars: AIRFLOW_CTX_DAG_OWNER='***' AIRFLOW_CTX_DAG_ID='marine_data_etl_dag' AIRFLOW_CTX_TASK_ID='thetao_etl.download_thetao' AIRFLOW_CTX_EXECUTION_DATE='2025-08-02T12:20:35.691377+00:00' AIRFLOW_CTX_TRY_NUMBER='1' AIRFLOW_CTX_DAG_RUN_ID='manual__2025-08-02T12:20:35.691377+00:00'
[2025-08-02T12:20:55.868+0000] {deprecated_options.py:61} WARNING - 'force_download' has been deprecated.
[2025-08-02T12:20:56.597+0000] {credentials_utils.py:181} INFO - Downloading Copernicus Marine data requires a Copernicus Marine username and password, sign up for free at: https://data.marine.copernicus.eu/register
[2025-08-02T12:20:56.606+0000] {logging_mixin.py:188} INFO - Copernicus Marine username:
[2025-08-02T12:20:56.614+0000] {logging_mixin.py:188} INFO -  
[2025-08-02T12:20:56.616+0000] {logging_mixin.py:188} INFO - Abort
[2025-08-02T12:20:56.617+0000] {logging_mixin.py:188} INFO - ✅ Downloaded thetao: /opt/***/csv/thetao/rayong_1_thetao.nc
[2025-08-02T12:20:56.618+0000] {deprecated_options.py:61} WARNING - 'force_download' has been deprecated.
[2025-08-02T12:20:57.361+0000] {credentials_utils.py:181} INFO - Downloading Copernicus Marine data requires a Copernicus Marine username and password, sign up for free at: https://data.marine.copernicus.eu/register
[2025-08-02T12:20:57.392+0000] {logging_mixin.py:188} INFO - Copernicus Marine username:
[2025-08-02T12:20:57.399+0000] {logging_mixin.py:188} INFO -  
[2025-08-02T12:20:57.401+0000] {logging_mixin.py:188} INFO - Abort
[2025-08-02T12:20:57.403+0000] {logging_mixin.py:188} INFO - ✅ Downloaded thetao: /opt/***/csv/thetao/rayong_2_thetao.nc
[2025-08-02T12:20:57.415+0000] {deprecated_options.py:61} WARNING - 'force_download' has been deprecated.
[2025-08-02T12:20:58.159+0000] {credentials_utils.py:181} INFO - Downloading Copernicus Marine data requires a Copernicus Marine username and password, sign up for free at: https://data.marine.copernicus.eu/register
[2025-08-02T12:20:58.160+0000] {logging_mixin.py:188} INFO - Copernicus Marine username:
[2025-08-02T12:20:58.162+0000] {logging_mixin.py:188} INFO -  
[2025-08-02T12:20:58.163+0000] {logging_mixin.py:188} INFO - Abort
[2025-08-02T12:20:58.164+0000] {logging_mixin.py:188} INFO - ✅ Downloaded thetao: /opt/***/csv/thetao/chanthaburi_1_thetao.nc
[2025-08-02T12:20:58.164+0000] {deprecated_options.py:61} WARNING - 'force_download' has been deprecated.
[2025-08-02T12:20:58.857+0000] {credentials_utils.py:181} INFO - Downloading Copernicus Marine data requires a Copernicus Marine username and password, sign up for free at: https://data.marine.copernicus.eu/register
[2025-08-02T12:20:58.860+0000] {logging_mixin.py:188} INFO - Copernicus Marine username:
[2025-08-02T12:20:58.862+0000] {logging_mixin.py:188} INFO -  
[2025-08-02T12:20:58.863+0000] {logging_mixin.py:188} INFO - Abort
[2025-08-02T12:20:58.864+0000] {logging_mixin.py:188} INFO - ✅ Downloaded thetao: /opt/***/csv/thetao/trat_1_thetao.nc
[2025-08-02T12:20:58.865+0000] {python.py:201} INFO - Done. Returned value was: None
[2025-08-02T12:20:58.883+0000] {taskinstance.py:1138} INFO - Marking task as SUCCESS. dag_id=marine_data_etl_dag, task_id=thetao_etl.download_thetao, execution_date=20250802T122035, start_date=20250802T122055, end_date=20250802T122058
[2025-08-02T12:20:58.942+0000] {local_task_job_runner.py:234} INFO - Task exited with return code 0
[2025-08-02T12:20:59.005+0000] {taskinstance.py:3280} INFO - 1 downstream tasks scheduled from follow-on schedule check
