[2025-08-03T04:34:36.306+0000] {taskinstance.py:1956} INFO - Dependencies all met for dep_context=non-requeueable deps ti=<TaskInstance: marine_data_etl_dag.current_etl.download_current scheduled__2025-07-27T00:00:00+00:00 [queued]>
[2025-08-03T04:34:36.323+0000] {taskinstance.py:1956} INFO - Dependencies all met for dep_context=requeueable deps ti=<TaskInstance: marine_data_etl_dag.current_etl.download_current scheduled__2025-07-27T00:00:00+00:00 [queued]>
[2025-08-03T04:34:36.324+0000] {taskinstance.py:2170} INFO - Starting attempt 1 of 1
[2025-08-03T04:34:36.352+0000] {taskinstance.py:2191} INFO - Executing <Task(PythonOperator): current_etl.download_current> on 2025-07-27 00:00:00+00:00
[2025-08-03T04:34:36.361+0000] {standard_task_runner.py:60} INFO - Started process 99 to run task
[2025-08-03T04:34:36.368+0000] {standard_task_runner.py:87} INFO - Running: ['***', 'tasks', 'run', 'marine_data_etl_dag', 'current_etl.download_current', 'scheduled__2025-07-27T00:00:00+00:00', '--job-id', '152', '--raw', '--subdir', 'DAGS_FOLDER/marine_data_etl_dag.py', '--cfg-path', '/tmp/tmpv4aa78gd']
[2025-08-03T04:34:36.377+0000] {standard_task_runner.py:88} INFO - Job 152: Subtask current_etl.download_current
[2025-08-03T04:34:36.465+0000] {task_command.py:423} INFO - Running <TaskInstance: marine_data_etl_dag.current_etl.download_current scheduled__2025-07-27T00:00:00+00:00 [running]> on host 19821aecac76
[2025-08-03T04:34:36.779+0000] {taskinstance.py:2480} INFO - Exporting env vars: AIRFLOW_CTX_DAG_OWNER='***' AIRFLOW_CTX_DAG_ID='marine_data_etl_dag' AIRFLOW_CTX_TASK_ID='current_etl.download_current' AIRFLOW_CTX_EXECUTION_DATE='2025-07-27T00:00:00+00:00' AIRFLOW_CTX_TRY_NUMBER='1' AIRFLOW_CTX_DAG_RUN_ID='scheduled__2025-07-27T00:00:00+00:00'
[2025-08-03T04:34:36.786+0000] {deprecated_options.py:61} WARNING - 'force_download' has been deprecated.
[2025-08-03T04:34:37.495+0000] {credentials_utils.py:181} INFO - Downloading Copernicus Marine data requires a Copernicus Marine username and password, sign up for free at: https://data.marine.copernicus.eu/register
[2025-08-03T04:34:37.497+0000] {logging_mixin.py:188} INFO - Copernicus Marine username:
[2025-08-03T04:34:37.498+0000] {logging_mixin.py:188} INFO -  
[2025-08-03T04:34:37.499+0000] {logging_mixin.py:188} INFO - Abort
[2025-08-03T04:34:37.500+0000] {logging_mixin.py:188} INFO - ✅ Downloaded current: /opt/***/nc/current/rayong_1_current.nc
[2025-08-03T04:34:37.502+0000] {deprecated_options.py:61} WARNING - 'force_download' has been deprecated.
[2025-08-03T04:34:38.179+0000] {credentials_utils.py:181} INFO - Downloading Copernicus Marine data requires a Copernicus Marine username and password, sign up for free at: https://data.marine.copernicus.eu/register
[2025-08-03T04:34:38.180+0000] {logging_mixin.py:188} INFO - Copernicus Marine username:
[2025-08-03T04:34:38.181+0000] {logging_mixin.py:188} INFO -  
[2025-08-03T04:34:38.182+0000] {logging_mixin.py:188} INFO - Abort
[2025-08-03T04:34:38.183+0000] {logging_mixin.py:188} INFO - ✅ Downloaded current: /opt/***/nc/current/rayong_2_current.nc
[2025-08-03T04:34:38.185+0000] {deprecated_options.py:61} WARNING - 'force_download' has been deprecated.
[2025-08-03T04:34:38.860+0000] {credentials_utils.py:181} INFO - Downloading Copernicus Marine data requires a Copernicus Marine username and password, sign up for free at: https://data.marine.copernicus.eu/register
[2025-08-03T04:34:38.863+0000] {logging_mixin.py:188} INFO - Copernicus Marine username:
[2025-08-03T04:34:38.864+0000] {logging_mixin.py:188} INFO -  
[2025-08-03T04:34:38.866+0000] {logging_mixin.py:188} INFO - Abort
[2025-08-03T04:34:38.867+0000] {logging_mixin.py:188} INFO - ✅ Downloaded current: /opt/***/nc/current/chanthaburi_1_current.nc
[2025-08-03T04:34:38.871+0000] {deprecated_options.py:61} WARNING - 'force_download' has been deprecated.
[2025-08-03T04:34:39.567+0000] {credentials_utils.py:181} INFO - Downloading Copernicus Marine data requires a Copernicus Marine username and password, sign up for free at: https://data.marine.copernicus.eu/register
[2025-08-03T04:34:39.569+0000] {logging_mixin.py:188} INFO - Copernicus Marine username:
[2025-08-03T04:34:39.570+0000] {logging_mixin.py:188} INFO -  
[2025-08-03T04:34:39.571+0000] {logging_mixin.py:188} INFO - Abort
[2025-08-03T04:34:39.572+0000] {logging_mixin.py:188} INFO - ✅ Downloaded current: /opt/***/nc/current/trat_1_current.nc
[2025-08-03T04:34:39.573+0000] {python.py:201} INFO - Done. Returned value was: None
[2025-08-03T04:34:39.592+0000] {taskinstance.py:1138} INFO - Marking task as SUCCESS. dag_id=marine_data_etl_dag, task_id=current_etl.download_current, execution_date=20250727T000000, start_date=20250803T043436, end_date=20250803T043439
[2025-08-03T04:34:39.644+0000] {local_task_job_runner.py:234} INFO - Task exited with return code 0
[2025-08-03T04:34:39.696+0000] {taskinstance.py:3280} INFO - 1 downstream tasks scheduled from follow-on schedule check
