[2025-08-03T04:34:47.331+0000] {taskinstance.py:1956} INFO - Dependencies all met for dep_context=non-requeueable deps ti=<TaskInstance: marine_data_etl_dag.phyto_etl.download_phyto scheduled__2025-07-27T00:00:00+00:00 [queued]>
[2025-08-03T04:34:47.350+0000] {taskinstance.py:1956} INFO - Dependencies all met for dep_context=requeueable deps ti=<TaskInstance: marine_data_etl_dag.phyto_etl.download_phyto scheduled__2025-07-27T00:00:00+00:00 [queued]>
[2025-08-03T04:34:47.353+0000] {taskinstance.py:2170} INFO - Starting attempt 1 of 1
[2025-08-03T04:34:47.396+0000] {taskinstance.py:2191} INFO - Executing <Task(PythonOperator): phyto_etl.download_phyto> on 2025-07-27 00:00:00+00:00
[2025-08-03T04:34:47.408+0000] {standard_task_runner.py:60} INFO - Started process 107 to run task
[2025-08-03T04:34:47.415+0000] {standard_task_runner.py:87} INFO - Running: ['***', 'tasks', 'run', 'marine_data_etl_dag', 'phyto_etl.download_phyto', 'scheduled__2025-07-27T00:00:00+00:00', '--job-id', '153', '--raw', '--subdir', 'DAGS_FOLDER/marine_data_etl_dag.py', '--cfg-path', '/tmp/tmp22bv0ch0']
[2025-08-03T04:34:47.424+0000] {standard_task_runner.py:88} INFO - Job 153: Subtask phyto_etl.download_phyto
[2025-08-03T04:34:47.508+0000] {task_command.py:423} INFO - Running <TaskInstance: marine_data_etl_dag.phyto_etl.download_phyto scheduled__2025-07-27T00:00:00+00:00 [running]> on host 19821aecac76
[2025-08-03T04:34:47.986+0000] {taskinstance.py:2480} INFO - Exporting env vars: AIRFLOW_CTX_DAG_OWNER='***' AIRFLOW_CTX_DAG_ID='marine_data_etl_dag' AIRFLOW_CTX_TASK_ID='phyto_etl.download_phyto' AIRFLOW_CTX_EXECUTION_DATE='2025-07-27T00:00:00+00:00' AIRFLOW_CTX_TRY_NUMBER='1' AIRFLOW_CTX_DAG_RUN_ID='scheduled__2025-07-27T00:00:00+00:00'
[2025-08-03T04:34:47.993+0000] {deprecated_options.py:61} WARNING - 'force_download' has been deprecated.
[2025-08-03T04:34:48.681+0000] {credentials_utils.py:181} INFO - Downloading Copernicus Marine data requires a Copernicus Marine username and password, sign up for free at: https://data.marine.copernicus.eu/register
[2025-08-03T04:34:48.683+0000] {logging_mixin.py:188} INFO - Copernicus Marine username:
[2025-08-03T04:34:48.684+0000] {logging_mixin.py:188} INFO -  
[2025-08-03T04:34:48.685+0000] {logging_mixin.py:188} INFO - Abort
[2025-08-03T04:34:48.686+0000] {logging_mixin.py:188} INFO - ✅ Downloaded phytoplankton: /opt/***/nc/phytoplankton/rayong_1_phytoplankton.nc
[2025-08-03T04:34:48.688+0000] {deprecated_options.py:61} WARNING - 'force_download' has been deprecated.
[2025-08-03T04:34:49.397+0000] {credentials_utils.py:181} INFO - Downloading Copernicus Marine data requires a Copernicus Marine username and password, sign up for free at: https://data.marine.copernicus.eu/register
[2025-08-03T04:34:49.398+0000] {logging_mixin.py:188} INFO - Copernicus Marine username:
[2025-08-03T04:34:49.399+0000] {logging_mixin.py:188} INFO -  
[2025-08-03T04:34:49.399+0000] {logging_mixin.py:188} INFO - Abort
[2025-08-03T04:34:49.400+0000] {logging_mixin.py:188} INFO - ✅ Downloaded phytoplankton: /opt/***/nc/phytoplankton/rayong_2_phytoplankton.nc
[2025-08-03T04:34:49.401+0000] {deprecated_options.py:61} WARNING - 'force_download' has been deprecated.
[2025-08-03T04:34:50.111+0000] {credentials_utils.py:181} INFO - Downloading Copernicus Marine data requires a Copernicus Marine username and password, sign up for free at: https://data.marine.copernicus.eu/register
[2025-08-03T04:34:50.112+0000] {logging_mixin.py:188} INFO - Copernicus Marine username:
[2025-08-03T04:34:50.113+0000] {logging_mixin.py:188} INFO -  
[2025-08-03T04:34:50.114+0000] {logging_mixin.py:188} INFO - Abort
[2025-08-03T04:34:50.115+0000] {logging_mixin.py:188} INFO - ✅ Downloaded phytoplankton: /opt/***/nc/phytoplankton/chanthaburi_1_phytoplankton.nc
[2025-08-03T04:34:50.116+0000] {deprecated_options.py:61} WARNING - 'force_download' has been deprecated.
[2025-08-03T04:34:50.793+0000] {credentials_utils.py:181} INFO - Downloading Copernicus Marine data requires a Copernicus Marine username and password, sign up for free at: https://data.marine.copernicus.eu/register
[2025-08-03T04:34:50.795+0000] {logging_mixin.py:188} INFO - Copernicus Marine username:
[2025-08-03T04:34:50.796+0000] {logging_mixin.py:188} INFO -  
[2025-08-03T04:34:50.798+0000] {logging_mixin.py:188} INFO - Abort
[2025-08-03T04:34:50.799+0000] {logging_mixin.py:188} INFO - ✅ Downloaded phytoplankton: /opt/***/nc/phytoplankton/trat_1_phytoplankton.nc
[2025-08-03T04:34:50.800+0000] {python.py:201} INFO - Done. Returned value was: None
[2025-08-03T04:34:50.820+0000] {taskinstance.py:1138} INFO - Marking task as SUCCESS. dag_id=marine_data_etl_dag, task_id=phyto_etl.download_phyto, execution_date=20250727T000000, start_date=20250803T043447, end_date=20250803T043450
[2025-08-03T04:34:50.885+0000] {local_task_job_runner.py:234} INFO - Task exited with return code 0
[2025-08-03T04:34:50.949+0000] {taskinstance.py:3280} INFO - 1 downstream tasks scheduled from follow-on schedule check
