[2025-08-03T06:00:23.697+0000] {taskinstance.py:1956} INFO - Dependencies all met for dep_context=non-requeueable deps ti=<TaskInstance: marine_data_etl_dag.phyto_etl.download_phyto manual__2025-08-03T05:58:22+00:00 [queued]>
[2025-08-03T06:00:23.719+0000] {taskinstance.py:1956} INFO - Dependencies all met for dep_context=requeueable deps ti=<TaskInstance: marine_data_etl_dag.phyto_etl.download_phyto manual__2025-08-03T05:58:22+00:00 [queued]>
[2025-08-03T06:00:23.720+0000] {taskinstance.py:2170} INFO - Starting attempt 1 of 1
[2025-08-03T06:00:23.766+0000] {taskinstance.py:2191} INFO - Executing <Task(PythonOperator): phyto_etl.download_phyto> on 2025-08-03 05:58:22+00:00
[2025-08-03T06:00:23.774+0000] {standard_task_runner.py:60} INFO - Started process 256 to run task
[2025-08-03T06:00:23.781+0000] {standard_task_runner.py:87} INFO - Running: ['***', 'tasks', 'run', 'marine_data_etl_dag', 'phyto_etl.download_phyto', 'manual__2025-08-03T05:58:22+00:00', '--job-id', '211', '--raw', '--subdir', 'DAGS_FOLDER/marine_data_etl_dag.py', '--cfg-path', '/tmp/tmp6jfybc3b']
[2025-08-03T06:00:23.786+0000] {standard_task_runner.py:88} INFO - Job 211: Subtask phyto_etl.download_phyto
[2025-08-03T06:00:23.850+0000] {task_command.py:423} INFO - Running <TaskInstance: marine_data_etl_dag.phyto_etl.download_phyto manual__2025-08-03T05:58:22+00:00 [running]> on host d870044d9b57
[2025-08-03T06:00:24.164+0000] {taskinstance.py:2480} INFO - Exporting env vars: AIRFLOW_CTX_DAG_OWNER='***' AIRFLOW_CTX_DAG_ID='marine_data_etl_dag' AIRFLOW_CTX_TASK_ID='phyto_etl.download_phyto' AIRFLOW_CTX_EXECUTION_DATE='2025-08-03T05:58:22+00:00' AIRFLOW_CTX_TRY_NUMBER='1' AIRFLOW_CTX_DAG_RUN_ID='manual__2025-08-03T05:58:22+00:00'
[2025-08-03T06:00:24.170+0000] {deprecated_options.py:61} WARNING - 'force_download' has been deprecated.
[2025-08-03T06:00:24.899+0000] {credentials_utils.py:181} INFO - Downloading Copernicus Marine data requires a Copernicus Marine username and password, sign up for free at: https://data.marine.copernicus.eu/register
[2025-08-03T06:00:24.902+0000] {logging_mixin.py:188} INFO - Copernicus Marine username:
[2025-08-03T06:00:24.903+0000] {logging_mixin.py:188} INFO -  
[2025-08-03T06:00:24.905+0000] {logging_mixin.py:188} INFO - Abort
[2025-08-03T06:00:24.906+0000] {logging_mixin.py:188} INFO - ✅ Downloaded phytoplankton: /opt/***/nc/phytoplankton/rayong_1_phytoplankton.nc
[2025-08-03T06:00:24.907+0000] {deprecated_options.py:61} WARNING - 'force_download' has been deprecated.
[2025-08-03T06:00:25.610+0000] {credentials_utils.py:181} INFO - Downloading Copernicus Marine data requires a Copernicus Marine username and password, sign up for free at: https://data.marine.copernicus.eu/register
[2025-08-03T06:00:25.612+0000] {logging_mixin.py:188} INFO - Copernicus Marine username:
[2025-08-03T06:00:25.613+0000] {logging_mixin.py:188} INFO -  
[2025-08-03T06:00:25.614+0000] {logging_mixin.py:188} INFO - Abort
[2025-08-03T06:00:25.615+0000] {logging_mixin.py:188} INFO - ✅ Downloaded phytoplankton: /opt/***/nc/phytoplankton/rayong_2_phytoplankton.nc
[2025-08-03T06:00:25.616+0000] {deprecated_options.py:61} WARNING - 'force_download' has been deprecated.
[2025-08-03T06:00:26.315+0000] {credentials_utils.py:181} INFO - Downloading Copernicus Marine data requires a Copernicus Marine username and password, sign up for free at: https://data.marine.copernicus.eu/register
[2025-08-03T06:00:26.317+0000] {logging_mixin.py:188} INFO - Copernicus Marine username:
[2025-08-03T06:00:26.319+0000] {logging_mixin.py:188} INFO -  
[2025-08-03T06:00:26.320+0000] {logging_mixin.py:188} INFO - Abort
[2025-08-03T06:00:26.321+0000] {logging_mixin.py:188} INFO - ✅ Downloaded phytoplankton: /opt/***/nc/phytoplankton/chanthaburi_1_phytoplankton.nc
[2025-08-03T06:00:26.322+0000] {deprecated_options.py:61} WARNING - 'force_download' has been deprecated.
[2025-08-03T06:00:27.002+0000] {credentials_utils.py:181} INFO - Downloading Copernicus Marine data requires a Copernicus Marine username and password, sign up for free at: https://data.marine.copernicus.eu/register
[2025-08-03T06:00:27.004+0000] {logging_mixin.py:188} INFO - Copernicus Marine username:
[2025-08-03T06:00:27.005+0000] {logging_mixin.py:188} INFO -  
[2025-08-03T06:00:27.006+0000] {logging_mixin.py:188} INFO - Abort
[2025-08-03T06:00:27.007+0000] {logging_mixin.py:188} INFO - ✅ Downloaded phytoplankton: /opt/***/nc/phytoplankton/trat_1_phytoplankton.nc
[2025-08-03T06:00:27.008+0000] {python.py:201} INFO - Done. Returned value was: None
[2025-08-03T06:00:27.031+0000] {taskinstance.py:1138} INFO - Marking task as SUCCESS. dag_id=marine_data_etl_dag, task_id=phyto_etl.download_phyto, execution_date=20250803T055822, start_date=20250803T060023, end_date=20250803T060027
[2025-08-03T06:00:27.098+0000] {local_task_job_runner.py:234} INFO - Task exited with return code 0
[2025-08-03T06:00:27.191+0000] {taskinstance.py:3280} INFO - 1 downstream tasks scheduled from follow-on schedule check
