[2025-08-02T13:19:56.161+0000] {taskinstance.py:1956} INFO - Dependencies all met for dep_context=non-requeueable deps ti=<TaskInstance: marine_data_etl_dag.zooplankton_etl.download_zoo manual__2025-08-02T13:19:36+00:00 [queued]>
[2025-08-02T13:19:56.176+0000] {taskinstance.py:1956} INFO - Dependencies all met for dep_context=requeueable deps ti=<TaskInstance: marine_data_etl_dag.zooplankton_etl.download_zoo manual__2025-08-02T13:19:36+00:00 [queued]>
[2025-08-02T13:19:56.177+0000] {taskinstance.py:2170} INFO - Starting attempt 1 of 1
[2025-08-02T13:19:56.196+0000] {taskinstance.py:2191} INFO - Executing <Task(PythonOperator): zooplankton_etl.download_zoo> on 2025-08-02 13:19:36+00:00
[2025-08-02T13:19:56.202+0000] {standard_task_runner.py:60} INFO - Started process 264 to run task
[2025-08-02T13:19:56.208+0000] {standard_task_runner.py:87} INFO - Running: ['***', 'tasks', 'run', 'marine_data_etl_dag', 'zooplankton_etl.download_zoo', 'manual__2025-08-02T13:19:36+00:00', '--job-id', '78', '--raw', '--subdir', 'DAGS_FOLDER/marine_data_etl_dag.py', '--cfg-path', '/tmp/tmp0y9heuyt']
[2025-08-02T13:19:56.213+0000] {standard_task_runner.py:88} INFO - Job 78: Subtask zooplankton_etl.download_zoo
[2025-08-02T13:19:56.277+0000] {task_command.py:423} INFO - Running <TaskInstance: marine_data_etl_dag.zooplankton_etl.download_zoo manual__2025-08-02T13:19:36+00:00 [running]> on host 19821aecac76
[2025-08-02T13:19:56.584+0000] {taskinstance.py:2480} INFO - Exporting env vars: AIRFLOW_CTX_DAG_OWNER='***' AIRFLOW_CTX_DAG_ID='marine_data_etl_dag' AIRFLOW_CTX_TASK_ID='zooplankton_etl.download_zoo' AIRFLOW_CTX_EXECUTION_DATE='2025-08-02T13:19:36+00:00' AIRFLOW_CTX_TRY_NUMBER='1' AIRFLOW_CTX_DAG_RUN_ID='manual__2025-08-02T13:19:36+00:00'
[2025-08-02T13:19:56.592+0000] {deprecated_options.py:61} WARNING - 'force_download' has been deprecated.
[2025-08-02T13:19:57.309+0000] {credentials_utils.py:181} INFO - Downloading Copernicus Marine data requires a Copernicus Marine username and password, sign up for free at: https://data.marine.copernicus.eu/register
[2025-08-02T13:19:57.315+0000] {logging_mixin.py:188} INFO - Copernicus Marine username:
[2025-08-02T13:19:57.318+0000] {logging_mixin.py:188} INFO -  
[2025-08-02T13:19:57.320+0000] {logging_mixin.py:188} INFO - Abort
[2025-08-02T13:19:57.322+0000] {logging_mixin.py:188} INFO - ✅ Downloaded zooplankton: /opt/***/nc/zooplankton/rayong_1_zooplankton.nc
[2025-08-02T13:19:57.324+0000] {deprecated_options.py:61} WARNING - 'force_download' has been deprecated.
[2025-08-02T13:19:58.027+0000] {credentials_utils.py:181} INFO - Downloading Copernicus Marine data requires a Copernicus Marine username and password, sign up for free at: https://data.marine.copernicus.eu/register
[2025-08-02T13:19:58.028+0000] {logging_mixin.py:188} INFO - Copernicus Marine username:
[2025-08-02T13:19:58.030+0000] {logging_mixin.py:188} INFO -  
[2025-08-02T13:19:58.031+0000] {logging_mixin.py:188} INFO - Abort
[2025-08-02T13:19:58.033+0000] {logging_mixin.py:188} INFO - ✅ Downloaded zooplankton: /opt/***/nc/zooplankton/rayong_2_zooplankton.nc
[2025-08-02T13:19:58.034+0000] {deprecated_options.py:61} WARNING - 'force_download' has been deprecated.
[2025-08-02T13:19:58.722+0000] {credentials_utils.py:181} INFO - Downloading Copernicus Marine data requires a Copernicus Marine username and password, sign up for free at: https://data.marine.copernicus.eu/register
[2025-08-02T13:19:58.724+0000] {logging_mixin.py:188} INFO - Copernicus Marine username:
[2025-08-02T13:19:58.726+0000] {logging_mixin.py:188} INFO -  
[2025-08-02T13:19:58.727+0000] {logging_mixin.py:188} INFO - Abort
[2025-08-02T13:19:58.729+0000] {logging_mixin.py:188} INFO - ✅ Downloaded zooplankton: /opt/***/nc/zooplankton/chanthaburi_1_zooplankton.nc
[2025-08-02T13:19:58.730+0000] {deprecated_options.py:61} WARNING - 'force_download' has been deprecated.
[2025-08-02T13:19:59.434+0000] {credentials_utils.py:181} INFO - Downloading Copernicus Marine data requires a Copernicus Marine username and password, sign up for free at: https://data.marine.copernicus.eu/register
[2025-08-02T13:19:59.437+0000] {logging_mixin.py:188} INFO - Copernicus Marine username:
[2025-08-02T13:19:59.438+0000] {logging_mixin.py:188} INFO -  
[2025-08-02T13:19:59.440+0000] {logging_mixin.py:188} INFO - Abort
[2025-08-02T13:19:59.441+0000] {logging_mixin.py:188} INFO - ✅ Downloaded zooplankton: /opt/***/nc/zooplankton/trat_1_zooplankton.nc
[2025-08-02T13:19:59.442+0000] {python.py:201} INFO - Done. Returned value was: None
[2025-08-02T13:19:59.466+0000] {taskinstance.py:1138} INFO - Marking task as SUCCESS. dag_id=marine_data_etl_dag, task_id=zooplankton_etl.download_zoo, execution_date=20250802T131936, start_date=20250802T131956, end_date=20250802T131959
[2025-08-02T13:19:59.525+0000] {local_task_job_runner.py:234} INFO - Task exited with return code 0
[2025-08-02T13:19:59.567+0000] {taskinstance.py:3280} INFO - 1 downstream tasks scheduled from follow-on schedule check
