[2025-08-02T12:40:14.802+0000] {taskinstance.py:1956} INFO - Dependencies all met for dep_context=non-requeueable deps ti=<TaskInstance: marine_data_etl_dag.current_etl.download_current manual__2025-08-02T12:39:57.131756+00:00 [queued]>
[2025-08-02T12:40:14.815+0000] {taskinstance.py:1956} INFO - Dependencies all met for dep_context=requeueable deps ti=<TaskInstance: marine_data_etl_dag.current_etl.download_current manual__2025-08-02T12:39:57.131756+00:00 [queued]>
[2025-08-02T12:40:14.816+0000] {taskinstance.py:2170} INFO - Starting attempt 1 of 1
[2025-08-02T12:40:14.836+0000] {taskinstance.py:2191} INFO - Executing <Task(PythonOperator): current_etl.download_current> on 2025-08-02 12:39:57.131756+00:00
[2025-08-02T12:40:14.843+0000] {standard_task_runner.py:60} INFO - Started process 73 to run task
[2025-08-02T12:40:14.848+0000] {standard_task_runner.py:87} INFO - Running: ['***', 'tasks', 'run', 'marine_data_etl_dag', 'current_etl.download_current', 'manual__2025-08-02T12:39:57.131756+00:00', '--job-id', '41', '--raw', '--subdir', 'DAGS_FOLDER/marine_data_etl_dag.py', '--cfg-path', '/tmp/tmpbm9lfw24']
[2025-08-02T12:40:14.853+0000] {standard_task_runner.py:88} INFO - Job 41: Subtask current_etl.download_current
[2025-08-02T12:40:14.934+0000] {task_command.py:423} INFO - Running <TaskInstance: marine_data_etl_dag.current_etl.download_current manual__2025-08-02T12:39:57.131756+00:00 [running]> on host a9f0d3f8f863
[2025-08-02T12:40:15.257+0000] {taskinstance.py:2480} INFO - Exporting env vars: AIRFLOW_CTX_DAG_OWNER='***' AIRFLOW_CTX_DAG_ID='marine_data_etl_dag' AIRFLOW_CTX_TASK_ID='current_etl.download_current' AIRFLOW_CTX_EXECUTION_DATE='2025-08-02T12:39:57.131756+00:00' AIRFLOW_CTX_TRY_NUMBER='1' AIRFLOW_CTX_DAG_RUN_ID='manual__2025-08-02T12:39:57.131756+00:00'
[2025-08-02T12:40:15.261+0000] {deprecated_options.py:61} WARNING - 'force_download' has been deprecated.
[2025-08-02T12:40:15.926+0000] {credentials_utils.py:181} INFO - Downloading Copernicus Marine data requires a Copernicus Marine username and password, sign up for free at: https://data.marine.copernicus.eu/register
[2025-08-02T12:40:15.928+0000] {logging_mixin.py:188} INFO - Copernicus Marine username:
[2025-08-02T12:40:15.929+0000] {logging_mixin.py:188} INFO -  
[2025-08-02T12:40:15.930+0000] {logging_mixin.py:188} INFO - Abort
[2025-08-02T12:40:15.930+0000] {logging_mixin.py:188} INFO - ✅ Downloaded current: /opt/***/csv/current/rayong_1_current.nc
[2025-08-02T12:40:15.931+0000] {deprecated_options.py:61} WARNING - 'force_download' has been deprecated.
[2025-08-02T12:40:16.584+0000] {credentials_utils.py:181} INFO - Downloading Copernicus Marine data requires a Copernicus Marine username and password, sign up for free at: https://data.marine.copernicus.eu/register
[2025-08-02T12:40:16.585+0000] {logging_mixin.py:188} INFO - Copernicus Marine username:
[2025-08-02T12:40:16.588+0000] {logging_mixin.py:188} INFO -  
[2025-08-02T12:40:16.590+0000] {logging_mixin.py:188} INFO - Abort
[2025-08-02T12:40:16.592+0000] {logging_mixin.py:188} INFO - ✅ Downloaded current: /opt/***/csv/current/rayong_2_current.nc
[2025-08-02T12:40:16.593+0000] {deprecated_options.py:61} WARNING - 'force_download' has been deprecated.
[2025-08-02T12:40:17.271+0000] {credentials_utils.py:181} INFO - Downloading Copernicus Marine data requires a Copernicus Marine username and password, sign up for free at: https://data.marine.copernicus.eu/register
[2025-08-02T12:40:17.274+0000] {logging_mixin.py:188} INFO - Copernicus Marine username:
[2025-08-02T12:40:17.276+0000] {logging_mixin.py:188} INFO -  
[2025-08-02T12:40:17.278+0000] {logging_mixin.py:188} INFO - Abort
[2025-08-02T12:40:17.280+0000] {logging_mixin.py:188} INFO - ✅ Downloaded current: /opt/***/csv/current/chanthaburi_1_current.nc
[2025-08-02T12:40:17.282+0000] {deprecated_options.py:61} WARNING - 'force_download' has been deprecated.
[2025-08-02T12:40:17.998+0000] {credentials_utils.py:181} INFO - Downloading Copernicus Marine data requires a Copernicus Marine username and password, sign up for free at: https://data.marine.copernicus.eu/register
[2025-08-02T12:40:17.999+0000] {logging_mixin.py:188} INFO - Copernicus Marine username:
[2025-08-02T12:40:18.000+0000] {logging_mixin.py:188} INFO -  
[2025-08-02T12:40:18.001+0000] {logging_mixin.py:188} INFO - Abort
[2025-08-02T12:40:18.001+0000] {logging_mixin.py:188} INFO - ✅ Downloaded current: /opt/***/csv/current/trat_1_current.nc
[2025-08-02T12:40:18.002+0000] {python.py:201} INFO - Done. Returned value was: None
[2025-08-02T12:40:18.019+0000] {taskinstance.py:1138} INFO - Marking task as SUCCESS. dag_id=marine_data_etl_dag, task_id=current_etl.download_current, execution_date=20250802T123957, start_date=20250802T124014, end_date=20250802T124018
[2025-08-02T12:40:18.081+0000] {local_task_job_runner.py:234} INFO - Task exited with return code 0
[2025-08-02T12:40:18.131+0000] {taskinstance.py:3280} INFO - 1 downstream tasks scheduled from follow-on schedule check
