[2025-08-03T07:05:30.594+0000] {taskinstance.py:1956} INFO - Dependencies all met for dep_context=non-requeueable deps ti=<TaskInstance: marine_data_etl_dag.current_etl.convert_current manual__2025-08-03T06:41:01+00:00 [queued]>
[2025-08-03T07:05:30.611+0000] {taskinstance.py:1956} INFO - Dependencies all met for dep_context=requeueable deps ti=<TaskInstance: marine_data_etl_dag.current_etl.convert_current manual__2025-08-03T06:41:01+00:00 [queued]>
[2025-08-03T07:05:30.613+0000] {taskinstance.py:2170} INFO - Starting attempt 1 of 1
[2025-08-03T07:05:30.641+0000] {taskinstance.py:2191} INFO - Executing <Task(PythonOperator): current_etl.convert_current> on 2025-08-03 06:41:01+00:00
[2025-08-03T07:05:30.649+0000] {standard_task_runner.py:60} INFO - Started process 445 to run task
[2025-08-03T07:05:30.656+0000] {standard_task_runner.py:87} INFO - Running: ['***', 'tasks', 'run', 'marine_data_etl_dag', 'current_etl.convert_current', 'manual__2025-08-03T06:41:01+00:00', '--job-id', '247', '--raw', '--subdir', 'DAGS_FOLDER/marine_data_etl_dag.py', '--cfg-path', '/tmp/tmph89perno']
[2025-08-03T07:05:30.662+0000] {standard_task_runner.py:88} INFO - Job 247: Subtask current_etl.convert_current
[2025-08-03T07:05:30.758+0000] {task_command.py:423} INFO - Running <TaskInstance: marine_data_etl_dag.current_etl.convert_current manual__2025-08-03T06:41:01+00:00 [running]> on host e2f3b0101b9e
[2025-08-03T07:05:31.095+0000] {taskinstance.py:2480} INFO - Exporting env vars: AIRFLOW_CTX_DAG_OWNER='***' AIRFLOW_CTX_DAG_ID='marine_data_etl_dag' AIRFLOW_CTX_TASK_ID='current_etl.convert_current' AIRFLOW_CTX_EXECUTION_DATE='2025-08-03T06:41:01+00:00' AIRFLOW_CTX_TRY_NUMBER='1' AIRFLOW_CTX_DAG_RUN_ID='manual__2025-08-03T06:41:01+00:00'
[2025-08-03T07:05:42.259+0000] {logging_mixin.py:188} INFO - ✅ Converted current: /opt/***/csv/current/chanthaburi_1_current.csv
[2025-08-03T07:05:54.955+0000] {logging_mixin.py:188} INFO - ✅ Converted current: /opt/***/csv/current/chanthaburi_1_current_(1).csv
[2025-08-03T07:05:58.855+0000] {logging_mixin.py:188} INFO - ✅ Converted current: /opt/***/csv/current/rayong_1_current.csv
[2025-08-03T07:06:02.575+0000] {logging_mixin.py:188} INFO - ✅ Converted current: /opt/***/csv/current/rayong_1_current_(1).csv
[2025-08-03T07:06:07.323+0000] {logging_mixin.py:188} INFO - ✅ Converted current: /opt/***/csv/current/rayong_2_current.csv
[2025-08-03T07:06:11.908+0000] {logging_mixin.py:188} INFO - ✅ Converted current: /opt/***/csv/current/rayong_2_current_(1).csv
[2025-08-03T07:06:41.910+0000] {logging_mixin.py:188} INFO - ✅ Converted current: /opt/***/csv/current/trat_1_current.csv
[2025-08-03T07:07:15.553+0000] {logging_mixin.py:188} INFO - ✅ Converted current: /opt/***/csv/current/trat_1_current_(1).csv
[2025-08-03T07:07:15.560+0000] {python.py:201} INFO - Done. Returned value was: None
[2025-08-03T07:07:15.576+0000] {taskinstance.py:1138} INFO - Marking task as SUCCESS. dag_id=marine_data_etl_dag, task_id=current_etl.convert_current, execution_date=20250803T064101, start_date=20250803T070530, end_date=20250803T070715
[2025-08-03T07:07:15.649+0000] {local_task_job_runner.py:234} INFO - Task exited with return code 0
[2025-08-03T07:07:15.695+0000] {taskinstance.py:3280} INFO - 1 downstream tasks scheduled from follow-on schedule check
