[2025-08-02T12:21:39.054+0000] {taskinstance.py:1956} INFO - Dependencies all met for dep_context=non-requeueable deps ti=<TaskInstance: marine_data_etl_dag.so_etl.download_so manual__2025-08-02T12:20:35.691377+00:00 [queued]>
[2025-08-02T12:21:39.076+0000] {taskinstance.py:1956} INFO - Dependencies all met for dep_context=requeueable deps ti=<TaskInstance: marine_data_etl_dag.so_etl.download_so manual__2025-08-02T12:20:35.691377+00:00 [queued]>
[2025-08-02T12:21:39.077+0000] {taskinstance.py:2170} INFO - Starting attempt 1 of 1
[2025-08-02T12:21:39.105+0000] {taskinstance.py:2191} INFO - Executing <Task(PythonOperator): so_etl.download_so> on 2025-08-02 12:20:35.691377+00:00
[2025-08-02T12:21:39.117+0000] {standard_task_runner.py:60} INFO - Started process 104 to run task
[2025-08-02T12:21:39.125+0000] {standard_task_runner.py:87} INFO - Running: ['***', 'tasks', 'run', 'marine_data_etl_dag', 'so_etl.download_so', 'manual__2025-08-02T12:20:35.691377+00:00', '--job-id', '26', '--raw', '--subdir', 'DAGS_FOLDER/marine_data_etl_dag.py', '--cfg-path', '/tmp/tmp49ob9gej']
[2025-08-02T12:21:39.134+0000] {standard_task_runner.py:88} INFO - Job 26: Subtask so_etl.download_so
[2025-08-02T12:21:39.238+0000] {task_command.py:423} INFO - Running <TaskInstance: marine_data_etl_dag.so_etl.download_so manual__2025-08-02T12:20:35.691377+00:00 [running]> on host c4cf8a44ca97
[2025-08-02T12:21:39.628+0000] {taskinstance.py:2480} INFO - Exporting env vars: AIRFLOW_CTX_DAG_OWNER='***' AIRFLOW_CTX_DAG_ID='marine_data_etl_dag' AIRFLOW_CTX_TASK_ID='so_etl.download_so' AIRFLOW_CTX_EXECUTION_DATE='2025-08-02T12:20:35.691377+00:00' AIRFLOW_CTX_TRY_NUMBER='1' AIRFLOW_CTX_DAG_RUN_ID='manual__2025-08-02T12:20:35.691377+00:00'
[2025-08-02T12:21:39.632+0000] {deprecated_options.py:61} WARNING - 'force_download' has been deprecated.
[2025-08-02T12:21:40.319+0000] {credentials_utils.py:181} INFO - Downloading Copernicus Marine data requires a Copernicus Marine username and password, sign up for free at: https://data.marine.copernicus.eu/register
[2025-08-02T12:21:40.321+0000] {logging_mixin.py:188} INFO - Copernicus Marine username:
[2025-08-02T12:21:40.323+0000] {logging_mixin.py:188} INFO -  
[2025-08-02T12:21:40.324+0000] {logging_mixin.py:188} INFO - Abort
[2025-08-02T12:21:40.325+0000] {logging_mixin.py:188} INFO - ✅ Downloaded SO: /opt/***/csv/so/rayong_1_so.nc
[2025-08-02T12:21:40.325+0000] {deprecated_options.py:61} WARNING - 'force_download' has been deprecated.
[2025-08-02T12:21:41.003+0000] {credentials_utils.py:181} INFO - Downloading Copernicus Marine data requires a Copernicus Marine username and password, sign up for free at: https://data.marine.copernicus.eu/register
[2025-08-02T12:21:41.004+0000] {logging_mixin.py:188} INFO - Copernicus Marine username:
[2025-08-02T12:21:41.005+0000] {logging_mixin.py:188} INFO -  
[2025-08-02T12:21:41.006+0000] {logging_mixin.py:188} INFO - Abort
[2025-08-02T12:21:41.007+0000] {logging_mixin.py:188} INFO - ✅ Downloaded SO: /opt/***/csv/so/rayong_2_so.nc
[2025-08-02T12:21:41.008+0000] {deprecated_options.py:61} WARNING - 'force_download' has been deprecated.
[2025-08-02T12:21:41.678+0000] {credentials_utils.py:181} INFO - Downloading Copernicus Marine data requires a Copernicus Marine username and password, sign up for free at: https://data.marine.copernicus.eu/register
[2025-08-02T12:21:41.679+0000] {logging_mixin.py:188} INFO - Copernicus Marine username:
[2025-08-02T12:21:41.680+0000] {logging_mixin.py:188} INFO -  
[2025-08-02T12:21:41.681+0000] {logging_mixin.py:188} INFO - Abort
[2025-08-02T12:21:41.682+0000] {logging_mixin.py:188} INFO - ✅ Downloaded SO: /opt/***/csv/so/chanthaburi_1_so.nc
[2025-08-02T12:21:41.685+0000] {deprecated_options.py:61} WARNING - 'force_download' has been deprecated.
[2025-08-02T12:21:42.342+0000] {credentials_utils.py:181} INFO - Downloading Copernicus Marine data requires a Copernicus Marine username and password, sign up for free at: https://data.marine.copernicus.eu/register
[2025-08-02T12:21:42.343+0000] {logging_mixin.py:188} INFO - Copernicus Marine username:
[2025-08-02T12:21:42.345+0000] {logging_mixin.py:188} INFO -  
[2025-08-02T12:21:42.346+0000] {logging_mixin.py:188} INFO - Abort
[2025-08-02T12:21:42.349+0000] {logging_mixin.py:188} INFO - ✅ Downloaded SO: /opt/***/csv/so/trat_1_so.nc
[2025-08-02T12:21:42.350+0000] {python.py:201} INFO - Done. Returned value was: None
[2025-08-02T12:21:42.367+0000] {taskinstance.py:1138} INFO - Marking task as SUCCESS. dag_id=marine_data_etl_dag, task_id=so_etl.download_so, execution_date=20250802T122035, start_date=20250802T122139, end_date=20250802T122142
[2025-08-02T12:21:42.443+0000] {local_task_job_runner.py:234} INFO - Task exited with return code 0
[2025-08-02T12:21:42.522+0000] {taskinstance.py:3280} INFO - 1 downstream tasks scheduled from follow-on schedule check
