[2025-08-02T13:13:39.872+0000] {taskinstance.py:1956} INFO - Dependencies all met for dep_context=non-requeueable deps ti=<TaskInstance: marine_data_etl_dag.thetao_etl.download_thetao manual__2025-08-02T13:13:19.838438+00:00 [queued]>
[2025-08-02T13:13:39.892+0000] {taskinstance.py:1956} INFO - Dependencies all met for dep_context=requeueable deps ti=<TaskInstance: marine_data_etl_dag.thetao_etl.download_thetao manual__2025-08-02T13:13:19.838438+00:00 [queued]>
[2025-08-02T13:13:39.893+0000] {taskinstance.py:2170} INFO - Starting attempt 1 of 1
[2025-08-02T13:13:39.925+0000] {taskinstance.py:2191} INFO - Executing <Task(PythonOperator): thetao_etl.download_thetao> on 2025-08-02 13:13:19.838438+00:00
[2025-08-02T13:13:39.933+0000] {standard_task_runner.py:60} INFO - Started process 114 to run task
[2025-08-02T13:13:39.942+0000] {standard_task_runner.py:87} INFO - Running: ['***', 'tasks', 'run', 'marine_data_etl_dag', 'thetao_etl.download_thetao', 'manual__2025-08-02T13:13:19.838438+00:00', '--job-id', '60', '--raw', '--subdir', 'DAGS_FOLDER/marine_data_etl_dag.py', '--cfg-path', '/tmp/tmpmdyqj5rv']
[2025-08-02T13:13:39.950+0000] {standard_task_runner.py:88} INFO - Job 60: Subtask thetao_etl.download_thetao
[2025-08-02T13:13:40.039+0000] {task_command.py:423} INFO - Running <TaskInstance: marine_data_etl_dag.thetao_etl.download_thetao manual__2025-08-02T13:13:19.838438+00:00 [running]> on host 19821aecac76
[2025-08-02T13:13:40.421+0000] {taskinstance.py:2480} INFO - Exporting env vars: AIRFLOW_CTX_DAG_OWNER='***' AIRFLOW_CTX_DAG_ID='marine_data_etl_dag' AIRFLOW_CTX_TASK_ID='thetao_etl.download_thetao' AIRFLOW_CTX_EXECUTION_DATE='2025-08-02T13:13:19.838438+00:00' AIRFLOW_CTX_TRY_NUMBER='1' AIRFLOW_CTX_DAG_RUN_ID='manual__2025-08-02T13:13:19.838438+00:00'
[2025-08-02T13:13:40.426+0000] {deprecated_options.py:61} WARNING - 'force_download' has been deprecated.
[2025-08-02T13:13:41.126+0000] {credentials_utils.py:181} INFO - Downloading Copernicus Marine data requires a Copernicus Marine username and password, sign up for free at: https://data.marine.copernicus.eu/register
[2025-08-02T13:13:41.128+0000] {logging_mixin.py:188} INFO - Copernicus Marine username:
[2025-08-02T13:13:41.130+0000] {logging_mixin.py:188} INFO -  
[2025-08-02T13:13:41.134+0000] {logging_mixin.py:188} INFO - Abort
[2025-08-02T13:13:41.135+0000] {logging_mixin.py:188} INFO - ✅ Downloaded thetao: /opt/***/nc/thetao/rayong_1_thetao.nc
[2025-08-02T13:13:41.136+0000] {deprecated_options.py:61} WARNING - 'force_download' has been deprecated.
[2025-08-02T13:13:41.798+0000] {credentials_utils.py:181} INFO - Downloading Copernicus Marine data requires a Copernicus Marine username and password, sign up for free at: https://data.marine.copernicus.eu/register
[2025-08-02T13:13:41.800+0000] {logging_mixin.py:188} INFO - Copernicus Marine username:
[2025-08-02T13:13:41.801+0000] {logging_mixin.py:188} INFO -  
[2025-08-02T13:13:41.802+0000] {logging_mixin.py:188} INFO - Abort
[2025-08-02T13:13:41.803+0000] {logging_mixin.py:188} INFO - ✅ Downloaded thetao: /opt/***/nc/thetao/rayong_2_thetao.nc
[2025-08-02T13:13:41.804+0000] {deprecated_options.py:61} WARNING - 'force_download' has been deprecated.
[2025-08-02T13:13:42.455+0000] {credentials_utils.py:181} INFO - Downloading Copernicus Marine data requires a Copernicus Marine username and password, sign up for free at: https://data.marine.copernicus.eu/register
[2025-08-02T13:13:42.456+0000] {logging_mixin.py:188} INFO - Copernicus Marine username:
[2025-08-02T13:13:42.457+0000] {logging_mixin.py:188} INFO -  
[2025-08-02T13:13:42.458+0000] {logging_mixin.py:188} INFO - Abort
[2025-08-02T13:13:42.459+0000] {logging_mixin.py:188} INFO - ✅ Downloaded thetao: /opt/***/nc/thetao/chanthaburi_1_thetao.nc
[2025-08-02T13:13:42.460+0000] {deprecated_options.py:61} WARNING - 'force_download' has been deprecated.
[2025-08-02T13:13:43.146+0000] {credentials_utils.py:181} INFO - Downloading Copernicus Marine data requires a Copernicus Marine username and password, sign up for free at: https://data.marine.copernicus.eu/register
[2025-08-02T13:13:43.148+0000] {logging_mixin.py:188} INFO - Copernicus Marine username:
[2025-08-02T13:13:43.151+0000] {logging_mixin.py:188} INFO -  
[2025-08-02T13:13:43.155+0000] {logging_mixin.py:188} INFO - Abort
[2025-08-02T13:13:43.156+0000] {logging_mixin.py:188} INFO - ✅ Downloaded thetao: /opt/***/nc/thetao/trat_1_thetao.nc
[2025-08-02T13:13:43.157+0000] {python.py:201} INFO - Done. Returned value was: None
[2025-08-02T13:13:43.173+0000] {taskinstance.py:1138} INFO - Marking task as SUCCESS. dag_id=marine_data_etl_dag, task_id=thetao_etl.download_thetao, execution_date=20250802T131319, start_date=20250802T131339, end_date=20250802T131343
[2025-08-02T13:13:43.253+0000] {local_task_job_runner.py:234} INFO - Task exited with return code 0
[2025-08-02T13:13:43.352+0000] {taskinstance.py:3280} INFO - 1 downstream tasks scheduled from follow-on schedule check
