[2025-08-03T05:56:07.325+0000] {taskinstance.py:1956} INFO - Dependencies all met for dep_context=non-requeueable deps ti=<TaskInstance: marine_data_etl_dag.thetao_etl.download_thetao manual__2025-08-03T05:55:39+00:00 [queued]>
[2025-08-03T05:56:07.339+0000] {taskinstance.py:1956} INFO - Dependencies all met for dep_context=requeueable deps ti=<TaskInstance: marine_data_etl_dag.thetao_etl.download_thetao manual__2025-08-03T05:55:39+00:00 [queued]>
[2025-08-03T05:56:07.340+0000] {taskinstance.py:2170} INFO - Starting attempt 1 of 1
[2025-08-03T05:56:07.365+0000] {taskinstance.py:2191} INFO - Executing <Task(PythonOperator): thetao_etl.download_thetao> on 2025-08-03 05:55:39+00:00
[2025-08-03T05:56:07.370+0000] {standard_task_runner.py:60} INFO - Started process 90 to run task
[2025-08-03T05:56:07.381+0000] {standard_task_runner.py:87} INFO - Running: ['***', 'tasks', 'run', 'marine_data_etl_dag', 'thetao_etl.download_thetao', 'manual__2025-08-03T05:55:39+00:00', '--job-id', '189', '--raw', '--subdir', 'DAGS_FOLDER/marine_data_etl_dag.py', '--cfg-path', '/tmp/tmpnldls1pi']
[2025-08-03T05:56:07.386+0000] {standard_task_runner.py:88} INFO - Job 189: Subtask thetao_etl.download_thetao
[2025-08-03T05:56:07.486+0000] {task_command.py:423} INFO - Running <TaskInstance: marine_data_etl_dag.thetao_etl.download_thetao manual__2025-08-03T05:55:39+00:00 [running]> on host d870044d9b57
[2025-08-03T05:56:07.874+0000] {taskinstance.py:2480} INFO - Exporting env vars: AIRFLOW_CTX_DAG_OWNER='***' AIRFLOW_CTX_DAG_ID='marine_data_etl_dag' AIRFLOW_CTX_TASK_ID='thetao_etl.download_thetao' AIRFLOW_CTX_EXECUTION_DATE='2025-08-03T05:55:39+00:00' AIRFLOW_CTX_TRY_NUMBER='1' AIRFLOW_CTX_DAG_RUN_ID='manual__2025-08-03T05:55:39+00:00'
[2025-08-03T05:56:07.886+0000] {deprecated_options.py:61} WARNING - 'force_download' has been deprecated.
[2025-08-03T05:56:08.665+0000] {credentials_utils.py:181} INFO - Downloading Copernicus Marine data requires a Copernicus Marine username and password, sign up for free at: https://data.marine.copernicus.eu/register
[2025-08-03T05:56:08.688+0000] {logging_mixin.py:188} INFO - Copernicus Marine username:
[2025-08-03T05:56:08.701+0000] {logging_mixin.py:188} INFO -  
[2025-08-03T05:56:08.717+0000] {logging_mixin.py:188} INFO - Abort
[2025-08-03T05:56:08.720+0000] {logging_mixin.py:188} INFO - ✅ Downloaded thetao: /opt/***/nc/thetao/rayong_1_thetao.nc
[2025-08-03T05:56:08.728+0000] {deprecated_options.py:61} WARNING - 'force_download' has been deprecated.
[2025-08-03T05:56:09.675+0000] {credentials_utils.py:181} INFO - Downloading Copernicus Marine data requires a Copernicus Marine username and password, sign up for free at: https://data.marine.copernicus.eu/register
[2025-08-03T05:56:09.677+0000] {logging_mixin.py:188} INFO - Copernicus Marine username:
[2025-08-03T05:56:09.678+0000] {logging_mixin.py:188} INFO -  
[2025-08-03T05:56:09.679+0000] {logging_mixin.py:188} INFO - Abort
[2025-08-03T05:56:09.680+0000] {logging_mixin.py:188} INFO - ✅ Downloaded thetao: /opt/***/nc/thetao/rayong_2_thetao.nc
[2025-08-03T05:56:09.681+0000] {deprecated_options.py:61} WARNING - 'force_download' has been deprecated.
[2025-08-03T05:56:10.541+0000] {credentials_utils.py:181} INFO - Downloading Copernicus Marine data requires a Copernicus Marine username and password, sign up for free at: https://data.marine.copernicus.eu/register
[2025-08-03T05:56:10.548+0000] {logging_mixin.py:188} INFO - Copernicus Marine username:
[2025-08-03T05:56:10.549+0000] {logging_mixin.py:188} INFO -  
[2025-08-03T05:56:10.550+0000] {logging_mixin.py:188} INFO - Abort
[2025-08-03T05:56:10.551+0000] {logging_mixin.py:188} INFO - ✅ Downloaded thetao: /opt/***/nc/thetao/chanthaburi_1_thetao.nc
[2025-08-03T05:56:10.553+0000] {deprecated_options.py:61} WARNING - 'force_download' has been deprecated.
[2025-08-03T05:56:11.230+0000] {credentials_utils.py:181} INFO - Downloading Copernicus Marine data requires a Copernicus Marine username and password, sign up for free at: https://data.marine.copernicus.eu/register
[2025-08-03T05:56:11.232+0000] {logging_mixin.py:188} INFO - Copernicus Marine username:
[2025-08-03T05:56:11.233+0000] {logging_mixin.py:188} INFO -  
[2025-08-03T05:56:11.234+0000] {logging_mixin.py:188} INFO - Abort
[2025-08-03T05:56:11.236+0000] {logging_mixin.py:188} INFO - ✅ Downloaded thetao: /opt/***/nc/thetao/trat_1_thetao.nc
[2025-08-03T05:56:11.237+0000] {python.py:201} INFO - Done. Returned value was: None
[2025-08-03T05:56:11.259+0000] {taskinstance.py:1138} INFO - Marking task as SUCCESS. dag_id=marine_data_etl_dag, task_id=thetao_etl.download_thetao, execution_date=20250803T055539, start_date=20250803T055607, end_date=20250803T055611
[2025-08-03T05:56:11.325+0000] {local_task_job_runner.py:234} INFO - Task exited with return code 0
[2025-08-03T05:56:11.393+0000] {taskinstance.py:3280} INFO - 1 downstream tasks scheduled from follow-on schedule check
