[2025-08-02T13:13:28.350+0000] {taskinstance.py:1956} INFO - Dependencies all met for dep_context=non-requeueable deps ti=<TaskInstance: marine_data_etl_dag.sst_etl.download_sst manual__2025-08-02T13:13:19.838438+00:00 [queued]>
[2025-08-02T13:13:28.362+0000] {taskinstance.py:1956} INFO - Dependencies all met for dep_context=requeueable deps ti=<TaskInstance: marine_data_etl_dag.sst_etl.download_sst manual__2025-08-02T13:13:19.838438+00:00 [queued]>
[2025-08-02T13:13:28.363+0000] {taskinstance.py:2170} INFO - Starting attempt 1 of 1
[2025-08-02T13:13:28.382+0000] {taskinstance.py:2191} INFO - Executing <Task(PythonOperator): sst_etl.download_sst> on 2025-08-02 13:13:19.838438+00:00
[2025-08-02T13:13:28.388+0000] {standard_task_runner.py:60} INFO - Started process 108 to run task
[2025-08-02T13:13:28.395+0000] {standard_task_runner.py:87} INFO - Running: ['***', 'tasks', 'run', 'marine_data_etl_dag', 'sst_etl.download_sst', 'manual__2025-08-02T13:13:19.838438+00:00', '--job-id', '59', '--raw', '--subdir', 'DAGS_FOLDER/marine_data_etl_dag.py', '--cfg-path', '/tmp/tmp8t0cx4q8']
[2025-08-02T13:13:28.403+0000] {standard_task_runner.py:88} INFO - Job 59: Subtask sst_etl.download_sst
[2025-08-02T13:13:28.483+0000] {task_command.py:423} INFO - Running <TaskInstance: marine_data_etl_dag.sst_etl.download_sst manual__2025-08-02T13:13:19.838438+00:00 [running]> on host 19821aecac76
[2025-08-02T13:13:29.096+0000] {taskinstance.py:2480} INFO - Exporting env vars: AIRFLOW_CTX_DAG_OWNER='***' AIRFLOW_CTX_DAG_ID='marine_data_etl_dag' AIRFLOW_CTX_TASK_ID='sst_etl.download_sst' AIRFLOW_CTX_EXECUTION_DATE='2025-08-02T13:13:19.838438+00:00' AIRFLOW_CTX_TRY_NUMBER='1' AIRFLOW_CTX_DAG_RUN_ID='manual__2025-08-02T13:13:19.838438+00:00'
[2025-08-02T13:13:29.103+0000] {deprecated_options.py:61} WARNING - 'force_download' has been deprecated.
[2025-08-02T13:13:30.607+0000] {credentials_utils.py:181} INFO - Downloading Copernicus Marine data requires a Copernicus Marine username and password, sign up for free at: https://data.marine.copernicus.eu/register
[2025-08-02T13:13:30.610+0000] {logging_mixin.py:188} INFO - Copernicus Marine username:
[2025-08-02T13:13:30.612+0000] {logging_mixin.py:188} INFO -  
[2025-08-02T13:13:30.613+0000] {logging_mixin.py:188} INFO - Abort
[2025-08-02T13:13:30.614+0000] {logging_mixin.py:188} INFO - ✅ Downloaded SST: /opt/***/nc/sst/rayong_1_sst.nc
[2025-08-02T13:13:30.615+0000] {deprecated_options.py:61} WARNING - 'force_download' has been deprecated.
[2025-08-02T13:13:31.302+0000] {credentials_utils.py:181} INFO - Downloading Copernicus Marine data requires a Copernicus Marine username and password, sign up for free at: https://data.marine.copernicus.eu/register
[2025-08-02T13:13:31.303+0000] {logging_mixin.py:188} INFO - Copernicus Marine username:
[2025-08-02T13:13:31.304+0000] {logging_mixin.py:188} INFO -  
[2025-08-02T13:13:31.305+0000] {logging_mixin.py:188} INFO - Abort
[2025-08-02T13:13:31.306+0000] {logging_mixin.py:188} INFO - ✅ Downloaded SST: /opt/***/nc/sst/rayong_2_sst.nc
[2025-08-02T13:13:31.307+0000] {deprecated_options.py:61} WARNING - 'force_download' has been deprecated.
[2025-08-02T13:13:31.993+0000] {credentials_utils.py:181} INFO - Downloading Copernicus Marine data requires a Copernicus Marine username and password, sign up for free at: https://data.marine.copernicus.eu/register
[2025-08-02T13:13:31.994+0000] {logging_mixin.py:188} INFO - Copernicus Marine username:
[2025-08-02T13:13:31.995+0000] {logging_mixin.py:188} INFO -  
[2025-08-02T13:13:31.997+0000] {logging_mixin.py:188} INFO - Abort
[2025-08-02T13:13:31.998+0000] {logging_mixin.py:188} INFO - ✅ Downloaded SST: /opt/***/nc/sst/chanthaburi_1_sst.nc
[2025-08-02T13:13:31.999+0000] {deprecated_options.py:61} WARNING - 'force_download' has been deprecated.
[2025-08-02T13:13:32.692+0000] {credentials_utils.py:181} INFO - Downloading Copernicus Marine data requires a Copernicus Marine username and password, sign up for free at: https://data.marine.copernicus.eu/register
[2025-08-02T13:13:32.693+0000] {logging_mixin.py:188} INFO - Copernicus Marine username:
[2025-08-02T13:13:32.694+0000] {logging_mixin.py:188} INFO -  
[2025-08-02T13:13:32.695+0000] {logging_mixin.py:188} INFO - Abort
[2025-08-02T13:13:32.697+0000] {logging_mixin.py:188} INFO - ✅ Downloaded SST: /opt/***/nc/sst/trat_1_sst.nc
[2025-08-02T13:13:32.698+0000] {python.py:201} INFO - Done. Returned value was: None
[2025-08-02T13:13:32.713+0000] {taskinstance.py:1138} INFO - Marking task as SUCCESS. dag_id=marine_data_etl_dag, task_id=sst_etl.download_sst, execution_date=20250802T131319, start_date=20250802T131328, end_date=20250802T131332
[2025-08-02T13:13:32.762+0000] {local_task_job_runner.py:234} INFO - Task exited with return code 0
[2025-08-02T13:13:32.808+0000] {taskinstance.py:3280} INFO - 1 downstream tasks scheduled from follow-on schedule check
