[2025-08-03T05:10:59.005+0000] {taskinstance.py:1956} INFO - Dependencies all met for dep_context=non-requeueable deps ti=<TaskInstance: marine_data_etl_dag.thetao_etl.download_thetao manual__2025-08-03T05:10:24.968527+00:00 [queued]>
[2025-08-03T05:10:59.029+0000] {taskinstance.py:1956} INFO - Dependencies all met for dep_context=requeueable deps ti=<TaskInstance: marine_data_etl_dag.thetao_etl.download_thetao manual__2025-08-03T05:10:24.968527+00:00 [queued]>
[2025-08-03T05:10:59.030+0000] {taskinstance.py:2170} INFO - Starting attempt 1 of 1
[2025-08-03T05:10:59.053+0000] {taskinstance.py:2191} INFO - Executing <Task(PythonOperator): thetao_etl.download_thetao> on 2025-08-03 05:10:24.968527+00:00
[2025-08-03T05:10:59.061+0000] {standard_task_runner.py:60} INFO - Started process 351 to run task
[2025-08-03T05:10:59.069+0000] {standard_task_runner.py:87} INFO - Running: ['***', 'tasks', 'run', 'marine_data_etl_dag', 'thetao_etl.download_thetao', 'manual__2025-08-03T05:10:24.968527+00:00', '--job-id', '169', '--raw', '--subdir', 'DAGS_FOLDER/marine_data_etl_dag.py', '--cfg-path', '/tmp/tmpk5o1eggu']
[2025-08-03T05:10:59.074+0000] {standard_task_runner.py:88} INFO - Job 169: Subtask thetao_etl.download_thetao
[2025-08-03T05:10:59.208+0000] {task_command.py:423} INFO - Running <TaskInstance: marine_data_etl_dag.thetao_etl.download_thetao manual__2025-08-03T05:10:24.968527+00:00 [running]> on host 19821aecac76
[2025-08-03T05:10:59.576+0000] {taskinstance.py:2480} INFO - Exporting env vars: AIRFLOW_CTX_DAG_OWNER='***' AIRFLOW_CTX_DAG_ID='marine_data_etl_dag' AIRFLOW_CTX_TASK_ID='thetao_etl.download_thetao' AIRFLOW_CTX_EXECUTION_DATE='2025-08-03T05:10:24.968527+00:00' AIRFLOW_CTX_TRY_NUMBER='1' AIRFLOW_CTX_DAG_RUN_ID='manual__2025-08-03T05:10:24.968527+00:00'
[2025-08-03T05:10:59.582+0000] {deprecated_options.py:61} WARNING - 'force_download' has been deprecated.
[2025-08-03T05:11:00.261+0000] {credentials_utils.py:181} INFO - Downloading Copernicus Marine data requires a Copernicus Marine username and password, sign up for free at: https://data.marine.copernicus.eu/register
[2025-08-03T05:11:00.262+0000] {logging_mixin.py:188} INFO - Copernicus Marine username:
[2025-08-03T05:11:00.263+0000] {logging_mixin.py:188} INFO -  
[2025-08-03T05:11:00.264+0000] {logging_mixin.py:188} INFO - Abort
[2025-08-03T05:11:00.265+0000] {logging_mixin.py:188} INFO - ✅ Downloaded thetao: /opt/***/nc/thetao/rayong_1_thetao.nc
[2025-08-03T05:11:00.266+0000] {deprecated_options.py:61} WARNING - 'force_download' has been deprecated.
[2025-08-03T05:11:01.075+0000] {credentials_utils.py:181} INFO - Downloading Copernicus Marine data requires a Copernicus Marine username and password, sign up for free at: https://data.marine.copernicus.eu/register
[2025-08-03T05:11:01.077+0000] {logging_mixin.py:188} INFO - Copernicus Marine username:
[2025-08-03T05:11:01.078+0000] {logging_mixin.py:188} INFO -  
[2025-08-03T05:11:01.078+0000] {logging_mixin.py:188} INFO - Abort
[2025-08-03T05:11:01.079+0000] {logging_mixin.py:188} INFO - ✅ Downloaded thetao: /opt/***/nc/thetao/rayong_2_thetao.nc
[2025-08-03T05:11:01.080+0000] {deprecated_options.py:61} WARNING - 'force_download' has been deprecated.
[2025-08-03T05:11:01.751+0000] {credentials_utils.py:181} INFO - Downloading Copernicus Marine data requires a Copernicus Marine username and password, sign up for free at: https://data.marine.copernicus.eu/register
[2025-08-03T05:11:01.753+0000] {logging_mixin.py:188} INFO - Copernicus Marine username:
[2025-08-03T05:11:01.753+0000] {logging_mixin.py:188} INFO -  
[2025-08-03T05:11:01.754+0000] {logging_mixin.py:188} INFO - Abort
[2025-08-03T05:11:01.755+0000] {logging_mixin.py:188} INFO - ✅ Downloaded thetao: /opt/***/nc/thetao/chanthaburi_1_thetao.nc
[2025-08-03T05:11:01.756+0000] {deprecated_options.py:61} WARNING - 'force_download' has been deprecated.
[2025-08-03T05:11:02.435+0000] {credentials_utils.py:181} INFO - Downloading Copernicus Marine data requires a Copernicus Marine username and password, sign up for free at: https://data.marine.copernicus.eu/register
[2025-08-03T05:11:02.437+0000] {logging_mixin.py:188} INFO - Copernicus Marine username:
[2025-08-03T05:11:02.438+0000] {logging_mixin.py:188} INFO -  
[2025-08-03T05:11:02.439+0000] {logging_mixin.py:188} INFO - Abort
[2025-08-03T05:11:02.440+0000] {logging_mixin.py:188} INFO - ✅ Downloaded thetao: /opt/***/nc/thetao/trat_1_thetao.nc
[2025-08-03T05:11:02.441+0000] {python.py:201} INFO - Done. Returned value was: None
[2025-08-03T05:11:02.459+0000] {taskinstance.py:1138} INFO - Marking task as SUCCESS. dag_id=marine_data_etl_dag, task_id=thetao_etl.download_thetao, execution_date=20250803T051024, start_date=20250803T051059, end_date=20250803T051102
[2025-08-03T05:11:02.503+0000] {local_task_job_runner.py:234} INFO - Task exited with return code 0
[2025-08-03T05:11:02.560+0000] {taskinstance.py:3280} INFO - 1 downstream tasks scheduled from follow-on schedule check
