[2025-08-03T06:00:01.521+0000] {taskinstance.py:1956} INFO - Dependencies all met for dep_context=non-requeueable deps ti=<TaskInstance: marine_data_etl_dag.zooplankton_etl.download_zoo manual__2025-08-03T05:58:22+00:00 [queued]>
[2025-08-03T06:00:01.578+0000] {taskinstance.py:1956} INFO - Dependencies all met for dep_context=requeueable deps ti=<TaskInstance: marine_data_etl_dag.zooplankton_etl.download_zoo manual__2025-08-03T05:58:22+00:00 [queued]>
[2025-08-03T06:00:01.590+0000] {taskinstance.py:2170} INFO - Starting attempt 1 of 1
[2025-08-03T06:00:01.643+0000] {taskinstance.py:2191} INFO - Executing <Task(PythonOperator): zooplankton_etl.download_zoo> on 2025-08-03 05:58:22+00:00
[2025-08-03T06:00:01.655+0000] {standard_task_runner.py:60} INFO - Started process 242 to run task
[2025-08-03T06:00:01.663+0000] {standard_task_runner.py:87} INFO - Running: ['***', 'tasks', 'run', 'marine_data_etl_dag', 'zooplankton_etl.download_zoo', 'manual__2025-08-03T05:58:22+00:00', '--job-id', '209', '--raw', '--subdir', 'DAGS_FOLDER/marine_data_etl_dag.py', '--cfg-path', '/tmp/tmp1ss192uy']
[2025-08-03T06:00:01.675+0000] {standard_task_runner.py:88} INFO - Job 209: Subtask zooplankton_etl.download_zoo
[2025-08-03T06:00:01.807+0000] {task_command.py:423} INFO - Running <TaskInstance: marine_data_etl_dag.zooplankton_etl.download_zoo manual__2025-08-03T05:58:22+00:00 [running]> on host d870044d9b57
[2025-08-03T06:00:02.212+0000] {taskinstance.py:2480} INFO - Exporting env vars: AIRFLOW_CTX_DAG_OWNER='***' AIRFLOW_CTX_DAG_ID='marine_data_etl_dag' AIRFLOW_CTX_TASK_ID='zooplankton_etl.download_zoo' AIRFLOW_CTX_EXECUTION_DATE='2025-08-03T05:58:22+00:00' AIRFLOW_CTX_TRY_NUMBER='1' AIRFLOW_CTX_DAG_RUN_ID='manual__2025-08-03T05:58:22+00:00'
[2025-08-03T06:00:02.223+0000] {deprecated_options.py:61} WARNING - 'force_download' has been deprecated.
[2025-08-03T06:00:02.943+0000] {credentials_utils.py:181} INFO - Downloading Copernicus Marine data requires a Copernicus Marine username and password, sign up for free at: https://data.marine.copernicus.eu/register
[2025-08-03T06:00:02.946+0000] {logging_mixin.py:188} INFO - Copernicus Marine username:
[2025-08-03T06:00:02.947+0000] {logging_mixin.py:188} INFO -  
[2025-08-03T06:00:02.950+0000] {logging_mixin.py:188} INFO - Abort
[2025-08-03T06:00:02.952+0000] {logging_mixin.py:188} INFO - ✅ Downloaded zooplankton: /opt/***/nc/zooplankton/rayong_1_zooplankton.nc
[2025-08-03T06:00:02.953+0000] {deprecated_options.py:61} WARNING - 'force_download' has been deprecated.
[2025-08-03T06:00:03.640+0000] {credentials_utils.py:181} INFO - Downloading Copernicus Marine data requires a Copernicus Marine username and password, sign up for free at: https://data.marine.copernicus.eu/register
[2025-08-03T06:00:03.653+0000] {logging_mixin.py:188} INFO - Copernicus Marine username:
[2025-08-03T06:00:03.656+0000] {logging_mixin.py:188} INFO -  
[2025-08-03T06:00:03.657+0000] {logging_mixin.py:188} INFO - Abort
[2025-08-03T06:00:03.657+0000] {logging_mixin.py:188} INFO - ✅ Downloaded zooplankton: /opt/***/nc/zooplankton/rayong_2_zooplankton.nc
[2025-08-03T06:00:03.658+0000] {deprecated_options.py:61} WARNING - 'force_download' has been deprecated.
[2025-08-03T06:00:04.351+0000] {credentials_utils.py:181} INFO - Downloading Copernicus Marine data requires a Copernicus Marine username and password, sign up for free at: https://data.marine.copernicus.eu/register
[2025-08-03T06:00:04.353+0000] {logging_mixin.py:188} INFO - Copernicus Marine username:
[2025-08-03T06:00:04.354+0000] {logging_mixin.py:188} INFO -  
[2025-08-03T06:00:04.355+0000] {logging_mixin.py:188} INFO - Abort
[2025-08-03T06:00:04.356+0000] {logging_mixin.py:188} INFO - ✅ Downloaded zooplankton: /opt/***/nc/zooplankton/chanthaburi_1_zooplankton.nc
[2025-08-03T06:00:04.356+0000] {deprecated_options.py:61} WARNING - 'force_download' has been deprecated.
[2025-08-03T06:00:05.013+0000] {credentials_utils.py:181} INFO - Downloading Copernicus Marine data requires a Copernicus Marine username and password, sign up for free at: https://data.marine.copernicus.eu/register
[2025-08-03T06:00:05.015+0000] {logging_mixin.py:188} INFO - Copernicus Marine username:
[2025-08-03T06:00:05.016+0000] {logging_mixin.py:188} INFO -  
[2025-08-03T06:00:05.017+0000] {logging_mixin.py:188} INFO - Abort
[2025-08-03T06:00:05.019+0000] {logging_mixin.py:188} INFO - ✅ Downloaded zooplankton: /opt/***/nc/zooplankton/trat_1_zooplankton.nc
[2025-08-03T06:00:05.020+0000] {python.py:201} INFO - Done. Returned value was: None
[2025-08-03T06:00:05.038+0000] {taskinstance.py:1138} INFO - Marking task as SUCCESS. dag_id=marine_data_etl_dag, task_id=zooplankton_etl.download_zoo, execution_date=20250803T055822, start_date=20250803T060001, end_date=20250803T060005
[2025-08-03T06:00:05.070+0000] {local_task_job_runner.py:234} INFO - Task exited with return code 0
[2025-08-03T06:00:05.147+0000] {taskinstance.py:3280} INFO - 1 downstream tasks scheduled from follow-on schedule check
