[2025-08-02T13:46:51.697+0000] {taskinstance.py:1956} INFO - Dependencies all met for dep_context=non-requeueable deps ti=<TaskInstance: marine_data_etl_dag.so_etl.download_so manual__2025-08-02T13:45:40.254150+00:00 [queued]>
[2025-08-02T13:46:51.712+0000] {taskinstance.py:1956} INFO - Dependencies all met for dep_context=requeueable deps ti=<TaskInstance: marine_data_etl_dag.so_etl.download_so manual__2025-08-02T13:45:40.254150+00:00 [queued]>
[2025-08-02T13:46:51.713+0000] {taskinstance.py:2170} INFO - Starting attempt 1 of 1
[2025-08-02T13:46:51.739+0000] {taskinstance.py:2191} INFO - Executing <Task(PythonOperator): so_etl.download_so> on 2025-08-02 13:45:40.254150+00:00
[2025-08-02T13:46:51.747+0000] {standard_task_runner.py:60} INFO - Started process 652 to run task
[2025-08-02T13:46:51.753+0000] {standard_task_runner.py:87} INFO - Running: ['***', 'tasks', 'run', 'marine_data_etl_dag', 'so_etl.download_so', 'manual__2025-08-02T13:45:40.254150+00:00', '--job-id', '120', '--raw', '--subdir', 'DAGS_FOLDER/marine_data_etl_dag.py', '--cfg-path', '/tmp/tmp8wkgajc_']
[2025-08-02T13:46:51.760+0000] {standard_task_runner.py:88} INFO - Job 120: Subtask so_etl.download_so
[2025-08-02T13:46:51.840+0000] {task_command.py:423} INFO - Running <TaskInstance: marine_data_etl_dag.so_etl.download_so manual__2025-08-02T13:45:40.254150+00:00 [running]> on host 19821aecac76
[2025-08-02T13:46:52.179+0000] {taskinstance.py:2480} INFO - Exporting env vars: AIRFLOW_CTX_DAG_OWNER='***' AIRFLOW_CTX_DAG_ID='marine_data_etl_dag' AIRFLOW_CTX_TASK_ID='so_etl.download_so' AIRFLOW_CTX_EXECUTION_DATE='2025-08-02T13:45:40.254150+00:00' AIRFLOW_CTX_TRY_NUMBER='1' AIRFLOW_CTX_DAG_RUN_ID='manual__2025-08-02T13:45:40.254150+00:00'
[2025-08-02T13:46:52.185+0000] {deprecated_options.py:61} WARNING - 'force_download' has been deprecated.
[2025-08-02T13:46:52.911+0000] {credentials_utils.py:181} INFO - Downloading Copernicus Marine data requires a Copernicus Marine username and password, sign up for free at: https://data.marine.copernicus.eu/register
[2025-08-02T13:46:52.913+0000] {logging_mixin.py:188} INFO - Copernicus Marine username:
[2025-08-02T13:46:52.914+0000] {logging_mixin.py:188} INFO -  
[2025-08-02T13:46:52.915+0000] {logging_mixin.py:188} INFO - Abort
[2025-08-02T13:46:52.916+0000] {logging_mixin.py:188} INFO - ✅ Downloaded salinity: /opt/***/nc/salinity/rayong_1_salinity.nc
[2025-08-02T13:46:52.917+0000] {deprecated_options.py:61} WARNING - 'force_download' has been deprecated.
[2025-08-02T13:46:53.578+0000] {credentials_utils.py:181} INFO - Downloading Copernicus Marine data requires a Copernicus Marine username and password, sign up for free at: https://data.marine.copernicus.eu/register
[2025-08-02T13:46:53.579+0000] {logging_mixin.py:188} INFO - Copernicus Marine username:
[2025-08-02T13:46:53.581+0000] {logging_mixin.py:188} INFO -  
[2025-08-02T13:46:53.582+0000] {logging_mixin.py:188} INFO - Abort
[2025-08-02T13:46:53.582+0000] {logging_mixin.py:188} INFO - ✅ Downloaded salinity: /opt/***/nc/salinity/rayong_2_salinity.nc
[2025-08-02T13:46:53.583+0000] {deprecated_options.py:61} WARNING - 'force_download' has been deprecated.
[2025-08-02T13:46:54.237+0000] {credentials_utils.py:181} INFO - Downloading Copernicus Marine data requires a Copernicus Marine username and password, sign up for free at: https://data.marine.copernicus.eu/register
[2025-08-02T13:46:54.238+0000] {logging_mixin.py:188} INFO - Copernicus Marine username:
[2025-08-02T13:46:54.239+0000] {logging_mixin.py:188} INFO -  
[2025-08-02T13:46:54.239+0000] {logging_mixin.py:188} INFO - Abort
[2025-08-02T13:46:54.240+0000] {logging_mixin.py:188} INFO - ✅ Downloaded salinity: /opt/***/nc/salinity/chanthaburi_1_salinity.nc
[2025-08-02T13:46:54.241+0000] {deprecated_options.py:61} WARNING - 'force_download' has been deprecated.
[2025-08-02T13:46:54.905+0000] {credentials_utils.py:181} INFO - Downloading Copernicus Marine data requires a Copernicus Marine username and password, sign up for free at: https://data.marine.copernicus.eu/register
[2025-08-02T13:46:54.906+0000] {logging_mixin.py:188} INFO - Copernicus Marine username:
[2025-08-02T13:46:54.907+0000] {logging_mixin.py:188} INFO -  
[2025-08-02T13:46:54.908+0000] {logging_mixin.py:188} INFO - Abort
[2025-08-02T13:46:54.909+0000] {logging_mixin.py:188} INFO - ✅ Downloaded salinity: /opt/***/nc/salinity/trat_1_salinity.nc
[2025-08-02T13:46:54.910+0000] {python.py:201} INFO - Done. Returned value was: None
[2025-08-02T13:46:54.926+0000] {taskinstance.py:1138} INFO - Marking task as SUCCESS. dag_id=marine_data_etl_dag, task_id=so_etl.download_so, execution_date=20250802T134540, start_date=20250802T134651, end_date=20250802T134654
[2025-08-02T13:46:54.982+0000] {local_task_job_runner.py:234} INFO - Task exited with return code 0
[2025-08-02T13:46:55.034+0000] {taskinstance.py:3280} INFO - 1 downstream tasks scheduled from follow-on schedule check
