[2025-08-02T13:27:43.488+0000] {taskinstance.py:1956} INFO - Dependencies all met for dep_context=non-requeueable deps ti=<TaskInstance: marine_data_etl_dag.so_etl.download_so manual__2025-08-02T13:26:38.090117+00:00 [queued]>
[2025-08-02T13:27:43.502+0000] {taskinstance.py:1956} INFO - Dependencies all met for dep_context=requeueable deps ti=<TaskInstance: marine_data_etl_dag.so_etl.download_so manual__2025-08-02T13:26:38.090117+00:00 [queued]>
[2025-08-02T13:27:43.503+0000] {taskinstance.py:2170} INFO - Starting attempt 1 of 1
[2025-08-02T13:27:43.525+0000] {taskinstance.py:2191} INFO - Executing <Task(PythonOperator): so_etl.download_so> on 2025-08-02 13:26:38.090117+00:00
[2025-08-02T13:27:43.531+0000] {standard_task_runner.py:60} INFO - Started process 448 to run task
[2025-08-02T13:27:43.537+0000] {standard_task_runner.py:87} INFO - Running: ['***', 'tasks', 'run', 'marine_data_etl_dag', 'so_etl.download_so', 'manual__2025-08-02T13:26:38.090117+00:00', '--job-id', '101', '--raw', '--subdir', 'DAGS_FOLDER/marine_data_etl_dag.py', '--cfg-path', '/tmp/tmpirvm6mdc']
[2025-08-02T13:27:43.542+0000] {standard_task_runner.py:88} INFO - Job 101: Subtask so_etl.download_so
[2025-08-02T13:27:43.613+0000] {task_command.py:423} INFO - Running <TaskInstance: marine_data_etl_dag.so_etl.download_so manual__2025-08-02T13:26:38.090117+00:00 [running]> on host 19821aecac76
[2025-08-02T13:27:43.933+0000] {taskinstance.py:2480} INFO - Exporting env vars: AIRFLOW_CTX_DAG_OWNER='***' AIRFLOW_CTX_DAG_ID='marine_data_etl_dag' AIRFLOW_CTX_TASK_ID='so_etl.download_so' AIRFLOW_CTX_EXECUTION_DATE='2025-08-02T13:26:38.090117+00:00' AIRFLOW_CTX_TRY_NUMBER='1' AIRFLOW_CTX_DAG_RUN_ID='manual__2025-08-02T13:26:38.090117+00:00'
[2025-08-02T13:27:43.943+0000] {deprecated_options.py:61} WARNING - 'force_download' has been deprecated.
[2025-08-02T13:27:44.653+0000] {credentials_utils.py:181} INFO - Downloading Copernicus Marine data requires a Copernicus Marine username and password, sign up for free at: https://data.marine.copernicus.eu/register
[2025-08-02T13:27:44.656+0000] {logging_mixin.py:188} INFO - Copernicus Marine username:
[2025-08-02T13:27:44.657+0000] {logging_mixin.py:188} INFO -  
[2025-08-02T13:27:44.658+0000] {logging_mixin.py:188} INFO - Abort
[2025-08-02T13:27:44.659+0000] {logging_mixin.py:188} INFO - ✅ Downloaded salinity: /opt/***/nc/salinity/rayong_1_salinity.nc
[2025-08-02T13:27:44.661+0000] {deprecated_options.py:61} WARNING - 'force_download' has been deprecated.
[2025-08-02T13:27:45.357+0000] {credentials_utils.py:181} INFO - Downloading Copernicus Marine data requires a Copernicus Marine username and password, sign up for free at: https://data.marine.copernicus.eu/register
[2025-08-02T13:27:45.358+0000] {logging_mixin.py:188} INFO - Copernicus Marine username:
[2025-08-02T13:27:45.360+0000] {logging_mixin.py:188} INFO -  
[2025-08-02T13:27:45.361+0000] {logging_mixin.py:188} INFO - Abort
[2025-08-02T13:27:45.362+0000] {logging_mixin.py:188} INFO - ✅ Downloaded salinity: /opt/***/nc/salinity/rayong_2_salinity.nc
[2025-08-02T13:27:45.363+0000] {deprecated_options.py:61} WARNING - 'force_download' has been deprecated.
[2025-08-02T13:27:46.010+0000] {credentials_utils.py:181} INFO - Downloading Copernicus Marine data requires a Copernicus Marine username and password, sign up for free at: https://data.marine.copernicus.eu/register
[2025-08-02T13:27:46.011+0000] {logging_mixin.py:188} INFO - Copernicus Marine username:
[2025-08-02T13:27:46.012+0000] {logging_mixin.py:188} INFO -  
[2025-08-02T13:27:46.013+0000] {logging_mixin.py:188} INFO - Abort
[2025-08-02T13:27:46.014+0000] {logging_mixin.py:188} INFO - ✅ Downloaded salinity: /opt/***/nc/salinity/chanthaburi_1_salinity.nc
[2025-08-02T13:27:46.015+0000] {deprecated_options.py:61} WARNING - 'force_download' has been deprecated.
[2025-08-02T13:27:46.697+0000] {credentials_utils.py:181} INFO - Downloading Copernicus Marine data requires a Copernicus Marine username and password, sign up for free at: https://data.marine.copernicus.eu/register
[2025-08-02T13:27:46.698+0000] {logging_mixin.py:188} INFO - Copernicus Marine username:
[2025-08-02T13:27:46.699+0000] {logging_mixin.py:188} INFO -  
[2025-08-02T13:27:46.700+0000] {logging_mixin.py:188} INFO - Abort
[2025-08-02T13:27:46.700+0000] {logging_mixin.py:188} INFO - ✅ Downloaded salinity: /opt/***/nc/salinity/trat_1_salinity.nc
[2025-08-02T13:27:46.701+0000] {python.py:201} INFO - Done. Returned value was: None
[2025-08-02T13:27:46.717+0000] {taskinstance.py:1138} INFO - Marking task as SUCCESS. dag_id=marine_data_etl_dag, task_id=so_etl.download_so, execution_date=20250802T132638, start_date=20250802T132743, end_date=20250802T132746
[2025-08-02T13:27:46.770+0000] {local_task_job_runner.py:234} INFO - Task exited with return code 0
[2025-08-02T13:27:46.824+0000] {taskinstance.py:3280} INFO - 1 downstream tasks scheduled from follow-on schedule check
