[2025-08-02T13:46:08.800+0000] {taskinstance.py:1956} INFO - Dependencies all met for dep_context=non-requeueable deps ti=<TaskInstance: marine_data_etl_dag.sst_etl.download_sst manual__2025-08-02T13:45:40.254150+00:00 [queued]>
[2025-08-02T13:46:08.814+0000] {taskinstance.py:1956} INFO - Dependencies all met for dep_context=requeueable deps ti=<TaskInstance: marine_data_etl_dag.sst_etl.download_sst manual__2025-08-02T13:45:40.254150+00:00 [queued]>
[2025-08-02T13:46:08.815+0000] {taskinstance.py:2170} INFO - Starting attempt 1 of 1
[2025-08-02T13:46:08.834+0000] {taskinstance.py:2191} INFO - Executing <Task(PythonOperator): sst_etl.download_sst> on 2025-08-02 13:45:40.254150+00:00
[2025-08-02T13:46:08.842+0000] {standard_task_runner.py:60} INFO - Started process 624 to run task
[2025-08-02T13:46:08.847+0000] {standard_task_runner.py:87} INFO - Running: ['***', 'tasks', 'run', 'marine_data_etl_dag', 'sst_etl.download_sst', 'manual__2025-08-02T13:45:40.254150+00:00', '--job-id', '116', '--raw', '--subdir', 'DAGS_FOLDER/marine_data_etl_dag.py', '--cfg-path', '/tmp/tmpwrw8gdfd']
[2025-08-02T13:46:08.852+0000] {standard_task_runner.py:88} INFO - Job 116: Subtask sst_etl.download_sst
[2025-08-02T13:46:08.927+0000] {task_command.py:423} INFO - Running <TaskInstance: marine_data_etl_dag.sst_etl.download_sst manual__2025-08-02T13:45:40.254150+00:00 [running]> on host 19821aecac76
[2025-08-02T13:46:09.334+0000] {taskinstance.py:2480} INFO - Exporting env vars: AIRFLOW_CTX_DAG_OWNER='***' AIRFLOW_CTX_DAG_ID='marine_data_etl_dag' AIRFLOW_CTX_TASK_ID='sst_etl.download_sst' AIRFLOW_CTX_EXECUTION_DATE='2025-08-02T13:45:40.254150+00:00' AIRFLOW_CTX_TRY_NUMBER='1' AIRFLOW_CTX_DAG_RUN_ID='manual__2025-08-02T13:45:40.254150+00:00'
[2025-08-02T13:46:09.345+0000] {deprecated_options.py:61} WARNING - 'force_download' has been deprecated.
[2025-08-02T13:46:10.047+0000] {credentials_utils.py:181} INFO - Downloading Copernicus Marine data requires a Copernicus Marine username and password, sign up for free at: https://data.marine.copernicus.eu/register
[2025-08-02T13:46:10.049+0000] {logging_mixin.py:188} INFO - Copernicus Marine username:
[2025-08-02T13:46:10.050+0000] {logging_mixin.py:188} INFO -  
[2025-08-02T13:46:10.051+0000] {logging_mixin.py:188} INFO - Abort
[2025-08-02T13:46:10.053+0000] {logging_mixin.py:188} INFO - ✅ Downloaded SST: /opt/***/nc/sst/rayong_1_sst.nc
[2025-08-02T13:46:10.054+0000] {deprecated_options.py:61} WARNING - 'force_download' has been deprecated.
[2025-08-02T13:46:10.700+0000] {credentials_utils.py:181} INFO - Downloading Copernicus Marine data requires a Copernicus Marine username and password, sign up for free at: https://data.marine.copernicus.eu/register
[2025-08-02T13:46:10.701+0000] {logging_mixin.py:188} INFO - Copernicus Marine username:
[2025-08-02T13:46:10.702+0000] {logging_mixin.py:188} INFO -  
[2025-08-02T13:46:10.703+0000] {logging_mixin.py:188} INFO - Abort
[2025-08-02T13:46:10.704+0000] {logging_mixin.py:188} INFO - ✅ Downloaded SST: /opt/***/nc/sst/rayong_2_sst.nc
[2025-08-02T13:46:10.706+0000] {deprecated_options.py:61} WARNING - 'force_download' has been deprecated.
[2025-08-02T13:46:11.367+0000] {credentials_utils.py:181} INFO - Downloading Copernicus Marine data requires a Copernicus Marine username and password, sign up for free at: https://data.marine.copernicus.eu/register
[2025-08-02T13:46:11.369+0000] {logging_mixin.py:188} INFO - Copernicus Marine username:
[2025-08-02T13:46:11.370+0000] {logging_mixin.py:188} INFO -  
[2025-08-02T13:46:11.371+0000] {logging_mixin.py:188} INFO - Abort
[2025-08-02T13:46:11.374+0000] {logging_mixin.py:188} INFO - ✅ Downloaded SST: /opt/***/nc/sst/chanthaburi_1_sst.nc
[2025-08-02T13:46:11.375+0000] {deprecated_options.py:61} WARNING - 'force_download' has been deprecated.
[2025-08-02T13:46:12.050+0000] {credentials_utils.py:181} INFO - Downloading Copernicus Marine data requires a Copernicus Marine username and password, sign up for free at: https://data.marine.copernicus.eu/register
[2025-08-02T13:46:12.051+0000] {logging_mixin.py:188} INFO - Copernicus Marine username:
[2025-08-02T13:46:12.052+0000] {logging_mixin.py:188} INFO -  
[2025-08-02T13:46:12.053+0000] {logging_mixin.py:188} INFO - Abort
[2025-08-02T13:46:12.054+0000] {logging_mixin.py:188} INFO - ✅ Downloaded SST: /opt/***/nc/sst/trat_1_sst.nc
[2025-08-02T13:46:12.055+0000] {python.py:201} INFO - Done. Returned value was: None
[2025-08-02T13:46:12.072+0000] {taskinstance.py:1138} INFO - Marking task as SUCCESS. dag_id=marine_data_etl_dag, task_id=sst_etl.download_sst, execution_date=20250802T134540, start_date=20250802T134608, end_date=20250802T134612
[2025-08-02T13:46:12.118+0000] {local_task_job_runner.py:234} INFO - Task exited with return code 0
[2025-08-02T13:46:12.163+0000] {taskinstance.py:3280} INFO - 1 downstream tasks scheduled from follow-on schedule check
