[2025-08-02T13:26:55.132+0000] {taskinstance.py:1956} INFO - Dependencies all met for dep_context=non-requeueable deps ti=<TaskInstance: marine_data_etl_dag.sst_etl.download_sst manual__2025-08-02T13:26:38.090117+00:00 [queued]>
[2025-08-02T13:26:55.144+0000] {taskinstance.py:1956} INFO - Dependencies all met for dep_context=requeueable deps ti=<TaskInstance: marine_data_etl_dag.sst_etl.download_sst manual__2025-08-02T13:26:38.090117+00:00 [queued]>
[2025-08-02T13:26:55.145+0000] {taskinstance.py:2170} INFO - Starting attempt 1 of 1
[2025-08-02T13:26:55.164+0000] {taskinstance.py:2191} INFO - Executing <Task(PythonOperator): sst_etl.download_sst> on 2025-08-02 13:26:38.090117+00:00
[2025-08-02T13:26:55.170+0000] {standard_task_runner.py:60} INFO - Started process 416 to run task
[2025-08-02T13:26:55.177+0000] {standard_task_runner.py:87} INFO - Running: ['***', 'tasks', 'run', 'marine_data_etl_dag', 'sst_etl.download_sst', 'manual__2025-08-02T13:26:38.090117+00:00', '--job-id', '96', '--raw', '--subdir', 'DAGS_FOLDER/marine_data_etl_dag.py', '--cfg-path', '/tmp/tmpupv0g0od']
[2025-08-02T13:26:55.182+0000] {standard_task_runner.py:88} INFO - Job 96: Subtask sst_etl.download_sst
[2025-08-02T13:26:55.249+0000] {task_command.py:423} INFO - Running <TaskInstance: marine_data_etl_dag.sst_etl.download_sst manual__2025-08-02T13:26:38.090117+00:00 [running]> on host 19821aecac76
[2025-08-02T13:26:55.634+0000] {taskinstance.py:2480} INFO - Exporting env vars: AIRFLOW_CTX_DAG_OWNER='***' AIRFLOW_CTX_DAG_ID='marine_data_etl_dag' AIRFLOW_CTX_TASK_ID='sst_etl.download_sst' AIRFLOW_CTX_EXECUTION_DATE='2025-08-02T13:26:38.090117+00:00' AIRFLOW_CTX_TRY_NUMBER='1' AIRFLOW_CTX_DAG_RUN_ID='manual__2025-08-02T13:26:38.090117+00:00'
[2025-08-02T13:26:55.640+0000] {deprecated_options.py:61} WARNING - 'force_download' has been deprecated.
[2025-08-02T13:26:56.382+0000] {credentials_utils.py:181} INFO - Downloading Copernicus Marine data requires a Copernicus Marine username and password, sign up for free at: https://data.marine.copernicus.eu/register
[2025-08-02T13:26:56.387+0000] {logging_mixin.py:188} INFO - Copernicus Marine username:
[2025-08-02T13:26:56.398+0000] {logging_mixin.py:188} INFO -  
[2025-08-02T13:26:56.402+0000] {logging_mixin.py:188} INFO - Abort
[2025-08-02T13:26:56.405+0000] {logging_mixin.py:188} INFO - ✅ Downloaded SST: /opt/***/nc/sst/rayong_1_sst.nc
[2025-08-02T13:26:56.408+0000] {deprecated_options.py:61} WARNING - 'force_download' has been deprecated.
[2025-08-02T13:26:57.080+0000] {credentials_utils.py:181} INFO - Downloading Copernicus Marine data requires a Copernicus Marine username and password, sign up for free at: https://data.marine.copernicus.eu/register
[2025-08-02T13:26:57.088+0000] {logging_mixin.py:188} INFO - Copernicus Marine username:
[2025-08-02T13:26:57.089+0000] {logging_mixin.py:188} INFO -  
[2025-08-02T13:26:57.090+0000] {logging_mixin.py:188} INFO - Abort
[2025-08-02T13:26:57.091+0000] {logging_mixin.py:188} INFO - ✅ Downloaded SST: /opt/***/nc/sst/rayong_2_sst.nc
[2025-08-02T13:26:57.092+0000] {deprecated_options.py:61} WARNING - 'force_download' has been deprecated.
[2025-08-02T13:26:57.777+0000] {credentials_utils.py:181} INFO - Downloading Copernicus Marine data requires a Copernicus Marine username and password, sign up for free at: https://data.marine.copernicus.eu/register
[2025-08-02T13:26:57.778+0000] {logging_mixin.py:188} INFO - Copernicus Marine username:
[2025-08-02T13:26:57.779+0000] {logging_mixin.py:188} INFO -  
[2025-08-02T13:26:57.780+0000] {logging_mixin.py:188} INFO - Abort
[2025-08-02T13:26:57.781+0000] {logging_mixin.py:188} INFO - ✅ Downloaded SST: /opt/***/nc/sst/chanthaburi_1_sst.nc
[2025-08-02T13:26:57.782+0000] {deprecated_options.py:61} WARNING - 'force_download' has been deprecated.
[2025-08-02T13:26:58.455+0000] {credentials_utils.py:181} INFO - Downloading Copernicus Marine data requires a Copernicus Marine username and password, sign up for free at: https://data.marine.copernicus.eu/register
[2025-08-02T13:26:58.456+0000] {logging_mixin.py:188} INFO - Copernicus Marine username:
[2025-08-02T13:26:58.458+0000] {logging_mixin.py:188} INFO -  
[2025-08-02T13:26:58.461+0000] {logging_mixin.py:188} INFO - Abort
[2025-08-02T13:26:58.463+0000] {logging_mixin.py:188} INFO - ✅ Downloaded SST: /opt/***/nc/sst/trat_1_sst.nc
[2025-08-02T13:26:58.465+0000] {python.py:201} INFO - Done. Returned value was: None
[2025-08-02T13:26:58.486+0000] {taskinstance.py:1138} INFO - Marking task as SUCCESS. dag_id=marine_data_etl_dag, task_id=sst_etl.download_sst, execution_date=20250802T132638, start_date=20250802T132655, end_date=20250802T132658
[2025-08-02T13:26:58.528+0000] {local_task_job_runner.py:234} INFO - Task exited with return code 0
[2025-08-02T13:26:58.595+0000] {taskinstance.py:3280} INFO - 1 downstream tasks scheduled from follow-on schedule check
