[2025-08-02T12:21:18.527+0000] {taskinstance.py:1956} INFO - Dependencies all met for dep_context=non-requeueable deps ti=<TaskInstance: marine_data_etl_dag.current_etl.download_current manual__2025-08-02T12:20:35.691377+00:00 [queued]>
[2025-08-02T12:21:18.539+0000] {taskinstance.py:1956} INFO - Dependencies all met for dep_context=requeueable deps ti=<TaskInstance: marine_data_etl_dag.current_etl.download_current manual__2025-08-02T12:20:35.691377+00:00 [queued]>
[2025-08-02T12:21:18.540+0000] {taskinstance.py:2170} INFO - Starting attempt 1 of 1
[2025-08-02T12:21:18.561+0000] {taskinstance.py:2191} INFO - Executing <Task(PythonOperator): current_etl.download_current> on 2025-08-02 12:20:35.691377+00:00
[2025-08-02T12:21:18.566+0000] {standard_task_runner.py:60} INFO - Started process 90 to run task
[2025-08-02T12:21:18.573+0000] {standard_task_runner.py:87} INFO - Running: ['***', 'tasks', 'run', 'marine_data_etl_dag', 'current_etl.download_current', 'manual__2025-08-02T12:20:35.691377+00:00', '--job-id', '24', '--raw', '--subdir', 'DAGS_FOLDER/marine_data_etl_dag.py', '--cfg-path', '/tmp/tmp_bcealj1']
[2025-08-02T12:21:18.578+0000] {standard_task_runner.py:88} INFO - Job 24: Subtask current_etl.download_current
[2025-08-02T12:21:18.648+0000] {task_command.py:423} INFO - Running <TaskInstance: marine_data_etl_dag.current_etl.download_current manual__2025-08-02T12:20:35.691377+00:00 [running]> on host c4cf8a44ca97
[2025-08-02T12:21:19.012+0000] {taskinstance.py:2480} INFO - Exporting env vars: AIRFLOW_CTX_DAG_OWNER='***' AIRFLOW_CTX_DAG_ID='marine_data_etl_dag' AIRFLOW_CTX_TASK_ID='current_etl.download_current' AIRFLOW_CTX_EXECUTION_DATE='2025-08-02T12:20:35.691377+00:00' AIRFLOW_CTX_TRY_NUMBER='1' AIRFLOW_CTX_DAG_RUN_ID='manual__2025-08-02T12:20:35.691377+00:00'
[2025-08-02T12:21:19.016+0000] {deprecated_options.py:61} WARNING - 'force_download' has been deprecated.
[2025-08-02T12:21:19.707+0000] {credentials_utils.py:181} INFO - Downloading Copernicus Marine data requires a Copernicus Marine username and password, sign up for free at: https://data.marine.copernicus.eu/register
[2025-08-02T12:21:19.710+0000] {logging_mixin.py:188} INFO - Copernicus Marine username:
[2025-08-02T12:21:19.712+0000] {logging_mixin.py:188} INFO -  
[2025-08-02T12:21:19.713+0000] {logging_mixin.py:188} INFO - Abort
[2025-08-02T12:21:19.714+0000] {logging_mixin.py:188} INFO - ✅ Downloaded current: /opt/***/csv/current/rayong_1_current.nc
[2025-08-02T12:21:19.715+0000] {deprecated_options.py:61} WARNING - 'force_download' has been deprecated.
[2025-08-02T12:21:20.514+0000] {credentials_utils.py:181} INFO - Downloading Copernicus Marine data requires a Copernicus Marine username and password, sign up for free at: https://data.marine.copernicus.eu/register
[2025-08-02T12:21:20.515+0000] {logging_mixin.py:188} INFO - Copernicus Marine username:
[2025-08-02T12:21:20.516+0000] {logging_mixin.py:188} INFO -  
[2025-08-02T12:21:20.517+0000] {logging_mixin.py:188} INFO - Abort
[2025-08-02T12:21:20.518+0000] {logging_mixin.py:188} INFO - ✅ Downloaded current: /opt/***/csv/current/rayong_2_current.nc
[2025-08-02T12:21:20.518+0000] {deprecated_options.py:61} WARNING - 'force_download' has been deprecated.
[2025-08-02T12:21:21.166+0000] {credentials_utils.py:181} INFO - Downloading Copernicus Marine data requires a Copernicus Marine username and password, sign up for free at: https://data.marine.copernicus.eu/register
[2025-08-02T12:21:21.167+0000] {logging_mixin.py:188} INFO - Copernicus Marine username:
[2025-08-02T12:21:21.168+0000] {logging_mixin.py:188} INFO -  
[2025-08-02T12:21:21.169+0000] {logging_mixin.py:188} INFO - Abort
[2025-08-02T12:21:21.170+0000] {logging_mixin.py:188} INFO - ✅ Downloaded current: /opt/***/csv/current/chanthaburi_1_current.nc
[2025-08-02T12:21:21.171+0000] {deprecated_options.py:61} WARNING - 'force_download' has been deprecated.
[2025-08-02T12:21:21.846+0000] {credentials_utils.py:181} INFO - Downloading Copernicus Marine data requires a Copernicus Marine username and password, sign up for free at: https://data.marine.copernicus.eu/register
[2025-08-02T12:21:21.848+0000] {logging_mixin.py:188} INFO - Copernicus Marine username:
[2025-08-02T12:21:21.849+0000] {logging_mixin.py:188} INFO -  
[2025-08-02T12:21:21.850+0000] {logging_mixin.py:188} INFO - Abort
[2025-08-02T12:21:21.851+0000] {logging_mixin.py:188} INFO - ✅ Downloaded current: /opt/***/csv/current/trat_1_current.nc
[2025-08-02T12:21:21.852+0000] {python.py:201} INFO - Done. Returned value was: None
[2025-08-02T12:21:21.867+0000] {taskinstance.py:1138} INFO - Marking task as SUCCESS. dag_id=marine_data_etl_dag, task_id=current_etl.download_current, execution_date=20250802T122035, start_date=20250802T122118, end_date=20250802T122121
[2025-08-02T12:21:21.930+0000] {local_task_job_runner.py:234} INFO - Task exited with return code 0
[2025-08-02T12:21:21.977+0000] {taskinstance.py:3280} INFO - 1 downstream tasks scheduled from follow-on schedule check
