[2025-08-03T11:10:06.362+0000] {taskinstance.py:1956} INFO - Dependencies all met for dep_context=non-requeueable deps ti=<TaskInstance: marine_data_etl_dag.sst_etl.download_sst manual__2025-08-03T11:09:53+00:00 [queued]>
[2025-08-03T11:10:06.374+0000] {taskinstance.py:1956} INFO - Dependencies all met for dep_context=requeueable deps ti=<TaskInstance: marine_data_etl_dag.sst_etl.download_sst manual__2025-08-03T11:09:53+00:00 [queued]>
[2025-08-03T11:10:06.375+0000] {taskinstance.py:2170} INFO - Starting attempt 1 of 1
[2025-08-03T11:10:06.394+0000] {taskinstance.py:2191} INFO - Executing <Task(PythonOperator): sst_etl.download_sst> on 2025-08-03 11:09:53+00:00
[2025-08-03T11:10:06.399+0000] {standard_task_runner.py:60} INFO - Started process 80 to run task
[2025-08-03T11:10:06.405+0000] {standard_task_runner.py:87} INFO - Running: ['***', 'tasks', 'run', 'marine_data_etl_dag', 'sst_etl.download_sst', 'manual__2025-08-03T11:09:53+00:00', '--job-id', '258', '--raw', '--subdir', 'DAGS_FOLDER/marine_data_etl_dag.py', '--cfg-path', '/tmp/tmp2j6ogse0']
[2025-08-03T11:10:06.410+0000] {standard_task_runner.py:88} INFO - Job 258: Subtask sst_etl.download_sst
[2025-08-03T11:10:06.474+0000] {task_command.py:423} INFO - Running <TaskInstance: marine_data_etl_dag.sst_etl.download_sst manual__2025-08-03T11:09:53+00:00 [running]> on host fce0ae18e39f
[2025-08-03T11:10:06.763+0000] {taskinstance.py:2480} INFO - Exporting env vars: AIRFLOW_CTX_DAG_OWNER='***' AIRFLOW_CTX_DAG_ID='marine_data_etl_dag' AIRFLOW_CTX_TASK_ID='sst_etl.download_sst' AIRFLOW_CTX_EXECUTION_DATE='2025-08-03T11:09:53+00:00' AIRFLOW_CTX_TRY_NUMBER='1' AIRFLOW_CTX_DAG_RUN_ID='manual__2025-08-03T11:09:53+00:00'
[2025-08-03T11:10:06.769+0000] {deprecated_options.py:61} WARNING - 'force_download' has been deprecated.
[2025-08-03T11:10:10.857+0000] {services_utils.py:262} INFO - Selected dataset version: "202303"
[2025-08-03T11:10:10.859+0000] {services_utils.py:286} INFO - Selected dataset part: "default"
[2025-08-03T11:10:10.862+0000] {subset_xarray.py:832} WARNING - Some of your subset selection [2022-06-01 00:00:00+00:00, 2025-08-03 00:00:00+00:00] for the time dimension exceed the dataset coordinates [2021-01-01 00:00:00+00:00, 2025-08-02 00:00:00+00:00]
[2025-08-03T11:10:14.863+0000] {download_zarr.py:169} INFO - Starting download. Please wait...
[2025-08-03T11:10:19.100+0000] {download_zarr.py:185} INFO - Successfully downloaded to /opt/***/nc/sst/rayong_1_sst.nc
[2025-08-03T11:10:19.101+0000] {logging_mixin.py:188} INFO - ✅ Downloaded SST: /opt/***/nc/sst/rayong_1_sst.nc
[2025-08-03T11:10:19.103+0000] {deprecated_options.py:61} WARNING - 'force_download' has been deprecated.
[2025-08-03T11:10:22.748+0000] {services_utils.py:262} INFO - Selected dataset version: "202303"
[2025-08-03T11:10:22.759+0000] {services_utils.py:286} INFO - Selected dataset part: "default"
[2025-08-03T11:10:22.776+0000] {subset_xarray.py:832} WARNING - Some of your subset selection [2022-06-01 00:00:00+00:00, 2025-08-03 00:00:00+00:00] for the time dimension exceed the dataset coordinates [2021-01-01 00:00:00+00:00, 2025-08-02 00:00:00+00:00]
[2025-08-03T11:10:26.623+0000] {download_zarr.py:169} INFO - Starting download. Please wait...
[2025-08-03T11:10:33.695+0000] {download_zarr.py:185} INFO - Successfully downloaded to /opt/***/nc/sst/rayong_2_sst.nc
[2025-08-03T11:10:33.697+0000] {logging_mixin.py:188} INFO - ✅ Downloaded SST: /opt/***/nc/sst/rayong_2_sst.nc
[2025-08-03T11:10:33.701+0000] {deprecated_options.py:61} WARNING - 'force_download' has been deprecated.
[2025-08-03T11:10:37.308+0000] {services_utils.py:262} INFO - Selected dataset version: "202303"
[2025-08-03T11:10:37.309+0000] {services_utils.py:286} INFO - Selected dataset part: "default"
[2025-08-03T11:10:37.312+0000] {subset_xarray.py:832} WARNING - Some of your subset selection [2022-06-01 00:00:00+00:00, 2025-08-03 00:00:00+00:00] for the time dimension exceed the dataset coordinates [2021-01-01 00:00:00+00:00, 2025-08-02 00:00:00+00:00]
[2025-08-03T11:10:41.022+0000] {download_zarr.py:169} INFO - Starting download. Please wait...
[2025-08-03T11:10:44.927+0000] {download_zarr.py:185} INFO - Successfully downloaded to /opt/***/nc/sst/chanthaburi_1_sst.nc
[2025-08-03T11:10:44.929+0000] {logging_mixin.py:188} INFO - ✅ Downloaded SST: /opt/***/nc/sst/chanthaburi_1_sst.nc
[2025-08-03T11:10:44.931+0000] {deprecated_options.py:61} WARNING - 'force_download' has been deprecated.
[2025-08-03T11:10:48.691+0000] {services_utils.py:262} INFO - Selected dataset version: "202303"
[2025-08-03T11:10:48.692+0000] {services_utils.py:286} INFO - Selected dataset part: "default"
[2025-08-03T11:10:48.694+0000] {subset_xarray.py:832} WARNING - Some of your subset selection [2022-06-01 00:00:00+00:00, 2025-08-03 00:00:00+00:00] for the time dimension exceed the dataset coordinates [2021-01-01 00:00:00+00:00, 2025-08-02 00:00:00+00:00]
[2025-08-03T11:10:52.095+0000] {download_zarr.py:169} INFO - Starting download. Please wait...
[2025-08-03T11:10:55.980+0000] {download_zarr.py:185} INFO - Successfully downloaded to /opt/***/nc/sst/trat_1_sst.nc
[2025-08-03T11:10:55.982+0000] {logging_mixin.py:188} INFO - ✅ Downloaded SST: /opt/***/nc/sst/trat_1_sst.nc
[2025-08-03T11:10:55.982+0000] {python.py:201} INFO - Done. Returned value was: None
[2025-08-03T11:10:56.001+0000] {taskinstance.py:1138} INFO - Marking task as SUCCESS. dag_id=marine_data_etl_dag, task_id=sst_etl.download_sst, execution_date=20250803T110953, start_date=20250803T111006, end_date=20250803T111056
[2025-08-03T11:10:56.061+0000] {local_task_job_runner.py:234} INFO - Task exited with return code 0
[2025-08-03T11:10:56.240+0000] {taskinstance.py:3280} INFO - 1 downstream tasks scheduled from follow-on schedule check
