[2025-08-03T05:59:50.371+0000] {taskinstance.py:1956} INFO - Dependencies all met for dep_context=non-requeueable deps ti=<TaskInstance: marine_data_etl_dag.thetao_etl.download_thetao manual__2025-08-03T05:58:22+00:00 [queued]>
[2025-08-03T05:59:50.388+0000] {taskinstance.py:1956} INFO - Dependencies all met for dep_context=requeueable deps ti=<TaskInstance: marine_data_etl_dag.thetao_etl.download_thetao manual__2025-08-03T05:58:22+00:00 [queued]>
[2025-08-03T05:59:50.389+0000] {taskinstance.py:2170} INFO - Starting attempt 1 of 1
[2025-08-03T05:59:50.413+0000] {taskinstance.py:2191} INFO - Executing <Task(PythonOperator): thetao_etl.download_thetao> on 2025-08-03 05:58:22+00:00
[2025-08-03T05:59:50.422+0000] {standard_task_runner.py:60} INFO - Started process 236 to run task
[2025-08-03T05:59:50.431+0000] {standard_task_runner.py:87} INFO - Running: ['***', 'tasks', 'run', 'marine_data_etl_dag', 'thetao_etl.download_thetao', 'manual__2025-08-03T05:58:22+00:00', '--job-id', '208', '--raw', '--subdir', 'DAGS_FOLDER/marine_data_etl_dag.py', '--cfg-path', '/tmp/tmpa6fxy4qv']
[2025-08-03T05:59:50.442+0000] {standard_task_runner.py:88} INFO - Job 208: Subtask thetao_etl.download_thetao
[2025-08-03T05:59:50.540+0000] {task_command.py:423} INFO - Running <TaskInstance: marine_data_etl_dag.thetao_etl.download_thetao manual__2025-08-03T05:58:22+00:00 [running]> on host d870044d9b57
[2025-08-03T05:59:50.938+0000] {taskinstance.py:2480} INFO - Exporting env vars: AIRFLOW_CTX_DAG_OWNER='***' AIRFLOW_CTX_DAG_ID='marine_data_etl_dag' AIRFLOW_CTX_TASK_ID='thetao_etl.download_thetao' AIRFLOW_CTX_EXECUTION_DATE='2025-08-03T05:58:22+00:00' AIRFLOW_CTX_TRY_NUMBER='1' AIRFLOW_CTX_DAG_RUN_ID='manual__2025-08-03T05:58:22+00:00'
[2025-08-03T05:59:50.944+0000] {deprecated_options.py:61} WARNING - 'force_download' has been deprecated.
[2025-08-03T05:59:51.652+0000] {credentials_utils.py:181} INFO - Downloading Copernicus Marine data requires a Copernicus Marine username and password, sign up for free at: https://data.marine.copernicus.eu/register
[2025-08-03T05:59:51.655+0000] {logging_mixin.py:188} INFO - Copernicus Marine username:
[2025-08-03T05:59:51.656+0000] {logging_mixin.py:188} INFO -  
[2025-08-03T05:59:51.657+0000] {logging_mixin.py:188} INFO - Abort
[2025-08-03T05:59:51.658+0000] {logging_mixin.py:188} INFO - ✅ Downloaded thetao: /opt/***/nc/thetao/rayong_1_thetao.nc
[2025-08-03T05:59:51.659+0000] {deprecated_options.py:61} WARNING - 'force_download' has been deprecated.
[2025-08-03T05:59:52.397+0000] {credentials_utils.py:181} INFO - Downloading Copernicus Marine data requires a Copernicus Marine username and password, sign up for free at: https://data.marine.copernicus.eu/register
[2025-08-03T05:59:52.400+0000] {logging_mixin.py:188} INFO - Copernicus Marine username:
[2025-08-03T05:59:52.401+0000] {logging_mixin.py:188} INFO -  
[2025-08-03T05:59:52.402+0000] {logging_mixin.py:188} INFO - Abort
[2025-08-03T05:59:52.403+0000] {logging_mixin.py:188} INFO - ✅ Downloaded thetao: /opt/***/nc/thetao/rayong_2_thetao.nc
[2025-08-03T05:59:52.404+0000] {deprecated_options.py:61} WARNING - 'force_download' has been deprecated.
[2025-08-03T05:59:53.132+0000] {credentials_utils.py:181} INFO - Downloading Copernicus Marine data requires a Copernicus Marine username and password, sign up for free at: https://data.marine.copernicus.eu/register
[2025-08-03T05:59:53.133+0000] {logging_mixin.py:188} INFO - Copernicus Marine username:
[2025-08-03T05:59:53.135+0000] {logging_mixin.py:188} INFO -  
[2025-08-03T05:59:53.136+0000] {logging_mixin.py:188} INFO - Abort
[2025-08-03T05:59:53.137+0000] {logging_mixin.py:188} INFO - ✅ Downloaded thetao: /opt/***/nc/thetao/chanthaburi_1_thetao.nc
[2025-08-03T05:59:53.138+0000] {deprecated_options.py:61} WARNING - 'force_download' has been deprecated.
[2025-08-03T05:59:53.871+0000] {credentials_utils.py:181} INFO - Downloading Copernicus Marine data requires a Copernicus Marine username and password, sign up for free at: https://data.marine.copernicus.eu/register
[2025-08-03T05:59:53.873+0000] {logging_mixin.py:188} INFO - Copernicus Marine username:
[2025-08-03T05:59:53.874+0000] {logging_mixin.py:188} INFO -  
[2025-08-03T05:59:53.875+0000] {logging_mixin.py:188} INFO - Abort
[2025-08-03T05:59:53.876+0000] {logging_mixin.py:188} INFO - ✅ Downloaded thetao: /opt/***/nc/thetao/trat_1_thetao.nc
[2025-08-03T05:59:53.878+0000] {python.py:201} INFO - Done. Returned value was: None
[2025-08-03T05:59:53.898+0000] {taskinstance.py:1138} INFO - Marking task as SUCCESS. dag_id=marine_data_etl_dag, task_id=thetao_etl.download_thetao, execution_date=20250803T055822, start_date=20250803T055950, end_date=20250803T055953
[2025-08-03T05:59:53.949+0000] {local_task_job_runner.py:234} INFO - Task exited with return code 0
[2025-08-03T05:59:54.004+0000] {taskinstance.py:3280} INFO - 1 downstream tasks scheduled from follow-on schedule check
