[2025-08-03T05:59:37.942+0000] {taskinstance.py:1956} INFO - Dependencies all met for dep_context=non-requeueable deps ti=<TaskInstance: marine_data_etl_dag.sst_etl.download_sst manual__2025-08-03T05:58:22+00:00 [queued]>
[2025-08-03T05:59:37.957+0000] {taskinstance.py:1956} INFO - Dependencies all met for dep_context=requeueable deps ti=<TaskInstance: marine_data_etl_dag.sst_etl.download_sst manual__2025-08-03T05:58:22+00:00 [queued]>
[2025-08-03T05:59:37.957+0000] {taskinstance.py:2170} INFO - Starting attempt 1 of 1
[2025-08-03T05:59:37.976+0000] {taskinstance.py:2191} INFO - Executing <Task(PythonOperator): sst_etl.download_sst> on 2025-08-03 05:58:22+00:00
[2025-08-03T05:59:37.983+0000] {standard_task_runner.py:60} INFO - Started process 228 to run task
[2025-08-03T05:59:37.990+0000] {standard_task_runner.py:87} INFO - Running: ['***', 'tasks', 'run', 'marine_data_etl_dag', 'sst_etl.download_sst', 'manual__2025-08-03T05:58:22+00:00', '--job-id', '207', '--raw', '--subdir', 'DAGS_FOLDER/marine_data_etl_dag.py', '--cfg-path', '/tmp/tmpivhlf70h']
[2025-08-03T05:59:37.995+0000] {standard_task_runner.py:88} INFO - Job 207: Subtask sst_etl.download_sst
[2025-08-03T05:59:38.070+0000] {task_command.py:423} INFO - Running <TaskInstance: marine_data_etl_dag.sst_etl.download_sst manual__2025-08-03T05:58:22+00:00 [running]> on host d870044d9b57
[2025-08-03T05:59:38.419+0000] {taskinstance.py:2480} INFO - Exporting env vars: AIRFLOW_CTX_DAG_OWNER='***' AIRFLOW_CTX_DAG_ID='marine_data_etl_dag' AIRFLOW_CTX_TASK_ID='sst_etl.download_sst' AIRFLOW_CTX_EXECUTION_DATE='2025-08-03T05:58:22+00:00' AIRFLOW_CTX_TRY_NUMBER='1' AIRFLOW_CTX_DAG_RUN_ID='manual__2025-08-03T05:58:22+00:00'
[2025-08-03T05:59:38.429+0000] {deprecated_options.py:61} WARNING - 'force_download' has been deprecated.
[2025-08-03T05:59:39.180+0000] {credentials_utils.py:181} INFO - Downloading Copernicus Marine data requires a Copernicus Marine username and password, sign up for free at: https://data.marine.copernicus.eu/register
[2025-08-03T05:59:39.183+0000] {logging_mixin.py:188} INFO - Copernicus Marine username:
[2025-08-03T05:59:39.184+0000] {logging_mixin.py:188} INFO -  
[2025-08-03T05:59:39.185+0000] {logging_mixin.py:188} INFO - Abort
[2025-08-03T05:59:39.186+0000] {logging_mixin.py:188} INFO - ✅ Downloaded SST: /opt/***/nc/sst/rayong_1_sst.nc
[2025-08-03T05:59:39.188+0000] {deprecated_options.py:61} WARNING - 'force_download' has been deprecated.
[2025-08-03T05:59:39.849+0000] {credentials_utils.py:181} INFO - Downloading Copernicus Marine data requires a Copernicus Marine username and password, sign up for free at: https://data.marine.copernicus.eu/register
[2025-08-03T05:59:39.851+0000] {logging_mixin.py:188} INFO - Copernicus Marine username:
[2025-08-03T05:59:39.858+0000] {logging_mixin.py:188} INFO -  
[2025-08-03T05:59:39.861+0000] {logging_mixin.py:188} INFO - Abort
[2025-08-03T05:59:39.862+0000] {logging_mixin.py:188} INFO - ✅ Downloaded SST: /opt/***/nc/sst/rayong_2_sst.nc
[2025-08-03T05:59:39.863+0000] {deprecated_options.py:61} WARNING - 'force_download' has been deprecated.
[2025-08-03T05:59:40.527+0000] {credentials_utils.py:181} INFO - Downloading Copernicus Marine data requires a Copernicus Marine username and password, sign up for free at: https://data.marine.copernicus.eu/register
[2025-08-03T05:59:40.529+0000] {logging_mixin.py:188} INFO - Copernicus Marine username:
[2025-08-03T05:59:40.530+0000] {logging_mixin.py:188} INFO -  
[2025-08-03T05:59:40.531+0000] {logging_mixin.py:188} INFO - Abort
[2025-08-03T05:59:40.533+0000] {logging_mixin.py:188} INFO - ✅ Downloaded SST: /opt/***/nc/sst/chanthaburi_1_sst.nc
[2025-08-03T05:59:40.540+0000] {deprecated_options.py:61} WARNING - 'force_download' has been deprecated.
[2025-08-03T05:59:41.352+0000] {credentials_utils.py:181} INFO - Downloading Copernicus Marine data requires a Copernicus Marine username and password, sign up for free at: https://data.marine.copernicus.eu/register
[2025-08-03T05:59:41.356+0000] {logging_mixin.py:188} INFO - Copernicus Marine username:
[2025-08-03T05:59:41.358+0000] {logging_mixin.py:188} INFO -  
[2025-08-03T05:59:41.362+0000] {logging_mixin.py:188} INFO - Abort
[2025-08-03T05:59:41.363+0000] {logging_mixin.py:188} INFO - ✅ Downloaded SST: /opt/***/nc/sst/trat_1_sst.nc
[2025-08-03T05:59:41.364+0000] {python.py:201} INFO - Done. Returned value was: None
[2025-08-03T05:59:41.384+0000] {taskinstance.py:1138} INFO - Marking task as SUCCESS. dag_id=marine_data_etl_dag, task_id=sst_etl.download_sst, execution_date=20250803T055822, start_date=20250803T055937, end_date=20250803T055941
[2025-08-03T05:59:41.474+0000] {local_task_job_runner.py:234} INFO - Task exited with return code 0
[2025-08-03T05:59:41.555+0000] {taskinstance.py:3280} INFO - 1 downstream tasks scheduled from follow-on schedule check
