[2025-08-02T12:09:38.526+0000] {taskinstance.py:1956} INFO - Dependencies all met for dep_context=non-requeueable deps ti=<TaskInstance: marine_data_etl_dag.thetao_etl.download_thetao manual__2025-08-02T12:09:23.082188+00:00 [queued]>
[2025-08-02T12:09:38.538+0000] {taskinstance.py:1956} INFO - Dependencies all met for dep_context=requeueable deps ti=<TaskInstance: marine_data_etl_dag.thetao_etl.download_thetao manual__2025-08-02T12:09:23.082188+00:00 [queued]>
[2025-08-02T12:09:38.539+0000] {taskinstance.py:2170} INFO - Starting attempt 1 of 1
[2025-08-02T12:09:38.559+0000] {taskinstance.py:2191} INFO - Executing <Task(PythonOperator): thetao_etl.download_thetao> on 2025-08-02 12:09:23.082188+00:00
[2025-08-02T12:09:38.565+0000] {standard_task_runner.py:60} INFO - Started process 184 to run task
[2025-08-02T12:09:38.571+0000] {standard_task_runner.py:87} INFO - Running: ['***', 'tasks', 'run', 'marine_data_etl_dag', 'thetao_etl.download_thetao', 'manual__2025-08-02T12:09:23.082188+00:00', '--job-id', '15', '--raw', '--subdir', 'DAGS_FOLDER/marine_data_etl_dag.py', '--cfg-path', '/tmp/tmpxl4znlrl']
[2025-08-02T12:09:38.577+0000] {standard_task_runner.py:88} INFO - Job 15: Subtask thetao_etl.download_thetao
[2025-08-02T12:09:38.651+0000] {task_command.py:423} INFO - Running <TaskInstance: marine_data_etl_dag.thetao_etl.download_thetao manual__2025-08-02T12:09:23.082188+00:00 [running]> on host 2376c0e44f50
[2025-08-02T12:09:39.012+0000] {taskinstance.py:2480} INFO - Exporting env vars: AIRFLOW_CTX_DAG_OWNER='***' AIRFLOW_CTX_DAG_ID='marine_data_etl_dag' AIRFLOW_CTX_TASK_ID='thetao_etl.download_thetao' AIRFLOW_CTX_EXECUTION_DATE='2025-08-02T12:09:23.082188+00:00' AIRFLOW_CTX_TRY_NUMBER='1' AIRFLOW_CTX_DAG_RUN_ID='manual__2025-08-02T12:09:23.082188+00:00'
[2025-08-02T12:09:39.016+0000] {taskinstance.py:2698} ERROR - Task failed with exception
Traceback (most recent call last):
  File "/home/airflow/.local/lib/python3.10/site-packages/airflow/models/taskinstance.py", line 433, in _execute_task
    result = execute_callable(context=context, **execute_callable_kwargs)
  File "/home/airflow/.local/lib/python3.10/site-packages/airflow/operators/python.py", line 199, in execute
    return_value = self.execute_callable()
  File "/home/airflow/.local/lib/python3.10/site-packages/airflow/operators/python.py", line 216, in execute_callable
    return self.python_callable(*self.op_args, **self.op_kwargs)
  File "/opt/airflow/dags/etl/download_thetao.py", line 7, in download_thetao
    os.makedirs(output_dir, exist_ok=True)
  File "/usr/local/lib/python3.10/os.py", line 225, in makedirs
    mkdir(name, mode)
FileNotFoundError: [Errno 2] No such file or directory: '/opt/airflow/csv/thetao'
[2025-08-02T12:09:39.033+0000] {taskinstance.py:1138} INFO - Marking task as FAILED. dag_id=marine_data_etl_dag, task_id=thetao_etl.download_thetao, execution_date=20250802T120923, start_date=20250802T120938, end_date=20250802T120939
[2025-08-02T12:09:39.049+0000] {standard_task_runner.py:107} ERROR - Failed to execute job 15 for task thetao_etl.download_thetao ([Errno 2] No such file or directory: '/opt/airflow/csv/thetao'; 184)
[2025-08-02T12:09:39.065+0000] {local_task_job_runner.py:234} INFO - Task exited with return code 1
[2025-08-02T12:09:39.104+0000] {taskinstance.py:3280} INFO - 0 downstream tasks scheduled from follow-on schedule check
