[2025-08-02T12:40:36.786+0000] {taskinstance.py:1956} INFO - Dependencies all met for dep_context=non-requeueable deps ti=<TaskInstance: marine_data_etl_dag.sst_etl.download_sst manual__2025-08-02T12:39:57.131756+00:00 [queued]>
[2025-08-02T12:40:36.800+0000] {taskinstance.py:1956} INFO - Dependencies all met for dep_context=requeueable deps ti=<TaskInstance: marine_data_etl_dag.sst_etl.download_sst manual__2025-08-02T12:39:57.131756+00:00 [queued]>
[2025-08-02T12:40:36.801+0000] {taskinstance.py:2170} INFO - Starting attempt 1 of 1
[2025-08-02T12:40:36.825+0000] {taskinstance.py:2191} INFO - Executing <Task(PythonOperator): sst_etl.download_sst> on 2025-08-02 12:39:57.131756+00:00
[2025-08-02T12:40:36.831+0000] {standard_task_runner.py:60} INFO - Started process 87 to run task
[2025-08-02T12:40:36.840+0000] {standard_task_runner.py:87} INFO - Running: ['***', 'tasks', 'run', 'marine_data_etl_dag', 'sst_etl.download_sst', 'manual__2025-08-02T12:39:57.131756+00:00', '--job-id', '43', '--raw', '--subdir', 'DAGS_FOLDER/marine_data_etl_dag.py', '--cfg-path', '/tmp/tmpx3vp6wwc']
[2025-08-02T12:40:36.845+0000] {standard_task_runner.py:88} INFO - Job 43: Subtask sst_etl.download_sst
[2025-08-02T12:40:36.927+0000] {task_command.py:423} INFO - Running <TaskInstance: marine_data_etl_dag.sst_etl.download_sst manual__2025-08-02T12:39:57.131756+00:00 [running]> on host a9f0d3f8f863
[2025-08-02T12:40:37.311+0000] {taskinstance.py:2480} INFO - Exporting env vars: AIRFLOW_CTX_DAG_OWNER='***' AIRFLOW_CTX_DAG_ID='marine_data_etl_dag' AIRFLOW_CTX_TASK_ID='sst_etl.download_sst' AIRFLOW_CTX_EXECUTION_DATE='2025-08-02T12:39:57.131756+00:00' AIRFLOW_CTX_TRY_NUMBER='1' AIRFLOW_CTX_DAG_RUN_ID='manual__2025-08-02T12:39:57.131756+00:00'
[2025-08-02T12:40:37.318+0000] {deprecated_options.py:61} WARNING - 'force_download' has been deprecated.
[2025-08-02T12:40:38.063+0000] {credentials_utils.py:181} INFO - Downloading Copernicus Marine data requires a Copernicus Marine username and password, sign up for free at: https://data.marine.copernicus.eu/register
[2025-08-02T12:40:38.065+0000] {logging_mixin.py:188} INFO - Copernicus Marine username:
[2025-08-02T12:40:38.066+0000] {logging_mixin.py:188} INFO -  
[2025-08-02T12:40:38.067+0000] {logging_mixin.py:188} INFO - Abort
[2025-08-02T12:40:38.068+0000] {logging_mixin.py:188} INFO - ✅ Downloaded SST: /opt/***/csv/sst/rayong_1_sst.nc
[2025-08-02T12:40:38.068+0000] {deprecated_options.py:61} WARNING - 'force_download' has been deprecated.
[2025-08-02T12:40:38.728+0000] {credentials_utils.py:181} INFO - Downloading Copernicus Marine data requires a Copernicus Marine username and password, sign up for free at: https://data.marine.copernicus.eu/register
[2025-08-02T12:40:38.729+0000] {logging_mixin.py:188} INFO - Copernicus Marine username:
[2025-08-02T12:40:38.730+0000] {logging_mixin.py:188} INFO -  
[2025-08-02T12:40:38.731+0000] {logging_mixin.py:188} INFO - Abort
[2025-08-02T12:40:38.732+0000] {logging_mixin.py:188} INFO - ✅ Downloaded SST: /opt/***/csv/sst/rayong_2_sst.nc
[2025-08-02T12:40:38.732+0000] {deprecated_options.py:61} WARNING - 'force_download' has been deprecated.
[2025-08-02T12:40:39.406+0000] {credentials_utils.py:181} INFO - Downloading Copernicus Marine data requires a Copernicus Marine username and password, sign up for free at: https://data.marine.copernicus.eu/register
[2025-08-02T12:40:39.407+0000] {logging_mixin.py:188} INFO - Copernicus Marine username:
[2025-08-02T12:40:39.408+0000] {logging_mixin.py:188} INFO -  
[2025-08-02T12:40:39.409+0000] {logging_mixin.py:188} INFO - Abort
[2025-08-02T12:40:39.410+0000] {logging_mixin.py:188} INFO - ✅ Downloaded SST: /opt/***/csv/sst/chanthaburi_1_sst.nc
[2025-08-02T12:40:39.411+0000] {deprecated_options.py:61} WARNING - 'force_download' has been deprecated.
[2025-08-02T12:40:40.063+0000] {credentials_utils.py:181} INFO - Downloading Copernicus Marine data requires a Copernicus Marine username and password, sign up for free at: https://data.marine.copernicus.eu/register
[2025-08-02T12:40:40.064+0000] {logging_mixin.py:188} INFO - Copernicus Marine username:
[2025-08-02T12:40:40.065+0000] {logging_mixin.py:188} INFO -  
[2025-08-02T12:40:40.067+0000] {logging_mixin.py:188} INFO - Abort
[2025-08-02T12:40:40.068+0000] {logging_mixin.py:188} INFO - ✅ Downloaded SST: /opt/***/csv/sst/trat_1_sst.nc
[2025-08-02T12:40:40.069+0000] {python.py:201} INFO - Done. Returned value was: None
[2025-08-02T12:40:40.086+0000] {taskinstance.py:1138} INFO - Marking task as SUCCESS. dag_id=marine_data_etl_dag, task_id=sst_etl.download_sst, execution_date=20250802T123957, start_date=20250802T124036, end_date=20250802T124040
[2025-08-02T12:40:40.157+0000] {local_task_job_runner.py:234} INFO - Task exited with return code 0
[2025-08-02T12:40:40.206+0000] {taskinstance.py:3280} INFO - 1 downstream tasks scheduled from follow-on schedule check
