[2025-08-03T05:56:31.918+0000] {taskinstance.py:1956} INFO - Dependencies all met for dep_context=non-requeueable deps ti=<TaskInstance: marine_data_etl_dag.current_etl.download_current manual__2025-08-03T05:55:39+00:00 [queued]>
[2025-08-03T05:56:31.931+0000] {taskinstance.py:1956} INFO - Dependencies all met for dep_context=requeueable deps ti=<TaskInstance: marine_data_etl_dag.current_etl.download_current manual__2025-08-03T05:55:39+00:00 [queued]>
[2025-08-03T05:56:31.932+0000] {taskinstance.py:2170} INFO - Starting attempt 1 of 1
[2025-08-03T05:56:31.952+0000] {taskinstance.py:2191} INFO - Executing <Task(PythonOperator): current_etl.download_current> on 2025-08-03 05:55:39+00:00
[2025-08-03T05:56:31.958+0000] {standard_task_runner.py:60} INFO - Started process 104 to run task
[2025-08-03T05:56:31.964+0000] {standard_task_runner.py:87} INFO - Running: ['***', 'tasks', 'run', 'marine_data_etl_dag', 'current_etl.download_current', 'manual__2025-08-03T05:55:39+00:00', '--job-id', '191', '--raw', '--subdir', 'DAGS_FOLDER/marine_data_etl_dag.py', '--cfg-path', '/tmp/tmp16lyp8x9']
[2025-08-03T05:56:31.971+0000] {standard_task_runner.py:88} INFO - Job 191: Subtask current_etl.download_current
[2025-08-03T05:56:32.089+0000] {task_command.py:423} INFO - Running <TaskInstance: marine_data_etl_dag.current_etl.download_current manual__2025-08-03T05:55:39+00:00 [running]> on host d870044d9b57
[2025-08-03T05:56:32.512+0000] {taskinstance.py:2480} INFO - Exporting env vars: AIRFLOW_CTX_DAG_OWNER='***' AIRFLOW_CTX_DAG_ID='marine_data_etl_dag' AIRFLOW_CTX_TASK_ID='current_etl.download_current' AIRFLOW_CTX_EXECUTION_DATE='2025-08-03T05:55:39+00:00' AIRFLOW_CTX_TRY_NUMBER='1' AIRFLOW_CTX_DAG_RUN_ID='manual__2025-08-03T05:55:39+00:00'
[2025-08-03T05:56:32.521+0000] {deprecated_options.py:61} WARNING - 'force_download' has been deprecated.
[2025-08-03T05:56:33.204+0000] {credentials_utils.py:181} INFO - Downloading Copernicus Marine data requires a Copernicus Marine username and password, sign up for free at: https://data.marine.copernicus.eu/register
[2025-08-03T05:56:33.208+0000] {logging_mixin.py:188} INFO - Copernicus Marine username:
[2025-08-03T05:56:33.209+0000] {logging_mixin.py:188} INFO -  
[2025-08-03T05:56:33.210+0000] {logging_mixin.py:188} INFO - Abort
[2025-08-03T05:56:33.211+0000] {logging_mixin.py:188} INFO - ✅ Downloaded current: /opt/***/nc/current/rayong_1_current.nc
[2025-08-03T05:56:33.213+0000] {deprecated_options.py:61} WARNING - 'force_download' has been deprecated.
[2025-08-03T05:56:34.008+0000] {credentials_utils.py:181} INFO - Downloading Copernicus Marine data requires a Copernicus Marine username and password, sign up for free at: https://data.marine.copernicus.eu/register
[2025-08-03T05:56:34.010+0000] {logging_mixin.py:188} INFO - Copernicus Marine username:
[2025-08-03T05:56:34.011+0000] {logging_mixin.py:188} INFO -  
[2025-08-03T05:56:34.012+0000] {logging_mixin.py:188} INFO - Abort
[2025-08-03T05:56:34.013+0000] {logging_mixin.py:188} INFO - ✅ Downloaded current: /opt/***/nc/current/rayong_2_current.nc
[2025-08-03T05:56:34.014+0000] {deprecated_options.py:61} WARNING - 'force_download' has been deprecated.
[2025-08-03T05:56:34.715+0000] {credentials_utils.py:181} INFO - Downloading Copernicus Marine data requires a Copernicus Marine username and password, sign up for free at: https://data.marine.copernicus.eu/register
[2025-08-03T05:56:34.717+0000] {logging_mixin.py:188} INFO - Copernicus Marine username:
[2025-08-03T05:56:34.719+0000] {logging_mixin.py:188} INFO -  
[2025-08-03T05:56:34.720+0000] {logging_mixin.py:188} INFO - Abort
[2025-08-03T05:56:34.722+0000] {logging_mixin.py:188} INFO - ✅ Downloaded current: /opt/***/nc/current/chanthaburi_1_current.nc
[2025-08-03T05:56:34.724+0000] {deprecated_options.py:61} WARNING - 'force_download' has been deprecated.
[2025-08-03T05:56:35.426+0000] {credentials_utils.py:181} INFO - Downloading Copernicus Marine data requires a Copernicus Marine username and password, sign up for free at: https://data.marine.copernicus.eu/register
[2025-08-03T05:56:35.431+0000] {logging_mixin.py:188} INFO - Copernicus Marine username:
[2025-08-03T05:56:35.433+0000] {logging_mixin.py:188} INFO -  
[2025-08-03T05:56:35.434+0000] {logging_mixin.py:188} INFO - Abort
[2025-08-03T05:56:35.435+0000] {logging_mixin.py:188} INFO - ✅ Downloaded current: /opt/***/nc/current/trat_1_current.nc
[2025-08-03T05:56:35.437+0000] {python.py:201} INFO - Done. Returned value was: None
[2025-08-03T05:56:35.459+0000] {taskinstance.py:1138} INFO - Marking task as SUCCESS. dag_id=marine_data_etl_dag, task_id=current_etl.download_current, execution_date=20250803T055539, start_date=20250803T055631, end_date=20250803T055635
[2025-08-03T05:56:35.527+0000] {local_task_job_runner.py:234} INFO - Task exited with return code 0
[2025-08-03T05:56:35.588+0000] {taskinstance.py:3280} INFO - 1 downstream tasks scheduled from follow-on schedule check
