[2025-08-03T05:11:33.730+0000] {taskinstance.py:1956} INFO - Dependencies all met for dep_context=non-requeueable deps ti=<TaskInstance: marine_data_etl_dag.phyto_etl.download_phyto manual__2025-08-03T05:10:24.968527+00:00 [queued]>
[2025-08-03T05:11:33.750+0000] {taskinstance.py:1956} INFO - Dependencies all met for dep_context=requeueable deps ti=<TaskInstance: marine_data_etl_dag.phyto_etl.download_phyto manual__2025-08-03T05:10:24.968527+00:00 [queued]>
[2025-08-03T05:11:33.752+0000] {taskinstance.py:2170} INFO - Starting attempt 1 of 1
[2025-08-03T05:11:33.784+0000] {taskinstance.py:2191} INFO - Executing <Task(PythonOperator): phyto_etl.download_phyto> on 2025-08-03 05:10:24.968527+00:00
[2025-08-03T05:11:33.790+0000] {standard_task_runner.py:60} INFO - Started process 373 to run task
[2025-08-03T05:11:33.796+0000] {standard_task_runner.py:87} INFO - Running: ['***', 'tasks', 'run', 'marine_data_etl_dag', 'phyto_etl.download_phyto', 'manual__2025-08-03T05:10:24.968527+00:00', '--job-id', '172', '--raw', '--subdir', 'DAGS_FOLDER/marine_data_etl_dag.py', '--cfg-path', '/tmp/tmp60kzndx8']
[2025-08-03T05:11:33.802+0000] {standard_task_runner.py:88} INFO - Job 172: Subtask phyto_etl.download_phyto
[2025-08-03T05:11:33.886+0000] {task_command.py:423} INFO - Running <TaskInstance: marine_data_etl_dag.phyto_etl.download_phyto manual__2025-08-03T05:10:24.968527+00:00 [running]> on host 19821aecac76
[2025-08-03T05:11:34.472+0000] {taskinstance.py:2480} INFO - Exporting env vars: AIRFLOW_CTX_DAG_OWNER='***' AIRFLOW_CTX_DAG_ID='marine_data_etl_dag' AIRFLOW_CTX_TASK_ID='phyto_etl.download_phyto' AIRFLOW_CTX_EXECUTION_DATE='2025-08-03T05:10:24.968527+00:00' AIRFLOW_CTX_TRY_NUMBER='1' AIRFLOW_CTX_DAG_RUN_ID='manual__2025-08-03T05:10:24.968527+00:00'
[2025-08-03T05:11:34.478+0000] {deprecated_options.py:61} WARNING - 'force_download' has been deprecated.
[2025-08-03T05:11:35.186+0000] {credentials_utils.py:181} INFO - Downloading Copernicus Marine data requires a Copernicus Marine username and password, sign up for free at: https://data.marine.copernicus.eu/register
[2025-08-03T05:11:35.190+0000] {logging_mixin.py:188} INFO - Copernicus Marine username:
[2025-08-03T05:11:35.191+0000] {logging_mixin.py:188} INFO -  
[2025-08-03T05:11:35.192+0000] {logging_mixin.py:188} INFO - Abort
[2025-08-03T05:11:35.193+0000] {logging_mixin.py:188} INFO - ✅ Downloaded phytoplankton: /opt/***/nc/phytoplankton/rayong_1_phytoplankton.nc
[2025-08-03T05:11:35.193+0000] {deprecated_options.py:61} WARNING - 'force_download' has been deprecated.
[2025-08-03T05:11:35.962+0000] {credentials_utils.py:181} INFO - Downloading Copernicus Marine data requires a Copernicus Marine username and password, sign up for free at: https://data.marine.copernicus.eu/register
[2025-08-03T05:11:35.965+0000] {logging_mixin.py:188} INFO - Copernicus Marine username:
[2025-08-03T05:11:35.967+0000] {logging_mixin.py:188} INFO -  
[2025-08-03T05:11:35.970+0000] {logging_mixin.py:188} INFO - Abort
[2025-08-03T05:11:35.971+0000] {logging_mixin.py:188} INFO - ✅ Downloaded phytoplankton: /opt/***/nc/phytoplankton/rayong_2_phytoplankton.nc
[2025-08-03T05:11:35.973+0000] {deprecated_options.py:61} WARNING - 'force_download' has been deprecated.
[2025-08-03T05:11:36.641+0000] {credentials_utils.py:181} INFO - Downloading Copernicus Marine data requires a Copernicus Marine username and password, sign up for free at: https://data.marine.copernicus.eu/register
[2025-08-03T05:11:36.645+0000] {logging_mixin.py:188} INFO - Copernicus Marine username:
[2025-08-03T05:11:36.646+0000] {logging_mixin.py:188} INFO -  
[2025-08-03T05:11:36.648+0000] {logging_mixin.py:188} INFO - Abort
[2025-08-03T05:11:36.649+0000] {logging_mixin.py:188} INFO - ✅ Downloaded phytoplankton: /opt/***/nc/phytoplankton/chanthaburi_1_phytoplankton.nc
[2025-08-03T05:11:36.650+0000] {deprecated_options.py:61} WARNING - 'force_download' has been deprecated.
[2025-08-03T05:11:37.345+0000] {credentials_utils.py:181} INFO - Downloading Copernicus Marine data requires a Copernicus Marine username and password, sign up for free at: https://data.marine.copernicus.eu/register
[2025-08-03T05:11:37.350+0000] {logging_mixin.py:188} INFO - Copernicus Marine username:
[2025-08-03T05:11:37.352+0000] {logging_mixin.py:188} INFO -  
[2025-08-03T05:11:37.353+0000] {logging_mixin.py:188} INFO - Abort
[2025-08-03T05:11:37.354+0000] {logging_mixin.py:188} INFO - ✅ Downloaded phytoplankton: /opt/***/nc/phytoplankton/trat_1_phytoplankton.nc
[2025-08-03T05:11:37.355+0000] {python.py:201} INFO - Done. Returned value was: None
[2025-08-03T05:11:37.374+0000] {taskinstance.py:1138} INFO - Marking task as SUCCESS. dag_id=marine_data_etl_dag, task_id=phyto_etl.download_phyto, execution_date=20250803T051024, start_date=20250803T051133, end_date=20250803T051137
[2025-08-03T05:11:37.427+0000] {local_task_job_runner.py:234} INFO - Task exited with return code 0
[2025-08-03T05:11:37.540+0000] {taskinstance.py:3280} INFO - 1 downstream tasks scheduled from follow-on schedule check
