[2025-08-02T13:45:57.698+0000] {taskinstance.py:1956} INFO - Dependencies all met for dep_context=non-requeueable deps ti=<TaskInstance: marine_data_etl_dag.current_etl.download_current manual__2025-08-02T13:45:40.254150+00:00 [queued]>
[2025-08-02T13:45:57.724+0000] {taskinstance.py:1956} INFO - Dependencies all met for dep_context=requeueable deps ti=<TaskInstance: marine_data_etl_dag.current_etl.download_current manual__2025-08-02T13:45:40.254150+00:00 [queued]>
[2025-08-02T13:45:57.725+0000] {taskinstance.py:2170} INFO - Starting attempt 1 of 1
[2025-08-02T13:45:57.752+0000] {taskinstance.py:2191} INFO - Executing <Task(PythonOperator): current_etl.download_current> on 2025-08-02 13:45:40.254150+00:00
[2025-08-02T13:45:57.761+0000] {standard_task_runner.py:60} INFO - Started process 618 to run task
[2025-08-02T13:45:57.768+0000] {standard_task_runner.py:87} INFO - Running: ['***', 'tasks', 'run', 'marine_data_etl_dag', 'current_etl.download_current', 'manual__2025-08-02T13:45:40.254150+00:00', '--job-id', '115', '--raw', '--subdir', 'DAGS_FOLDER/marine_data_etl_dag.py', '--cfg-path', '/tmp/tmp7hoid0za']
[2025-08-02T13:45:57.775+0000] {standard_task_runner.py:88} INFO - Job 115: Subtask current_etl.download_current
[2025-08-02T13:45:57.865+0000] {task_command.py:423} INFO - Running <TaskInstance: marine_data_etl_dag.current_etl.download_current manual__2025-08-02T13:45:40.254150+00:00 [running]> on host 19821aecac76
[2025-08-02T13:45:58.206+0000] {taskinstance.py:2480} INFO - Exporting env vars: AIRFLOW_CTX_DAG_OWNER='***' AIRFLOW_CTX_DAG_ID='marine_data_etl_dag' AIRFLOW_CTX_TASK_ID='current_etl.download_current' AIRFLOW_CTX_EXECUTION_DATE='2025-08-02T13:45:40.254150+00:00' AIRFLOW_CTX_TRY_NUMBER='1' AIRFLOW_CTX_DAG_RUN_ID='manual__2025-08-02T13:45:40.254150+00:00'
[2025-08-02T13:45:58.213+0000] {deprecated_options.py:61} WARNING - 'force_download' has been deprecated.
[2025-08-02T13:45:58.964+0000] {credentials_utils.py:181} INFO - Downloading Copernicus Marine data requires a Copernicus Marine username and password, sign up for free at: https://data.marine.copernicus.eu/register
[2025-08-02T13:45:58.966+0000] {logging_mixin.py:188} INFO - Copernicus Marine username:
[2025-08-02T13:45:58.967+0000] {logging_mixin.py:188} INFO -  
[2025-08-02T13:45:58.968+0000] {logging_mixin.py:188} INFO - Abort
[2025-08-02T13:45:58.969+0000] {logging_mixin.py:188} INFO - ✅ Downloaded current: /opt/***/nc/current/rayong_1_current.nc
[2025-08-02T13:45:58.970+0000] {deprecated_options.py:61} WARNING - 'force_download' has been deprecated.
[2025-08-02T13:45:59.640+0000] {credentials_utils.py:181} INFO - Downloading Copernicus Marine data requires a Copernicus Marine username and password, sign up for free at: https://data.marine.copernicus.eu/register
[2025-08-02T13:45:59.642+0000] {logging_mixin.py:188} INFO - Copernicus Marine username:
[2025-08-02T13:45:59.644+0000] {logging_mixin.py:188} INFO -  
[2025-08-02T13:45:59.645+0000] {logging_mixin.py:188} INFO - Abort
[2025-08-02T13:45:59.646+0000] {logging_mixin.py:188} INFO - ✅ Downloaded current: /opt/***/nc/current/rayong_2_current.nc
[2025-08-02T13:45:59.648+0000] {deprecated_options.py:61} WARNING - 'force_download' has been deprecated.
[2025-08-02T13:46:00.318+0000] {credentials_utils.py:181} INFO - Downloading Copernicus Marine data requires a Copernicus Marine username and password, sign up for free at: https://data.marine.copernicus.eu/register
[2025-08-02T13:46:00.320+0000] {logging_mixin.py:188} INFO - Copernicus Marine username:
[2025-08-02T13:46:00.321+0000] {logging_mixin.py:188} INFO -  
[2025-08-02T13:46:00.322+0000] {logging_mixin.py:188} INFO - Abort
[2025-08-02T13:46:00.323+0000] {logging_mixin.py:188} INFO - ✅ Downloaded current: /opt/***/nc/current/chanthaburi_1_current.nc
[2025-08-02T13:46:00.324+0000] {deprecated_options.py:61} WARNING - 'force_download' has been deprecated.
[2025-08-02T13:46:01.021+0000] {credentials_utils.py:181} INFO - Downloading Copernicus Marine data requires a Copernicus Marine username and password, sign up for free at: https://data.marine.copernicus.eu/register
[2025-08-02T13:46:01.022+0000] {logging_mixin.py:188} INFO - Copernicus Marine username:
[2025-08-02T13:46:01.023+0000] {logging_mixin.py:188} INFO -  
[2025-08-02T13:46:01.024+0000] {logging_mixin.py:188} INFO - Abort
[2025-08-02T13:46:01.025+0000] {logging_mixin.py:188} INFO - ✅ Downloaded current: /opt/***/nc/current/trat_1_current.nc
[2025-08-02T13:46:01.026+0000] {python.py:201} INFO - Done. Returned value was: None
[2025-08-02T13:46:01.042+0000] {taskinstance.py:1138} INFO - Marking task as SUCCESS. dag_id=marine_data_etl_dag, task_id=current_etl.download_current, execution_date=20250802T134540, start_date=20250802T134557, end_date=20250802T134601
[2025-08-02T13:46:01.082+0000] {local_task_job_runner.py:234} INFO - Task exited with return code 0
[2025-08-02T13:46:01.129+0000] {taskinstance.py:3280} INFO - 1 downstream tasks scheduled from follow-on schedule check
