[2025-08-02T11:58:29.671+0000] {manager.py:469} INFO - Processing files using up to 2 processes at a time 
[2025-08-02T11:58:29.673+0000] {manager.py:470} INFO - Process each file at most once every 30 seconds
[2025-08-02T11:58:29.676+0000] {manager.py:471} INFO - Checking for new files in /opt/airflow/dags every 300 seconds
[2025-08-02T11:58:29.679+0000] {manager.py:738} INFO - Searching for files in /opt/airflow/dags
[2025-08-02T11:58:29.980+0000] {manager.py:741} INFO - There are 1 files in /opt/airflow/dags
[2025-08-02T11:58:30.445+0000] {manager.py:879} INFO - 
================================================================================
DAG File Processing Stats

File Path                                   PID  Runtime      # DAGs    # Errors  Last Runtime    Last Run
----------------------------------------  -----  ---------  --------  ----------  --------------  ----------
/opt/airflow/dags/marine_data_etl_dag.py     59  0.08s             0           0
================================================================================
[2025-08-02T11:59:00.672+0000] {manager.py:879} INFO - 
================================================================================
DAG File Processing Stats

File Path                                 PID    Runtime      # DAGs    # Errors  Last Runtime    Last Run
----------------------------------------  -----  ---------  --------  ----------  --------------  -------------------
/opt/airflow/dags/marine_data_etl_dag.py                           1           0  5.55s           2025-08-02T11:58:35
================================================================================
[2025-08-02T11:59:30.878+0000] {manager.py:879} INFO - 
================================================================================
DAG File Processing Stats

File Path                                 PID    Runtime      # DAGs    # Errors  Last Runtime    Last Run
----------------------------------------  -----  ---------  --------  ----------  --------------  -------------------
/opt/airflow/dags/marine_data_etl_dag.py                           1           0  2.21s           2025-08-02T11:59:08
================================================================================
[2025-08-02T12:00:01.384+0000] {manager.py:879} INFO - 
================================================================================
DAG File Processing Stats

File Path                                 PID    Runtime      # DAGs    # Errors  Last Runtime    Last Run
----------------------------------------  -----  ---------  --------  ----------  --------------  -------------------
/opt/airflow/dags/marine_data_etl_dag.py                           1           0  3.31s           2025-08-02T11:59:42
================================================================================
[2025-08-02T12:00:31.921+0000] {manager.py:879} INFO - 
================================================================================
DAG File Processing Stats

File Path                                 PID    Runtime      # DAGs    # Errors  Last Runtime    Last Run
----------------------------------------  -----  ---------  --------  ----------  --------------  -------------------
/opt/airflow/dags/marine_data_etl_dag.py                           1           0  1.58s           2025-08-02T12:00:14
================================================================================
[2025-08-02T12:01:02.327+0000] {manager.py:879} INFO - 
================================================================================
DAG File Processing Stats

File Path                                 PID    Runtime      # DAGs    # Errors  Last Runtime    Last Run
----------------------------------------  -----  ---------  --------  ----------  --------------  -------------------
/opt/airflow/dags/marine_data_etl_dag.py                           1           0  1.85s           2025-08-02T12:00:46
================================================================================
[2025-08-02T12:01:33.058+0000] {manager.py:879} INFO - 
================================================================================
DAG File Processing Stats

File Path                                 PID    Runtime      # DAGs    # Errors  Last Runtime    Last Run
----------------------------------------  -----  ---------  --------  ----------  --------------  -------------------
/opt/airflow/dags/marine_data_etl_dag.py                           1           0  1.60s           2025-08-02T12:01:18
================================================================================
[2025-08-02T12:02:03.638+0000] {manager.py:879} INFO - 
================================================================================
DAG File Processing Stats

File Path                                 PID    Runtime      # DAGs    # Errors  Last Runtime    Last Run
----------------------------------------  -----  ---------  --------  ----------  --------------  -------------------
/opt/airflow/dags/marine_data_etl_dag.py                           1           0  3.58s           2025-08-02T12:01:51
================================================================================
[2025-08-02T12:02:33.920+0000] {manager.py:879} INFO - 
================================================================================
DAG File Processing Stats

File Path                                 PID    Runtime      # DAGs    # Errors  Last Runtime    Last Run
----------------------------------------  -----  ---------  --------  ----------  --------------  -------------------
/opt/airflow/dags/marine_data_etl_dag.py                           1           0  1.78s           2025-08-02T12:02:23
================================================================================
[2025-08-02T12:03:04.241+0000] {manager.py:879} INFO - 
================================================================================
DAG File Processing Stats

File Path                                 PID    Runtime      # DAGs    # Errors  Last Runtime    Last Run
----------------------------------------  -----  ---------  --------  ----------  --------------  -------------------
/opt/airflow/dags/marine_data_etl_dag.py                           1           0  2.71s           2025-08-02T12:02:56
================================================================================
[2025-08-02T12:03:30.127+0000] {manager.py:738} INFO - Searching for files in /opt/airflow/dags
[2025-08-02T12:03:30.744+0000] {manager.py:741} INFO - There are 1 files in /opt/airflow/dags
[2025-08-02T12:03:34.811+0000] {manager.py:879} INFO - 
================================================================================
DAG File Processing Stats

File Path                                 PID    Runtime      # DAGs    # Errors  Last Runtime    Last Run
----------------------------------------  -----  ---------  --------  ----------  --------------  -------------------
/opt/airflow/dags/marine_data_etl_dag.py                           1           0  3.69s           2025-08-02T12:03:30
================================================================================
