[2025-08-02T13:27:13.843+0000] {taskinstance.py:1956} INFO - Dependencies all met for dep_context=non-requeueable deps ti=<TaskInstance: marine_data_etl_dag.zooplankton_etl.download_zoo manual__2025-08-02T13:26:38.090117+00:00 [queued]>
[2025-08-02T13:27:13.855+0000] {taskinstance.py:1956} INFO - Dependencies all met for dep_context=requeueable deps ti=<TaskInstance: marine_data_etl_dag.zooplankton_etl.download_zoo manual__2025-08-02T13:26:38.090117+00:00 [queued]>
[2025-08-02T13:27:13.856+0000] {taskinstance.py:2170} INFO - Starting attempt 1 of 1
[2025-08-02T13:27:13.879+0000] {taskinstance.py:2191} INFO - Executing <Task(PythonOperator): zooplankton_etl.download_zoo> on 2025-08-02 13:26:38.090117+00:00
[2025-08-02T13:27:13.885+0000] {standard_task_runner.py:60} INFO - Started process 428 to run task
[2025-08-02T13:27:13.892+0000] {standard_task_runner.py:87} INFO - Running: ['***', 'tasks', 'run', 'marine_data_etl_dag', 'zooplankton_etl.download_zoo', 'manual__2025-08-02T13:26:38.090117+00:00', '--job-id', '98', '--raw', '--subdir', 'DAGS_FOLDER/marine_data_etl_dag.py', '--cfg-path', '/tmp/tmpk3v0e51u']
[2025-08-02T13:27:13.897+0000] {standard_task_runner.py:88} INFO - Job 98: Subtask zooplankton_etl.download_zoo
[2025-08-02T13:27:13.967+0000] {task_command.py:423} INFO - Running <TaskInstance: marine_data_etl_dag.zooplankton_etl.download_zoo manual__2025-08-02T13:26:38.090117+00:00 [running]> on host 19821aecac76
[2025-08-02T13:27:14.510+0000] {taskinstance.py:2480} INFO - Exporting env vars: AIRFLOW_CTX_DAG_OWNER='***' AIRFLOW_CTX_DAG_ID='marine_data_etl_dag' AIRFLOW_CTX_TASK_ID='zooplankton_etl.download_zoo' AIRFLOW_CTX_EXECUTION_DATE='2025-08-02T13:26:38.090117+00:00' AIRFLOW_CTX_TRY_NUMBER='1' AIRFLOW_CTX_DAG_RUN_ID='manual__2025-08-02T13:26:38.090117+00:00'
[2025-08-02T13:27:14.518+0000] {deprecated_options.py:61} WARNING - 'force_download' has been deprecated.
[2025-08-02T13:27:15.212+0000] {credentials_utils.py:181} INFO - Downloading Copernicus Marine data requires a Copernicus Marine username and password, sign up for free at: https://data.marine.copernicus.eu/register
[2025-08-02T13:27:15.214+0000] {logging_mixin.py:188} INFO - Copernicus Marine username:
[2025-08-02T13:27:15.215+0000] {logging_mixin.py:188} INFO -  
[2025-08-02T13:27:15.216+0000] {logging_mixin.py:188} INFO - Abort
[2025-08-02T13:27:15.217+0000] {logging_mixin.py:188} INFO - ✅ Downloaded zooplankton: /opt/***/nc/zooplankton/rayong_1_zooplankton.nc
[2025-08-02T13:27:15.217+0000] {deprecated_options.py:61} WARNING - 'force_download' has been deprecated.
[2025-08-02T13:27:15.887+0000] {credentials_utils.py:181} INFO - Downloading Copernicus Marine data requires a Copernicus Marine username and password, sign up for free at: https://data.marine.copernicus.eu/register
[2025-08-02T13:27:15.888+0000] {logging_mixin.py:188} INFO - Copernicus Marine username:
[2025-08-02T13:27:15.889+0000] {logging_mixin.py:188} INFO -  
[2025-08-02T13:27:15.890+0000] {logging_mixin.py:188} INFO - Abort
[2025-08-02T13:27:15.892+0000] {logging_mixin.py:188} INFO - ✅ Downloaded zooplankton: /opt/***/nc/zooplankton/rayong_2_zooplankton.nc
[2025-08-02T13:27:15.893+0000] {deprecated_options.py:61} WARNING - 'force_download' has been deprecated.
[2025-08-02T13:27:16.539+0000] {credentials_utils.py:181} INFO - Downloading Copernicus Marine data requires a Copernicus Marine username and password, sign up for free at: https://data.marine.copernicus.eu/register
[2025-08-02T13:27:16.540+0000] {logging_mixin.py:188} INFO - Copernicus Marine username:
[2025-08-02T13:27:16.541+0000] {logging_mixin.py:188} INFO -  
[2025-08-02T13:27:16.542+0000] {logging_mixin.py:188} INFO - Abort
[2025-08-02T13:27:16.543+0000] {logging_mixin.py:188} INFO - ✅ Downloaded zooplankton: /opt/***/nc/zooplankton/chanthaburi_1_zooplankton.nc
[2025-08-02T13:27:16.544+0000] {deprecated_options.py:61} WARNING - 'force_download' has been deprecated.
[2025-08-02T13:27:17.217+0000] {credentials_utils.py:181} INFO - Downloading Copernicus Marine data requires a Copernicus Marine username and password, sign up for free at: https://data.marine.copernicus.eu/register
[2025-08-02T13:27:17.218+0000] {logging_mixin.py:188} INFO - Copernicus Marine username:
[2025-08-02T13:27:17.219+0000] {logging_mixin.py:188} INFO -  
[2025-08-02T13:27:17.220+0000] {logging_mixin.py:188} INFO - Abort
[2025-08-02T13:27:17.221+0000] {logging_mixin.py:188} INFO - ✅ Downloaded zooplankton: /opt/***/nc/zooplankton/trat_1_zooplankton.nc
[2025-08-02T13:27:17.222+0000] {python.py:201} INFO - Done. Returned value was: None
[2025-08-02T13:27:17.239+0000] {taskinstance.py:1138} INFO - Marking task as SUCCESS. dag_id=marine_data_etl_dag, task_id=zooplankton_etl.download_zoo, execution_date=20250802T132638, start_date=20250802T132713, end_date=20250802T132717
[2025-08-02T13:27:17.283+0000] {local_task_job_runner.py:234} INFO - Task exited with return code 0
[2025-08-02T13:27:17.333+0000] {taskinstance.py:3280} INFO - 1 downstream tasks scheduled from follow-on schedule check
