[2025-08-02T11:58:30.403+0000] {processor.py:161} INFO - Started process (PID=59) to work on /opt/airflow/dags/marine_data_etl_dag.py
[2025-08-02T11:58:30.405+0000] {processor.py:830} INFO - Processing file /opt/airflow/dags/marine_data_etl_dag.py for tasks to queue
[2025-08-02T11:58:30.407+0000] {logging_mixin.py:188} INFO - [2025-08-02T11:58:30.407+0000] {dagbag.py:538} INFO - Filling up the DagBag from /opt/airflow/dags/marine_data_etl_dag.py
[2025-08-02T11:58:35.298+0000] {processor.py:840} INFO - DAG(s) 'marine_data_etl_dag' retrieved from /opt/airflow/dags/marine_data_etl_dag.py
[2025-08-02T11:58:35.768+0000] {logging_mixin.py:188} INFO - [2025-08-02T11:58:35.767+0000] {override.py:1769} INFO - Created Permission View: can delete on DAG:marine_data_etl_dag
[2025-08-02T11:58:35.785+0000] {logging_mixin.py:188} INFO - [2025-08-02T11:58:35.785+0000] {override.py:1769} INFO - Created Permission View: can read on DAG:marine_data_etl_dag
[2025-08-02T11:58:35.799+0000] {logging_mixin.py:188} INFO - [2025-08-02T11:58:35.799+0000] {override.py:1769} INFO - Created Permission View: can edit on DAG:marine_data_etl_dag
[2025-08-02T11:58:35.801+0000] {logging_mixin.py:188} INFO - [2025-08-02T11:58:35.800+0000] {dag.py:3036} INFO - Sync 1 DAGs
[2025-08-02T11:58:35.822+0000] {logging_mixin.py:188} INFO - [2025-08-02T11:58:35.819+0000] {dag.py:3058} INFO - Creating ORM DAG for marine_data_etl_dag
[2025-08-02T11:58:35.841+0000] {logging_mixin.py:188} INFO - [2025-08-02T11:58:35.840+0000] {dag.py:3823} INFO - Setting next_dagrun for marine_data_etl_dag to 2025-07-20 00:00:00+00:00, run_after=2025-07-27 00:00:00+00:00
[2025-08-02T11:58:35.884+0000] {processor.py:183} INFO - Processing /opt/airflow/dags/marine_data_etl_dag.py took 5.490 seconds
[2025-08-02T11:59:06.395+0000] {processor.py:161} INFO - Started process (PID=61) to work on /opt/airflow/dags/marine_data_etl_dag.py
[2025-08-02T11:59:06.399+0000] {processor.py:830} INFO - Processing file /opt/airflow/dags/marine_data_etl_dag.py for tasks to queue
[2025-08-02T11:59:06.402+0000] {logging_mixin.py:188} INFO - [2025-08-02T11:59:06.401+0000] {dagbag.py:538} INFO - Filling up the DagBag from /opt/airflow/dags/marine_data_etl_dag.py
[2025-08-02T11:59:08.397+0000] {processor.py:840} INFO - DAG(s) 'marine_data_etl_dag' retrieved from /opt/airflow/dags/marine_data_etl_dag.py
[2025-08-02T11:59:08.443+0000] {logging_mixin.py:188} INFO - [2025-08-02T11:59:08.442+0000] {dag.py:3036} INFO - Sync 1 DAGs
[2025-08-02T11:59:08.475+0000] {logging_mixin.py:188} INFO - [2025-08-02T11:59:08.475+0000] {dag.py:3823} INFO - Setting next_dagrun for marine_data_etl_dag to 2025-07-20 00:00:00+00:00, run_after=2025-07-27 00:00:00+00:00
[2025-08-02T11:59:08.509+0000] {processor.py:183} INFO - Processing /opt/airflow/dags/marine_data_etl_dag.py took 2.127 seconds
[2025-08-02T11:59:39.055+0000] {processor.py:161} INFO - Started process (PID=63) to work on /opt/airflow/dags/marine_data_etl_dag.py
[2025-08-02T11:59:39.057+0000] {processor.py:830} INFO - Processing file /opt/airflow/dags/marine_data_etl_dag.py for tasks to queue
[2025-08-02T11:59:39.061+0000] {logging_mixin.py:188} INFO - [2025-08-02T11:59:39.060+0000] {dagbag.py:538} INFO - Filling up the DagBag from /opt/airflow/dags/marine_data_etl_dag.py
[2025-08-02T11:59:42.083+0000] {processor.py:840} INFO - DAG(s) 'marine_data_etl_dag' retrieved from /opt/airflow/dags/marine_data_etl_dag.py
[2025-08-02T11:59:42.189+0000] {logging_mixin.py:188} INFO - [2025-08-02T11:59:42.188+0000] {dag.py:3036} INFO - Sync 1 DAGs
[2025-08-02T11:59:42.240+0000] {logging_mixin.py:188} INFO - [2025-08-02T11:59:42.240+0000] {dag.py:3823} INFO - Setting next_dagrun for marine_data_etl_dag to 2025-07-20 00:00:00+00:00, run_after=2025-07-27 00:00:00+00:00
[2025-08-02T11:59:42.272+0000] {processor.py:183} INFO - Processing /opt/airflow/dags/marine_data_etl_dag.py took 3.250 seconds
[2025-08-02T12:00:12.595+0000] {processor.py:161} INFO - Started process (PID=65) to work on /opt/airflow/dags/marine_data_etl_dag.py
[2025-08-02T12:00:12.597+0000] {processor.py:830} INFO - Processing file /opt/airflow/dags/marine_data_etl_dag.py for tasks to queue
[2025-08-02T12:00:12.599+0000] {logging_mixin.py:188} INFO - [2025-08-02T12:00:12.599+0000] {dagbag.py:538} INFO - Filling up the DagBag from /opt/airflow/dags/marine_data_etl_dag.py
[2025-08-02T12:00:14.013+0000] {processor.py:840} INFO - DAG(s) 'marine_data_etl_dag' retrieved from /opt/airflow/dags/marine_data_etl_dag.py
[2025-08-02T12:00:14.059+0000] {logging_mixin.py:188} INFO - [2025-08-02T12:00:14.057+0000] {dag.py:3036} INFO - Sync 1 DAGs
[2025-08-02T12:00:14.088+0000] {logging_mixin.py:188} INFO - [2025-08-02T12:00:14.087+0000] {dag.py:3823} INFO - Setting next_dagrun for marine_data_etl_dag to 2025-07-20 00:00:00+00:00, run_after=2025-07-27 00:00:00+00:00
[2025-08-02T12:00:14.117+0000] {processor.py:183} INFO - Processing /opt/airflow/dags/marine_data_etl_dag.py took 1.527 seconds
[2025-08-02T12:00:44.328+0000] {processor.py:161} INFO - Started process (PID=67) to work on /opt/airflow/dags/marine_data_etl_dag.py
[2025-08-02T12:00:44.342+0000] {processor.py:830} INFO - Processing file /opt/airflow/dags/marine_data_etl_dag.py for tasks to queue
[2025-08-02T12:00:44.345+0000] {logging_mixin.py:188} INFO - [2025-08-02T12:00:44.344+0000] {dagbag.py:538} INFO - Filling up the DagBag from /opt/airflow/dags/marine_data_etl_dag.py
[2025-08-02T12:00:45.988+0000] {processor.py:840} INFO - DAG(s) 'marine_data_etl_dag' retrieved from /opt/airflow/dags/marine_data_etl_dag.py
[2025-08-02T12:00:46.033+0000] {logging_mixin.py:188} INFO - [2025-08-02T12:00:46.032+0000] {dag.py:3036} INFO - Sync 1 DAGs
[2025-08-02T12:00:46.070+0000] {logging_mixin.py:188} INFO - [2025-08-02T12:00:46.069+0000] {dag.py:3823} INFO - Setting next_dagrun for marine_data_etl_dag to 2025-07-20 00:00:00+00:00, run_after=2025-07-27 00:00:00+00:00
[2025-08-02T12:00:46.104+0000] {processor.py:183} INFO - Processing /opt/airflow/dags/marine_data_etl_dag.py took 1.794 seconds
[2025-08-02T12:01:16.609+0000] {processor.py:161} INFO - Started process (PID=69) to work on /opt/airflow/dags/marine_data_etl_dag.py
[2025-08-02T12:01:16.612+0000] {processor.py:830} INFO - Processing file /opt/airflow/dags/marine_data_etl_dag.py for tasks to queue
[2025-08-02T12:01:16.614+0000] {logging_mixin.py:188} INFO - [2025-08-02T12:01:16.614+0000] {dagbag.py:538} INFO - Filling up the DagBag from /opt/airflow/dags/marine_data_etl_dag.py
[2025-08-02T12:01:18.033+0000] {processor.py:840} INFO - DAG(s) 'marine_data_etl_dag' retrieved from /opt/airflow/dags/marine_data_etl_dag.py
[2025-08-02T12:01:18.077+0000] {logging_mixin.py:188} INFO - [2025-08-02T12:01:18.076+0000] {dag.py:3036} INFO - Sync 1 DAGs
[2025-08-02T12:01:18.109+0000] {logging_mixin.py:188} INFO - [2025-08-02T12:01:18.109+0000] {dag.py:3823} INFO - Setting next_dagrun for marine_data_etl_dag to 2025-07-20 00:00:00+00:00, run_after=2025-07-27 00:00:00+00:00
[2025-08-02T12:01:18.140+0000] {processor.py:183} INFO - Processing /opt/airflow/dags/marine_data_etl_dag.py took 1.538 seconds
[2025-08-02T12:01:48.275+0000] {processor.py:161} INFO - Started process (PID=71) to work on /opt/airflow/dags/marine_data_etl_dag.py
[2025-08-02T12:01:48.277+0000] {processor.py:830} INFO - Processing file /opt/airflow/dags/marine_data_etl_dag.py for tasks to queue
[2025-08-02T12:01:48.279+0000] {logging_mixin.py:188} INFO - [2025-08-02T12:01:48.278+0000] {dagbag.py:538} INFO - Filling up the DagBag from /opt/airflow/dags/marine_data_etl_dag.py
[2025-08-02T12:01:51.655+0000] {processor.py:840} INFO - DAG(s) 'marine_data_etl_dag' retrieved from /opt/airflow/dags/marine_data_etl_dag.py
[2025-08-02T12:01:51.707+0000] {logging_mixin.py:188} INFO - [2025-08-02T12:01:51.706+0000] {dag.py:3036} INFO - Sync 1 DAGs
[2025-08-02T12:01:51.749+0000] {logging_mixin.py:188} INFO - [2025-08-02T12:01:51.749+0000] {dag.py:3823} INFO - Setting next_dagrun for marine_data_etl_dag to 2025-07-20 00:00:00+00:00, run_after=2025-07-27 00:00:00+00:00
[2025-08-02T12:01:51.798+0000] {processor.py:183} INFO - Processing /opt/airflow/dags/marine_data_etl_dag.py took 3.529 seconds
[2025-08-02T12:02:22.160+0000] {processor.py:161} INFO - Started process (PID=73) to work on /opt/airflow/dags/marine_data_etl_dag.py
[2025-08-02T12:02:22.162+0000] {processor.py:830} INFO - Processing file /opt/airflow/dags/marine_data_etl_dag.py for tasks to queue
[2025-08-02T12:02:22.165+0000] {logging_mixin.py:188} INFO - [2025-08-02T12:02:22.164+0000] {dagbag.py:538} INFO - Filling up the DagBag from /opt/airflow/dags/marine_data_etl_dag.py
[2025-08-02T12:02:23.743+0000] {processor.py:840} INFO - DAG(s) 'marine_data_etl_dag' retrieved from /opt/airflow/dags/marine_data_etl_dag.py
[2025-08-02T12:02:23.814+0000] {logging_mixin.py:188} INFO - [2025-08-02T12:02:23.808+0000] {dag.py:3036} INFO - Sync 1 DAGs
[2025-08-02T12:02:23.850+0000] {logging_mixin.py:188} INFO - [2025-08-02T12:02:23.850+0000] {dag.py:3823} INFO - Setting next_dagrun for marine_data_etl_dag to 2025-07-20 00:00:00+00:00, run_after=2025-07-27 00:00:00+00:00
[2025-08-02T12:02:23.887+0000] {processor.py:183} INFO - Processing /opt/airflow/dags/marine_data_etl_dag.py took 1.734 seconds
[2025-08-02T12:02:54.136+0000] {processor.py:161} INFO - Started process (PID=98) to work on /opt/airflow/dags/marine_data_etl_dag.py
[2025-08-02T12:02:54.138+0000] {processor.py:830} INFO - Processing file /opt/airflow/dags/marine_data_etl_dag.py for tasks to queue
[2025-08-02T12:02:54.139+0000] {logging_mixin.py:188} INFO - [2025-08-02T12:02:54.139+0000] {dagbag.py:538} INFO - Filling up the DagBag from /opt/airflow/dags/marine_data_etl_dag.py
[2025-08-02T12:02:56.630+0000] {processor.py:840} INFO - DAG(s) 'marine_data_etl_dag' retrieved from /opt/airflow/dags/marine_data_etl_dag.py
[2025-08-02T12:02:56.693+0000] {logging_mixin.py:188} INFO - [2025-08-02T12:02:56.691+0000] {dag.py:3036} INFO - Sync 1 DAGs
[2025-08-02T12:02:56.734+0000] {logging_mixin.py:188} INFO - [2025-08-02T12:02:56.734+0000] {dag.py:3823} INFO - Setting next_dagrun for marine_data_etl_dag to 2025-07-27 00:00:00+00:00, run_after=2025-08-03 00:00:00+00:00
[2025-08-02T12:02:56.789+0000] {processor.py:183} INFO - Processing /opt/airflow/dags/marine_data_etl_dag.py took 2.659 seconds
[2025-08-02T12:03:27.246+0000] {processor.py:161} INFO - Started process (PID=114) to work on /opt/airflow/dags/marine_data_etl_dag.py
[2025-08-02T12:03:27.250+0000] {processor.py:830} INFO - Processing file /opt/airflow/dags/marine_data_etl_dag.py for tasks to queue
[2025-08-02T12:03:27.253+0000] {logging_mixin.py:188} INFO - [2025-08-02T12:03:27.252+0000] {dagbag.py:538} INFO - Filling up the DagBag from /opt/airflow/dags/marine_data_etl_dag.py
[2025-08-02T12:03:30.485+0000] {processor.py:840} INFO - DAG(s) 'marine_data_etl_dag' retrieved from /opt/airflow/dags/marine_data_etl_dag.py
[2025-08-02T12:03:30.604+0000] {logging_mixin.py:188} INFO - [2025-08-02T12:03:30.601+0000] {dag.py:3036} INFO - Sync 1 DAGs
[2025-08-02T12:03:30.683+0000] {logging_mixin.py:188} INFO - [2025-08-02T12:03:30.683+0000] {dag.py:3823} INFO - Setting next_dagrun for marine_data_etl_dag to 2025-07-27 00:00:00+00:00, run_after=2025-08-03 00:00:00+00:00
[2025-08-02T12:03:30.750+0000] {processor.py:183} INFO - Processing /opt/airflow/dags/marine_data_etl_dag.py took 3.539 seconds
[2025-08-02T12:04:01.414+0000] {processor.py:161} INFO - Started process (PID=137) to work on /opt/airflow/dags/marine_data_etl_dag.py
[2025-08-02T12:04:01.417+0000] {processor.py:830} INFO - Processing file /opt/airflow/dags/marine_data_etl_dag.py for tasks to queue
[2025-08-02T12:04:01.420+0000] {logging_mixin.py:188} INFO - [2025-08-02T12:04:01.420+0000] {dagbag.py:538} INFO - Filling up the DagBag from /opt/airflow/dags/marine_data_etl_dag.py
[2025-08-02T12:04:04.152+0000] {processor.py:840} INFO - DAG(s) 'marine_data_etl_dag' retrieved from /opt/airflow/dags/marine_data_etl_dag.py
[2025-08-02T12:04:04.211+0000] {logging_mixin.py:188} INFO - [2025-08-02T12:04:04.210+0000] {dag.py:3036} INFO - Sync 1 DAGs
[2025-08-02T12:04:04.250+0000] {logging_mixin.py:188} INFO - [2025-08-02T12:04:04.250+0000] {dag.py:3823} INFO - Setting next_dagrun for marine_data_etl_dag to 2025-07-27 00:00:00+00:00, run_after=2025-08-03 00:00:00+00:00
[2025-08-02T12:04:04.286+0000] {processor.py:183} INFO - Processing /opt/airflow/dags/marine_data_etl_dag.py took 2.883 seconds
[2025-08-02T12:04:34.648+0000] {processor.py:161} INFO - Started process (PID=153) to work on /opt/airflow/dags/marine_data_etl_dag.py
[2025-08-02T12:04:34.650+0000] {processor.py:830} INFO - Processing file /opt/airflow/dags/marine_data_etl_dag.py for tasks to queue
[2025-08-02T12:04:34.653+0000] {logging_mixin.py:188} INFO - [2025-08-02T12:04:34.651+0000] {dagbag.py:538} INFO - Filling up the DagBag from /opt/airflow/dags/marine_data_etl_dag.py
[2025-08-02T12:04:36.588+0000] {processor.py:840} INFO - DAG(s) 'marine_data_etl_dag' retrieved from /opt/airflow/dags/marine_data_etl_dag.py
[2025-08-02T12:04:36.637+0000] {logging_mixin.py:188} INFO - [2025-08-02T12:04:36.633+0000] {dag.py:3036} INFO - Sync 1 DAGs
[2025-08-02T12:04:36.668+0000] {logging_mixin.py:188} INFO - [2025-08-02T12:04:36.667+0000] {dag.py:3823} INFO - Setting next_dagrun for marine_data_etl_dag to 2025-07-27 00:00:00+00:00, run_after=2025-08-03 00:00:00+00:00
[2025-08-02T12:04:36.698+0000] {processor.py:183} INFO - Processing /opt/airflow/dags/marine_data_etl_dag.py took 2.056 seconds
[2025-08-02T12:08:26.614+0000] {processor.py:161} INFO - Started process (PID=167) to work on /opt/airflow/dags/marine_data_etl_dag.py
[2025-08-02T12:08:26.615+0000] {processor.py:830} INFO - Processing file /opt/airflow/dags/marine_data_etl_dag.py for tasks to queue
[2025-08-02T12:08:26.617+0000] {logging_mixin.py:188} INFO - [2025-08-02T12:08:26.616+0000] {dagbag.py:538} INFO - Filling up the DagBag from /opt/airflow/dags/marine_data_etl_dag.py
[2025-08-02T12:08:28.338+0000] {processor.py:840} INFO - DAG(s) 'marine_data_etl_dag' retrieved from /opt/airflow/dags/marine_data_etl_dag.py
[2025-08-02T12:08:28.389+0000] {logging_mixin.py:188} INFO - [2025-08-02T12:08:28.388+0000] {dag.py:3036} INFO - Sync 1 DAGs
[2025-08-02T12:08:28.431+0000] {logging_mixin.py:188} INFO - [2025-08-02T12:08:28.431+0000] {dag.py:3823} INFO - Setting next_dagrun for marine_data_etl_dag to 2025-07-27 00:00:00+00:00, run_after=2025-08-03 00:00:00+00:00
[2025-08-02T12:08:28.464+0000] {processor.py:183} INFO - Processing /opt/airflow/dags/marine_data_etl_dag.py took 1.860 seconds
[2025-08-02T12:08:59.193+0000] {processor.py:161} INFO - Started process (PID=169) to work on /opt/airflow/dags/marine_data_etl_dag.py
[2025-08-02T12:08:59.203+0000] {processor.py:830} INFO - Processing file /opt/airflow/dags/marine_data_etl_dag.py for tasks to queue
[2025-08-02T12:08:59.211+0000] {logging_mixin.py:188} INFO - [2025-08-02T12:08:59.210+0000] {dagbag.py:538} INFO - Filling up the DagBag from /opt/airflow/dags/marine_data_etl_dag.py
[2025-08-02T12:09:01.738+0000] {processor.py:840} INFO - DAG(s) 'marine_data_etl_dag' retrieved from /opt/airflow/dags/marine_data_etl_dag.py
[2025-08-02T12:09:01.805+0000] {logging_mixin.py:188} INFO - [2025-08-02T12:09:01.803+0000] {dag.py:3036} INFO - Sync 1 DAGs
[2025-08-02T12:09:01.879+0000] {logging_mixin.py:188} INFO - [2025-08-02T12:09:01.878+0000] {dag.py:3823} INFO - Setting next_dagrun for marine_data_etl_dag to 2025-07-27 00:00:00+00:00, run_after=2025-08-03 00:00:00+00:00
[2025-08-02T12:09:02.001+0000] {processor.py:183} INFO - Processing /opt/airflow/dags/marine_data_etl_dag.py took 2.825 seconds
[2025-08-02T12:09:32.525+0000] {processor.py:161} INFO - Started process (PID=178) to work on /opt/airflow/dags/marine_data_etl_dag.py
[2025-08-02T12:09:32.527+0000] {processor.py:830} INFO - Processing file /opt/airflow/dags/marine_data_etl_dag.py for tasks to queue
[2025-08-02T12:09:32.529+0000] {logging_mixin.py:188} INFO - [2025-08-02T12:09:32.529+0000] {dagbag.py:538} INFO - Filling up the DagBag from /opt/airflow/dags/marine_data_etl_dag.py
[2025-08-02T12:09:34.733+0000] {processor.py:840} INFO - DAG(s) 'marine_data_etl_dag' retrieved from /opt/airflow/dags/marine_data_etl_dag.py
[2025-08-02T12:09:34.791+0000] {logging_mixin.py:188} INFO - [2025-08-02T12:09:34.790+0000] {dag.py:3036} INFO - Sync 1 DAGs
[2025-08-02T12:09:34.836+0000] {logging_mixin.py:188} INFO - [2025-08-02T12:09:34.836+0000] {dag.py:3823} INFO - Setting next_dagrun for marine_data_etl_dag to 2025-07-27 00:00:00+00:00, run_after=2025-08-03 00:00:00+00:00
[2025-08-02T12:09:34.874+0000] {processor.py:183} INFO - Processing /opt/airflow/dags/marine_data_etl_dag.py took 2.366 seconds
[2025-08-02T12:10:05.132+0000] {processor.py:161} INFO - Started process (PID=204) to work on /opt/airflow/dags/marine_data_etl_dag.py
[2025-08-02T12:10:05.135+0000] {processor.py:830} INFO - Processing file /opt/airflow/dags/marine_data_etl_dag.py for tasks to queue
[2025-08-02T12:10:05.137+0000] {logging_mixin.py:188} INFO - [2025-08-02T12:10:05.136+0000] {dagbag.py:538} INFO - Filling up the DagBag from /opt/airflow/dags/marine_data_etl_dag.py
[2025-08-02T12:10:07.055+0000] {processor.py:840} INFO - DAG(s) 'marine_data_etl_dag' retrieved from /opt/airflow/dags/marine_data_etl_dag.py
[2025-08-02T12:10:07.118+0000] {logging_mixin.py:188} INFO - [2025-08-02T12:10:07.117+0000] {dag.py:3036} INFO - Sync 1 DAGs
[2025-08-02T12:10:07.157+0000] {logging_mixin.py:188} INFO - [2025-08-02T12:10:07.157+0000] {dag.py:3823} INFO - Setting next_dagrun for marine_data_etl_dag to 2025-07-27 00:00:00+00:00, run_after=2025-08-03 00:00:00+00:00
[2025-08-02T12:10:07.201+0000] {processor.py:183} INFO - Processing /opt/airflow/dags/marine_data_etl_dag.py took 2.078 seconds
[2025-08-02T12:10:37.439+0000] {processor.py:161} INFO - Started process (PID=211) to work on /opt/airflow/dags/marine_data_etl_dag.py
[2025-08-02T12:10:37.441+0000] {processor.py:830} INFO - Processing file /opt/airflow/dags/marine_data_etl_dag.py for tasks to queue
[2025-08-02T12:10:37.444+0000] {logging_mixin.py:188} INFO - [2025-08-02T12:10:37.443+0000] {dagbag.py:538} INFO - Filling up the DagBag from /opt/airflow/dags/marine_data_etl_dag.py
[2025-08-02T12:10:39.330+0000] {processor.py:840} INFO - DAG(s) 'marine_data_etl_dag' retrieved from /opt/airflow/dags/marine_data_etl_dag.py
[2025-08-02T12:10:39.453+0000] {logging_mixin.py:188} INFO - [2025-08-02T12:10:39.451+0000] {dag.py:3036} INFO - Sync 1 DAGs
[2025-08-02T12:10:39.561+0000] {logging_mixin.py:188} INFO - [2025-08-02T12:10:39.560+0000] {dag.py:3823} INFO - Setting next_dagrun for marine_data_etl_dag to 2025-07-27 00:00:00+00:00, run_after=2025-08-03 00:00:00+00:00
[2025-08-02T12:10:39.615+0000] {processor.py:183} INFO - Processing /opt/airflow/dags/marine_data_etl_dag.py took 2.182 seconds
[2025-08-02T12:11:09.898+0000] {processor.py:161} INFO - Started process (PID=213) to work on /opt/airflow/dags/marine_data_etl_dag.py
[2025-08-02T12:11:09.901+0000] {processor.py:830} INFO - Processing file /opt/airflow/dags/marine_data_etl_dag.py for tasks to queue
[2025-08-02T12:11:09.904+0000] {logging_mixin.py:188} INFO - [2025-08-02T12:11:09.903+0000] {dagbag.py:538} INFO - Filling up the DagBag from /opt/airflow/dags/marine_data_etl_dag.py
[2025-08-02T12:11:12.007+0000] {processor.py:840} INFO - DAG(s) 'marine_data_etl_dag' retrieved from /opt/airflow/dags/marine_data_etl_dag.py
[2025-08-02T12:11:12.058+0000] {logging_mixin.py:188} INFO - [2025-08-02T12:11:12.057+0000] {dag.py:3036} INFO - Sync 1 DAGs
[2025-08-02T12:11:12.095+0000] {logging_mixin.py:188} INFO - [2025-08-02T12:11:12.095+0000] {dag.py:3823} INFO - Setting next_dagrun for marine_data_etl_dag to 2025-07-27 00:00:00+00:00, run_after=2025-08-03 00:00:00+00:00
[2025-08-02T12:11:12.126+0000] {processor.py:183} INFO - Processing /opt/airflow/dags/marine_data_etl_dag.py took 2.236 seconds
[2025-08-02T12:11:42.277+0000] {processor.py:161} INFO - Started process (PID=215) to work on /opt/airflow/dags/marine_data_etl_dag.py
[2025-08-02T12:11:42.279+0000] {processor.py:830} INFO - Processing file /opt/airflow/dags/marine_data_etl_dag.py for tasks to queue
[2025-08-02T12:11:42.281+0000] {logging_mixin.py:188} INFO - [2025-08-02T12:11:42.280+0000] {dagbag.py:538} INFO - Filling up the DagBag from /opt/airflow/dags/marine_data_etl_dag.py
[2025-08-02T12:11:44.021+0000] {processor.py:840} INFO - DAG(s) 'marine_data_etl_dag' retrieved from /opt/airflow/dags/marine_data_etl_dag.py
[2025-08-02T12:11:44.070+0000] {logging_mixin.py:188} INFO - [2025-08-02T12:11:44.069+0000] {dag.py:3036} INFO - Sync 1 DAGs
[2025-08-02T12:11:44.102+0000] {logging_mixin.py:188} INFO - [2025-08-02T12:11:44.102+0000] {dag.py:3823} INFO - Setting next_dagrun for marine_data_etl_dag to 2025-07-27 00:00:00+00:00, run_after=2025-08-03 00:00:00+00:00
[2025-08-02T12:11:44.132+0000] {processor.py:183} INFO - Processing /opt/airflow/dags/marine_data_etl_dag.py took 1.861 seconds
[2025-08-02T12:12:14.468+0000] {processor.py:161} INFO - Started process (PID=217) to work on /opt/airflow/dags/marine_data_etl_dag.py
[2025-08-02T12:12:14.470+0000] {processor.py:830} INFO - Processing file /opt/airflow/dags/marine_data_etl_dag.py for tasks to queue
[2025-08-02T12:12:14.472+0000] {logging_mixin.py:188} INFO - [2025-08-02T12:12:14.472+0000] {dagbag.py:538} INFO - Filling up the DagBag from /opt/airflow/dags/marine_data_etl_dag.py
[2025-08-02T12:12:16.347+0000] {processor.py:840} INFO - DAG(s) 'marine_data_etl_dag' retrieved from /opt/airflow/dags/marine_data_etl_dag.py
[2025-08-02T12:12:16.395+0000] {logging_mixin.py:188} INFO - [2025-08-02T12:12:16.394+0000] {dag.py:3036} INFO - Sync 1 DAGs
[2025-08-02T12:12:16.426+0000] {logging_mixin.py:188} INFO - [2025-08-02T12:12:16.426+0000] {dag.py:3823} INFO - Setting next_dagrun for marine_data_etl_dag to 2025-07-27 00:00:00+00:00, run_after=2025-08-03 00:00:00+00:00
[2025-08-02T12:12:16.459+0000] {processor.py:183} INFO - Processing /opt/airflow/dags/marine_data_etl_dag.py took 1.998 seconds
[2025-08-02T12:12:47.098+0000] {processor.py:161} INFO - Started process (PID=219) to work on /opt/airflow/dags/marine_data_etl_dag.py
[2025-08-02T12:12:47.104+0000] {processor.py:830} INFO - Processing file /opt/airflow/dags/marine_data_etl_dag.py for tasks to queue
[2025-08-02T12:12:47.106+0000] {logging_mixin.py:188} INFO - [2025-08-02T12:12:47.106+0000] {dagbag.py:538} INFO - Filling up the DagBag from /opt/airflow/dags/marine_data_etl_dag.py
[2025-08-02T12:12:51.263+0000] {processor.py:840} INFO - DAG(s) 'marine_data_etl_dag' retrieved from /opt/airflow/dags/marine_data_etl_dag.py
[2025-08-02T12:12:51.320+0000] {logging_mixin.py:188} INFO - [2025-08-02T12:12:51.319+0000] {dag.py:3036} INFO - Sync 1 DAGs
[2025-08-02T12:12:51.367+0000] {logging_mixin.py:188} INFO - [2025-08-02T12:12:51.367+0000] {dag.py:3823} INFO - Setting next_dagrun for marine_data_etl_dag to 2025-07-27 00:00:00+00:00, run_after=2025-08-03 00:00:00+00:00
[2025-08-02T12:12:51.403+0000] {processor.py:183} INFO - Processing /opt/airflow/dags/marine_data_etl_dag.py took 4.312 seconds
[2025-08-02T12:13:21.576+0000] {processor.py:161} INFO - Started process (PID=221) to work on /opt/airflow/dags/marine_data_etl_dag.py
[2025-08-02T12:13:21.578+0000] {processor.py:830} INFO - Processing file /opt/airflow/dags/marine_data_etl_dag.py for tasks to queue
[2025-08-02T12:13:21.580+0000] {logging_mixin.py:188} INFO - [2025-08-02T12:13:21.579+0000] {dagbag.py:538} INFO - Filling up the DagBag from /opt/airflow/dags/marine_data_etl_dag.py
[2025-08-02T12:13:23.175+0000] {processor.py:840} INFO - DAG(s) 'marine_data_etl_dag' retrieved from /opt/airflow/dags/marine_data_etl_dag.py
[2025-08-02T12:13:23.228+0000] {logging_mixin.py:188} INFO - [2025-08-02T12:13:23.227+0000] {dag.py:3036} INFO - Sync 1 DAGs
[2025-08-02T12:13:23.263+0000] {logging_mixin.py:188} INFO - [2025-08-02T12:13:23.263+0000] {dag.py:3823} INFO - Setting next_dagrun for marine_data_etl_dag to 2025-07-27 00:00:00+00:00, run_after=2025-08-03 00:00:00+00:00
[2025-08-02T12:13:23.293+0000] {processor.py:183} INFO - Processing /opt/airflow/dags/marine_data_etl_dag.py took 1.723 seconds
[2025-08-02T12:13:54.117+0000] {processor.py:161} INFO - Started process (PID=223) to work on /opt/airflow/dags/marine_data_etl_dag.py
[2025-08-02T12:13:54.119+0000] {processor.py:830} INFO - Processing file /opt/airflow/dags/marine_data_etl_dag.py for tasks to queue
[2025-08-02T12:13:54.121+0000] {logging_mixin.py:188} INFO - [2025-08-02T12:13:54.121+0000] {dagbag.py:538} INFO - Filling up the DagBag from /opt/airflow/dags/marine_data_etl_dag.py
[2025-08-02T12:13:56.391+0000] {processor.py:840} INFO - DAG(s) 'marine_data_etl_dag' retrieved from /opt/airflow/dags/marine_data_etl_dag.py
[2025-08-02T12:13:56.451+0000] {logging_mixin.py:188} INFO - [2025-08-02T12:13:56.449+0000] {dag.py:3036} INFO - Sync 1 DAGs
[2025-08-02T12:13:56.494+0000] {logging_mixin.py:188} INFO - [2025-08-02T12:13:56.494+0000] {dag.py:3823} INFO - Setting next_dagrun for marine_data_etl_dag to 2025-07-27 00:00:00+00:00, run_after=2025-08-03 00:00:00+00:00
[2025-08-02T12:13:56.532+0000] {processor.py:183} INFO - Processing /opt/airflow/dags/marine_data_etl_dag.py took 2.422 seconds
[2025-08-02T12:14:26.917+0000] {processor.py:161} INFO - Started process (PID=225) to work on /opt/airflow/dags/marine_data_etl_dag.py
[2025-08-02T12:14:26.919+0000] {processor.py:830} INFO - Processing file /opt/airflow/dags/marine_data_etl_dag.py for tasks to queue
[2025-08-02T12:14:26.921+0000] {logging_mixin.py:188} INFO - [2025-08-02T12:14:26.920+0000] {dagbag.py:538} INFO - Filling up the DagBag from /opt/airflow/dags/marine_data_etl_dag.py
[2025-08-02T12:14:28.383+0000] {processor.py:840} INFO - DAG(s) 'marine_data_etl_dag' retrieved from /opt/airflow/dags/marine_data_etl_dag.py
[2025-08-02T12:14:28.429+0000] {logging_mixin.py:188} INFO - [2025-08-02T12:14:28.428+0000] {dag.py:3036} INFO - Sync 1 DAGs
[2025-08-02T12:14:28.462+0000] {logging_mixin.py:188} INFO - [2025-08-02T12:14:28.461+0000] {dag.py:3823} INFO - Setting next_dagrun for marine_data_etl_dag to 2025-07-27 00:00:00+00:00, run_after=2025-08-03 00:00:00+00:00
[2025-08-02T12:14:28.490+0000] {processor.py:183} INFO - Processing /opt/airflow/dags/marine_data_etl_dag.py took 1.581 seconds
[2025-08-02T12:14:58.965+0000] {processor.py:161} INFO - Started process (PID=227) to work on /opt/airflow/dags/marine_data_etl_dag.py
[2025-08-02T12:14:58.967+0000] {processor.py:830} INFO - Processing file /opt/airflow/dags/marine_data_etl_dag.py for tasks to queue
[2025-08-02T12:14:58.968+0000] {logging_mixin.py:188} INFO - [2025-08-02T12:14:58.968+0000] {dagbag.py:538} INFO - Filling up the DagBag from /opt/airflow/dags/marine_data_etl_dag.py
[2025-08-02T12:15:01.488+0000] {processor.py:840} INFO - DAG(s) 'marine_data_etl_dag' retrieved from /opt/airflow/dags/marine_data_etl_dag.py
[2025-08-02T12:15:01.564+0000] {logging_mixin.py:188} INFO - [2025-08-02T12:15:01.563+0000] {dag.py:3036} INFO - Sync 1 DAGs
[2025-08-02T12:15:01.627+0000] {logging_mixin.py:188} INFO - [2025-08-02T12:15:01.626+0000] {dag.py:3823} INFO - Setting next_dagrun for marine_data_etl_dag to 2025-07-27 00:00:00+00:00, run_after=2025-08-03 00:00:00+00:00
[2025-08-02T12:15:01.675+0000] {processor.py:183} INFO - Processing /opt/airflow/dags/marine_data_etl_dag.py took 2.714 seconds
[2025-08-02T12:15:32.221+0000] {processor.py:161} INFO - Started process (PID=229) to work on /opt/airflow/dags/marine_data_etl_dag.py
[2025-08-02T12:15:32.223+0000] {processor.py:830} INFO - Processing file /opt/airflow/dags/marine_data_etl_dag.py for tasks to queue
[2025-08-02T12:15:32.225+0000] {logging_mixin.py:188} INFO - [2025-08-02T12:15:32.225+0000] {dagbag.py:538} INFO - Filling up the DagBag from /opt/airflow/dags/marine_data_etl_dag.py
[2025-08-02T12:15:33.887+0000] {processor.py:840} INFO - DAG(s) 'marine_data_etl_dag' retrieved from /opt/airflow/dags/marine_data_etl_dag.py
[2025-08-02T12:15:33.932+0000] {logging_mixin.py:188} INFO - [2025-08-02T12:15:33.931+0000] {dag.py:3036} INFO - Sync 1 DAGs
[2025-08-02T12:15:33.966+0000] {logging_mixin.py:188} INFO - [2025-08-02T12:15:33.965+0000] {dag.py:3823} INFO - Setting next_dagrun for marine_data_etl_dag to 2025-07-27 00:00:00+00:00, run_after=2025-08-03 00:00:00+00:00
[2025-08-02T12:15:33.995+0000] {processor.py:183} INFO - Processing /opt/airflow/dags/marine_data_etl_dag.py took 1.781 seconds
[2025-08-02T12:16:04.314+0000] {processor.py:161} INFO - Started process (PID=231) to work on /opt/airflow/dags/marine_data_etl_dag.py
[2025-08-02T12:16:04.317+0000] {processor.py:830} INFO - Processing file /opt/airflow/dags/marine_data_etl_dag.py for tasks to queue
[2025-08-02T12:16:04.319+0000] {logging_mixin.py:188} INFO - [2025-08-02T12:16:04.318+0000] {dagbag.py:538} INFO - Filling up the DagBag from /opt/airflow/dags/marine_data_etl_dag.py
[2025-08-02T12:16:06.161+0000] {processor.py:840} INFO - DAG(s) 'marine_data_etl_dag' retrieved from /opt/airflow/dags/marine_data_etl_dag.py
[2025-08-02T12:16:06.215+0000] {logging_mixin.py:188} INFO - [2025-08-02T12:16:06.214+0000] {dag.py:3036} INFO - Sync 1 DAGs
[2025-08-02T12:16:06.255+0000] {logging_mixin.py:188} INFO - [2025-08-02T12:16:06.255+0000] {dag.py:3823} INFO - Setting next_dagrun for marine_data_etl_dag to 2025-07-27 00:00:00+00:00, run_after=2025-08-03 00:00:00+00:00
[2025-08-02T12:16:06.304+0000] {processor.py:183} INFO - Processing /opt/airflow/dags/marine_data_etl_dag.py took 2.000 seconds
[2025-08-02T12:16:36.770+0000] {processor.py:161} INFO - Started process (PID=233) to work on /opt/airflow/dags/marine_data_etl_dag.py
[2025-08-02T12:16:36.773+0000] {processor.py:830} INFO - Processing file /opt/airflow/dags/marine_data_etl_dag.py for tasks to queue
[2025-08-02T12:16:36.785+0000] {logging_mixin.py:188} INFO - [2025-08-02T12:16:36.782+0000] {dagbag.py:538} INFO - Filling up the DagBag from /opt/airflow/dags/marine_data_etl_dag.py
[2025-08-02T12:16:38.641+0000] {processor.py:840} INFO - DAG(s) 'marine_data_etl_dag' retrieved from /opt/airflow/dags/marine_data_etl_dag.py
[2025-08-02T12:16:38.809+0000] {logging_mixin.py:188} INFO - [2025-08-02T12:16:38.808+0000] {dag.py:3036} INFO - Sync 1 DAGs
[2025-08-02T12:16:38.927+0000] {logging_mixin.py:188} INFO - [2025-08-02T12:16:38.927+0000] {dag.py:3823} INFO - Setting next_dagrun for marine_data_etl_dag to 2025-07-27 00:00:00+00:00, run_after=2025-08-03 00:00:00+00:00
[2025-08-02T12:16:39.033+0000] {processor.py:183} INFO - Processing /opt/airflow/dags/marine_data_etl_dag.py took 2.279 seconds
[2025-08-02T12:19:17.029+0000] {processor.py:161} INFO - Started process (PID=59) to work on /opt/airflow/dags/marine_data_etl_dag.py
[2025-08-02T12:19:17.032+0000] {processor.py:830} INFO - Processing file /opt/airflow/dags/marine_data_etl_dag.py for tasks to queue
[2025-08-02T12:19:17.034+0000] {logging_mixin.py:188} INFO - [2025-08-02T12:19:17.033+0000] {dagbag.py:538} INFO - Filling up the DagBag from /opt/airflow/dags/marine_data_etl_dag.py
[2025-08-02T12:19:21.563+0000] {processor.py:840} INFO - DAG(s) 'marine_data_etl_dag' retrieved from /opt/airflow/dags/marine_data_etl_dag.py
[2025-08-02T12:19:21.981+0000] {logging_mixin.py:188} INFO - [2025-08-02T12:19:21.980+0000] {dag.py:3036} INFO - Sync 1 DAGs
[2025-08-02T12:19:22.017+0000] {logging_mixin.py:188} INFO - [2025-08-02T12:19:22.017+0000] {dag.py:3823} INFO - Setting next_dagrun for marine_data_etl_dag to 2025-07-27 00:00:00+00:00, run_after=2025-08-03 00:00:00+00:00
[2025-08-02T12:19:22.059+0000] {processor.py:183} INFO - Processing /opt/airflow/dags/marine_data_etl_dag.py took 5.035 seconds
[2025-08-02T12:19:52.320+0000] {processor.py:161} INFO - Started process (PID=61) to work on /opt/airflow/dags/marine_data_etl_dag.py
[2025-08-02T12:19:52.322+0000] {processor.py:830} INFO - Processing file /opt/airflow/dags/marine_data_etl_dag.py for tasks to queue
[2025-08-02T12:19:52.323+0000] {logging_mixin.py:188} INFO - [2025-08-02T12:19:52.323+0000] {dagbag.py:538} INFO - Filling up the DagBag from /opt/airflow/dags/marine_data_etl_dag.py
[2025-08-02T12:19:54.234+0000] {processor.py:840} INFO - DAG(s) 'marine_data_etl_dag' retrieved from /opt/airflow/dags/marine_data_etl_dag.py
[2025-08-02T12:19:54.309+0000] {logging_mixin.py:188} INFO - [2025-08-02T12:19:54.307+0000] {dag.py:3036} INFO - Sync 1 DAGs
[2025-08-02T12:19:54.361+0000] {logging_mixin.py:188} INFO - [2025-08-02T12:19:54.360+0000] {dag.py:3823} INFO - Setting next_dagrun for marine_data_etl_dag to 2025-07-27 00:00:00+00:00, run_after=2025-08-03 00:00:00+00:00
[2025-08-02T12:19:54.396+0000] {processor.py:183} INFO - Processing /opt/airflow/dags/marine_data_etl_dag.py took 2.081 seconds
[2025-08-02T12:20:24.639+0000] {processor.py:161} INFO - Started process (PID=63) to work on /opt/airflow/dags/marine_data_etl_dag.py
[2025-08-02T12:20:24.641+0000] {processor.py:830} INFO - Processing file /opt/airflow/dags/marine_data_etl_dag.py for tasks to queue
[2025-08-02T12:20:24.644+0000] {logging_mixin.py:188} INFO - [2025-08-02T12:20:24.644+0000] {dagbag.py:538} INFO - Filling up the DagBag from /opt/airflow/dags/marine_data_etl_dag.py
[2025-08-02T12:20:26.301+0000] {processor.py:840} INFO - DAG(s) 'marine_data_etl_dag' retrieved from /opt/airflow/dags/marine_data_etl_dag.py
[2025-08-02T12:20:26.394+0000] {logging_mixin.py:188} INFO - [2025-08-02T12:20:26.393+0000] {dag.py:3036} INFO - Sync 1 DAGs
[2025-08-02T12:20:26.434+0000] {logging_mixin.py:188} INFO - [2025-08-02T12:20:26.434+0000] {dag.py:3823} INFO - Setting next_dagrun for marine_data_etl_dag to 2025-07-27 00:00:00+00:00, run_after=2025-08-03 00:00:00+00:00
[2025-08-02T12:20:26.679+0000] {processor.py:183} INFO - Processing /opt/airflow/dags/marine_data_etl_dag.py took 2.050 seconds
[2025-08-02T12:20:56.971+0000] {processor.py:161} INFO - Started process (PID=77) to work on /opt/airflow/dags/marine_data_etl_dag.py
[2025-08-02T12:20:56.973+0000] {processor.py:830} INFO - Processing file /opt/airflow/dags/marine_data_etl_dag.py for tasks to queue
[2025-08-02T12:20:56.975+0000] {logging_mixin.py:188} INFO - [2025-08-02T12:20:56.974+0000] {dagbag.py:538} INFO - Filling up the DagBag from /opt/airflow/dags/marine_data_etl_dag.py
[2025-08-02T12:20:59.607+0000] {processor.py:840} INFO - DAG(s) 'marine_data_etl_dag' retrieved from /opt/airflow/dags/marine_data_etl_dag.py
[2025-08-02T12:20:59.737+0000] {logging_mixin.py:188} INFO - [2025-08-02T12:20:59.736+0000] {dag.py:3036} INFO - Sync 1 DAGs
[2025-08-02T12:20:59.828+0000] {logging_mixin.py:188} INFO - [2025-08-02T12:20:59.828+0000] {dag.py:3823} INFO - Setting next_dagrun for marine_data_etl_dag to 2025-07-27 00:00:00+00:00, run_after=2025-08-03 00:00:00+00:00
[2025-08-02T12:20:59.913+0000] {processor.py:183} INFO - Processing /opt/airflow/dags/marine_data_etl_dag.py took 2.952 seconds
[2025-08-02T12:21:30.419+0000] {processor.py:161} INFO - Started process (PID=97) to work on /opt/airflow/dags/marine_data_etl_dag.py
[2025-08-02T12:21:30.421+0000] {processor.py:830} INFO - Processing file /opt/airflow/dags/marine_data_etl_dag.py for tasks to queue
[2025-08-02T12:21:30.423+0000] {logging_mixin.py:188} INFO - [2025-08-02T12:21:30.422+0000] {dagbag.py:538} INFO - Filling up the DagBag from /opt/airflow/dags/marine_data_etl_dag.py
[2025-08-02T12:21:32.096+0000] {processor.py:840} INFO - DAG(s) 'marine_data_etl_dag' retrieved from /opt/airflow/dags/marine_data_etl_dag.py
[2025-08-02T12:21:32.158+0000] {logging_mixin.py:188} INFO - [2025-08-02T12:21:32.154+0000] {dag.py:3036} INFO - Sync 1 DAGs
[2025-08-02T12:21:32.230+0000] {logging_mixin.py:188} INFO - [2025-08-02T12:21:32.230+0000] {dag.py:3823} INFO - Setting next_dagrun for marine_data_etl_dag to 2025-07-27 00:00:00+00:00, run_after=2025-08-03 00:00:00+00:00
[2025-08-02T12:21:32.281+0000] {processor.py:183} INFO - Processing /opt/airflow/dags/marine_data_etl_dag.py took 1.868 seconds
[2025-08-02T12:22:02.646+0000] {processor.py:161} INFO - Started process (PID=118) to work on /opt/airflow/dags/marine_data_etl_dag.py
[2025-08-02T12:22:02.648+0000] {processor.py:830} INFO - Processing file /opt/airflow/dags/marine_data_etl_dag.py for tasks to queue
[2025-08-02T12:22:02.649+0000] {logging_mixin.py:188} INFO - [2025-08-02T12:22:02.649+0000] {dagbag.py:538} INFO - Filling up the DagBag from /opt/airflow/dags/marine_data_etl_dag.py
[2025-08-02T12:22:05.188+0000] {processor.py:840} INFO - DAG(s) 'marine_data_etl_dag' retrieved from /opt/airflow/dags/marine_data_etl_dag.py
[2025-08-02T12:22:05.289+0000] {logging_mixin.py:188} INFO - [2025-08-02T12:22:05.287+0000] {dag.py:3036} INFO - Sync 1 DAGs
[2025-08-02T12:22:05.381+0000] {logging_mixin.py:188} INFO - [2025-08-02T12:22:05.381+0000] {dag.py:3823} INFO - Setting next_dagrun for marine_data_etl_dag to 2025-07-27 00:00:00+00:00, run_after=2025-08-03 00:00:00+00:00
[2025-08-02T12:22:05.438+0000] {processor.py:183} INFO - Processing /opt/airflow/dags/marine_data_etl_dag.py took 2.799 seconds
[2025-08-02T12:22:35.778+0000] {processor.py:161} INFO - Started process (PID=147) to work on /opt/airflow/dags/marine_data_etl_dag.py
[2025-08-02T12:22:35.780+0000] {processor.py:830} INFO - Processing file /opt/airflow/dags/marine_data_etl_dag.py for tasks to queue
[2025-08-02T12:22:35.782+0000] {logging_mixin.py:188} INFO - [2025-08-02T12:22:35.781+0000] {dagbag.py:538} INFO - Filling up the DagBag from /opt/airflow/dags/marine_data_etl_dag.py
[2025-08-02T12:22:38.209+0000] {processor.py:840} INFO - DAG(s) 'marine_data_etl_dag' retrieved from /opt/airflow/dags/marine_data_etl_dag.py
[2025-08-02T12:22:38.292+0000] {logging_mixin.py:188} INFO - [2025-08-02T12:22:38.291+0000] {dag.py:3036} INFO - Sync 1 DAGs
[2025-08-02T12:22:38.382+0000] {logging_mixin.py:188} INFO - [2025-08-02T12:22:38.382+0000] {dag.py:3823} INFO - Setting next_dagrun for marine_data_etl_dag to 2025-07-27 00:00:00+00:00, run_after=2025-08-03 00:00:00+00:00
[2025-08-02T12:22:38.469+0000] {processor.py:183} INFO - Processing /opt/airflow/dags/marine_data_etl_dag.py took 2.697 seconds
[2025-08-02T12:23:08.764+0000] {processor.py:161} INFO - Started process (PID=190) to work on /opt/airflow/dags/marine_data_etl_dag.py
[2025-08-02T12:23:08.767+0000] {processor.py:830} INFO - Processing file /opt/airflow/dags/marine_data_etl_dag.py for tasks to queue
[2025-08-02T12:23:08.771+0000] {logging_mixin.py:188} INFO - [2025-08-02T12:23:08.771+0000] {dagbag.py:538} INFO - Filling up the DagBag from /opt/airflow/dags/marine_data_etl_dag.py
[2025-08-02T12:23:10.894+0000] {processor.py:840} INFO - DAG(s) 'marine_data_etl_dag' retrieved from /opt/airflow/dags/marine_data_etl_dag.py
[2025-08-02T12:23:10.945+0000] {logging_mixin.py:188} INFO - [2025-08-02T12:23:10.944+0000] {dag.py:3036} INFO - Sync 1 DAGs
[2025-08-02T12:23:10.983+0000] {logging_mixin.py:188} INFO - [2025-08-02T12:23:10.983+0000] {dag.py:3823} INFO - Setting next_dagrun for marine_data_etl_dag to 2025-07-27 00:00:00+00:00, run_after=2025-08-03 00:00:00+00:00
[2025-08-02T12:23:11.014+0000] {processor.py:183} INFO - Processing /opt/airflow/dags/marine_data_etl_dag.py took 2.259 seconds
[2025-08-02T12:23:41.143+0000] {processor.py:161} INFO - Started process (PID=201) to work on /opt/airflow/dags/marine_data_etl_dag.py
[2025-08-02T12:23:41.146+0000] {processor.py:830} INFO - Processing file /opt/airflow/dags/marine_data_etl_dag.py for tasks to queue
[2025-08-02T12:23:41.148+0000] {logging_mixin.py:188} INFO - [2025-08-02T12:23:41.147+0000] {dagbag.py:538} INFO - Filling up the DagBag from /opt/airflow/dags/marine_data_etl_dag.py
[2025-08-02T12:23:42.810+0000] {processor.py:840} INFO - DAG(s) 'marine_data_etl_dag' retrieved from /opt/airflow/dags/marine_data_etl_dag.py
[2025-08-02T12:23:42.873+0000] {logging_mixin.py:188} INFO - [2025-08-02T12:23:42.872+0000] {dag.py:3036} INFO - Sync 1 DAGs
[2025-08-02T12:23:42.914+0000] {logging_mixin.py:188} INFO - [2025-08-02T12:23:42.914+0000] {dag.py:3823} INFO - Setting next_dagrun for marine_data_etl_dag to 2025-07-27 00:00:00+00:00, run_after=2025-08-03 00:00:00+00:00
[2025-08-02T12:23:42.988+0000] {processor.py:183} INFO - Processing /opt/airflow/dags/marine_data_etl_dag.py took 1.852 seconds
[2025-08-02T12:24:13.381+0000] {processor.py:161} INFO - Started process (PID=203) to work on /opt/airflow/dags/marine_data_etl_dag.py
[2025-08-02T12:24:13.384+0000] {processor.py:830} INFO - Processing file /opt/airflow/dags/marine_data_etl_dag.py for tasks to queue
[2025-08-02T12:24:13.387+0000] {logging_mixin.py:188} INFO - [2025-08-02T12:24:13.386+0000] {dagbag.py:538} INFO - Filling up the DagBag from /opt/airflow/dags/marine_data_etl_dag.py
[2025-08-02T12:24:15.255+0000] {processor.py:840} INFO - DAG(s) 'marine_data_etl_dag' retrieved from /opt/airflow/dags/marine_data_etl_dag.py
[2025-08-02T12:24:15.423+0000] {logging_mixin.py:188} INFO - [2025-08-02T12:24:15.417+0000] {dag.py:3036} INFO - Sync 1 DAGs
[2025-08-02T12:24:15.478+0000] {logging_mixin.py:188} INFO - [2025-08-02T12:24:15.478+0000] {dag.py:3823} INFO - Setting next_dagrun for marine_data_etl_dag to 2025-07-27 00:00:00+00:00, run_after=2025-08-03 00:00:00+00:00
[2025-08-02T12:24:15.519+0000] {processor.py:183} INFO - Processing /opt/airflow/dags/marine_data_etl_dag.py took 2.145 seconds
[2025-08-02T12:24:46.082+0000] {processor.py:161} INFO - Started process (PID=205) to work on /opt/airflow/dags/marine_data_etl_dag.py
[2025-08-02T12:24:46.085+0000] {processor.py:830} INFO - Processing file /opt/airflow/dags/marine_data_etl_dag.py for tasks to queue
[2025-08-02T12:24:46.087+0000] {logging_mixin.py:188} INFO - [2025-08-02T12:24:46.087+0000] {dagbag.py:538} INFO - Filling up the DagBag from /opt/airflow/dags/marine_data_etl_dag.py
[2025-08-02T12:24:48.239+0000] {processor.py:840} INFO - DAG(s) 'marine_data_etl_dag' retrieved from /opt/airflow/dags/marine_data_etl_dag.py
[2025-08-02T12:24:48.300+0000] {logging_mixin.py:188} INFO - [2025-08-02T12:24:48.298+0000] {dag.py:3036} INFO - Sync 1 DAGs
[2025-08-02T12:24:48.347+0000] {logging_mixin.py:188} INFO - [2025-08-02T12:24:48.346+0000] {dag.py:3823} INFO - Setting next_dagrun for marine_data_etl_dag to 2025-07-27 00:00:00+00:00, run_after=2025-08-03 00:00:00+00:00
[2025-08-02T12:24:48.382+0000] {processor.py:183} INFO - Processing /opt/airflow/dags/marine_data_etl_dag.py took 2.307 seconds
[2025-08-02T12:25:18.677+0000] {processor.py:161} INFO - Started process (PID=207) to work on /opt/airflow/dags/marine_data_etl_dag.py
[2025-08-02T12:25:18.680+0000] {processor.py:830} INFO - Processing file /opt/airflow/dags/marine_data_etl_dag.py for tasks to queue
[2025-08-02T12:25:18.683+0000] {logging_mixin.py:188} INFO - [2025-08-02T12:25:18.682+0000] {dagbag.py:538} INFO - Filling up the DagBag from /opt/airflow/dags/marine_data_etl_dag.py
[2025-08-02T12:25:20.610+0000] {processor.py:840} INFO - DAG(s) 'marine_data_etl_dag' retrieved from /opt/airflow/dags/marine_data_etl_dag.py
[2025-08-02T12:25:20.651+0000] {logging_mixin.py:188} INFO - [2025-08-02T12:25:20.650+0000] {dag.py:3036} INFO - Sync 1 DAGs
[2025-08-02T12:25:20.685+0000] {logging_mixin.py:188} INFO - [2025-08-02T12:25:20.685+0000] {dag.py:3823} INFO - Setting next_dagrun for marine_data_etl_dag to 2025-07-27 00:00:00+00:00, run_after=2025-08-03 00:00:00+00:00
[2025-08-02T12:25:20.716+0000] {processor.py:183} INFO - Processing /opt/airflow/dags/marine_data_etl_dag.py took 2.046 seconds
[2025-08-02T12:25:51.088+0000] {processor.py:161} INFO - Started process (PID=209) to work on /opt/airflow/dags/marine_data_etl_dag.py
[2025-08-02T12:25:51.091+0000] {processor.py:830} INFO - Processing file /opt/airflow/dags/marine_data_etl_dag.py for tasks to queue
[2025-08-02T12:25:51.093+0000] {logging_mixin.py:188} INFO - [2025-08-02T12:25:51.092+0000] {dagbag.py:538} INFO - Filling up the DagBag from /opt/airflow/dags/marine_data_etl_dag.py
[2025-08-02T12:25:52.951+0000] {processor.py:840} INFO - DAG(s) 'marine_data_etl_dag' retrieved from /opt/airflow/dags/marine_data_etl_dag.py
[2025-08-02T12:25:53.060+0000] {logging_mixin.py:188} INFO - [2025-08-02T12:25:53.059+0000] {dag.py:3036} INFO - Sync 1 DAGs
[2025-08-02T12:25:53.132+0000] {logging_mixin.py:188} INFO - [2025-08-02T12:25:53.129+0000] {dag.py:3823} INFO - Setting next_dagrun for marine_data_etl_dag to 2025-07-27 00:00:00+00:00, run_after=2025-08-03 00:00:00+00:00
[2025-08-02T12:25:53.202+0000] {processor.py:183} INFO - Processing /opt/airflow/dags/marine_data_etl_dag.py took 2.121 seconds
[2025-08-02T12:26:23.471+0000] {processor.py:161} INFO - Started process (PID=211) to work on /opt/airflow/dags/marine_data_etl_dag.py
[2025-08-02T12:26:23.473+0000] {processor.py:830} INFO - Processing file /opt/airflow/dags/marine_data_etl_dag.py for tasks to queue
[2025-08-02T12:26:23.476+0000] {logging_mixin.py:188} INFO - [2025-08-02T12:26:23.475+0000] {dagbag.py:538} INFO - Filling up the DagBag from /opt/airflow/dags/marine_data_etl_dag.py
[2025-08-02T12:26:25.727+0000] {processor.py:840} INFO - DAG(s) 'marine_data_etl_dag' retrieved from /opt/airflow/dags/marine_data_etl_dag.py
[2025-08-02T12:26:25.784+0000] {logging_mixin.py:188} INFO - [2025-08-02T12:26:25.783+0000] {dag.py:3036} INFO - Sync 1 DAGs
[2025-08-02T12:26:25.818+0000] {logging_mixin.py:188} INFO - [2025-08-02T12:26:25.817+0000] {dag.py:3823} INFO - Setting next_dagrun for marine_data_etl_dag to 2025-07-27 00:00:00+00:00, run_after=2025-08-03 00:00:00+00:00
[2025-08-02T12:26:25.846+0000] {processor.py:183} INFO - Processing /opt/airflow/dags/marine_data_etl_dag.py took 2.386 seconds
[2025-08-02T12:26:56.179+0000] {processor.py:161} INFO - Started process (PID=213) to work on /opt/airflow/dags/marine_data_etl_dag.py
[2025-08-02T12:26:56.181+0000] {processor.py:830} INFO - Processing file /opt/airflow/dags/marine_data_etl_dag.py for tasks to queue
[2025-08-02T12:26:56.184+0000] {logging_mixin.py:188} INFO - [2025-08-02T12:26:56.184+0000] {dagbag.py:538} INFO - Filling up the DagBag from /opt/airflow/dags/marine_data_etl_dag.py
[2025-08-02T12:26:58.104+0000] {processor.py:840} INFO - DAG(s) 'marine_data_etl_dag' retrieved from /opt/airflow/dags/marine_data_etl_dag.py
[2025-08-02T12:26:58.164+0000] {logging_mixin.py:188} INFO - [2025-08-02T12:26:58.163+0000] {dag.py:3036} INFO - Sync 1 DAGs
[2025-08-02T12:26:58.206+0000] {logging_mixin.py:188} INFO - [2025-08-02T12:26:58.206+0000] {dag.py:3823} INFO - Setting next_dagrun for marine_data_etl_dag to 2025-07-27 00:00:00+00:00, run_after=2025-08-03 00:00:00+00:00
[2025-08-02T12:26:58.247+0000] {processor.py:183} INFO - Processing /opt/airflow/dags/marine_data_etl_dag.py took 2.078 seconds
[2025-08-02T12:27:28.426+0000] {processor.py:161} INFO - Started process (PID=215) to work on /opt/airflow/dags/marine_data_etl_dag.py
[2025-08-02T12:27:28.428+0000] {processor.py:830} INFO - Processing file /opt/airflow/dags/marine_data_etl_dag.py for tasks to queue
[2025-08-02T12:27:28.430+0000] {logging_mixin.py:188} INFO - [2025-08-02T12:27:28.429+0000] {dagbag.py:538} INFO - Filling up the DagBag from /opt/airflow/dags/marine_data_etl_dag.py
[2025-08-02T12:27:31.391+0000] {processor.py:840} INFO - DAG(s) 'marine_data_etl_dag' retrieved from /opt/airflow/dags/marine_data_etl_dag.py
[2025-08-02T12:27:31.459+0000] {logging_mixin.py:188} INFO - [2025-08-02T12:27:31.458+0000] {dag.py:3036} INFO - Sync 1 DAGs
[2025-08-02T12:27:31.506+0000] {logging_mixin.py:188} INFO - [2025-08-02T12:27:31.505+0000] {dag.py:3823} INFO - Setting next_dagrun for marine_data_etl_dag to 2025-07-27 00:00:00+00:00, run_after=2025-08-03 00:00:00+00:00
[2025-08-02T12:27:31.542+0000] {processor.py:183} INFO - Processing /opt/airflow/dags/marine_data_etl_dag.py took 3.124 seconds
[2025-08-02T12:28:01.983+0000] {processor.py:161} INFO - Started process (PID=217) to work on /opt/airflow/dags/marine_data_etl_dag.py
[2025-08-02T12:28:01.985+0000] {processor.py:830} INFO - Processing file /opt/airflow/dags/marine_data_etl_dag.py for tasks to queue
[2025-08-02T12:28:01.987+0000] {logging_mixin.py:188} INFO - [2025-08-02T12:28:01.986+0000] {dagbag.py:538} INFO - Filling up the DagBag from /opt/airflow/dags/marine_data_etl_dag.py
[2025-08-02T12:28:03.634+0000] {processor.py:840} INFO - DAG(s) 'marine_data_etl_dag' retrieved from /opt/airflow/dags/marine_data_etl_dag.py
[2025-08-02T12:28:03.691+0000] {logging_mixin.py:188} INFO - [2025-08-02T12:28:03.688+0000] {dag.py:3036} INFO - Sync 1 DAGs
[2025-08-02T12:28:03.728+0000] {logging_mixin.py:188} INFO - [2025-08-02T12:28:03.728+0000] {dag.py:3823} INFO - Setting next_dagrun for marine_data_etl_dag to 2025-07-27 00:00:00+00:00, run_after=2025-08-03 00:00:00+00:00
[2025-08-02T12:28:03.760+0000] {processor.py:183} INFO - Processing /opt/airflow/dags/marine_data_etl_dag.py took 1.783 seconds
[2025-08-02T12:28:34.196+0000] {processor.py:161} INFO - Started process (PID=219) to work on /opt/airflow/dags/marine_data_etl_dag.py
[2025-08-02T12:28:34.197+0000] {processor.py:830} INFO - Processing file /opt/airflow/dags/marine_data_etl_dag.py for tasks to queue
[2025-08-02T12:28:34.199+0000] {logging_mixin.py:188} INFO - [2025-08-02T12:28:34.199+0000] {dagbag.py:538} INFO - Filling up the DagBag from /opt/airflow/dags/marine_data_etl_dag.py
[2025-08-02T12:28:35.898+0000] {processor.py:840} INFO - DAG(s) 'marine_data_etl_dag' retrieved from /opt/airflow/dags/marine_data_etl_dag.py
[2025-08-02T12:28:35.948+0000] {logging_mixin.py:188} INFO - [2025-08-02T12:28:35.947+0000] {dag.py:3036} INFO - Sync 1 DAGs
[2025-08-02T12:28:35.980+0000] {logging_mixin.py:188} INFO - [2025-08-02T12:28:35.980+0000] {dag.py:3823} INFO - Setting next_dagrun for marine_data_etl_dag to 2025-07-27 00:00:00+00:00, run_after=2025-08-03 00:00:00+00:00
[2025-08-02T12:28:36.010+0000] {processor.py:183} INFO - Processing /opt/airflow/dags/marine_data_etl_dag.py took 1.820 seconds
[2025-08-02T12:29:06.443+0000] {processor.py:161} INFO - Started process (PID=221) to work on /opt/airflow/dags/marine_data_etl_dag.py
[2025-08-02T12:29:06.446+0000] {processor.py:830} INFO - Processing file /opt/airflow/dags/marine_data_etl_dag.py for tasks to queue
[2025-08-02T12:29:06.449+0000] {logging_mixin.py:188} INFO - [2025-08-02T12:29:06.449+0000] {dagbag.py:538} INFO - Filling up the DagBag from /opt/airflow/dags/marine_data_etl_dag.py
[2025-08-02T12:29:08.416+0000] {processor.py:840} INFO - DAG(s) 'marine_data_etl_dag' retrieved from /opt/airflow/dags/marine_data_etl_dag.py
[2025-08-02T12:29:08.469+0000] {logging_mixin.py:188} INFO - [2025-08-02T12:29:08.468+0000] {dag.py:3036} INFO - Sync 1 DAGs
[2025-08-02T12:29:08.507+0000] {logging_mixin.py:188} INFO - [2025-08-02T12:29:08.506+0000] {dag.py:3823} INFO - Setting next_dagrun for marine_data_etl_dag to 2025-07-27 00:00:00+00:00, run_after=2025-08-03 00:00:00+00:00
[2025-08-02T12:29:08.538+0000] {processor.py:183} INFO - Processing /opt/airflow/dags/marine_data_etl_dag.py took 2.106 seconds
[2025-08-02T12:29:39.202+0000] {processor.py:161} INFO - Started process (PID=223) to work on /opt/airflow/dags/marine_data_etl_dag.py
[2025-08-02T12:29:39.204+0000] {processor.py:830} INFO - Processing file /opt/airflow/dags/marine_data_etl_dag.py for tasks to queue
[2025-08-02T12:29:39.207+0000] {logging_mixin.py:188} INFO - [2025-08-02T12:29:39.206+0000] {dagbag.py:538} INFO - Filling up the DagBag from /opt/airflow/dags/marine_data_etl_dag.py
[2025-08-02T12:29:41.322+0000] {processor.py:840} INFO - DAG(s) 'marine_data_etl_dag' retrieved from /opt/airflow/dags/marine_data_etl_dag.py
[2025-08-02T12:29:41.376+0000] {logging_mixin.py:188} INFO - [2025-08-02T12:29:41.375+0000] {dag.py:3036} INFO - Sync 1 DAGs
[2025-08-02T12:29:41.420+0000] {logging_mixin.py:188} INFO - [2025-08-02T12:29:41.420+0000] {dag.py:3823} INFO - Setting next_dagrun for marine_data_etl_dag to 2025-07-27 00:00:00+00:00, run_after=2025-08-03 00:00:00+00:00
[2025-08-02T12:29:41.455+0000] {processor.py:183} INFO - Processing /opt/airflow/dags/marine_data_etl_dag.py took 2.259 seconds
[2025-08-02T12:30:11.556+0000] {processor.py:161} INFO - Started process (PID=225) to work on /opt/airflow/dags/marine_data_etl_dag.py
[2025-08-02T12:30:11.558+0000] {processor.py:830} INFO - Processing file /opt/airflow/dags/marine_data_etl_dag.py for tasks to queue
[2025-08-02T12:30:11.569+0000] {logging_mixin.py:188} INFO - [2025-08-02T12:30:11.568+0000] {dagbag.py:538} INFO - Filling up the DagBag from /opt/airflow/dags/marine_data_etl_dag.py
[2025-08-02T12:30:13.324+0000] {processor.py:840} INFO - DAG(s) 'marine_data_etl_dag' retrieved from /opt/airflow/dags/marine_data_etl_dag.py
[2025-08-02T12:30:13.379+0000] {logging_mixin.py:188} INFO - [2025-08-02T12:30:13.376+0000] {dag.py:3036} INFO - Sync 1 DAGs
[2025-08-02T12:30:13.434+0000] {logging_mixin.py:188} INFO - [2025-08-02T12:30:13.433+0000] {dag.py:3823} INFO - Setting next_dagrun for marine_data_etl_dag to 2025-07-27 00:00:00+00:00, run_after=2025-08-03 00:00:00+00:00
[2025-08-02T12:30:13.497+0000] {processor.py:183} INFO - Processing /opt/airflow/dags/marine_data_etl_dag.py took 1.953 seconds
[2025-08-02T12:30:43.870+0000] {processor.py:161} INFO - Started process (PID=227) to work on /opt/airflow/dags/marine_data_etl_dag.py
[2025-08-02T12:30:43.872+0000] {processor.py:830} INFO - Processing file /opt/airflow/dags/marine_data_etl_dag.py for tasks to queue
[2025-08-02T12:30:43.874+0000] {logging_mixin.py:188} INFO - [2025-08-02T12:30:43.873+0000] {dagbag.py:538} INFO - Filling up the DagBag from /opt/airflow/dags/marine_data_etl_dag.py
[2025-08-02T12:30:45.388+0000] {processor.py:840} INFO - DAG(s) 'marine_data_etl_dag' retrieved from /opt/airflow/dags/marine_data_etl_dag.py
[2025-08-02T12:30:45.433+0000] {logging_mixin.py:188} INFO - [2025-08-02T12:30:45.431+0000] {dag.py:3036} INFO - Sync 1 DAGs
[2025-08-02T12:30:45.468+0000] {logging_mixin.py:188} INFO - [2025-08-02T12:30:45.468+0000] {dag.py:3823} INFO - Setting next_dagrun for marine_data_etl_dag to 2025-07-27 00:00:00+00:00, run_after=2025-08-03 00:00:00+00:00
[2025-08-02T12:30:45.498+0000] {processor.py:183} INFO - Processing /opt/airflow/dags/marine_data_etl_dag.py took 1.634 seconds
[2025-08-02T12:31:15.852+0000] {processor.py:161} INFO - Started process (PID=229) to work on /opt/airflow/dags/marine_data_etl_dag.py
[2025-08-02T12:31:15.854+0000] {processor.py:830} INFO - Processing file /opt/airflow/dags/marine_data_etl_dag.py for tasks to queue
[2025-08-02T12:31:15.856+0000] {logging_mixin.py:188} INFO - [2025-08-02T12:31:15.855+0000] {dagbag.py:538} INFO - Filling up the DagBag from /opt/airflow/dags/marine_data_etl_dag.py
[2025-08-02T12:31:17.983+0000] {processor.py:840} INFO - DAG(s) 'marine_data_etl_dag' retrieved from /opt/airflow/dags/marine_data_etl_dag.py
[2025-08-02T12:31:18.032+0000] {logging_mixin.py:188} INFO - [2025-08-02T12:31:18.030+0000] {dag.py:3036} INFO - Sync 1 DAGs
[2025-08-02T12:31:18.126+0000] {logging_mixin.py:188} INFO - [2025-08-02T12:31:18.126+0000] {dag.py:3823} INFO - Setting next_dagrun for marine_data_etl_dag to 2025-07-27 00:00:00+00:00, run_after=2025-08-03 00:00:00+00:00
[2025-08-02T12:31:18.248+0000] {processor.py:183} INFO - Processing /opt/airflow/dags/marine_data_etl_dag.py took 2.403 seconds
[2025-08-02T12:31:48.579+0000] {processor.py:161} INFO - Started process (PID=231) to work on /opt/airflow/dags/marine_data_etl_dag.py
[2025-08-02T12:31:48.581+0000] {processor.py:830} INFO - Processing file /opt/airflow/dags/marine_data_etl_dag.py for tasks to queue
[2025-08-02T12:31:48.583+0000] {logging_mixin.py:188} INFO - [2025-08-02T12:31:48.582+0000] {dagbag.py:538} INFO - Filling up the DagBag from /opt/airflow/dags/marine_data_etl_dag.py
[2025-08-02T12:31:50.296+0000] {processor.py:840} INFO - DAG(s) 'marine_data_etl_dag' retrieved from /opt/airflow/dags/marine_data_etl_dag.py
[2025-08-02T12:31:50.340+0000] {logging_mixin.py:188} INFO - [2025-08-02T12:31:50.339+0000] {dag.py:3036} INFO - Sync 1 DAGs
[2025-08-02T12:31:50.410+0000] {logging_mixin.py:188} INFO - [2025-08-02T12:31:50.410+0000] {dag.py:3823} INFO - Setting next_dagrun for marine_data_etl_dag to 2025-07-27 00:00:00+00:00, run_after=2025-08-03 00:00:00+00:00
[2025-08-02T12:31:50.458+0000] {processor.py:183} INFO - Processing /opt/airflow/dags/marine_data_etl_dag.py took 1.885 seconds
[2025-08-02T12:32:20.858+0000] {processor.py:161} INFO - Started process (PID=233) to work on /opt/airflow/dags/marine_data_etl_dag.py
[2025-08-02T12:32:20.860+0000] {processor.py:830} INFO - Processing file /opt/airflow/dags/marine_data_etl_dag.py for tasks to queue
[2025-08-02T12:32:20.865+0000] {logging_mixin.py:188} INFO - [2025-08-02T12:32:20.864+0000] {dagbag.py:538} INFO - Filling up the DagBag from /opt/airflow/dags/marine_data_etl_dag.py
[2025-08-02T12:32:22.786+0000] {processor.py:840} INFO - DAG(s) 'marine_data_etl_dag' retrieved from /opt/airflow/dags/marine_data_etl_dag.py
[2025-08-02T12:32:22.858+0000] {logging_mixin.py:188} INFO - [2025-08-02T12:32:22.846+0000] {dag.py:3036} INFO - Sync 1 DAGs
[2025-08-02T12:32:22.919+0000] {logging_mixin.py:188} INFO - [2025-08-02T12:32:22.918+0000] {dag.py:3823} INFO - Setting next_dagrun for marine_data_etl_dag to 2025-07-27 00:00:00+00:00, run_after=2025-08-03 00:00:00+00:00
[2025-08-02T12:32:22.998+0000] {processor.py:183} INFO - Processing /opt/airflow/dags/marine_data_etl_dag.py took 2.148 seconds
[2025-08-02T12:32:53.366+0000] {processor.py:161} INFO - Started process (PID=235) to work on /opt/airflow/dags/marine_data_etl_dag.py
[2025-08-02T12:32:53.368+0000] {processor.py:830} INFO - Processing file /opt/airflow/dags/marine_data_etl_dag.py for tasks to queue
[2025-08-02T12:32:53.370+0000] {logging_mixin.py:188} INFO - [2025-08-02T12:32:53.369+0000] {dagbag.py:538} INFO - Filling up the DagBag from /opt/airflow/dags/marine_data_etl_dag.py
[2025-08-02T12:32:54.950+0000] {processor.py:840} INFO - DAG(s) 'marine_data_etl_dag' retrieved from /opt/airflow/dags/marine_data_etl_dag.py
[2025-08-02T12:32:54.991+0000] {logging_mixin.py:188} INFO - [2025-08-02T12:32:54.990+0000] {dag.py:3036} INFO - Sync 1 DAGs
[2025-08-02T12:32:55.025+0000] {logging_mixin.py:188} INFO - [2025-08-02T12:32:55.024+0000] {dag.py:3823} INFO - Setting next_dagrun for marine_data_etl_dag to 2025-07-27 00:00:00+00:00, run_after=2025-08-03 00:00:00+00:00
[2025-08-02T12:32:55.069+0000] {processor.py:183} INFO - Processing /opt/airflow/dags/marine_data_etl_dag.py took 1.709 seconds
[2025-08-02T12:33:25.431+0000] {processor.py:161} INFO - Started process (PID=237) to work on /opt/airflow/dags/marine_data_etl_dag.py
[2025-08-02T12:33:25.432+0000] {processor.py:830} INFO - Processing file /opt/airflow/dags/marine_data_etl_dag.py for tasks to queue
[2025-08-02T12:33:25.434+0000] {logging_mixin.py:188} INFO - [2025-08-02T12:33:25.434+0000] {dagbag.py:538} INFO - Filling up the DagBag from /opt/airflow/dags/marine_data_etl_dag.py
[2025-08-02T12:33:26.967+0000] {processor.py:840} INFO - DAG(s) 'marine_data_etl_dag' retrieved from /opt/airflow/dags/marine_data_etl_dag.py
[2025-08-02T12:33:27.017+0000] {logging_mixin.py:188} INFO - [2025-08-02T12:33:27.016+0000] {dag.py:3036} INFO - Sync 1 DAGs
[2025-08-02T12:33:27.052+0000] {logging_mixin.py:188} INFO - [2025-08-02T12:33:27.052+0000] {dag.py:3823} INFO - Setting next_dagrun for marine_data_etl_dag to 2025-07-27 00:00:00+00:00, run_after=2025-08-03 00:00:00+00:00
[2025-08-02T12:33:27.087+0000] {processor.py:183} INFO - Processing /opt/airflow/dags/marine_data_etl_dag.py took 1.663 seconds
[2025-08-02T12:33:57.456+0000] {processor.py:161} INFO - Started process (PID=239) to work on /opt/airflow/dags/marine_data_etl_dag.py
[2025-08-02T12:33:57.458+0000] {processor.py:830} INFO - Processing file /opt/airflow/dags/marine_data_etl_dag.py for tasks to queue
[2025-08-02T12:33:57.461+0000] {logging_mixin.py:188} INFO - [2025-08-02T12:33:57.461+0000] {dagbag.py:538} INFO - Filling up the DagBag from /opt/airflow/dags/marine_data_etl_dag.py
[2025-08-02T12:33:59.233+0000] {processor.py:840} INFO - DAG(s) 'marine_data_etl_dag' retrieved from /opt/airflow/dags/marine_data_etl_dag.py
[2025-08-02T12:33:59.295+0000] {logging_mixin.py:188} INFO - [2025-08-02T12:33:59.294+0000] {dag.py:3036} INFO - Sync 1 DAGs
[2025-08-02T12:33:59.335+0000] {logging_mixin.py:188} INFO - [2025-08-02T12:33:59.335+0000] {dag.py:3823} INFO - Setting next_dagrun for marine_data_etl_dag to 2025-07-27 00:00:00+00:00, run_after=2025-08-03 00:00:00+00:00
[2025-08-02T12:33:59.366+0000] {processor.py:183} INFO - Processing /opt/airflow/dags/marine_data_etl_dag.py took 1.916 seconds
[2025-08-02T12:34:30.389+0000] {processor.py:161} INFO - Started process (PID=241) to work on /opt/airflow/dags/marine_data_etl_dag.py
[2025-08-02T12:34:30.391+0000] {processor.py:830} INFO - Processing file /opt/airflow/dags/marine_data_etl_dag.py for tasks to queue
[2025-08-02T12:34:30.393+0000] {logging_mixin.py:188} INFO - [2025-08-02T12:34:30.392+0000] {dagbag.py:538} INFO - Filling up the DagBag from /opt/airflow/dags/marine_data_etl_dag.py
[2025-08-02T12:34:32.329+0000] {processor.py:840} INFO - DAG(s) 'marine_data_etl_dag' retrieved from /opt/airflow/dags/marine_data_etl_dag.py
[2025-08-02T12:34:32.380+0000] {logging_mixin.py:188} INFO - [2025-08-02T12:34:32.376+0000] {dag.py:3036} INFO - Sync 1 DAGs
[2025-08-02T12:34:32.414+0000] {logging_mixin.py:188} INFO - [2025-08-02T12:34:32.414+0000] {dag.py:3823} INFO - Setting next_dagrun for marine_data_etl_dag to 2025-07-27 00:00:00+00:00, run_after=2025-08-03 00:00:00+00:00
[2025-08-02T12:34:32.448+0000] {processor.py:183} INFO - Processing /opt/airflow/dags/marine_data_etl_dag.py took 2.064 seconds
[2025-08-02T12:35:02.770+0000] {processor.py:161} INFO - Started process (PID=243) to work on /opt/airflow/dags/marine_data_etl_dag.py
[2025-08-02T12:35:02.772+0000] {processor.py:830} INFO - Processing file /opt/airflow/dags/marine_data_etl_dag.py for tasks to queue
[2025-08-02T12:35:02.774+0000] {logging_mixin.py:188} INFO - [2025-08-02T12:35:02.773+0000] {dagbag.py:538} INFO - Filling up the DagBag from /opt/airflow/dags/marine_data_etl_dag.py
[2025-08-02T12:35:04.965+0000] {processor.py:840} INFO - DAG(s) 'marine_data_etl_dag' retrieved from /opt/airflow/dags/marine_data_etl_dag.py
[2025-08-02T12:35:05.010+0000] {logging_mixin.py:188} INFO - [2025-08-02T12:35:05.009+0000] {dag.py:3036} INFO - Sync 1 DAGs
[2025-08-02T12:35:05.043+0000] {logging_mixin.py:188} INFO - [2025-08-02T12:35:05.043+0000] {dag.py:3823} INFO - Setting next_dagrun for marine_data_etl_dag to 2025-07-27 00:00:00+00:00, run_after=2025-08-03 00:00:00+00:00
[2025-08-02T12:35:05.073+0000] {processor.py:183} INFO - Processing /opt/airflow/dags/marine_data_etl_dag.py took 2.309 seconds
[2025-08-02T12:35:35.210+0000] {processor.py:161} INFO - Started process (PID=245) to work on /opt/airflow/dags/marine_data_etl_dag.py
[2025-08-02T12:35:35.212+0000] {processor.py:830} INFO - Processing file /opt/airflow/dags/marine_data_etl_dag.py for tasks to queue
[2025-08-02T12:35:35.214+0000] {logging_mixin.py:188} INFO - [2025-08-02T12:35:35.214+0000] {dagbag.py:538} INFO - Filling up the DagBag from /opt/airflow/dags/marine_data_etl_dag.py
[2025-08-02T12:35:37.724+0000] {processor.py:840} INFO - DAG(s) 'marine_data_etl_dag' retrieved from /opt/airflow/dags/marine_data_etl_dag.py
[2025-08-02T12:35:37.769+0000] {logging_mixin.py:188} INFO - [2025-08-02T12:35:37.768+0000] {dag.py:3036} INFO - Sync 1 DAGs
[2025-08-02T12:35:37.800+0000] {logging_mixin.py:188} INFO - [2025-08-02T12:35:37.800+0000] {dag.py:3823} INFO - Setting next_dagrun for marine_data_etl_dag to 2025-07-27 00:00:00+00:00, run_after=2025-08-03 00:00:00+00:00
[2025-08-02T12:35:37.835+0000] {processor.py:183} INFO - Processing /opt/airflow/dags/marine_data_etl_dag.py took 2.630 seconds
[2025-08-02T12:36:08.004+0000] {processor.py:161} INFO - Started process (PID=247) to work on /opt/airflow/dags/marine_data_etl_dag.py
[2025-08-02T12:36:08.006+0000] {processor.py:830} INFO - Processing file /opt/airflow/dags/marine_data_etl_dag.py for tasks to queue
[2025-08-02T12:36:08.008+0000] {logging_mixin.py:188} INFO - [2025-08-02T12:36:08.008+0000] {dagbag.py:538} INFO - Filling up the DagBag from /opt/airflow/dags/marine_data_etl_dag.py
