[2025-08-02T13:14:03.853+0000] {taskinstance.py:1956} INFO - Dependencies all met for dep_context=non-requeueable deps ti=<TaskInstance: marine_data_etl_dag.current_etl.download_current manual__2025-08-02T13:13:19.838438+00:00 [queued]>
[2025-08-02T13:14:03.905+0000] {taskinstance.py:1956} INFO - Dependencies all met for dep_context=requeueable deps ti=<TaskInstance: marine_data_etl_dag.current_etl.download_current manual__2025-08-02T13:13:19.838438+00:00 [queued]>
[2025-08-02T13:14:03.906+0000] {taskinstance.py:2170} INFO - Starting attempt 1 of 1
[2025-08-02T13:14:03.978+0000] {taskinstance.py:2191} INFO - Executing <Task(PythonOperator): current_etl.download_current> on 2025-08-02 13:13:19.838438+00:00
[2025-08-02T13:14:03.987+0000] {standard_task_runner.py:60} INFO - Started process 128 to run task
[2025-08-02T13:14:03.999+0000] {standard_task_runner.py:87} INFO - Running: ['***', 'tasks', 'run', 'marine_data_etl_dag', 'current_etl.download_current', 'manual__2025-08-02T13:13:19.838438+00:00', '--job-id', '62', '--raw', '--subdir', 'DAGS_FOLDER/marine_data_etl_dag.py', '--cfg-path', '/tmp/tmpw5fkk30_']
[2025-08-02T13:14:04.007+0000] {standard_task_runner.py:88} INFO - Job 62: Subtask current_etl.download_current
[2025-08-02T13:14:04.174+0000] {task_command.py:423} INFO - Running <TaskInstance: marine_data_etl_dag.current_etl.download_current manual__2025-08-02T13:13:19.838438+00:00 [running]> on host 19821aecac76
[2025-08-02T13:14:04.558+0000] {taskinstance.py:2480} INFO - Exporting env vars: AIRFLOW_CTX_DAG_OWNER='***' AIRFLOW_CTX_DAG_ID='marine_data_etl_dag' AIRFLOW_CTX_TASK_ID='current_etl.download_current' AIRFLOW_CTX_EXECUTION_DATE='2025-08-02T13:13:19.838438+00:00' AIRFLOW_CTX_TRY_NUMBER='1' AIRFLOW_CTX_DAG_RUN_ID='manual__2025-08-02T13:13:19.838438+00:00'
[2025-08-02T13:14:04.569+0000] {deprecated_options.py:61} WARNING - 'force_download' has been deprecated.
[2025-08-02T13:14:05.274+0000] {credentials_utils.py:181} INFO - Downloading Copernicus Marine data requires a Copernicus Marine username and password, sign up for free at: https://data.marine.copernicus.eu/register
[2025-08-02T13:14:05.277+0000] {logging_mixin.py:188} INFO - Copernicus Marine username:
[2025-08-02T13:14:05.278+0000] {logging_mixin.py:188} INFO -  
[2025-08-02T13:14:05.280+0000] {logging_mixin.py:188} INFO - Abort
[2025-08-02T13:14:05.281+0000] {logging_mixin.py:188} INFO - ✅ Downloaded current: /opt/***/nc/current/rayong_1_current.nc
[2025-08-02T13:14:05.282+0000] {deprecated_options.py:61} WARNING - 'force_download' has been deprecated.
[2025-08-02T13:14:05.926+0000] {credentials_utils.py:181} INFO - Downloading Copernicus Marine data requires a Copernicus Marine username and password, sign up for free at: https://data.marine.copernicus.eu/register
[2025-08-02T13:14:05.928+0000] {logging_mixin.py:188} INFO - Copernicus Marine username:
[2025-08-02T13:14:05.929+0000] {logging_mixin.py:188} INFO -  
[2025-08-02T13:14:05.930+0000] {logging_mixin.py:188} INFO - Abort
[2025-08-02T13:14:05.931+0000] {logging_mixin.py:188} INFO - ✅ Downloaded current: /opt/***/nc/current/rayong_2_current.nc
[2025-08-02T13:14:05.932+0000] {deprecated_options.py:61} WARNING - 'force_download' has been deprecated.
[2025-08-02T13:14:06.587+0000] {credentials_utils.py:181} INFO - Downloading Copernicus Marine data requires a Copernicus Marine username and password, sign up for free at: https://data.marine.copernicus.eu/register
[2025-08-02T13:14:06.590+0000] {logging_mixin.py:188} INFO - Copernicus Marine username:
[2025-08-02T13:14:06.592+0000] {logging_mixin.py:188} INFO -  
[2025-08-02T13:14:06.595+0000] {logging_mixin.py:188} INFO - Abort
[2025-08-02T13:14:06.602+0000] {logging_mixin.py:188} INFO - ✅ Downloaded current: /opt/***/nc/current/chanthaburi_1_current.nc
[2025-08-02T13:14:06.608+0000] {deprecated_options.py:61} WARNING - 'force_download' has been deprecated.
[2025-08-02T13:14:07.301+0000] {credentials_utils.py:181} INFO - Downloading Copernicus Marine data requires a Copernicus Marine username and password, sign up for free at: https://data.marine.copernicus.eu/register
[2025-08-02T13:14:07.302+0000] {logging_mixin.py:188} INFO - Copernicus Marine username:
[2025-08-02T13:14:07.303+0000] {logging_mixin.py:188} INFO -  
[2025-08-02T13:14:07.304+0000] {logging_mixin.py:188} INFO - Abort
[2025-08-02T13:14:07.305+0000] {logging_mixin.py:188} INFO - ✅ Downloaded current: /opt/***/nc/current/trat_1_current.nc
[2025-08-02T13:14:07.306+0000] {python.py:201} INFO - Done. Returned value was: None
[2025-08-02T13:14:07.325+0000] {taskinstance.py:1138} INFO - Marking task as SUCCESS. dag_id=marine_data_etl_dag, task_id=current_etl.download_current, execution_date=20250802T131319, start_date=20250802T131403, end_date=20250802T131407
[2025-08-02T13:14:07.387+0000] {local_task_job_runner.py:234} INFO - Task exited with return code 0
[2025-08-02T13:14:07.432+0000] {taskinstance.py:3280} INFO - 1 downstream tasks scheduled from follow-on schedule check
