[2025-08-02T13:27:34.192+0000] {taskinstance.py:1956} INFO - Dependencies all met for dep_context=non-requeueable deps ti=<TaskInstance: marine_data_etl_dag.phyto_etl.download_phyto manual__2025-08-02T13:26:38.090117+00:00 [queued]>
[2025-08-02T13:27:34.212+0000] {taskinstance.py:1956} INFO - Dependencies all met for dep_context=requeueable deps ti=<TaskInstance: marine_data_etl_dag.phyto_etl.download_phyto manual__2025-08-02T13:26:38.090117+00:00 [queued]>
[2025-08-02T13:27:34.213+0000] {taskinstance.py:2170} INFO - Starting attempt 1 of 1
[2025-08-02T13:27:34.251+0000] {taskinstance.py:2191} INFO - Executing <Task(PythonOperator): phyto_etl.download_phyto> on 2025-08-02 13:26:38.090117+00:00
[2025-08-02T13:27:34.259+0000] {standard_task_runner.py:60} INFO - Started process 442 to run task
[2025-08-02T13:27:34.268+0000] {standard_task_runner.py:87} INFO - Running: ['***', 'tasks', 'run', 'marine_data_etl_dag', 'phyto_etl.download_phyto', 'manual__2025-08-02T13:26:38.090117+00:00', '--job-id', '100', '--raw', '--subdir', 'DAGS_FOLDER/marine_data_etl_dag.py', '--cfg-path', '/tmp/tmp_366xdm3']
[2025-08-02T13:27:34.275+0000] {standard_task_runner.py:88} INFO - Job 100: Subtask phyto_etl.download_phyto
[2025-08-02T13:27:34.396+0000] {task_command.py:423} INFO - Running <TaskInstance: marine_data_etl_dag.phyto_etl.download_phyto manual__2025-08-02T13:26:38.090117+00:00 [running]> on host 19821aecac76
[2025-08-02T13:27:34.690+0000] {taskinstance.py:2480} INFO - Exporting env vars: AIRFLOW_CTX_DAG_OWNER='***' AIRFLOW_CTX_DAG_ID='marine_data_etl_dag' AIRFLOW_CTX_TASK_ID='phyto_etl.download_phyto' AIRFLOW_CTX_EXECUTION_DATE='2025-08-02T13:26:38.090117+00:00' AIRFLOW_CTX_TRY_NUMBER='1' AIRFLOW_CTX_DAG_RUN_ID='manual__2025-08-02T13:26:38.090117+00:00'
[2025-08-02T13:27:34.699+0000] {deprecated_options.py:61} WARNING - 'force_download' has been deprecated.
[2025-08-02T13:27:35.371+0000] {credentials_utils.py:181} INFO - Downloading Copernicus Marine data requires a Copernicus Marine username and password, sign up for free at: https://data.marine.copernicus.eu/register
[2025-08-02T13:27:35.374+0000] {logging_mixin.py:188} INFO - Copernicus Marine username:
[2025-08-02T13:27:35.376+0000] {logging_mixin.py:188} INFO -  
[2025-08-02T13:27:35.377+0000] {logging_mixin.py:188} INFO - Abort
[2025-08-02T13:27:35.379+0000] {logging_mixin.py:188} INFO - ✅ Downloaded phytoplankton: /opt/***/nc/phytoplankton/rayong_1_phytoplankton.nc
[2025-08-02T13:27:35.380+0000] {deprecated_options.py:61} WARNING - 'force_download' has been deprecated.
[2025-08-02T13:27:36.136+0000] {credentials_utils.py:181} INFO - Downloading Copernicus Marine data requires a Copernicus Marine username and password, sign up for free at: https://data.marine.copernicus.eu/register
[2025-08-02T13:27:36.139+0000] {logging_mixin.py:188} INFO - Copernicus Marine username:
[2025-08-02T13:27:36.141+0000] {logging_mixin.py:188} INFO -  
[2025-08-02T13:27:36.142+0000] {logging_mixin.py:188} INFO - Abort
[2025-08-02T13:27:36.144+0000] {logging_mixin.py:188} INFO - ✅ Downloaded phytoplankton: /opt/***/nc/phytoplankton/rayong_2_phytoplankton.nc
[2025-08-02T13:27:36.145+0000] {deprecated_options.py:61} WARNING - 'force_download' has been deprecated.
[2025-08-02T13:27:36.821+0000] {credentials_utils.py:181} INFO - Downloading Copernicus Marine data requires a Copernicus Marine username and password, sign up for free at: https://data.marine.copernicus.eu/register
[2025-08-02T13:27:36.825+0000] {logging_mixin.py:188} INFO - Copernicus Marine username:
[2025-08-02T13:27:36.827+0000] {logging_mixin.py:188} INFO -  
[2025-08-02T13:27:36.828+0000] {logging_mixin.py:188} INFO - Abort
[2025-08-02T13:27:36.830+0000] {logging_mixin.py:188} INFO - ✅ Downloaded phytoplankton: /opt/***/nc/phytoplankton/chanthaburi_1_phytoplankton.nc
[2025-08-02T13:27:36.830+0000] {deprecated_options.py:61} WARNING - 'force_download' has been deprecated.
[2025-08-02T13:27:37.503+0000] {credentials_utils.py:181} INFO - Downloading Copernicus Marine data requires a Copernicus Marine username and password, sign up for free at: https://data.marine.copernicus.eu/register
[2025-08-02T13:27:37.504+0000] {logging_mixin.py:188} INFO - Copernicus Marine username:
[2025-08-02T13:27:37.505+0000] {logging_mixin.py:188} INFO -  
[2025-08-02T13:27:37.506+0000] {logging_mixin.py:188} INFO - Abort
[2025-08-02T13:27:37.507+0000] {logging_mixin.py:188} INFO - ✅ Downloaded phytoplankton: /opt/***/nc/phytoplankton/trat_1_phytoplankton.nc
[2025-08-02T13:27:37.508+0000] {python.py:201} INFO - Done. Returned value was: None
[2025-08-02T13:27:37.527+0000] {taskinstance.py:1138} INFO - Marking task as SUCCESS. dag_id=marine_data_etl_dag, task_id=phyto_etl.download_phyto, execution_date=20250802T132638, start_date=20250802T132734, end_date=20250802T132737
[2025-08-02T13:27:37.581+0000] {local_task_job_runner.py:234} INFO - Task exited with return code 0
[2025-08-02T13:27:37.626+0000] {taskinstance.py:3280} INFO - 1 downstream tasks scheduled from follow-on schedule check
