[2025-08-03T05:11:20.032+0000] {taskinstance.py:1956} INFO - Dependencies all met for dep_context=non-requeueable deps ti=<TaskInstance: marine_data_etl_dag.current_etl.download_current manual__2025-08-03T05:10:24.968527+00:00 [queued]>
[2025-08-03T05:11:20.049+0000] {taskinstance.py:1956} INFO - Dependencies all met for dep_context=requeueable deps ti=<TaskInstance: marine_data_etl_dag.current_etl.download_current manual__2025-08-03T05:10:24.968527+00:00 [queued]>
[2025-08-03T05:11:20.050+0000] {taskinstance.py:2170} INFO - Starting attempt 1 of 1
[2025-08-03T05:11:20.073+0000] {taskinstance.py:2191} INFO - Executing <Task(PythonOperator): current_etl.download_current> on 2025-08-03 05:10:24.968527+00:00
[2025-08-03T05:11:20.080+0000] {standard_task_runner.py:60} INFO - Started process 365 to run task
[2025-08-03T05:11:20.087+0000] {standard_task_runner.py:87} INFO - Running: ['***', 'tasks', 'run', 'marine_data_etl_dag', 'current_etl.download_current', 'manual__2025-08-03T05:10:24.968527+00:00', '--job-id', '171', '--raw', '--subdir', 'DAGS_FOLDER/marine_data_etl_dag.py', '--cfg-path', '/tmp/tmpuba_n4p4']
[2025-08-03T05:11:20.092+0000] {standard_task_runner.py:88} INFO - Job 171: Subtask current_etl.download_current
[2025-08-03T05:11:20.171+0000] {task_command.py:423} INFO - Running <TaskInstance: marine_data_etl_dag.current_etl.download_current manual__2025-08-03T05:10:24.968527+00:00 [running]> on host 19821aecac76
[2025-08-03T05:11:20.604+0000] {taskinstance.py:2480} INFO - Exporting env vars: AIRFLOW_CTX_DAG_OWNER='***' AIRFLOW_CTX_DAG_ID='marine_data_etl_dag' AIRFLOW_CTX_TASK_ID='current_etl.download_current' AIRFLOW_CTX_EXECUTION_DATE='2025-08-03T05:10:24.968527+00:00' AIRFLOW_CTX_TRY_NUMBER='1' AIRFLOW_CTX_DAG_RUN_ID='manual__2025-08-03T05:10:24.968527+00:00'
[2025-08-03T05:11:20.612+0000] {deprecated_options.py:61} WARNING - 'force_download' has been deprecated.
[2025-08-03T05:11:21.440+0000] {credentials_utils.py:181} INFO - Downloading Copernicus Marine data requires a Copernicus Marine username and password, sign up for free at: https://data.marine.copernicus.eu/register
[2025-08-03T05:11:21.446+0000] {logging_mixin.py:188} INFO - Copernicus Marine username:
[2025-08-03T05:11:21.448+0000] {logging_mixin.py:188} INFO -  
[2025-08-03T05:11:21.450+0000] {logging_mixin.py:188} INFO - Abort
[2025-08-03T05:11:21.451+0000] {logging_mixin.py:188} INFO - ✅ Downloaded current: /opt/***/nc/current/rayong_1_current.nc
[2025-08-03T05:11:21.453+0000] {deprecated_options.py:61} WARNING - 'force_download' has been deprecated.
[2025-08-03T05:11:22.092+0000] {credentials_utils.py:181} INFO - Downloading Copernicus Marine data requires a Copernicus Marine username and password, sign up for free at: https://data.marine.copernicus.eu/register
[2025-08-03T05:11:22.093+0000] {logging_mixin.py:188} INFO - Copernicus Marine username:
[2025-08-03T05:11:22.094+0000] {logging_mixin.py:188} INFO -  
[2025-08-03T05:11:22.095+0000] {logging_mixin.py:188} INFO - Abort
[2025-08-03T05:11:22.096+0000] {logging_mixin.py:188} INFO - ✅ Downloaded current: /opt/***/nc/current/rayong_2_current.nc
[2025-08-03T05:11:22.097+0000] {deprecated_options.py:61} WARNING - 'force_download' has been deprecated.
[2025-08-03T05:11:22.741+0000] {credentials_utils.py:181} INFO - Downloading Copernicus Marine data requires a Copernicus Marine username and password, sign up for free at: https://data.marine.copernicus.eu/register
[2025-08-03T05:11:22.742+0000] {logging_mixin.py:188} INFO - Copernicus Marine username:
[2025-08-03T05:11:22.743+0000] {logging_mixin.py:188} INFO -  
[2025-08-03T05:11:22.744+0000] {logging_mixin.py:188} INFO - Abort
[2025-08-03T05:11:22.745+0000] {logging_mixin.py:188} INFO - ✅ Downloaded current: /opt/***/nc/current/chanthaburi_1_current.nc
[2025-08-03T05:11:22.746+0000] {deprecated_options.py:61} WARNING - 'force_download' has been deprecated.
[2025-08-03T05:11:23.408+0000] {credentials_utils.py:181} INFO - Downloading Copernicus Marine data requires a Copernicus Marine username and password, sign up for free at: https://data.marine.copernicus.eu/register
[2025-08-03T05:11:23.411+0000] {logging_mixin.py:188} INFO - Copernicus Marine username:
[2025-08-03T05:11:23.413+0000] {logging_mixin.py:188} INFO -  
[2025-08-03T05:11:23.415+0000] {logging_mixin.py:188} INFO - Abort
[2025-08-03T05:11:23.416+0000] {logging_mixin.py:188} INFO - ✅ Downloaded current: /opt/***/nc/current/trat_1_current.nc
[2025-08-03T05:11:23.418+0000] {python.py:201} INFO - Done. Returned value was: None
[2025-08-03T05:11:23.437+0000] {taskinstance.py:1138} INFO - Marking task as SUCCESS. dag_id=marine_data_etl_dag, task_id=current_etl.download_current, execution_date=20250803T051024, start_date=20250803T051120, end_date=20250803T051123
[2025-08-03T05:11:23.488+0000] {local_task_job_runner.py:234} INFO - Task exited with return code 0
[2025-08-03T05:11:23.551+0000] {taskinstance.py:3280} INFO - 1 downstream tasks scheduled from follow-on schedule check
