[2025-08-03T05:10:44.746+0000] {taskinstance.py:1956} INFO - Dependencies all met for dep_context=non-requeueable deps ti=<TaskInstance: marine_data_etl_dag.sst_etl.download_sst manual__2025-08-03T05:10:24.968527+00:00 [queued]>
[2025-08-03T05:10:44.763+0000] {taskinstance.py:1956} INFO - Dependencies all met for dep_context=requeueable deps ti=<TaskInstance: marine_data_etl_dag.sst_etl.download_sst manual__2025-08-03T05:10:24.968527+00:00 [queued]>
[2025-08-03T05:10:44.764+0000] {taskinstance.py:2170} INFO - Starting attempt 1 of 1
[2025-08-03T05:10:44.788+0000] {taskinstance.py:2191} INFO - Executing <Task(PythonOperator): sst_etl.download_sst> on 2025-08-03 05:10:24.968527+00:00
[2025-08-03T05:10:44.794+0000] {standard_task_runner.py:60} INFO - Started process 345 to run task
[2025-08-03T05:10:44.803+0000] {standard_task_runner.py:87} INFO - Running: ['***', 'tasks', 'run', 'marine_data_etl_dag', 'sst_etl.download_sst', 'manual__2025-08-03T05:10:24.968527+00:00', '--job-id', '168', '--raw', '--subdir', 'DAGS_FOLDER/marine_data_etl_dag.py', '--cfg-path', '/tmp/tmpja1wqklk']
[2025-08-03T05:10:44.809+0000] {standard_task_runner.py:88} INFO - Job 168: Subtask sst_etl.download_sst
[2025-08-03T05:10:44.908+0000] {task_command.py:423} INFO - Running <TaskInstance: marine_data_etl_dag.sst_etl.download_sst manual__2025-08-03T05:10:24.968527+00:00 [running]> on host 19821aecac76
[2025-08-03T05:10:45.488+0000] {taskinstance.py:2480} INFO - Exporting env vars: AIRFLOW_CTX_DAG_OWNER='***' AIRFLOW_CTX_DAG_ID='marine_data_etl_dag' AIRFLOW_CTX_TASK_ID='sst_etl.download_sst' AIRFLOW_CTX_EXECUTION_DATE='2025-08-03T05:10:24.968527+00:00' AIRFLOW_CTX_TRY_NUMBER='1' AIRFLOW_CTX_DAG_RUN_ID='manual__2025-08-03T05:10:24.968527+00:00'
[2025-08-03T05:10:45.544+0000] {deprecated_options.py:61} WARNING - 'force_download' has been deprecated.
[2025-08-03T05:10:46.697+0000] {credentials_utils.py:181} INFO - Downloading Copernicus Marine data requires a Copernicus Marine username and password, sign up for free at: https://data.marine.copernicus.eu/register
[2025-08-03T05:10:46.699+0000] {logging_mixin.py:188} INFO - Copernicus Marine username:
[2025-08-03T05:10:46.700+0000] {logging_mixin.py:188} INFO -  
[2025-08-03T05:10:46.705+0000] {logging_mixin.py:188} INFO - Abort
[2025-08-03T05:10:46.709+0000] {logging_mixin.py:188} INFO - ✅ Downloaded SST: /opt/***/nc/sst/rayong_1_sst.nc
[2025-08-03T05:10:46.711+0000] {deprecated_options.py:61} WARNING - 'force_download' has been deprecated.
[2025-08-03T05:10:47.526+0000] {credentials_utils.py:181} INFO - Downloading Copernicus Marine data requires a Copernicus Marine username and password, sign up for free at: https://data.marine.copernicus.eu/register
[2025-08-03T05:10:47.570+0000] {logging_mixin.py:188} INFO - Copernicus Marine username:
[2025-08-03T05:10:47.596+0000] {logging_mixin.py:188} INFO -  
[2025-08-03T05:10:47.607+0000] {logging_mixin.py:188} INFO - Abort
[2025-08-03T05:10:47.612+0000] {logging_mixin.py:188} INFO - ✅ Downloaded SST: /opt/***/nc/sst/rayong_2_sst.nc
[2025-08-03T05:10:47.614+0000] {deprecated_options.py:61} WARNING - 'force_download' has been deprecated.
[2025-08-03T05:10:48.449+0000] {credentials_utils.py:181} INFO - Downloading Copernicus Marine data requires a Copernicus Marine username and password, sign up for free at: https://data.marine.copernicus.eu/register
[2025-08-03T05:10:48.451+0000] {logging_mixin.py:188} INFO - Copernicus Marine username:
[2025-08-03T05:10:48.452+0000] {logging_mixin.py:188} INFO -  
[2025-08-03T05:10:48.454+0000] {logging_mixin.py:188} INFO - Abort
[2025-08-03T05:10:48.455+0000] {logging_mixin.py:188} INFO - ✅ Downloaded SST: /opt/***/nc/sst/chanthaburi_1_sst.nc
[2025-08-03T05:10:48.461+0000] {deprecated_options.py:61} WARNING - 'force_download' has been deprecated.
[2025-08-03T05:10:49.128+0000] {credentials_utils.py:181} INFO - Downloading Copernicus Marine data requires a Copernicus Marine username and password, sign up for free at: https://data.marine.copernicus.eu/register
[2025-08-03T05:10:49.129+0000] {logging_mixin.py:188} INFO - Copernicus Marine username:
[2025-08-03T05:10:49.130+0000] {logging_mixin.py:188} INFO -  
[2025-08-03T05:10:49.131+0000] {logging_mixin.py:188} INFO - Abort
[2025-08-03T05:10:49.132+0000] {logging_mixin.py:188} INFO - ✅ Downloaded SST: /opt/***/nc/sst/trat_1_sst.nc
[2025-08-03T05:10:49.133+0000] {python.py:201} INFO - Done. Returned value was: None
[2025-08-03T05:10:49.151+0000] {taskinstance.py:1138} INFO - Marking task as SUCCESS. dag_id=marine_data_etl_dag, task_id=sst_etl.download_sst, execution_date=20250803T051024, start_date=20250803T051044, end_date=20250803T051049
[2025-08-03T05:10:49.204+0000] {local_task_job_runner.py:234} INFO - Task exited with return code 0
[2025-08-03T05:10:49.310+0000] {taskinstance.py:3280} INFO - 1 downstream tasks scheduled from follow-on schedule check
