[2025-08-02T13:14:14.330+0000] {taskinstance.py:1956} INFO - Dependencies all met for dep_context=non-requeueable deps ti=<TaskInstance: marine_data_etl_dag.phyto_etl.download_phyto manual__2025-08-02T13:13:19.838438+00:00 [queued]>
[2025-08-02T13:14:14.347+0000] {taskinstance.py:1956} INFO - Dependencies all met for dep_context=requeueable deps ti=<TaskInstance: marine_data_etl_dag.phyto_etl.download_phyto manual__2025-08-02T13:13:19.838438+00:00 [queued]>
[2025-08-02T13:14:14.348+0000] {taskinstance.py:2170} INFO - Starting attempt 1 of 1
[2025-08-02T13:14:14.377+0000] {taskinstance.py:2191} INFO - Executing <Task(PythonOperator): phyto_etl.download_phyto> on 2025-08-02 13:13:19.838438+00:00
[2025-08-02T13:14:14.383+0000] {standard_task_runner.py:60} INFO - Started process 136 to run task
[2025-08-02T13:14:14.392+0000] {standard_task_runner.py:87} INFO - Running: ['***', 'tasks', 'run', 'marine_data_etl_dag', 'phyto_etl.download_phyto', 'manual__2025-08-02T13:13:19.838438+00:00', '--job-id', '63', '--raw', '--subdir', 'DAGS_FOLDER/marine_data_etl_dag.py', '--cfg-path', '/tmp/tmpf6gz71rx']
[2025-08-02T13:14:14.399+0000] {standard_task_runner.py:88} INFO - Job 63: Subtask phyto_etl.download_phyto
[2025-08-02T13:14:14.489+0000] {task_command.py:423} INFO - Running <TaskInstance: marine_data_etl_dag.phyto_etl.download_phyto manual__2025-08-02T13:13:19.838438+00:00 [running]> on host 19821aecac76
[2025-08-02T13:14:14.922+0000] {taskinstance.py:2480} INFO - Exporting env vars: AIRFLOW_CTX_DAG_OWNER='***' AIRFLOW_CTX_DAG_ID='marine_data_etl_dag' AIRFLOW_CTX_TASK_ID='phyto_etl.download_phyto' AIRFLOW_CTX_EXECUTION_DATE='2025-08-02T13:13:19.838438+00:00' AIRFLOW_CTX_TRY_NUMBER='1' AIRFLOW_CTX_DAG_RUN_ID='manual__2025-08-02T13:13:19.838438+00:00'
[2025-08-02T13:14:14.929+0000] {deprecated_options.py:61} WARNING - 'force_download' has been deprecated.
[2025-08-02T13:14:15.629+0000] {credentials_utils.py:181} INFO - Downloading Copernicus Marine data requires a Copernicus Marine username and password, sign up for free at: https://data.marine.copernicus.eu/register
[2025-08-02T13:14:15.633+0000] {logging_mixin.py:188} INFO - Copernicus Marine username:
[2025-08-02T13:14:15.634+0000] {logging_mixin.py:188} INFO -  
[2025-08-02T13:14:15.635+0000] {logging_mixin.py:188} INFO - Abort
[2025-08-02T13:14:15.636+0000] {logging_mixin.py:188} INFO - ✅ Downloaded phytoplankton: /opt/***/nc/phytoplankton/rayong_1_phytoplankton.nc
[2025-08-02T13:14:15.637+0000] {deprecated_options.py:61} WARNING - 'force_download' has been deprecated.
[2025-08-02T13:14:16.320+0000] {credentials_utils.py:181} INFO - Downloading Copernicus Marine data requires a Copernicus Marine username and password, sign up for free at: https://data.marine.copernicus.eu/register
[2025-08-02T13:14:16.322+0000] {logging_mixin.py:188} INFO - Copernicus Marine username:
[2025-08-02T13:14:16.322+0000] {logging_mixin.py:188} INFO -  
[2025-08-02T13:14:16.323+0000] {logging_mixin.py:188} INFO - Abort
[2025-08-02T13:14:16.323+0000] {logging_mixin.py:188} INFO - ✅ Downloaded phytoplankton: /opt/***/nc/phytoplankton/rayong_2_phytoplankton.nc
[2025-08-02T13:14:16.324+0000] {deprecated_options.py:61} WARNING - 'force_download' has been deprecated.
[2025-08-02T13:14:16.997+0000] {credentials_utils.py:181} INFO - Downloading Copernicus Marine data requires a Copernicus Marine username and password, sign up for free at: https://data.marine.copernicus.eu/register
[2025-08-02T13:14:16.999+0000] {logging_mixin.py:188} INFO - Copernicus Marine username:
[2025-08-02T13:14:17.000+0000] {logging_mixin.py:188} INFO -  
[2025-08-02T13:14:17.001+0000] {logging_mixin.py:188} INFO - Abort
[2025-08-02T13:14:17.002+0000] {logging_mixin.py:188} INFO - ✅ Downloaded phytoplankton: /opt/***/nc/phytoplankton/chanthaburi_1_phytoplankton.nc
[2025-08-02T13:14:17.003+0000] {deprecated_options.py:61} WARNING - 'force_download' has been deprecated.
[2025-08-02T13:14:17.758+0000] {credentials_utils.py:181} INFO - Downloading Copernicus Marine data requires a Copernicus Marine username and password, sign up for free at: https://data.marine.copernicus.eu/register
[2025-08-02T13:14:17.763+0000] {logging_mixin.py:188} INFO - Copernicus Marine username:
[2025-08-02T13:14:17.764+0000] {logging_mixin.py:188} INFO -  
[2025-08-02T13:14:17.765+0000] {logging_mixin.py:188} INFO - Abort
[2025-08-02T13:14:17.767+0000] {logging_mixin.py:188} INFO - ✅ Downloaded phytoplankton: /opt/***/nc/phytoplankton/trat_1_phytoplankton.nc
[2025-08-02T13:14:17.768+0000] {python.py:201} INFO - Done. Returned value was: None
[2025-08-02T13:14:17.788+0000] {taskinstance.py:1138} INFO - Marking task as SUCCESS. dag_id=marine_data_etl_dag, task_id=phyto_etl.download_phyto, execution_date=20250802T131319, start_date=20250802T131414, end_date=20250802T131417
[2025-08-02T13:14:17.851+0000] {local_task_job_runner.py:234} INFO - Task exited with return code 0
[2025-08-02T13:14:17.932+0000] {taskinstance.py:3280} INFO - 1 downstream tasks scheduled from follow-on schedule check
