[2025-08-03T06:00:35.593+0000] {taskinstance.py:1956} INFO - Dependencies all met for dep_context=non-requeueable deps ti=<TaskInstance: marine_data_etl_dag.so_etl.download_so manual__2025-08-03T05:58:22+00:00 [queued]>
[2025-08-03T06:00:35.607+0000] {taskinstance.py:1956} INFO - Dependencies all met for dep_context=requeueable deps ti=<TaskInstance: marine_data_etl_dag.so_etl.download_so manual__2025-08-03T05:58:22+00:00 [queued]>
[2025-08-03T06:00:35.608+0000] {taskinstance.py:2170} INFO - Starting attempt 1 of 1
[2025-08-03T06:00:35.626+0000] {taskinstance.py:2191} INFO - Executing <Task(PythonOperator): so_etl.download_so> on 2025-08-03 05:58:22+00:00
[2025-08-03T06:00:35.632+0000] {standard_task_runner.py:60} INFO - Started process 262 to run task
[2025-08-03T06:00:35.638+0000] {standard_task_runner.py:87} INFO - Running: ['***', 'tasks', 'run', 'marine_data_etl_dag', 'so_etl.download_so', 'manual__2025-08-03T05:58:22+00:00', '--job-id', '212', '--raw', '--subdir', 'DAGS_FOLDER/marine_data_etl_dag.py', '--cfg-path', '/tmp/tmpzednkw37']
[2025-08-03T06:00:35.642+0000] {standard_task_runner.py:88} INFO - Job 212: Subtask so_etl.download_so
[2025-08-03T06:00:35.710+0000] {task_command.py:423} INFO - Running <TaskInstance: marine_data_etl_dag.so_etl.download_so manual__2025-08-03T05:58:22+00:00 [running]> on host d870044d9b57
[2025-08-03T06:00:36.028+0000] {taskinstance.py:2480} INFO - Exporting env vars: AIRFLOW_CTX_DAG_OWNER='***' AIRFLOW_CTX_DAG_ID='marine_data_etl_dag' AIRFLOW_CTX_TASK_ID='so_etl.download_so' AIRFLOW_CTX_EXECUTION_DATE='2025-08-03T05:58:22+00:00' AIRFLOW_CTX_TRY_NUMBER='1' AIRFLOW_CTX_DAG_RUN_ID='manual__2025-08-03T05:58:22+00:00'
[2025-08-03T06:00:36.037+0000] {deprecated_options.py:61} WARNING - 'force_download' has been deprecated.
[2025-08-03T06:00:36.759+0000] {credentials_utils.py:181} INFO - Downloading Copernicus Marine data requires a Copernicus Marine username and password, sign up for free at: https://data.marine.copernicus.eu/register
[2025-08-03T06:00:36.765+0000] {logging_mixin.py:188} INFO - Copernicus Marine username:
[2025-08-03T06:00:36.768+0000] {logging_mixin.py:188} INFO -  
[2025-08-03T06:00:36.769+0000] {logging_mixin.py:188} INFO - Abort
[2025-08-03T06:00:36.771+0000] {logging_mixin.py:188} INFO - ✅ Downloaded salinity: /opt/***/nc/salinity/rayong_1_salinity.nc
[2025-08-03T06:00:36.772+0000] {deprecated_options.py:61} WARNING - 'force_download' has been deprecated.
[2025-08-03T06:00:37.445+0000] {credentials_utils.py:181} INFO - Downloading Copernicus Marine data requires a Copernicus Marine username and password, sign up for free at: https://data.marine.copernicus.eu/register
[2025-08-03T06:00:37.447+0000] {logging_mixin.py:188} INFO - Copernicus Marine username:
[2025-08-03T06:00:37.449+0000] {logging_mixin.py:188} INFO -  
[2025-08-03T06:00:37.450+0000] {logging_mixin.py:188} INFO - Abort
[2025-08-03T06:00:37.452+0000] {logging_mixin.py:188} INFO - ✅ Downloaded salinity: /opt/***/nc/salinity/rayong_2_salinity.nc
[2025-08-03T06:00:37.453+0000] {deprecated_options.py:61} WARNING - 'force_download' has been deprecated.
[2025-08-03T06:00:38.163+0000] {credentials_utils.py:181} INFO - Downloading Copernicus Marine data requires a Copernicus Marine username and password, sign up for free at: https://data.marine.copernicus.eu/register
[2025-08-03T06:00:38.164+0000] {logging_mixin.py:188} INFO - Copernicus Marine username:
[2025-08-03T06:00:38.166+0000] {logging_mixin.py:188} INFO -  
[2025-08-03T06:00:38.168+0000] {logging_mixin.py:188} INFO - Abort
[2025-08-03T06:00:38.171+0000] {logging_mixin.py:188} INFO - ✅ Downloaded salinity: /opt/***/nc/salinity/chanthaburi_1_salinity.nc
[2025-08-03T06:00:38.173+0000] {deprecated_options.py:61} WARNING - 'force_download' has been deprecated.
[2025-08-03T06:00:38.893+0000] {credentials_utils.py:181} INFO - Downloading Copernicus Marine data requires a Copernicus Marine username and password, sign up for free at: https://data.marine.copernicus.eu/register
[2025-08-03T06:00:38.894+0000] {logging_mixin.py:188} INFO - Copernicus Marine username:
[2025-08-03T06:00:38.896+0000] {logging_mixin.py:188} INFO -  
[2025-08-03T06:00:38.897+0000] {logging_mixin.py:188} INFO - Abort
[2025-08-03T06:00:38.898+0000] {logging_mixin.py:188} INFO - ✅ Downloaded salinity: /opt/***/nc/salinity/trat_1_salinity.nc
[2025-08-03T06:00:38.900+0000] {python.py:201} INFO - Done. Returned value was: None
[2025-08-03T06:00:38.916+0000] {taskinstance.py:1138} INFO - Marking task as SUCCESS. dag_id=marine_data_etl_dag, task_id=so_etl.download_so, execution_date=20250803T055822, start_date=20250803T060035, end_date=20250803T060038
[2025-08-03T06:00:38.987+0000] {local_task_job_runner.py:234} INFO - Task exited with return code 0
[2025-08-03T06:00:39.036+0000] {taskinstance.py:3280} INFO - 1 downstream tasks scheduled from follow-on schedule check
