[2025-08-02T12:40:47.209+0000] {taskinstance.py:1956} INFO - Dependencies all met for dep_context=non-requeueable deps ti=<TaskInstance: marine_data_etl_dag.thetao_etl.download_thetao manual__2025-08-02T12:39:57.131756+00:00 [queued]>
[2025-08-02T12:40:47.222+0000] {taskinstance.py:1956} INFO - Dependencies all met for dep_context=requeueable deps ti=<TaskInstance: marine_data_etl_dag.thetao_etl.download_thetao manual__2025-08-02T12:39:57.131756+00:00 [queued]>
[2025-08-02T12:40:47.223+0000] {taskinstance.py:2170} INFO - Starting attempt 1 of 1
[2025-08-02T12:40:47.243+0000] {taskinstance.py:2191} INFO - Executing <Task(PythonOperator): thetao_etl.download_thetao> on 2025-08-02 12:39:57.131756+00:00
[2025-08-02T12:40:47.249+0000] {standard_task_runner.py:60} INFO - Started process 93 to run task
[2025-08-02T12:40:47.256+0000] {standard_task_runner.py:87} INFO - Running: ['***', 'tasks', 'run', 'marine_data_etl_dag', 'thetao_etl.download_thetao', 'manual__2025-08-02T12:39:57.131756+00:00', '--job-id', '44', '--raw', '--subdir', 'DAGS_FOLDER/marine_data_etl_dag.py', '--cfg-path', '/tmp/tmpe1atycgm']
[2025-08-02T12:40:47.261+0000] {standard_task_runner.py:88} INFO - Job 44: Subtask thetao_etl.download_thetao
[2025-08-02T12:40:47.345+0000] {task_command.py:423} INFO - Running <TaskInstance: marine_data_etl_dag.thetao_etl.download_thetao manual__2025-08-02T12:39:57.131756+00:00 [running]> on host a9f0d3f8f863
[2025-08-02T12:40:47.871+0000] {taskinstance.py:2480} INFO - Exporting env vars: AIRFLOW_CTX_DAG_OWNER='***' AIRFLOW_CTX_DAG_ID='marine_data_etl_dag' AIRFLOW_CTX_TASK_ID='thetao_etl.download_thetao' AIRFLOW_CTX_EXECUTION_DATE='2025-08-02T12:39:57.131756+00:00' AIRFLOW_CTX_TRY_NUMBER='1' AIRFLOW_CTX_DAG_RUN_ID='manual__2025-08-02T12:39:57.131756+00:00'
[2025-08-02T12:40:47.876+0000] {deprecated_options.py:61} WARNING - 'force_download' has been deprecated.
[2025-08-02T12:40:48.545+0000] {credentials_utils.py:181} INFO - Downloading Copernicus Marine data requires a Copernicus Marine username and password, sign up for free at: https://data.marine.copernicus.eu/register
[2025-08-02T12:40:48.549+0000] {logging_mixin.py:188} INFO - Copernicus Marine username:
[2025-08-02T12:40:48.550+0000] {logging_mixin.py:188} INFO -  
[2025-08-02T12:40:48.552+0000] {logging_mixin.py:188} INFO - Abort
[2025-08-02T12:40:48.554+0000] {logging_mixin.py:188} INFO - ✅ Downloaded thetao: /opt/***/csv/thetao/rayong_1_thetao.nc
[2025-08-02T12:40:48.555+0000] {deprecated_options.py:61} WARNING - 'force_download' has been deprecated.
[2025-08-02T12:40:49.240+0000] {credentials_utils.py:181} INFO - Downloading Copernicus Marine data requires a Copernicus Marine username and password, sign up for free at: https://data.marine.copernicus.eu/register
[2025-08-02T12:40:49.242+0000] {logging_mixin.py:188} INFO - Copernicus Marine username:
[2025-08-02T12:40:49.243+0000] {logging_mixin.py:188} INFO -  
[2025-08-02T12:40:49.244+0000] {logging_mixin.py:188} INFO - Abort
[2025-08-02T12:40:49.245+0000] {logging_mixin.py:188} INFO - ✅ Downloaded thetao: /opt/***/csv/thetao/rayong_2_thetao.nc
[2025-08-02T12:40:49.246+0000] {deprecated_options.py:61} WARNING - 'force_download' has been deprecated.
[2025-08-02T12:40:49.917+0000] {credentials_utils.py:181} INFO - Downloading Copernicus Marine data requires a Copernicus Marine username and password, sign up for free at: https://data.marine.copernicus.eu/register
[2025-08-02T12:40:49.918+0000] {logging_mixin.py:188} INFO - Copernicus Marine username:
[2025-08-02T12:40:49.919+0000] {logging_mixin.py:188} INFO -  
[2025-08-02T12:40:49.919+0000] {logging_mixin.py:188} INFO - Abort
[2025-08-02T12:40:49.921+0000] {logging_mixin.py:188} INFO - ✅ Downloaded thetao: /opt/***/csv/thetao/chanthaburi_1_thetao.nc
[2025-08-02T12:40:49.922+0000] {deprecated_options.py:61} WARNING - 'force_download' has been deprecated.
[2025-08-02T12:40:50.608+0000] {credentials_utils.py:181} INFO - Downloading Copernicus Marine data requires a Copernicus Marine username and password, sign up for free at: https://data.marine.copernicus.eu/register
[2025-08-02T12:40:50.610+0000] {logging_mixin.py:188} INFO - Copernicus Marine username:
[2025-08-02T12:40:50.612+0000] {logging_mixin.py:188} INFO -  
[2025-08-02T12:40:50.613+0000] {logging_mixin.py:188} INFO - Abort
[2025-08-02T12:40:50.614+0000] {logging_mixin.py:188} INFO - ✅ Downloaded thetao: /opt/***/csv/thetao/trat_1_thetao.nc
[2025-08-02T12:40:50.614+0000] {python.py:201} INFO - Done. Returned value was: None
[2025-08-02T12:40:50.633+0000] {taskinstance.py:1138} INFO - Marking task as SUCCESS. dag_id=marine_data_etl_dag, task_id=thetao_etl.download_thetao, execution_date=20250802T123957, start_date=20250802T124047, end_date=20250802T124050
[2025-08-02T12:40:50.686+0000] {local_task_job_runner.py:234} INFO - Task exited with return code 0
[2025-08-02T12:40:50.728+0000] {taskinstance.py:3280} INFO - 1 downstream tasks scheduled from follow-on schedule check
