[2025-08-03T04:34:58.776+0000] {taskinstance.py:1956} INFO - Dependencies all met for dep_context=non-requeueable deps ti=<TaskInstance: marine_data_etl_dag.so_etl.download_so scheduled__2025-07-27T00:00:00+00:00 [queued]>
[2025-08-03T04:34:58.792+0000] {taskinstance.py:1956} INFO - Dependencies all met for dep_context=requeueable deps ti=<TaskInstance: marine_data_etl_dag.so_etl.download_so scheduled__2025-07-27T00:00:00+00:00 [queued]>
[2025-08-03T04:34:58.793+0000] {taskinstance.py:2170} INFO - Starting attempt 1 of 1
[2025-08-03T04:34:58.815+0000] {taskinstance.py:2191} INFO - Executing <Task(PythonOperator): so_etl.download_so> on 2025-07-27 00:00:00+00:00
[2025-08-03T04:34:58.821+0000] {standard_task_runner.py:60} INFO - Started process 113 to run task
[2025-08-03T04:34:58.830+0000] {standard_task_runner.py:87} INFO - Running: ['***', 'tasks', 'run', 'marine_data_etl_dag', 'so_etl.download_so', 'scheduled__2025-07-27T00:00:00+00:00', '--job-id', '154', '--raw', '--subdir', 'DAGS_FOLDER/marine_data_etl_dag.py', '--cfg-path', '/tmp/tmpv9y_yzx3']
[2025-08-03T04:34:58.834+0000] {standard_task_runner.py:88} INFO - Job 154: Subtask so_etl.download_so
[2025-08-03T04:34:58.946+0000] {task_command.py:423} INFO - Running <TaskInstance: marine_data_etl_dag.so_etl.download_so scheduled__2025-07-27T00:00:00+00:00 [running]> on host 19821aecac76
[2025-08-03T04:34:59.376+0000] {taskinstance.py:2480} INFO - Exporting env vars: AIRFLOW_CTX_DAG_OWNER='***' AIRFLOW_CTX_DAG_ID='marine_data_etl_dag' AIRFLOW_CTX_TASK_ID='so_etl.download_so' AIRFLOW_CTX_EXECUTION_DATE='2025-07-27T00:00:00+00:00' AIRFLOW_CTX_TRY_NUMBER='1' AIRFLOW_CTX_DAG_RUN_ID='scheduled__2025-07-27T00:00:00+00:00'
[2025-08-03T04:34:59.382+0000] {deprecated_options.py:61} WARNING - 'force_download' has been deprecated.
[2025-08-03T04:35:00.149+0000] {credentials_utils.py:181} INFO - Downloading Copernicus Marine data requires a Copernicus Marine username and password, sign up for free at: https://data.marine.copernicus.eu/register
[2025-08-03T04:35:00.153+0000] {logging_mixin.py:188} INFO - Copernicus Marine username:
[2025-08-03T04:35:00.154+0000] {logging_mixin.py:188} INFO -  
[2025-08-03T04:35:00.155+0000] {logging_mixin.py:188} INFO - Abort
[2025-08-03T04:35:00.156+0000] {logging_mixin.py:188} INFO - ✅ Downloaded salinity: /opt/***/nc/salinity/rayong_1_salinity.nc
[2025-08-03T04:35:00.157+0000] {deprecated_options.py:61} WARNING - 'force_download' has been deprecated.
[2025-08-03T04:35:00.812+0000] {credentials_utils.py:181} INFO - Downloading Copernicus Marine data requires a Copernicus Marine username and password, sign up for free at: https://data.marine.copernicus.eu/register
[2025-08-03T04:35:00.813+0000] {logging_mixin.py:188} INFO - Copernicus Marine username:
[2025-08-03T04:35:00.814+0000] {logging_mixin.py:188} INFO -  
[2025-08-03T04:35:00.815+0000] {logging_mixin.py:188} INFO - Abort
[2025-08-03T04:35:00.816+0000] {logging_mixin.py:188} INFO - ✅ Downloaded salinity: /opt/***/nc/salinity/rayong_2_salinity.nc
[2025-08-03T04:35:00.817+0000] {deprecated_options.py:61} WARNING - 'force_download' has been deprecated.
[2025-08-03T04:35:01.500+0000] {credentials_utils.py:181} INFO - Downloading Copernicus Marine data requires a Copernicus Marine username and password, sign up for free at: https://data.marine.copernicus.eu/register
[2025-08-03T04:35:01.502+0000] {logging_mixin.py:188} INFO - Copernicus Marine username:
[2025-08-03T04:35:01.503+0000] {logging_mixin.py:188} INFO -  
[2025-08-03T04:35:01.504+0000] {logging_mixin.py:188} INFO - Abort
[2025-08-03T04:35:01.506+0000] {logging_mixin.py:188} INFO - ✅ Downloaded salinity: /opt/***/nc/salinity/chanthaburi_1_salinity.nc
[2025-08-03T04:35:01.508+0000] {deprecated_options.py:61} WARNING - 'force_download' has been deprecated.
[2025-08-03T04:35:02.177+0000] {credentials_utils.py:181} INFO - Downloading Copernicus Marine data requires a Copernicus Marine username and password, sign up for free at: https://data.marine.copernicus.eu/register
[2025-08-03T04:35:02.178+0000] {logging_mixin.py:188} INFO - Copernicus Marine username:
[2025-08-03T04:35:02.179+0000] {logging_mixin.py:188} INFO -  
[2025-08-03T04:35:02.180+0000] {logging_mixin.py:188} INFO - Abort
[2025-08-03T04:35:02.181+0000] {logging_mixin.py:188} INFO - ✅ Downloaded salinity: /opt/***/nc/salinity/trat_1_salinity.nc
[2025-08-03T04:35:02.182+0000] {python.py:201} INFO - Done. Returned value was: None
[2025-08-03T04:35:02.198+0000] {taskinstance.py:1138} INFO - Marking task as SUCCESS. dag_id=marine_data_etl_dag, task_id=so_etl.download_so, execution_date=20250727T000000, start_date=20250803T043458, end_date=20250803T043502
[2025-08-03T04:35:02.262+0000] {local_task_job_runner.py:234} INFO - Task exited with return code 0
[2025-08-03T04:35:02.305+0000] {taskinstance.py:3280} INFO - 1 downstream tasks scheduled from follow-on schedule check
