[2025-08-02T13:14:25.406+0000] {taskinstance.py:1956} INFO - Dependencies all met for dep_context=non-requeueable deps ti=<TaskInstance: marine_data_etl_dag.so_etl.download_so manual__2025-08-02T13:13:19.838438+00:00 [queued]>
[2025-08-02T13:14:25.420+0000] {taskinstance.py:1956} INFO - Dependencies all met for dep_context=requeueable deps ti=<TaskInstance: marine_data_etl_dag.so_etl.download_so manual__2025-08-02T13:13:19.838438+00:00 [queued]>
[2025-08-02T13:14:25.421+0000] {taskinstance.py:2170} INFO - Starting attempt 1 of 1
[2025-08-02T13:14:25.443+0000] {taskinstance.py:2191} INFO - Executing <Task(PythonOperator): so_etl.download_so> on 2025-08-02 13:13:19.838438+00:00
[2025-08-02T13:14:25.450+0000] {standard_task_runner.py:60} INFO - Started process 142 to run task
[2025-08-02T13:14:25.456+0000] {standard_task_runner.py:87} INFO - Running: ['***', 'tasks', 'run', 'marine_data_etl_dag', 'so_etl.download_so', 'manual__2025-08-02T13:13:19.838438+00:00', '--job-id', '64', '--raw', '--subdir', 'DAGS_FOLDER/marine_data_etl_dag.py', '--cfg-path', '/tmp/tmpyr5zrhns']
[2025-08-02T13:14:25.462+0000] {standard_task_runner.py:88} INFO - Job 64: Subtask so_etl.download_so
[2025-08-02T13:14:25.551+0000] {task_command.py:423} INFO - Running <TaskInstance: marine_data_etl_dag.so_etl.download_so manual__2025-08-02T13:13:19.838438+00:00 [running]> on host 19821aecac76
[2025-08-02T13:14:25.902+0000] {taskinstance.py:2480} INFO - Exporting env vars: AIRFLOW_CTX_DAG_OWNER='***' AIRFLOW_CTX_DAG_ID='marine_data_etl_dag' AIRFLOW_CTX_TASK_ID='so_etl.download_so' AIRFLOW_CTX_EXECUTION_DATE='2025-08-02T13:13:19.838438+00:00' AIRFLOW_CTX_TRY_NUMBER='1' AIRFLOW_CTX_DAG_RUN_ID='manual__2025-08-02T13:13:19.838438+00:00'
[2025-08-02T13:14:25.909+0000] {deprecated_options.py:61} WARNING - 'force_download' has been deprecated.
[2025-08-02T13:14:26.597+0000] {credentials_utils.py:181} INFO - Downloading Copernicus Marine data requires a Copernicus Marine username and password, sign up for free at: https://data.marine.copernicus.eu/register
[2025-08-02T13:14:26.600+0000] {logging_mixin.py:188} INFO - Copernicus Marine username:
[2025-08-02T13:14:26.601+0000] {logging_mixin.py:188} INFO -  
[2025-08-02T13:14:26.602+0000] {logging_mixin.py:188} INFO - Abort
[2025-08-02T13:14:26.603+0000] {logging_mixin.py:188} INFO - ✅ Downloaded salinity: /opt/***/nc/salinity/rayong_1_salinity.nc
[2025-08-02T13:14:26.604+0000] {deprecated_options.py:61} WARNING - 'force_download' has been deprecated.
[2025-08-02T13:14:27.280+0000] {credentials_utils.py:181} INFO - Downloading Copernicus Marine data requires a Copernicus Marine username and password, sign up for free at: https://data.marine.copernicus.eu/register
[2025-08-02T13:14:27.284+0000] {logging_mixin.py:188} INFO - Copernicus Marine username:
[2025-08-02T13:14:27.285+0000] {logging_mixin.py:188} INFO -  
[2025-08-02T13:14:27.286+0000] {logging_mixin.py:188} INFO - Abort
[2025-08-02T13:14:27.287+0000] {logging_mixin.py:188} INFO - ✅ Downloaded salinity: /opt/***/nc/salinity/rayong_2_salinity.nc
[2025-08-02T13:14:27.287+0000] {deprecated_options.py:61} WARNING - 'force_download' has been deprecated.
[2025-08-02T13:14:27.934+0000] {credentials_utils.py:181} INFO - Downloading Copernicus Marine data requires a Copernicus Marine username and password, sign up for free at: https://data.marine.copernicus.eu/register
[2025-08-02T13:14:27.935+0000] {logging_mixin.py:188} INFO - Copernicus Marine username:
[2025-08-02T13:14:27.936+0000] {logging_mixin.py:188} INFO -  
[2025-08-02T13:14:27.937+0000] {logging_mixin.py:188} INFO - Abort
[2025-08-02T13:14:27.938+0000] {logging_mixin.py:188} INFO - ✅ Downloaded salinity: /opt/***/nc/salinity/chanthaburi_1_salinity.nc
[2025-08-02T13:14:27.939+0000] {deprecated_options.py:61} WARNING - 'force_download' has been deprecated.
[2025-08-02T13:14:28.636+0000] {credentials_utils.py:181} INFO - Downloading Copernicus Marine data requires a Copernicus Marine username and password, sign up for free at: https://data.marine.copernicus.eu/register
[2025-08-02T13:14:28.638+0000] {logging_mixin.py:188} INFO - Copernicus Marine username:
[2025-08-02T13:14:28.638+0000] {logging_mixin.py:188} INFO -  
[2025-08-02T13:14:28.640+0000] {logging_mixin.py:188} INFO - Abort
[2025-08-02T13:14:28.641+0000] {logging_mixin.py:188} INFO - ✅ Downloaded salinity: /opt/***/nc/salinity/trat_1_salinity.nc
[2025-08-02T13:14:28.646+0000] {python.py:201} INFO - Done. Returned value was: None
[2025-08-02T13:14:28.670+0000] {taskinstance.py:1138} INFO - Marking task as SUCCESS. dag_id=marine_data_etl_dag, task_id=so_etl.download_so, execution_date=20250802T131319, start_date=20250802T131425, end_date=20250802T131428
[2025-08-02T13:14:28.726+0000] {local_task_job_runner.py:234} INFO - Task exited with return code 0
[2025-08-02T13:14:28.784+0000] {taskinstance.py:3280} INFO - 1 downstream tasks scheduled from follow-on schedule check
