[2025-08-03T04:34:12.467+0000] {taskinstance.py:1956} INFO - Dependencies all met for dep_context=non-requeueable deps ti=<TaskInstance: marine_data_etl_dag.thetao_etl.download_thetao scheduled__2025-07-27T00:00:00+00:00 [queued]>
[2025-08-03T04:34:12.480+0000] {taskinstance.py:1956} INFO - Dependencies all met for dep_context=requeueable deps ti=<TaskInstance: marine_data_etl_dag.thetao_etl.download_thetao scheduled__2025-07-27T00:00:00+00:00 [queued]>
[2025-08-03T04:34:12.481+0000] {taskinstance.py:2170} INFO - Starting attempt 1 of 1
[2025-08-03T04:34:12.500+0000] {taskinstance.py:2191} INFO - Executing <Task(PythonOperator): thetao_etl.download_thetao> on 2025-07-27 00:00:00+00:00
[2025-08-03T04:34:12.505+0000] {standard_task_runner.py:60} INFO - Started process 85 to run task
[2025-08-03T04:34:12.511+0000] {standard_task_runner.py:87} INFO - Running: ['***', 'tasks', 'run', 'marine_data_etl_dag', 'thetao_etl.download_thetao', 'scheduled__2025-07-27T00:00:00+00:00', '--job-id', '150', '--raw', '--subdir', 'DAGS_FOLDER/marine_data_etl_dag.py', '--cfg-path', '/tmp/tmph_uvrmfi']
[2025-08-03T04:34:12.517+0000] {standard_task_runner.py:88} INFO - Job 150: Subtask thetao_etl.download_thetao
[2025-08-03T04:34:12.604+0000] {task_command.py:423} INFO - Running <TaskInstance: marine_data_etl_dag.thetao_etl.download_thetao scheduled__2025-07-27T00:00:00+00:00 [running]> on host 19821aecac76
[2025-08-03T04:34:12.939+0000] {taskinstance.py:2480} INFO - Exporting env vars: AIRFLOW_CTX_DAG_OWNER='***' AIRFLOW_CTX_DAG_ID='marine_data_etl_dag' AIRFLOW_CTX_TASK_ID='thetao_etl.download_thetao' AIRFLOW_CTX_EXECUTION_DATE='2025-07-27T00:00:00+00:00' AIRFLOW_CTX_TRY_NUMBER='1' AIRFLOW_CTX_DAG_RUN_ID='scheduled__2025-07-27T00:00:00+00:00'
[2025-08-03T04:34:12.947+0000] {deprecated_options.py:61} WARNING - 'force_download' has been deprecated.
[2025-08-03T04:34:13.671+0000] {credentials_utils.py:181} INFO - Downloading Copernicus Marine data requires a Copernicus Marine username and password, sign up for free at: https://data.marine.copernicus.eu/register
[2025-08-03T04:34:13.676+0000] {logging_mixin.py:188} INFO - Copernicus Marine username:
[2025-08-03T04:34:13.680+0000] {logging_mixin.py:188} INFO -  
[2025-08-03T04:34:13.687+0000] {logging_mixin.py:188} INFO - Abort
[2025-08-03T04:34:13.688+0000] {logging_mixin.py:188} INFO - ✅ Downloaded thetao: /opt/***/nc/thetao/rayong_1_thetao.nc
[2025-08-03T04:34:13.691+0000] {deprecated_options.py:61} WARNING - 'force_download' has been deprecated.
[2025-08-03T04:34:14.375+0000] {credentials_utils.py:181} INFO - Downloading Copernicus Marine data requires a Copernicus Marine username and password, sign up for free at: https://data.marine.copernicus.eu/register
[2025-08-03T04:34:14.384+0000] {logging_mixin.py:188} INFO - Copernicus Marine username:
[2025-08-03T04:34:14.385+0000] {logging_mixin.py:188} INFO -  
[2025-08-03T04:34:14.386+0000] {logging_mixin.py:188} INFO - Abort
[2025-08-03T04:34:14.388+0000] {logging_mixin.py:188} INFO - ✅ Downloaded thetao: /opt/***/nc/thetao/rayong_2_thetao.nc
[2025-08-03T04:34:14.389+0000] {deprecated_options.py:61} WARNING - 'force_download' has been deprecated.
[2025-08-03T04:34:15.107+0000] {credentials_utils.py:181} INFO - Downloading Copernicus Marine data requires a Copernicus Marine username and password, sign up for free at: https://data.marine.copernicus.eu/register
[2025-08-03T04:34:15.109+0000] {logging_mixin.py:188} INFO - Copernicus Marine username:
[2025-08-03T04:34:15.110+0000] {logging_mixin.py:188} INFO -  
[2025-08-03T04:34:15.111+0000] {logging_mixin.py:188} INFO - Abort
[2025-08-03T04:34:15.112+0000] {logging_mixin.py:188} INFO - ✅ Downloaded thetao: /opt/***/nc/thetao/chanthaburi_1_thetao.nc
[2025-08-03T04:34:15.113+0000] {deprecated_options.py:61} WARNING - 'force_download' has been deprecated.
[2025-08-03T04:34:15.967+0000] {credentials_utils.py:181} INFO - Downloading Copernicus Marine data requires a Copernicus Marine username and password, sign up for free at: https://data.marine.copernicus.eu/register
[2025-08-03T04:34:15.968+0000] {logging_mixin.py:188} INFO - Copernicus Marine username:
[2025-08-03T04:34:15.970+0000] {logging_mixin.py:188} INFO -  
[2025-08-03T04:34:15.976+0000] {logging_mixin.py:188} INFO - Abort
[2025-08-03T04:34:15.982+0000] {logging_mixin.py:188} INFO - ✅ Downloaded thetao: /opt/***/nc/thetao/trat_1_thetao.nc
[2025-08-03T04:34:15.983+0000] {python.py:201} INFO - Done. Returned value was: None
[2025-08-03T04:34:16.008+0000] {taskinstance.py:1138} INFO - Marking task as SUCCESS. dag_id=marine_data_etl_dag, task_id=thetao_etl.download_thetao, execution_date=20250727T000000, start_date=20250803T043412, end_date=20250803T043416
[2025-08-03T04:34:16.073+0000] {local_task_job_runner.py:234} INFO - Task exited with return code 0
[2025-08-03T04:34:16.148+0000] {taskinstance.py:3280} INFO - 1 downstream tasks scheduled from follow-on schedule check
