[2025-08-02T13:13:51.802+0000] {taskinstance.py:1956} INFO - Dependencies all met for dep_context=non-requeueable deps ti=<TaskInstance: marine_data_etl_dag.zooplankton_etl.download_zoo manual__2025-08-02T13:13:19.838438+00:00 [queued]>
[2025-08-02T13:13:51.823+0000] {taskinstance.py:1956} INFO - Dependencies all met for dep_context=requeueable deps ti=<TaskInstance: marine_data_etl_dag.zooplankton_etl.download_zoo manual__2025-08-02T13:13:19.838438+00:00 [queued]>
[2025-08-02T13:13:51.824+0000] {taskinstance.py:2170} INFO - Starting attempt 1 of 1
[2025-08-02T13:13:51.847+0000] {taskinstance.py:2191} INFO - Executing <Task(PythonOperator): zooplankton_etl.download_zoo> on 2025-08-02 13:13:19.838438+00:00
[2025-08-02T13:13:51.853+0000] {standard_task_runner.py:60} INFO - Started process 122 to run task
[2025-08-02T13:13:51.859+0000] {standard_task_runner.py:87} INFO - Running: ['***', 'tasks', 'run', 'marine_data_etl_dag', 'zooplankton_etl.download_zoo', 'manual__2025-08-02T13:13:19.838438+00:00', '--job-id', '61', '--raw', '--subdir', 'DAGS_FOLDER/marine_data_etl_dag.py', '--cfg-path', '/tmp/tmpdvbouswd']
[2025-08-02T13:13:51.865+0000] {standard_task_runner.py:88} INFO - Job 61: Subtask zooplankton_etl.download_zoo
[2025-08-02T13:13:51.935+0000] {task_command.py:423} INFO - Running <TaskInstance: marine_data_etl_dag.zooplankton_etl.download_zoo manual__2025-08-02T13:13:19.838438+00:00 [running]> on host 19821aecac76
[2025-08-02T13:13:52.245+0000] {taskinstance.py:2480} INFO - Exporting env vars: AIRFLOW_CTX_DAG_OWNER='***' AIRFLOW_CTX_DAG_ID='marine_data_etl_dag' AIRFLOW_CTX_TASK_ID='zooplankton_etl.download_zoo' AIRFLOW_CTX_EXECUTION_DATE='2025-08-02T13:13:19.838438+00:00' AIRFLOW_CTX_TRY_NUMBER='1' AIRFLOW_CTX_DAG_RUN_ID='manual__2025-08-02T13:13:19.838438+00:00'
[2025-08-02T13:13:52.251+0000] {deprecated_options.py:61} WARNING - 'force_download' has been deprecated.
[2025-08-02T13:13:52.964+0000] {credentials_utils.py:181} INFO - Downloading Copernicus Marine data requires a Copernicus Marine username and password, sign up for free at: https://data.marine.copernicus.eu/register
[2025-08-02T13:13:52.967+0000] {logging_mixin.py:188} INFO - Copernicus Marine username:
[2025-08-02T13:13:52.968+0000] {logging_mixin.py:188} INFO -  
[2025-08-02T13:13:52.969+0000] {logging_mixin.py:188} INFO - Abort
[2025-08-02T13:13:52.970+0000] {logging_mixin.py:188} INFO - ✅ Downloaded zooplankton: /opt/***/nc/zooplankton/rayong_1_zooplankton.nc
[2025-08-02T13:13:52.971+0000] {deprecated_options.py:61} WARNING - 'force_download' has been deprecated.
[2025-08-02T13:13:53.667+0000] {credentials_utils.py:181} INFO - Downloading Copernicus Marine data requires a Copernicus Marine username and password, sign up for free at: https://data.marine.copernicus.eu/register
[2025-08-02T13:13:53.668+0000] {logging_mixin.py:188} INFO - Copernicus Marine username:
[2025-08-02T13:13:53.669+0000] {logging_mixin.py:188} INFO -  
[2025-08-02T13:13:53.670+0000] {logging_mixin.py:188} INFO - Abort
[2025-08-02T13:13:53.671+0000] {logging_mixin.py:188} INFO - ✅ Downloaded zooplankton: /opt/***/nc/zooplankton/rayong_2_zooplankton.nc
[2025-08-02T13:13:53.672+0000] {deprecated_options.py:61} WARNING - 'force_download' has been deprecated.
[2025-08-02T13:13:54.384+0000] {credentials_utils.py:181} INFO - Downloading Copernicus Marine data requires a Copernicus Marine username and password, sign up for free at: https://data.marine.copernicus.eu/register
[2025-08-02T13:13:54.385+0000] {logging_mixin.py:188} INFO - Copernicus Marine username:
[2025-08-02T13:13:54.386+0000] {logging_mixin.py:188} INFO -  
[2025-08-02T13:13:54.387+0000] {logging_mixin.py:188} INFO - Abort
[2025-08-02T13:13:54.388+0000] {logging_mixin.py:188} INFO - ✅ Downloaded zooplankton: /opt/***/nc/zooplankton/chanthaburi_1_zooplankton.nc
[2025-08-02T13:13:54.389+0000] {deprecated_options.py:61} WARNING - 'force_download' has been deprecated.
[2025-08-02T13:13:55.064+0000] {credentials_utils.py:181} INFO - Downloading Copernicus Marine data requires a Copernicus Marine username and password, sign up for free at: https://data.marine.copernicus.eu/register
[2025-08-02T13:13:55.065+0000] {logging_mixin.py:188} INFO - Copernicus Marine username:
[2025-08-02T13:13:55.066+0000] {logging_mixin.py:188} INFO -  
[2025-08-02T13:13:55.067+0000] {logging_mixin.py:188} INFO - Abort
[2025-08-02T13:13:55.068+0000] {logging_mixin.py:188} INFO - ✅ Downloaded zooplankton: /opt/***/nc/zooplankton/trat_1_zooplankton.nc
[2025-08-02T13:13:55.069+0000] {python.py:201} INFO - Done. Returned value was: None
[2025-08-02T13:13:55.085+0000] {taskinstance.py:1138} INFO - Marking task as SUCCESS. dag_id=marine_data_etl_dag, task_id=zooplankton_etl.download_zoo, execution_date=20250802T131319, start_date=20250802T131351, end_date=20250802T131355
[2025-08-02T13:13:55.129+0000] {local_task_job_runner.py:234} INFO - Task exited with return code 0
[2025-08-02T13:13:55.175+0000] {taskinstance.py:3280} INFO - 1 downstream tasks scheduled from follow-on schedule check
